

================================================================
== Vitis HLS Report for 'clear_message_table_one_node'
================================================================
* Date:           Sat Oct 30 13:58:13 2021

* Version:        2020.2.2 (Build 3118627 on Tue Feb  9 05:13:49 MST 2021)
* Project:        project_1
* Solution:       solution1 (Vivado IP Flow Target)
* Product family: virtexuplus
* Target device:  xcu280-fsvh2892-2L-e


================================================================
== Performance Estimates
================================================================
+ Timing: 
    * Summary: 
    +--------+----------+----------+------------+
    |  Clock |  Target  | Estimated| Uncertainty|
    +--------+----------+----------+------------+
    |ap_clk  |  10.00 ns|  2.610 ns|     2.70 ns|
    +--------+----------+----------+------------+

+ Latency: 
    * Summary: 
    +---------+---------+----------+----------+-----+-----+---------+
    |  Latency (cycles) |  Latency (absolute) |  Interval | Pipeline|
    |   min   |   max   |    min   |    max   | min | max |   Type  |
    +---------+---------+----------+----------+-----+-----+---------+
    |      102|      102|  1.020 us|  1.020 us|  102|  102|     none|
    +---------+---------+----------+----------+-----+-----+---------+

    + Detail: 
        * Instance: 
        N/A

        * Loop: 
        +--------------------+---------+---------+----------+-----------+-----------+------+----------+
        |                    |  Latency (cycles) | Iteration|  Initiation Interval  | Trip |          |
        |      Loop Name     |   min   |   max   |  Latency |  achieved |   target  | Count| Pipelined|
        +--------------------+---------+---------+----------+-----------+-----------+------+----------+
        |- VITIS_LOOP_218_1  |      100|      100|         1|          1|          1|   100|       yes|
        +--------------------+---------+---------+----------+-----------+-----------+------+----------+



================================================================
== Utilization Estimates
================================================================
* Summary: 
+---------------------+---------+------+---------+---------+-----+
|         Name        | BRAM_18K|  DSP |    FF   |   LUT   | URAM|
+---------------------+---------+------+---------+---------+-----+
|DSP                  |        -|     -|        -|        -|    -|
|Expression           |        -|     -|        0|       43|    -|
|FIFO                 |        -|     -|        -|        -|    -|
|Instance             |        -|     0|        0|       40|    -|
|Memory               |        -|     -|        -|        -|    -|
|Multiplexer          |        -|     -|        -|       29|    -|
|Register             |        -|     -|       22|        -|    -|
+---------------------+---------+------+---------+---------+-----+
|Total                |        0|     0|       22|      112|    0|
+---------------------+---------+------+---------+---------+-----+
|Available SLR        |     1344|  3008|   869120|   434560|  320|
+---------------------+---------+------+---------+---------+-----+
|Utilization SLR (%)  |        0|     0|       ~0|       ~0|    0|
+---------------------+---------+------+---------+---------+-----+
|Available            |     4032|  9024|  2607360|  1303680|  960|
+---------------------+---------+------+---------+---------+-----+
|Utilization (%)      |        0|     0|       ~0|       ~0|    0|
+---------------------+---------+------+---------+---------+-----+

+ Detail: 
    * Instance: 
    +------------------------+--------------------+---------+----+---+----+-----+
    |        Instance        |       Module       | BRAM_18K| DSP| FF| LUT| URAM|
    +------------------------+--------------------+---------+----+---+----+-----+
    |mul_5ns_8ns_12_1_1_U11  |mul_5ns_8ns_12_1_1  |        0|   0|  0|  40|    0|
    +------------------------+--------------------+---------+----+---+----+-----+
    |Total                   |                    |        0|   0|  0|  40|    0|
    +------------------------+--------------------+---------+----+---+----+-----+

    * DSP: 
    N/A

    * Memory: 
    N/A

    * FIFO: 
    N/A

    * Expression: 
    +---------------------+----------+----+---+----+------------+------------+
    |    Variable Name    | Operation| DSP| FF| LUT| Bitwidth P0| Bitwidth P1|
    +---------------------+----------+----+---+----+------------+------------+
    |add_ln218_fu_87_p2   |         +|   0|  0|  14|           7|           1|
    |add_ln219_fu_103_p2  |         +|   0|  0|  19|          12|          12|
    |icmp_ln218_fu_93_p2  |      icmp|   0|  0|  10|           7|           6|
    +---------------------+----------+----+---+----+------------+------------+
    |Total                |          |   0|  0|  43|          26|          19|
    +---------------------+----------+----+---+----+------------+------------+

    * Multiplexer: 
    +------------+----+-----------+-----+-----------+
    |    Name    | LUT| Input Size| Bits| Total Bits|
    +------------+----+-----------+-----+-----------+
    |ap_NS_fsm   |  20|          4|    1|          4|
    |dim_reg_66  |   9|          2|    7|         14|
    +------------+----+-----------+-----+-----------+
    |Total       |  29|          6|    8|         18|
    +------------+----+-----------+-----+-----------+

    * Register: 
    +-------------------+----+----+-----+-----------+
    |        Name       | FF | LUT| Bits| Const Bits|
    +-------------------+----+----+-----+-----------+
    |ap_CS_fsm          |   3|   0|    3|          0|
    |dim_reg_66         |   7|   0|    7|          0|
    |mul_ln219_reg_113  |  12|   0|   12|          0|
    +-------------------+----+----+-----+-----------+
    |Total              |  22|   0|   22|          0|
    +-------------------+----+----+-----+-----------+



================================================================
== Interface
================================================================
* Summary: 
+---------------------+-----+-----+------------+------------------------------+--------------+
|      RTL Ports      | Dir | Bits|  Protocol  |         Source Object        |    C Type    |
+---------------------+-----+-----+------------+------------------------------+--------------+
|ap_clk               |   in|    1|  ap_ctrl_hs|  clear_message_table_one_node|  return value|
|ap_rst               |   in|    1|  ap_ctrl_hs|  clear_message_table_one_node|  return value|
|ap_start             |   in|    1|  ap_ctrl_hs|  clear_message_table_one_node|  return value|
|ap_done              |  out|    1|  ap_ctrl_hs|  clear_message_table_one_node|  return value|
|ap_idle              |  out|    1|  ap_ctrl_hs|  clear_message_table_one_node|  return value|
|ap_ready             |  out|    1|  ap_ctrl_hs|  clear_message_table_one_node|  return value|
|message_tb_address1  |  out|   15|   ap_memory|                    message_tb|         array|
|message_tb_ce1       |  out|    1|   ap_memory|                    message_tb|         array|
|message_tb_we1       |  out|    1|   ap_memory|                    message_tb|         array|
|message_tb_d1        |  out|   32|   ap_memory|                    message_tb|         array|
|message_tb_offset    |   in|    5|     ap_none|             message_tb_offset|        scalar|
+---------------------+-----+-----+------------+------------------------------+--------------+

