

================================================================
== Vitis HLS Report for 'compute_CONV_layer'
================================================================
* Date:           Sat Oct 30 13:58:27 2021

* Version:        2020.2.2 (Build 3118627 on Tue Feb  9 05:13:49 MST 2021)
* Project:        project_1
* Solution:       solution1 (Vivado IP Flow Target)
* Product family: virtexuplus
* Target device:  xcu280-fsvh2892-2L-e


================================================================
== Performance Estimates
================================================================
+ Timing: 
    * Summary: 
    +--------+----------+----------+------------+
    |  Clock |  Target  | Estimated| Uncertainty|
    +--------+----------+----------+------------+
    |ap_clk  |  10.00 ns|  4.610 ns|     2.70 ns|
    +--------+----------+----------+------------+

+ Latency: 
    * Summary: 
    +---------+---------+-----------+----------+------+-------+---------+
    |  Latency (cycles) |  Latency (absolute)  |   Interval   | Pipeline|
    |   min   |   max   |    min    |    max   |  min |  max  |   Type  |
    +---------+---------+-----------+----------+------+-------+---------+
    |     2123|    11649|  21.230 us|  0.116 ms|  2123|  11649|     none|
    +---------+---------+-----------+----------+------+-------+---------+

    + Detail: 
        * Instance: 
        +------------------------------------------+------------------------------+---------+---------+-----------+-----------+------+------+---------+
        |                                          |                              |  Latency (cycles) |   Latency (absolute)  |   Interval  | Pipeline|
        |                 Instance                 |            Module            |   min   |   max   |    min    |    max    |  min |  max |   Type  |
        +------------------------------------------+------------------------------+---------+---------+-----------+-----------+------+------+---------+
        |grp_MLP_wrapper_fu_2680                   |MLP_wrapper                   |      207|      207|   2.070 us|   2.070 us|   207|   207|     none|
        |grp_message_passing_one_node_vec_fu_3096  |message_passing_one_node_vec  |      107|      507|   1.070 us|   5.070 us|   107|   507|     none|
        |grp_clear_message_table_fu_3110           |clear_message_table           |     1977|     1977|  19.770 us|  19.770 us|  1977|  1977|     none|
        +------------------------------------------+------------------------------+---------+---------+-----------+-----------+------+------+---------+

        * Loop: 
        +---------------------+---------+---------+----------+-----------+-----------+------+----------+
        |                     |  Latency (cycles) | Iteration|  Initiation Interval  | Trip |          |
        |      Loop Name      |   min   |   max   |  Latency |  achieved |   target  | Count| Pipelined|
        +---------------------+---------+---------+----------+-----------+-----------+------+----------+
        |- loop_compute_conv  |       36|     9162|   2 ~ 509|          -|          -|    18|        no|
        +---------------------+---------+---------+----------+-----------+-----------+------+----------+



================================================================
== Utilization Estimates
================================================================
* Summary: 
+---------------------+---------+------+---------+---------+-----+
|         Name        | BRAM_18K|  DSP |    FF   |   LUT   | URAM|
+---------------------+---------+------+---------+---------+-----+
|DSP                  |        -|     -|        -|        -|    -|
|Expression           |        -|     -|        0|       57|    -|
|FIFO                 |        -|     -|        -|        -|    -|
|Instance             |        -|     1|    10199|     7986|    -|
|Memory               |        0|     -|       64|      130|    -|
|Multiplexer          |        -|     -|        -|     5006|    -|
|Register             |        -|     -|    12824|        -|    -|
+---------------------+---------+------+---------+---------+-----+
|Total                |        0|     1|    23087|    13179|    0|
+---------------------+---------+------+---------+---------+-----+
|Available SLR        |     1344|  3008|   869120|   434560|  320|
+---------------------+---------+------+---------+---------+-----+
|Utilization SLR (%)  |        0|    ~0|        2|        3|    0|
+---------------------+---------+------+---------+---------+-----+
|Available            |     4032|  9024|  2607360|  1303680|  960|
+---------------------+---------+------+---------+---------+-----+
|Utilization (%)      |        0|    ~0|       ~0|        1|    0|
+---------------------+---------+------+---------+---------+-----+

+ Detail: 
    * Instance: 
    +------------------------------------------+------------------------------+---------+----+------+------+-----+
    |                 Instance                 |            Module            | BRAM_18K| DSP|  FF  |  LUT | URAM|
    +------------------------------------------+------------------------------+---------+----+------+------+-----+
    |grp_MLP_wrapper_fu_2680                   |MLP_wrapper                   |        0|   0|  9872|  7364|    0|
    |grp_clear_message_table_fu_3110           |clear_message_table           |        0|   0|    36|   162|    0|
    |grp_message_passing_one_node_vec_fu_3096  |message_passing_one_node_vec  |        0|   1|   291|   460|    0|
    +------------------------------------------+------------------------------+---------+----+------+------+-----+
    |Total                                     |                              |        0|   1| 10199|  7986|    0|
    +------------------------------------------+------------------------------+---------+----+------+------+-----+

    * DSP: 
    N/A

    * Memory: 
    +--------------+-------------------------------+---------+----+----+-----+------+-----+------+-------------+
    |    Memory    |             Module            | BRAM_18K| FF | LUT| URAM| Words| Bits| Banks| W*Bits*Banks|
    +--------------+-------------------------------+---------+----+----+-----+------+-----+------+-------------+
    |emb_vec1_V_U  |compute_CONV_layer_emb_vec1_V  |        0|  32|  65|    0|   100|   32|     1|         3200|
    |emb_vec2_V_U  |compute_CONV_layer_emb_vec1_V  |        0|  32|  65|    0|   100|   32|     1|         3200|
    +--------------+-------------------------------+---------+----+----+-----+------+-----+------+-------------+
    |Total         |                               |        0|  64| 130|    0|   200|   64|     2|         6400|
    +--------------+-------------------------------+---------+----+----+-----+------+-----+------+-------------+

    * FIFO: 
    N/A

    * Expression: 
    +---------------------------------+----------+----+---+----+------------+------------+
    |          Variable Name          | Operation| DSP| FF| LUT| Bitwidth P0| Bitwidth P1|
    +---------------------------------+----------+----+---+----+------------+------------+
    |grp_fu_5117_p2                   |         +|   0|  0|  12|           5|           2|
    |nd_2_fu_8174_p2                  |         +|   0|  0|  12|           5|           1|
    |and_ln346_fu_8159_p2             |       and|   0|  0|   2|           1|           1|
    |ap_predicate_op2258_call_state4  |       and|   0|  0|   2|           1|           1|
    |ap_predicate_op2661_call_state4  |       and|   0|  0|   2|           1|           1|
    |ap_predicate_op3064_call_state4  |       and|   0|  0|   2|           1|           1|
    |icmp_ln341_fu_8138_p2            |      icmp|   0|  0|   9|           5|           5|
    |ap_block_state2_on_subcall_done  |        or|   0|  0|   2|           1|           1|
    |ap_block_state4_on_subcall_done  |        or|   0|  0|   2|           1|           1|
    |ap_block_state5_on_subcall_done  |        or|   0|  0|   2|           1|           1|
    |or_ln342_fu_8154_p2              |        or|   0|  0|   2|           1|           1|
    |or_ln350_fu_8164_p2              |        or|   0|  0|   2|           1|           1|
    |or_ln354_fu_8169_p2              |        or|   0|  0|   2|           1|           1|
    |cmp35_not_fu_7133_p2             |       xor|   0|  0|   2|           1|           2|
    |xor_ln342_fu_8148_p2             |       xor|   0|  0|   2|           1|           2|
    +---------------------------------+----------+----+---+----+------------+------------+
    |Total                            |          |   0|  0|  57|          27|          22|
    +---------------------------------+----------+----+---+----+------------+------------+

    * Multiplexer: 
    +--------------------------------------------------------+----+-----------+-----+-----------+
    |                          Name                          | LUT| Input Size| Bits| Total Bits|
    +--------------------------------------------------------+----+-----------+-----+-----------+
    |ap_NS_fsm                                               |  31|          6|    1|          6|
    |degree_table_ce0                                        |   9|          2|    1|          2|
    |degree_table_ce1                                        |   9|          2|    1|          2|
    |emb_vec1_V_address0                                     |  14|          3|    7|         21|
    |emb_vec1_V_ce0                                          |  14|          3|    1|          3|
    |emb_vec1_V_we0                                          |   9|          2|    1|          2|
    |emb_vec2_V_address0                                     |  14|          3|    7|         21|
    |emb_vec2_V_ce0                                          |  14|          3|    1|          3|
    |emb_vec2_V_we0                                          |   9|          2|    1|          2|
    |grp_MLP_wrapper_fu_2680_message_tb_q0                   |  14|          3|   32|         96|
    |grp_MLP_wrapper_fu_2680_mlp_in10_read                   |  14|          3|   32|         96|
    |grp_MLP_wrapper_fu_2680_mlp_in11_read                   |  14|          3|   32|         96|
    |grp_MLP_wrapper_fu_2680_mlp_in1214_read                 |  14|          3|   32|         96|
    |grp_MLP_wrapper_fu_2680_mlp_in12_read                   |  14|          3|   32|         96|
    |grp_MLP_wrapper_fu_2680_mlp_in13_read                   |  14|          3|   32|         96|
    |grp_MLP_wrapper_fu_2680_mlp_in14_read                   |  14|          3|   32|         96|
    |grp_MLP_wrapper_fu_2680_mlp_in15_read                   |  14|          3|   32|         96|
    |grp_MLP_wrapper_fu_2680_mlp_in16_read                   |  14|          3|   32|         96|
    |grp_MLP_wrapper_fu_2680_mlp_in17_read                   |  14|          3|   32|         96|
    |grp_MLP_wrapper_fu_2680_mlp_in18_read                   |  14|          3|   32|         96|
    |grp_MLP_wrapper_fu_2680_mlp_in19_read                   |  14|          3|   32|         96|
    |grp_MLP_wrapper_fu_2680_mlp_in20_read                   |  14|          3|   32|         96|
    |grp_MLP_wrapper_fu_2680_mlp_in21_read                   |  14|          3|   32|         96|
    |grp_MLP_wrapper_fu_2680_mlp_in22_read                   |  14|          3|   32|         96|
    |grp_MLP_wrapper_fu_2680_mlp_in23_read                   |  14|          3|   32|         96|
    |grp_MLP_wrapper_fu_2680_mlp_in2427_read                 |  14|          3|   32|         96|
    |grp_MLP_wrapper_fu_2680_mlp_in25_read                   |  14|          3|   32|         96|
    |grp_MLP_wrapper_fu_2680_mlp_in26_read                   |  14|          3|   32|         96|
    |grp_MLP_wrapper_fu_2680_mlp_in27_read                   |  14|          3|   32|         96|
    |grp_MLP_wrapper_fu_2680_mlp_in28_read                   |  14|          3|   32|         96|
    |grp_MLP_wrapper_fu_2680_mlp_in29_read                   |  14|          3|   32|         96|
    |grp_MLP_wrapper_fu_2680_mlp_in2_read                    |  14|          3|   32|         96|
    |grp_MLP_wrapper_fu_2680_mlp_in30_read                   |  14|          3|   32|         96|
    |grp_MLP_wrapper_fu_2680_mlp_in31_read                   |  14|          3|   32|         96|
    |grp_MLP_wrapper_fu_2680_mlp_in32_read                   |  14|          3|   32|         96|
    |grp_MLP_wrapper_fu_2680_mlp_in33_read                   |  14|          3|   32|         96|
    |grp_MLP_wrapper_fu_2680_mlp_in34_read                   |  14|          3|   32|         96|
    |grp_MLP_wrapper_fu_2680_mlp_in3539_read                 |  14|          3|   32|         96|
    |grp_MLP_wrapper_fu_2680_mlp_in36_read                   |  14|          3|   32|         96|
    |grp_MLP_wrapper_fu_2680_mlp_in37_read                   |  14|          3|   32|         96|
    |grp_MLP_wrapper_fu_2680_mlp_in38_read                   |  14|          3|   32|         96|
    |grp_MLP_wrapper_fu_2680_mlp_in39_read                   |  14|          3|   32|         96|
    |grp_MLP_wrapper_fu_2680_mlp_in3_read                    |  14|          3|   32|         96|
    |grp_MLP_wrapper_fu_2680_mlp_in40_read                   |  14|          3|   32|         96|
    |grp_MLP_wrapper_fu_2680_mlp_in41_read                   |  14|          3|   32|         96|
    |grp_MLP_wrapper_fu_2680_mlp_in42_read                   |  14|          3|   32|         96|
    |grp_MLP_wrapper_fu_2680_mlp_in43_read                   |  14|          3|   32|         96|
    |grp_MLP_wrapper_fu_2680_mlp_in44_read                   |  14|          3|   32|         96|
    |grp_MLP_wrapper_fu_2680_mlp_in45_read                   |  14|          3|   32|         96|
    |grp_MLP_wrapper_fu_2680_mlp_in4651_read                 |  14|          3|   32|         96|
    |grp_MLP_wrapper_fu_2680_mlp_in47_read                   |  14|          3|   32|         96|
    |grp_MLP_wrapper_fu_2680_mlp_in48_read                   |  14|          3|   32|         96|
    |grp_MLP_wrapper_fu_2680_mlp_in49_read                   |  14|          3|   32|         96|
    |grp_MLP_wrapper_fu_2680_mlp_in4_read                    |  14|          3|   32|         96|
    |grp_MLP_wrapper_fu_2680_mlp_in50_read                   |  14|          3|   32|         96|
    |grp_MLP_wrapper_fu_2680_mlp_in51_read                   |  14|          3|   32|         96|
    |grp_MLP_wrapper_fu_2680_mlp_in52_read                   |  14|          3|   32|         96|
    |grp_MLP_wrapper_fu_2680_mlp_in53_read                   |  14|          3|   32|         96|
    |grp_MLP_wrapper_fu_2680_mlp_in54_read                   |  14|          3|   32|         96|
    |grp_MLP_wrapper_fu_2680_mlp_in55_read                   |  14|          3|   32|         96|
    |grp_MLP_wrapper_fu_2680_mlp_in56_read                   |  14|          3|   32|         96|
    |grp_MLP_wrapper_fu_2680_mlp_in5763_read                 |  14|          3|   32|         96|
    |grp_MLP_wrapper_fu_2680_mlp_in58_read                   |  14|          3|   32|         96|
    |grp_MLP_wrapper_fu_2680_mlp_in59_read                   |  14|          3|   32|         96|
    |grp_MLP_wrapper_fu_2680_mlp_in5_read                    |  14|          3|   32|         96|
    |grp_MLP_wrapper_fu_2680_mlp_in60_read                   |  14|          3|   32|         96|
    |grp_MLP_wrapper_fu_2680_mlp_in61_read                   |  14|          3|   32|         96|
    |grp_MLP_wrapper_fu_2680_mlp_in62_read                   |  14|          3|   32|         96|
    |grp_MLP_wrapper_fu_2680_mlp_in63_read                   |  14|          3|   32|         96|
    |grp_MLP_wrapper_fu_2680_mlp_in64_read                   |  14|          3|   32|         96|
    |grp_MLP_wrapper_fu_2680_mlp_in65_read                   |  14|          3|   32|         96|
    |grp_MLP_wrapper_fu_2680_mlp_in66_read                   |  14|          3|   32|         96|
    |grp_MLP_wrapper_fu_2680_mlp_in67_read                   |  14|          3|   32|         96|
    |grp_MLP_wrapper_fu_2680_mlp_in6875_read                 |  14|          3|   32|         96|
    |grp_MLP_wrapper_fu_2680_mlp_in69_read                   |  14|          3|   32|         96|
    |grp_MLP_wrapper_fu_2680_mlp_in6_read                    |  14|          3|   32|         96|
    |grp_MLP_wrapper_fu_2680_mlp_in70_read                   |  14|          3|   32|         96|
    |grp_MLP_wrapper_fu_2680_mlp_in71_read                   |  14|          3|   32|         96|
    |grp_MLP_wrapper_fu_2680_mlp_in72_read                   |  14|          3|   32|         96|
    |grp_MLP_wrapper_fu_2680_mlp_in73_read                   |  14|          3|   32|         96|
    |grp_MLP_wrapper_fu_2680_mlp_in74_read                   |  14|          3|   32|         96|
    |grp_MLP_wrapper_fu_2680_mlp_in75_read                   |  14|          3|   32|         96|
    |grp_MLP_wrapper_fu_2680_mlp_in76_read                   |  14|          3|   32|         96|
    |grp_MLP_wrapper_fu_2680_mlp_in77_read                   |  14|          3|   32|         96|
    |grp_MLP_wrapper_fu_2680_mlp_in78_read                   |  14|          3|   32|         96|
    |grp_MLP_wrapper_fu_2680_mlp_in7987_read                 |  14|          3|   32|         96|
    |grp_MLP_wrapper_fu_2680_mlp_in7_read                    |  14|          3|   32|         96|
    |grp_MLP_wrapper_fu_2680_mlp_in80_read                   |  14|          3|   32|         96|
    |grp_MLP_wrapper_fu_2680_mlp_in81_read                   |  14|          3|   32|         96|
    |grp_MLP_wrapper_fu_2680_mlp_in82_read                   |  14|          3|   32|         96|
    |grp_MLP_wrapper_fu_2680_mlp_in83_read                   |  14|          3|   32|         96|
    |grp_MLP_wrapper_fu_2680_mlp_in84_read                   |  14|          3|   32|         96|
    |grp_MLP_wrapper_fu_2680_mlp_in85_read                   |  14|          3|   32|         96|
    |grp_MLP_wrapper_fu_2680_mlp_in86_read                   |  14|          3|   32|         96|
    |grp_MLP_wrapper_fu_2680_mlp_in87_read                   |  14|          3|   32|         96|
    |grp_MLP_wrapper_fu_2680_mlp_in88_read                   |  14|          3|   32|         96|
    |grp_MLP_wrapper_fu_2680_mlp_in89_read                   |  14|          3|   32|         96|
    |grp_MLP_wrapper_fu_2680_mlp_in8_read                    |  14|          3|   32|         96|
    |grp_MLP_wrapper_fu_2680_mlp_in90_read                   |  14|          3|   32|         96|
    |grp_MLP_wrapper_fu_2680_mlp_in91_read                   |  14|          3|   32|         96|
    |grp_MLP_wrapper_fu_2680_mlp_in92_read                   |  14|          3|   32|         96|
    |grp_MLP_wrapper_fu_2680_mlp_in93_read                   |  14|          3|   32|         96|
    |grp_MLP_wrapper_fu_2680_mlp_in94_read                   |  14|          3|   32|         96|
    |grp_MLP_wrapper_fu_2680_mlp_in95_read                   |  14|          3|   32|         96|
    |grp_MLP_wrapper_fu_2680_mlp_in96_read                   |  14|          3|   32|         96|
    |grp_MLP_wrapper_fu_2680_mlp_in97_read                   |  14|          3|   32|         96|
    |grp_MLP_wrapper_fu_2680_mlp_in98_read                   |  14|          3|   32|         96|
    |grp_MLP_wrapper_fu_2680_mlp_in99_read                   |  14|          3|   32|         96|
    |grp_MLP_wrapper_fu_2680_mlp_in9_read                    |  14|          3|   32|         96|
    |grp_MLP_wrapper_fu_2680_mlp_in_read                     |  14|          3|   32|         96|
    |grp_MLP_wrapper_fu_2680_mlp_out100_read                 |  14|          3|   32|         96|
    |grp_MLP_wrapper_fu_2680_mlp_out101_read                 |  14|          3|   32|         96|
    |grp_MLP_wrapper_fu_2680_mlp_out102_read                 |  14|          3|   32|         96|
    |grp_MLP_wrapper_fu_2680_mlp_out103_read                 |  14|          3|   32|         96|
    |grp_MLP_wrapper_fu_2680_mlp_out104_read                 |  14|          3|   32|         96|
    |grp_MLP_wrapper_fu_2680_mlp_out105_read                 |  14|          3|   32|         96|
    |grp_MLP_wrapper_fu_2680_mlp_out106_read                 |  14|          3|   32|         96|
    |grp_MLP_wrapper_fu_2680_mlp_out107_read                 |  14|          3|   32|         96|
    |grp_MLP_wrapper_fu_2680_mlp_out108_read                 |  14|          3|   32|         96|
    |grp_MLP_wrapper_fu_2680_mlp_out109_read                 |  14|          3|   32|         96|
    |grp_MLP_wrapper_fu_2680_mlp_out110_read                 |  14|          3|   32|         96|
    |grp_MLP_wrapper_fu_2680_mlp_out111_read                 |  14|          3|   32|         96|
    |grp_MLP_wrapper_fu_2680_mlp_out112_read                 |  14|          3|   32|         96|
    |grp_MLP_wrapper_fu_2680_mlp_out113_read                 |  14|          3|   32|         96|
    |grp_MLP_wrapper_fu_2680_mlp_out114_read                 |  14|          3|   32|         96|
    |grp_MLP_wrapper_fu_2680_mlp_out115_read                 |  14|          3|   32|         96|
    |grp_MLP_wrapper_fu_2680_mlp_out116_read                 |  14|          3|   32|         96|
    |grp_MLP_wrapper_fu_2680_mlp_out117_read                 |  14|          3|   32|         96|
    |grp_MLP_wrapper_fu_2680_mlp_out118_read                 |  14|          3|   32|         96|
    |grp_MLP_wrapper_fu_2680_mlp_out119_read                 |  14|          3|   32|         96|
    |grp_MLP_wrapper_fu_2680_mlp_out120_read                 |  14|          3|   32|         96|
    |grp_MLP_wrapper_fu_2680_mlp_out121_read                 |  14|          3|   32|         96|
    |grp_MLP_wrapper_fu_2680_mlp_out122_read                 |  14|          3|   32|         96|
    |grp_MLP_wrapper_fu_2680_mlp_out123_read                 |  14|          3|   32|         96|
    |grp_MLP_wrapper_fu_2680_mlp_out124_read                 |  14|          3|   32|         96|
    |grp_MLP_wrapper_fu_2680_mlp_out125_read                 |  14|          3|   32|         96|
    |grp_MLP_wrapper_fu_2680_mlp_out126_read                 |  14|          3|   32|         96|
    |grp_MLP_wrapper_fu_2680_mlp_out127_read                 |  14|          3|   32|         96|
    |grp_MLP_wrapper_fu_2680_mlp_out128_read                 |  14|          3|   32|         96|
    |grp_MLP_wrapper_fu_2680_mlp_out129_read                 |  14|          3|   32|         96|
    |grp_MLP_wrapper_fu_2680_mlp_out130_read                 |  14|          3|   32|         96|
    |grp_MLP_wrapper_fu_2680_mlp_out131_read                 |  14|          3|   32|         96|
    |grp_MLP_wrapper_fu_2680_mlp_out132_read                 |  14|          3|   32|         96|
    |grp_MLP_wrapper_fu_2680_mlp_out133_read                 |  14|          3|   32|         96|
    |grp_MLP_wrapper_fu_2680_mlp_out134_read                 |  14|          3|   32|         96|
    |grp_MLP_wrapper_fu_2680_mlp_out135_read                 |  14|          3|   32|         96|
    |grp_MLP_wrapper_fu_2680_mlp_out136_read                 |  14|          3|   32|         96|
    |grp_MLP_wrapper_fu_2680_mlp_out137_read                 |  14|          3|   32|         96|
    |grp_MLP_wrapper_fu_2680_mlp_out138_read                 |  14|          3|   32|         96|
    |grp_MLP_wrapper_fu_2680_mlp_out139_read                 |  14|          3|   32|         96|
    |grp_MLP_wrapper_fu_2680_mlp_out140_read                 |  14|          3|   32|         96|
    |grp_MLP_wrapper_fu_2680_mlp_out141_read                 |  14|          3|   32|         96|
    |grp_MLP_wrapper_fu_2680_mlp_out142_read                 |  14|          3|   32|         96|
    |grp_MLP_wrapper_fu_2680_mlp_out143_read                 |  14|          3|   32|         96|
    |grp_MLP_wrapper_fu_2680_mlp_out144_read                 |  14|          3|   32|         96|
    |grp_MLP_wrapper_fu_2680_mlp_out145_read                 |  14|          3|   32|         96|
    |grp_MLP_wrapper_fu_2680_mlp_out146_read                 |  14|          3|   32|         96|
    |grp_MLP_wrapper_fu_2680_mlp_out147_read                 |  14|          3|   32|         96|
    |grp_MLP_wrapper_fu_2680_mlp_out148_read                 |  14|          3|   32|         96|
    |grp_MLP_wrapper_fu_2680_mlp_out149_read                 |  14|          3|   32|         96|
    |grp_MLP_wrapper_fu_2680_mlp_out150_read                 |  14|          3|   32|         96|
    |grp_MLP_wrapper_fu_2680_mlp_out151_read                 |  14|          3|   32|         96|
    |grp_MLP_wrapper_fu_2680_mlp_out152_read                 |  14|          3|   32|         96|
    |grp_MLP_wrapper_fu_2680_mlp_out153_read                 |  14|          3|   32|         96|
    |grp_MLP_wrapper_fu_2680_mlp_out154_read                 |  14|          3|   32|         96|
    |grp_MLP_wrapper_fu_2680_mlp_out155_read                 |  14|          3|   32|         96|
    |grp_MLP_wrapper_fu_2680_mlp_out156_read                 |  14|          3|   32|         96|
    |grp_MLP_wrapper_fu_2680_mlp_out157_read                 |  14|          3|   32|         96|
    |grp_MLP_wrapper_fu_2680_mlp_out158_read                 |  14|          3|   32|         96|
    |grp_MLP_wrapper_fu_2680_mlp_out159_read                 |  14|          3|   32|         96|
    |grp_MLP_wrapper_fu_2680_mlp_out160_read                 |  14|          3|   32|         96|
    |grp_MLP_wrapper_fu_2680_mlp_out161_read                 |  14|          3|   32|         96|
    |grp_MLP_wrapper_fu_2680_mlp_out162_read                 |  14|          3|   32|         96|
    |grp_MLP_wrapper_fu_2680_mlp_out163_read                 |  14|          3|   32|         96|
    |grp_MLP_wrapper_fu_2680_mlp_out164_read                 |  14|          3|   32|         96|
    |grp_MLP_wrapper_fu_2680_mlp_out165_read                 |  14|          3|   32|         96|
    |grp_MLP_wrapper_fu_2680_mlp_out166_read                 |  14|          3|   32|         96|
    |grp_MLP_wrapper_fu_2680_mlp_out167_read                 |  14|          3|   32|         96|
    |grp_MLP_wrapper_fu_2680_mlp_out168_read                 |  14|          3|   32|         96|
    |grp_MLP_wrapper_fu_2680_mlp_out169_read                 |  14|          3|   32|         96|
    |grp_MLP_wrapper_fu_2680_mlp_out170_read                 |  14|          3|   32|         96|
    |grp_MLP_wrapper_fu_2680_mlp_out171_read                 |  14|          3|   32|         96|
    |grp_MLP_wrapper_fu_2680_mlp_out172_read                 |  14|          3|   32|         96|
    |grp_MLP_wrapper_fu_2680_mlp_out173_read                 |  14|          3|   32|         96|
    |grp_MLP_wrapper_fu_2680_mlp_out174_read                 |  14|          3|   32|         96|
    |grp_MLP_wrapper_fu_2680_mlp_out175_read                 |  14|          3|   32|         96|
    |grp_MLP_wrapper_fu_2680_mlp_out176_read                 |  14|          3|   32|         96|
    |grp_MLP_wrapper_fu_2680_mlp_out177_read                 |  14|          3|   32|         96|
    |grp_MLP_wrapper_fu_2680_mlp_out178_read                 |  14|          3|   32|         96|
    |grp_MLP_wrapper_fu_2680_mlp_out179_read                 |  14|          3|   32|         96|
    |grp_MLP_wrapper_fu_2680_mlp_out180_read                 |  14|          3|   32|         96|
    |grp_MLP_wrapper_fu_2680_mlp_out181_read                 |  14|          3|   32|         96|
    |grp_MLP_wrapper_fu_2680_mlp_out182_read                 |  14|          3|   32|         96|
    |grp_MLP_wrapper_fu_2680_mlp_out183_read                 |  14|          3|   32|         96|
    |grp_MLP_wrapper_fu_2680_mlp_out184_read                 |  14|          3|   32|         96|
    |grp_MLP_wrapper_fu_2680_mlp_out185_read                 |  14|          3|   32|         96|
    |grp_MLP_wrapper_fu_2680_mlp_out186_read                 |  14|          3|   32|         96|
    |grp_MLP_wrapper_fu_2680_mlp_out187_read                 |  14|          3|   32|         96|
    |grp_MLP_wrapper_fu_2680_mlp_out188_read                 |  14|          3|   32|         96|
    |grp_MLP_wrapper_fu_2680_mlp_out189_read                 |  14|          3|   32|         96|
    |grp_MLP_wrapper_fu_2680_mlp_out190_read                 |  14|          3|   32|         96|
    |grp_MLP_wrapper_fu_2680_mlp_out191_read                 |  14|          3|   32|         96|
    |grp_MLP_wrapper_fu_2680_mlp_out192_read                 |  14|          3|   32|         96|
    |grp_MLP_wrapper_fu_2680_mlp_out193_read                 |  14|          3|   32|         96|
    |grp_MLP_wrapper_fu_2680_mlp_out194_read                 |  14|          3|   32|         96|
    |grp_MLP_wrapper_fu_2680_mlp_out195_read                 |  14|          3|   32|         96|
    |grp_MLP_wrapper_fu_2680_mlp_out196_read                 |  14|          3|   32|         96|
    |grp_MLP_wrapper_fu_2680_mlp_out197_read                 |  14|          3|   32|         96|
    |grp_MLP_wrapper_fu_2680_mlp_out198_read                 |  14|          3|   32|         96|
    |grp_MLP_wrapper_fu_2680_mlp_out_read                    |  14|          3|   32|         96|
    |grp_MLP_wrapper_fu_2680_nd                              |  14|          3|    5|         15|
    |grp_message_passing_one_node_vec_fu_3096_emb_vec_q0     |  14|          3|   32|         96|
    |grp_message_passing_one_node_vec_fu_3096_message_tb_q0  |  14|          3|   32|         96|
    |grp_message_passing_one_node_vec_fu_3096_nd_offset      |  14|          3|    5|         15|
    |message1_V_address0                                     |  14|          3|   15|         45|
    |message1_V_address1                                     |  14|          3|   15|         45|
    |message1_V_ce0                                          |  14|          3|    1|          3|
    |message1_V_ce1                                          |  14|          3|    1|          3|
    |message1_V_d1                                           |  14|          3|   32|         96|
    |message1_V_we1                                          |  14|          3|    1|          3|
    |message2_V_address0                                     |  14|          3|   15|         45|
    |message2_V_address1                                     |  14|          3|   15|         45|
    |message2_V_ce0                                          |  14|          3|    1|          3|
    |message2_V_ce1                                          |  14|          3|    1|          3|
    |message2_V_d1                                           |  14|          3|   32|         96|
    |message2_V_we1                                          |  14|          3|    1|          3|
    |mlp_in_V_0_6_fu_62                                      |   9|          2|   32|         64|
    |mlp_in_V_10_6_fu_102                                    |   9|          2|   32|         64|
    |mlp_in_V_11_6_fu_106                                    |   9|          2|   32|         64|
    |mlp_in_V_12_6_fu_110                                    |   9|          2|   32|         64|
    |mlp_in_V_13_6_fu_114                                    |   9|          2|   32|         64|
    |mlp_in_V_14_6_fu_118                                    |   9|          2|   32|         64|
    |mlp_in_V_15_6_fu_122                                    |   9|          2|   32|         64|
    |mlp_in_V_16_6_fu_126                                    |   9|          2|   32|         64|
    |mlp_in_V_17_6_fu_130                                    |   9|          2|   32|         64|
    |mlp_in_V_18_6_fu_134                                    |   9|          2|   32|         64|
    |mlp_in_V_19_6_fu_138                                    |   9|          2|   32|         64|
    |mlp_in_V_1_6_fu_66                                      |   9|          2|   32|         64|
    |mlp_in_V_20_6_fu_142                                    |   9|          2|   32|         64|
    |mlp_in_V_21_6_fu_146                                    |   9|          2|   32|         64|
    |mlp_in_V_22_6_fu_150                                    |   9|          2|   32|         64|
    |mlp_in_V_23_6_fu_154                                    |   9|          2|   32|         64|
    |mlp_in_V_24_6_fu_158                                    |   9|          2|   32|         64|
    |mlp_in_V_25_6_fu_162                                    |   9|          2|   32|         64|
    |mlp_in_V_26_6_fu_166                                    |   9|          2|   32|         64|
    |mlp_in_V_27_6_fu_170                                    |   9|          2|   32|         64|
    |mlp_in_V_28_6_fu_174                                    |   9|          2|   32|         64|
    |mlp_in_V_29_6_fu_178                                    |   9|          2|   32|         64|
    |mlp_in_V_2_6_fu_70                                      |   9|          2|   32|         64|
    |mlp_in_V_30_6_fu_182                                    |   9|          2|   32|         64|
    |mlp_in_V_31_6_fu_186                                    |   9|          2|   32|         64|
    |mlp_in_V_32_6_fu_190                                    |   9|          2|   32|         64|
    |mlp_in_V_33_6_fu_194                                    |   9|          2|   32|         64|
    |mlp_in_V_34_6_fu_198                                    |   9|          2|   32|         64|
    |mlp_in_V_35_6_fu_202                                    |   9|          2|   32|         64|
    |mlp_in_V_36_6_fu_206                                    |   9|          2|   32|         64|
    |mlp_in_V_37_6_fu_210                                    |   9|          2|   32|         64|
    |mlp_in_V_38_6_fu_214                                    |   9|          2|   32|         64|
    |mlp_in_V_39_6_fu_218                                    |   9|          2|   32|         64|
    |mlp_in_V_3_6_fu_74                                      |   9|          2|   32|         64|
    |mlp_in_V_40_6_fu_222                                    |   9|          2|   32|         64|
    |mlp_in_V_41_6_fu_226                                    |   9|          2|   32|         64|
    |mlp_in_V_42_6_fu_230                                    |   9|          2|   32|         64|
    |mlp_in_V_43_6_fu_234                                    |   9|          2|   32|         64|
    |mlp_in_V_44_6_fu_238                                    |   9|          2|   32|         64|
    |mlp_in_V_45_6_fu_242                                    |   9|          2|   32|         64|
    |mlp_in_V_46_6_fu_246                                    |   9|          2|   32|         64|
    |mlp_in_V_47_6_fu_250                                    |   9|          2|   32|         64|
    |mlp_in_V_48_6_fu_254                                    |   9|          2|   32|         64|
    |mlp_in_V_49_6_fu_258                                    |   9|          2|   32|         64|
    |mlp_in_V_4_6_fu_78                                      |   9|          2|   32|         64|
    |mlp_in_V_50_6_fu_262                                    |   9|          2|   32|         64|
    |mlp_in_V_51_6_fu_266                                    |   9|          2|   32|         64|
    |mlp_in_V_52_6_fu_270                                    |   9|          2|   32|         64|
    |mlp_in_V_53_6_fu_274                                    |   9|          2|   32|         64|
    |mlp_in_V_54_6_fu_278                                    |   9|          2|   32|         64|
    |mlp_in_V_55_6_fu_282                                    |   9|          2|   32|         64|
    |mlp_in_V_56_6_fu_286                                    |   9|          2|   32|         64|
    |mlp_in_V_57_6_fu_290                                    |   9|          2|   32|         64|
    |mlp_in_V_58_6_fu_294                                    |   9|          2|   32|         64|
    |mlp_in_V_59_6_fu_298                                    |   9|          2|   32|         64|
    |mlp_in_V_5_6_fu_82                                      |   9|          2|   32|         64|
    |mlp_in_V_60_6_fu_302                                    |   9|          2|   32|         64|
    |mlp_in_V_61_6_fu_306                                    |   9|          2|   32|         64|
    |mlp_in_V_62_6_fu_310                                    |   9|          2|   32|         64|
    |mlp_in_V_63_6_fu_314                                    |   9|          2|   32|         64|
    |mlp_in_V_64_6_fu_318                                    |   9|          2|   32|         64|
    |mlp_in_V_65_6_fu_322                                    |   9|          2|   32|         64|
    |mlp_in_V_66_6_fu_326                                    |   9|          2|   32|         64|
    |mlp_in_V_67_6_fu_330                                    |   9|          2|   32|         64|
    |mlp_in_V_68_6_fu_334                                    |   9|          2|   32|         64|
    |mlp_in_V_69_6_fu_338                                    |   9|          2|   32|         64|
    |mlp_in_V_6_6_fu_86                                      |   9|          2|   32|         64|
    |mlp_in_V_70_6_fu_342                                    |   9|          2|   32|         64|
    |mlp_in_V_71_6_fu_346                                    |   9|          2|   32|         64|
    |mlp_in_V_72_6_fu_350                                    |   9|          2|   32|         64|
    |mlp_in_V_73_6_fu_354                                    |   9|          2|   32|         64|
    |mlp_in_V_74_6_fu_358                                    |   9|          2|   32|         64|
    |mlp_in_V_75_6_fu_362                                    |   9|          2|   32|         64|
    |mlp_in_V_76_6_fu_366                                    |   9|          2|   32|         64|
    |mlp_in_V_77_6_fu_370                                    |   9|          2|   32|         64|
    |mlp_in_V_78_6_fu_374                                    |   9|          2|   32|         64|
    |mlp_in_V_79_6_fu_378                                    |   9|          2|   32|         64|
    |mlp_in_V_7_6_fu_90                                      |   9|          2|   32|         64|
    |mlp_in_V_80_6_fu_382                                    |   9|          2|   32|         64|
    |mlp_in_V_81_6_fu_386                                    |   9|          2|   32|         64|
    |mlp_in_V_82_6_fu_390                                    |   9|          2|   32|         64|
    |mlp_in_V_83_6_fu_394                                    |   9|          2|   32|         64|
    |mlp_in_V_84_6_fu_398                                    |   9|          2|   32|         64|
    |mlp_in_V_85_6_fu_402                                    |   9|          2|   32|         64|
    |mlp_in_V_86_6_fu_406                                    |   9|          2|   32|         64|
    |mlp_in_V_87_6_fu_410                                    |   9|          2|   32|         64|
    |mlp_in_V_88_6_fu_414                                    |   9|          2|   32|         64|
    |mlp_in_V_89_6_fu_418                                    |   9|          2|   32|         64|
    |mlp_in_V_8_6_fu_94                                      |   9|          2|   32|         64|
    |mlp_in_V_90_6_fu_422                                    |   9|          2|   32|         64|
    |mlp_in_V_91_6_fu_426                                    |   9|          2|   32|         64|
    |mlp_in_V_92_6_fu_430                                    |   9|          2|   32|         64|
    |mlp_in_V_93_6_fu_434                                    |   9|          2|   32|         64|
    |mlp_in_V_94_6_fu_438                                    |   9|          2|   32|         64|
    |mlp_in_V_95_6_fu_442                                    |   9|          2|   32|         64|
    |mlp_in_V_96_6_fu_446                                    |   9|          2|   32|         64|
    |mlp_in_V_97_6_fu_450                                    |   9|          2|   32|         64|
    |mlp_in_V_98_6_fu_454                                    |   9|          2|   32|         64|
    |mlp_in_V_99_6_fu_458                                    |   9|          2|   32|         64|
    |mlp_in_V_9_6_fu_98                                      |   9|          2|   32|         64|
    |mlp_out_V_0_1_fu_462                                    |   9|          2|   32|         64|
    |mlp_out_V_10_1_fu_502                                   |   9|          2|   32|         64|
    |mlp_out_V_11_1_fu_506                                   |   9|          2|   32|         64|
    |mlp_out_V_12_1_fu_510                                   |   9|          2|   32|         64|
    |mlp_out_V_13_1_fu_514                                   |   9|          2|   32|         64|
    |mlp_out_V_14_1_fu_518                                   |   9|          2|   32|         64|
    |mlp_out_V_15_1_fu_522                                   |   9|          2|   32|         64|
    |mlp_out_V_16_1_fu_526                                   |   9|          2|   32|         64|
    |mlp_out_V_17_1_fu_530                                   |   9|          2|   32|         64|
    |mlp_out_V_18_1_fu_534                                   |   9|          2|   32|         64|
    |mlp_out_V_19_1_fu_538                                   |   9|          2|   32|         64|
    |mlp_out_V_1_1_fu_466                                    |   9|          2|   32|         64|
    |mlp_out_V_20_1_fu_542                                   |   9|          2|   32|         64|
    |mlp_out_V_21_1_fu_546                                   |   9|          2|   32|         64|
    |mlp_out_V_22_1_fu_550                                   |   9|          2|   32|         64|
    |mlp_out_V_23_1_fu_554                                   |   9|          2|   32|         64|
    |mlp_out_V_24_1_fu_558                                   |   9|          2|   32|         64|
    |mlp_out_V_25_1_fu_562                                   |   9|          2|   32|         64|
    |mlp_out_V_26_1_fu_566                                   |   9|          2|   32|         64|
    |mlp_out_V_27_1_fu_570                                   |   9|          2|   32|         64|
    |mlp_out_V_28_1_fu_574                                   |   9|          2|   32|         64|
    |mlp_out_V_29_1_fu_578                                   |   9|          2|   32|         64|
    |mlp_out_V_2_1_fu_470                                    |   9|          2|   32|         64|
    |mlp_out_V_30_1_fu_582                                   |   9|          2|   32|         64|
    |mlp_out_V_31_1_fu_586                                   |   9|          2|   32|         64|
    |mlp_out_V_32_1_fu_590                                   |   9|          2|   32|         64|
    |mlp_out_V_33_1_fu_594                                   |   9|          2|   32|         64|
    |mlp_out_V_34_1_fu_598                                   |   9|          2|   32|         64|
    |mlp_out_V_35_1_fu_602                                   |   9|          2|   32|         64|
    |mlp_out_V_36_1_fu_606                                   |   9|          2|   32|         64|
    |mlp_out_V_37_1_fu_610                                   |   9|          2|   32|         64|
    |mlp_out_V_38_1_fu_614                                   |   9|          2|   32|         64|
    |mlp_out_V_39_1_fu_618                                   |   9|          2|   32|         64|
    |mlp_out_V_3_1_fu_474                                    |   9|          2|   32|         64|
    |mlp_out_V_40_1_fu_622                                   |   9|          2|   32|         64|
    |mlp_out_V_41_1_fu_626                                   |   9|          2|   32|         64|
    |mlp_out_V_42_1_fu_630                                   |   9|          2|   32|         64|
    |mlp_out_V_43_1_fu_634                                   |   9|          2|   32|         64|
    |mlp_out_V_44_1_fu_638                                   |   9|          2|   32|         64|
    |mlp_out_V_45_1_fu_642                                   |   9|          2|   32|         64|
    |mlp_out_V_46_1_fu_646                                   |   9|          2|   32|         64|
    |mlp_out_V_47_1_fu_650                                   |   9|          2|   32|         64|
    |mlp_out_V_48_1_fu_654                                   |   9|          2|   32|         64|
    |mlp_out_V_49_1_fu_658                                   |   9|          2|   32|         64|
    |mlp_out_V_4_1_fu_478                                    |   9|          2|   32|         64|
    |mlp_out_V_50_1_fu_662                                   |   9|          2|   32|         64|
    |mlp_out_V_51_1_fu_666                                   |   9|          2|   32|         64|
    |mlp_out_V_52_1_fu_670                                   |   9|          2|   32|         64|
    |mlp_out_V_53_1_fu_674                                   |   9|          2|   32|         64|
    |mlp_out_V_54_1_fu_678                                   |   9|          2|   32|         64|
    |mlp_out_V_55_1_fu_682                                   |   9|          2|   32|         64|
    |mlp_out_V_56_1_fu_686                                   |   9|          2|   32|         64|
    |mlp_out_V_57_1_fu_690                                   |   9|          2|   32|         64|
    |mlp_out_V_58_1_fu_694                                   |   9|          2|   32|         64|
    |mlp_out_V_59_1_fu_698                                   |   9|          2|   32|         64|
    |mlp_out_V_5_1_fu_482                                    |   9|          2|   32|         64|
    |mlp_out_V_60_1_fu_702                                   |   9|          2|   32|         64|
    |mlp_out_V_61_1_fu_706                                   |   9|          2|   32|         64|
    |mlp_out_V_62_1_fu_710                                   |   9|          2|   32|         64|
    |mlp_out_V_63_1_fu_714                                   |   9|          2|   32|         64|
    |mlp_out_V_64_1_fu_718                                   |   9|          2|   32|         64|
    |mlp_out_V_65_1_fu_722                                   |   9|          2|   32|         64|
    |mlp_out_V_66_1_fu_726                                   |   9|          2|   32|         64|
    |mlp_out_V_67_1_fu_730                                   |   9|          2|   32|         64|
    |mlp_out_V_68_1_fu_734                                   |   9|          2|   32|         64|
    |mlp_out_V_69_1_fu_738                                   |   9|          2|   32|         64|
    |mlp_out_V_6_1_fu_486                                    |   9|          2|   32|         64|
    |mlp_out_V_70_1_fu_742                                   |   9|          2|   32|         64|
    |mlp_out_V_71_1_fu_746                                   |   9|          2|   32|         64|
    |mlp_out_V_72_1_fu_750                                   |   9|          2|   32|         64|
    |mlp_out_V_73_1_fu_754                                   |   9|          2|   32|         64|
    |mlp_out_V_74_1_fu_758                                   |   9|          2|   32|         64|
    |mlp_out_V_75_1_fu_762                                   |   9|          2|   32|         64|
    |mlp_out_V_76_1_fu_766                                   |   9|          2|   32|         64|
    |mlp_out_V_77_1_fu_770                                   |   9|          2|   32|         64|
    |mlp_out_V_78_1_fu_774                                   |   9|          2|   32|         64|
    |mlp_out_V_79_1_fu_778                                   |   9|          2|   32|         64|
    |mlp_out_V_7_1_fu_490                                    |   9|          2|   32|         64|
    |mlp_out_V_80_1_fu_782                                   |   9|          2|   32|         64|
    |mlp_out_V_81_1_fu_786                                   |   9|          2|   32|         64|
    |mlp_out_V_82_1_fu_790                                   |   9|          2|   32|         64|
    |mlp_out_V_83_1_fu_794                                   |   9|          2|   32|         64|
    |mlp_out_V_84_1_fu_798                                   |   9|          2|   32|         64|
    |mlp_out_V_85_1_fu_802                                   |   9|          2|   32|         64|
    |mlp_out_V_86_1_fu_806                                   |   9|          2|   32|         64|
    |mlp_out_V_87_1_fu_810                                   |   9|          2|   32|         64|
    |mlp_out_V_88_1_fu_814                                   |   9|          2|   32|         64|
    |mlp_out_V_89_1_fu_818                                   |   9|          2|   32|         64|
    |mlp_out_V_8_1_fu_494                                    |   9|          2|   32|         64|
    |mlp_out_V_90_1_fu_822                                   |   9|          2|   32|         64|
    |mlp_out_V_91_1_fu_826                                   |   9|          2|   32|         64|
    |mlp_out_V_92_1_fu_830                                   |   9|          2|   32|         64|
    |mlp_out_V_93_1_fu_834                                   |   9|          2|   32|         64|
    |mlp_out_V_94_1_fu_838                                   |   9|          2|   32|         64|
    |mlp_out_V_95_1_fu_842                                   |   9|          2|   32|         64|
    |mlp_out_V_96_1_fu_846                                   |   9|          2|   32|         64|
    |mlp_out_V_97_1_fu_850                                   |   9|          2|   32|         64|
    |mlp_out_V_98_1_fu_854                                   |   9|          2|   32|         64|
    |mlp_out_V_99_1_fu_858                                   |   9|          2|   32|         64|
    |mlp_out_V_9_1_fu_498                                    |   9|          2|   32|         64|
    |nd_reg_2668                                             |   9|          2|    5|         10|
    |neighbor_table_ce0                                      |   9|          2|    1|          2|
    |node_embedding_V_ce0                                    |   9|          2|    1|          2|
    |node_embedding_V_ce1                                    |   9|          2|    1|          2|
    |node_embedding_V_we1                                    |   9|          2|    1|          2|
    +--------------------------------------------------------+----+-----------+-----+-----------+
    |Total                                                   |5006|       1087|13066|      32788|
    +--------------------------------------------------------+----+-----------+-----+-----------+

    * Register: 
    +-------------------------------------------------------+-----+----+-----+-----------+
    |                          Name                         |  FF | LUT| Bits| Const Bits|
    +-------------------------------------------------------+-----+----+-----+-----------+
    |and_ln346_reg_9605                                     |    1|   0|    1|          0|
    |ap_CS_fsm                                              |    5|   0|    5|          0|
    |cmp35_not_reg_9593                                     |    1|   0|    1|          0|
    |empty_reg_8185                                         |    1|   0|    1|          0|
    |grp_MLP_wrapper_fu_2680_ap_start_reg                   |    1|   0|    1|          0|
    |grp_clear_message_table_fu_3110_ap_start_reg           |    1|   0|    1|          0|
    |grp_message_passing_one_node_vec_fu_3096_ap_start_reg  |    1|   0|    1|          0|
    |mlp_in_V_0_6_fu_62                                     |   32|   0|   32|          0|
    |mlp_in_V_10_6_fu_102                                   |   32|   0|   32|          0|
    |mlp_in_V_11_6_fu_106                                   |   32|   0|   32|          0|
    |mlp_in_V_12_6_fu_110                                   |   32|   0|   32|          0|
    |mlp_in_V_13_6_fu_114                                   |   32|   0|   32|          0|
    |mlp_in_V_14_6_fu_118                                   |   32|   0|   32|          0|
    |mlp_in_V_15_6_fu_122                                   |   32|   0|   32|          0|
    |mlp_in_V_16_6_fu_126                                   |   32|   0|   32|          0|
    |mlp_in_V_17_6_fu_130                                   |   32|   0|   32|          0|
    |mlp_in_V_18_6_fu_134                                   |   32|   0|   32|          0|
    |mlp_in_V_19_6_fu_138                                   |   32|   0|   32|          0|
    |mlp_in_V_1_6_fu_66                                     |   32|   0|   32|          0|
    |mlp_in_V_20_6_fu_142                                   |   32|   0|   32|          0|
    |mlp_in_V_21_6_fu_146                                   |   32|   0|   32|          0|
    |mlp_in_V_22_6_fu_150                                   |   32|   0|   32|          0|
    |mlp_in_V_23_6_fu_154                                   |   32|   0|   32|          0|
    |mlp_in_V_24_6_fu_158                                   |   32|   0|   32|          0|
    |mlp_in_V_25_6_fu_162                                   |   32|   0|   32|          0|
    |mlp_in_V_26_6_fu_166                                   |   32|   0|   32|          0|
    |mlp_in_V_27_6_fu_170                                   |   32|   0|   32|          0|
    |mlp_in_V_28_6_fu_174                                   |   32|   0|   32|          0|
    |mlp_in_V_29_6_fu_178                                   |   32|   0|   32|          0|
    |mlp_in_V_2_6_fu_70                                     |   32|   0|   32|          0|
    |mlp_in_V_30_6_fu_182                                   |   32|   0|   32|          0|
    |mlp_in_V_31_6_fu_186                                   |   32|   0|   32|          0|
    |mlp_in_V_32_6_fu_190                                   |   32|   0|   32|          0|
    |mlp_in_V_33_6_fu_194                                   |   32|   0|   32|          0|
    |mlp_in_V_34_6_fu_198                                   |   32|   0|   32|          0|
    |mlp_in_V_35_6_fu_202                                   |   32|   0|   32|          0|
    |mlp_in_V_36_6_fu_206                                   |   32|   0|   32|          0|
    |mlp_in_V_37_6_fu_210                                   |   32|   0|   32|          0|
    |mlp_in_V_38_6_fu_214                                   |   32|   0|   32|          0|
    |mlp_in_V_39_6_fu_218                                   |   32|   0|   32|          0|
    |mlp_in_V_3_6_fu_74                                     |   32|   0|   32|          0|
    |mlp_in_V_40_6_fu_222                                   |   32|   0|   32|          0|
    |mlp_in_V_41_6_fu_226                                   |   32|   0|   32|          0|
    |mlp_in_V_42_6_fu_230                                   |   32|   0|   32|          0|
    |mlp_in_V_43_6_fu_234                                   |   32|   0|   32|          0|
    |mlp_in_V_44_6_fu_238                                   |   32|   0|   32|          0|
    |mlp_in_V_45_6_fu_242                                   |   32|   0|   32|          0|
    |mlp_in_V_46_6_fu_246                                   |   32|   0|   32|          0|
    |mlp_in_V_47_6_fu_250                                   |   32|   0|   32|          0|
    |mlp_in_V_48_6_fu_254                                   |   32|   0|   32|          0|
    |mlp_in_V_49_6_fu_258                                   |   32|   0|   32|          0|
    |mlp_in_V_4_6_fu_78                                     |   32|   0|   32|          0|
    |mlp_in_V_50_6_fu_262                                   |   32|   0|   32|          0|
    |mlp_in_V_51_6_fu_266                                   |   32|   0|   32|          0|
    |mlp_in_V_52_6_fu_270                                   |   32|   0|   32|          0|
    |mlp_in_V_53_6_fu_274                                   |   32|   0|   32|          0|
    |mlp_in_V_54_6_fu_278                                   |   32|   0|   32|          0|
    |mlp_in_V_55_6_fu_282                                   |   32|   0|   32|          0|
    |mlp_in_V_56_6_fu_286                                   |   32|   0|   32|          0|
    |mlp_in_V_57_6_fu_290                                   |   32|   0|   32|          0|
    |mlp_in_V_58_6_fu_294                                   |   32|   0|   32|          0|
    |mlp_in_V_59_6_fu_298                                   |   32|   0|   32|          0|
    |mlp_in_V_5_6_fu_82                                     |   32|   0|   32|          0|
    |mlp_in_V_60_6_fu_302                                   |   32|   0|   32|          0|
    |mlp_in_V_61_6_fu_306                                   |   32|   0|   32|          0|
    |mlp_in_V_62_6_fu_310                                   |   32|   0|   32|          0|
    |mlp_in_V_63_6_fu_314                                   |   32|   0|   32|          0|
    |mlp_in_V_64_6_fu_318                                   |   32|   0|   32|          0|
    |mlp_in_V_65_6_fu_322                                   |   32|   0|   32|          0|
    |mlp_in_V_66_6_fu_326                                   |   32|   0|   32|          0|
    |mlp_in_V_67_6_fu_330                                   |   32|   0|   32|          0|
    |mlp_in_V_68_6_fu_334                                   |   32|   0|   32|          0|
    |mlp_in_V_69_6_fu_338                                   |   32|   0|   32|          0|
    |mlp_in_V_6_6_fu_86                                     |   32|   0|   32|          0|
    |mlp_in_V_70_6_fu_342                                   |   32|   0|   32|          0|
    |mlp_in_V_71_6_fu_346                                   |   32|   0|   32|          0|
    |mlp_in_V_72_6_fu_350                                   |   32|   0|   32|          0|
    |mlp_in_V_73_6_fu_354                                   |   32|   0|   32|          0|
    |mlp_in_V_74_6_fu_358                                   |   32|   0|   32|          0|
    |mlp_in_V_75_6_fu_362                                   |   32|   0|   32|          0|
    |mlp_in_V_76_6_fu_366                                   |   32|   0|   32|          0|
    |mlp_in_V_77_6_fu_370                                   |   32|   0|   32|          0|
    |mlp_in_V_78_6_fu_374                                   |   32|   0|   32|          0|
    |mlp_in_V_79_6_fu_378                                   |   32|   0|   32|          0|
    |mlp_in_V_7_6_fu_90                                     |   32|   0|   32|          0|
    |mlp_in_V_80_6_fu_382                                   |   32|   0|   32|          0|
    |mlp_in_V_81_6_fu_386                                   |   32|   0|   32|          0|
    |mlp_in_V_82_6_fu_390                                   |   32|   0|   32|          0|
    |mlp_in_V_83_6_fu_394                                   |   32|   0|   32|          0|
    |mlp_in_V_84_6_fu_398                                   |   32|   0|   32|          0|
    |mlp_in_V_85_6_fu_402                                   |   32|   0|   32|          0|
    |mlp_in_V_86_6_fu_406                                   |   32|   0|   32|          0|
    |mlp_in_V_87_6_fu_410                                   |   32|   0|   32|          0|
    |mlp_in_V_88_6_fu_414                                   |   32|   0|   32|          0|
    |mlp_in_V_89_6_fu_418                                   |   32|   0|   32|          0|
    |mlp_in_V_8_6_fu_94                                     |   32|   0|   32|          0|
    |mlp_in_V_90_6_fu_422                                   |   32|   0|   32|          0|
    |mlp_in_V_91_6_fu_426                                   |   32|   0|   32|          0|
    |mlp_in_V_92_6_fu_430                                   |   32|   0|   32|          0|
    |mlp_in_V_93_6_fu_434                                   |   32|   0|   32|          0|
    |mlp_in_V_94_6_fu_438                                   |   32|   0|   32|          0|
    |mlp_in_V_95_6_fu_442                                   |   32|   0|   32|          0|
    |mlp_in_V_96_6_fu_446                                   |   32|   0|   32|          0|
    |mlp_in_V_97_6_fu_450                                   |   32|   0|   32|          0|
    |mlp_in_V_98_6_fu_454                                   |   32|   0|   32|          0|
    |mlp_in_V_99_6_fu_458                                   |   32|   0|   32|          0|
    |mlp_in_V_9_6_fu_98                                     |   32|   0|   32|          0|
    |mlp_out_V_0_1_fu_462                                   |   32|   0|   32|          0|
    |mlp_out_V_10_1_fu_502                                  |   32|   0|   32|          0|
    |mlp_out_V_11_1_fu_506                                  |   32|   0|   32|          0|
    |mlp_out_V_12_1_fu_510                                  |   32|   0|   32|          0|
    |mlp_out_V_13_1_fu_514                                  |   32|   0|   32|          0|
    |mlp_out_V_14_1_fu_518                                  |   32|   0|   32|          0|
    |mlp_out_V_15_1_fu_522                                  |   32|   0|   32|          0|
    |mlp_out_V_16_1_fu_526                                  |   32|   0|   32|          0|
    |mlp_out_V_17_1_fu_530                                  |   32|   0|   32|          0|
    |mlp_out_V_18_1_fu_534                                  |   32|   0|   32|          0|
    |mlp_out_V_19_1_fu_538                                  |   32|   0|   32|          0|
    |mlp_out_V_1_1_fu_466                                   |   32|   0|   32|          0|
    |mlp_out_V_20_1_fu_542                                  |   32|   0|   32|          0|
    |mlp_out_V_21_1_fu_546                                  |   32|   0|   32|          0|
    |mlp_out_V_22_1_fu_550                                  |   32|   0|   32|          0|
    |mlp_out_V_23_1_fu_554                                  |   32|   0|   32|          0|
    |mlp_out_V_24_1_fu_558                                  |   32|   0|   32|          0|
    |mlp_out_V_25_1_fu_562                                  |   32|   0|   32|          0|
    |mlp_out_V_26_1_fu_566                                  |   32|   0|   32|          0|
    |mlp_out_V_27_1_fu_570                                  |   32|   0|   32|          0|
    |mlp_out_V_28_1_fu_574                                  |   32|   0|   32|          0|
    |mlp_out_V_29_1_fu_578                                  |   32|   0|   32|          0|
    |mlp_out_V_2_1_fu_470                                   |   32|   0|   32|          0|
    |mlp_out_V_30_1_fu_582                                  |   32|   0|   32|          0|
    |mlp_out_V_31_1_fu_586                                  |   32|   0|   32|          0|
    |mlp_out_V_32_1_fu_590                                  |   32|   0|   32|          0|
    |mlp_out_V_33_1_fu_594                                  |   32|   0|   32|          0|
    |mlp_out_V_34_1_fu_598                                  |   32|   0|   32|          0|
    |mlp_out_V_35_1_fu_602                                  |   32|   0|   32|          0|
    |mlp_out_V_36_1_fu_606                                  |   32|   0|   32|          0|
    |mlp_out_V_37_1_fu_610                                  |   32|   0|   32|          0|
    |mlp_out_V_38_1_fu_614                                  |   32|   0|   32|          0|
    |mlp_out_V_39_1_fu_618                                  |   32|   0|   32|          0|
    |mlp_out_V_3_1_fu_474                                   |   32|   0|   32|          0|
    |mlp_out_V_40_1_fu_622                                  |   32|   0|   32|          0|
    |mlp_out_V_41_1_fu_626                                  |   32|   0|   32|          0|
    |mlp_out_V_42_1_fu_630                                  |   32|   0|   32|          0|
    |mlp_out_V_43_1_fu_634                                  |   32|   0|   32|          0|
    |mlp_out_V_44_1_fu_638                                  |   32|   0|   32|          0|
    |mlp_out_V_45_1_fu_642                                  |   32|   0|   32|          0|
    |mlp_out_V_46_1_fu_646                                  |   32|   0|   32|          0|
    |mlp_out_V_47_1_fu_650                                  |   32|   0|   32|          0|
    |mlp_out_V_48_1_fu_654                                  |   32|   0|   32|          0|
    |mlp_out_V_49_1_fu_658                                  |   32|   0|   32|          0|
    |mlp_out_V_4_1_fu_478                                   |   32|   0|   32|          0|
    |mlp_out_V_50_1_fu_662                                  |   32|   0|   32|          0|
    |mlp_out_V_51_1_fu_666                                  |   32|   0|   32|          0|
    |mlp_out_V_52_1_fu_670                                  |   32|   0|   32|          0|
    |mlp_out_V_53_1_fu_674                                  |   32|   0|   32|          0|
    |mlp_out_V_54_1_fu_678                                  |   32|   0|   32|          0|
    |mlp_out_V_55_1_fu_682                                  |   32|   0|   32|          0|
    |mlp_out_V_56_1_fu_686                                  |   32|   0|   32|          0|
    |mlp_out_V_57_1_fu_690                                  |   32|   0|   32|          0|
    |mlp_out_V_58_1_fu_694                                  |   32|   0|   32|          0|
    |mlp_out_V_59_1_fu_698                                  |   32|   0|   32|          0|
    |mlp_out_V_5_1_fu_482                                   |   32|   0|   32|          0|
    |mlp_out_V_60_1_fu_702                                  |   32|   0|   32|          0|
    |mlp_out_V_61_1_fu_706                                  |   32|   0|   32|          0|
    |mlp_out_V_62_1_fu_710                                  |   32|   0|   32|          0|
    |mlp_out_V_63_1_fu_714                                  |   32|   0|   32|          0|
    |mlp_out_V_64_1_fu_718                                  |   32|   0|   32|          0|
    |mlp_out_V_65_1_fu_722                                  |   32|   0|   32|          0|
    |mlp_out_V_66_1_fu_726                                  |   32|   0|   32|          0|
    |mlp_out_V_67_1_fu_730                                  |   32|   0|   32|          0|
    |mlp_out_V_68_1_fu_734                                  |   32|   0|   32|          0|
    |mlp_out_V_69_1_fu_738                                  |   32|   0|   32|          0|
    |mlp_out_V_6_1_fu_486                                   |   32|   0|   32|          0|
    |mlp_out_V_70_1_fu_742                                  |   32|   0|   32|          0|
    |mlp_out_V_71_1_fu_746                                  |   32|   0|   32|          0|
    |mlp_out_V_72_1_fu_750                                  |   32|   0|   32|          0|
    |mlp_out_V_73_1_fu_754                                  |   32|   0|   32|          0|
    |mlp_out_V_74_1_fu_758                                  |   32|   0|   32|          0|
    |mlp_out_V_75_1_fu_762                                  |   32|   0|   32|          0|
    |mlp_out_V_76_1_fu_766                                  |   32|   0|   32|          0|
    |mlp_out_V_77_1_fu_770                                  |   32|   0|   32|          0|
    |mlp_out_V_78_1_fu_774                                  |   32|   0|   32|          0|
    |mlp_out_V_79_1_fu_778                                  |   32|   0|   32|          0|
    |mlp_out_V_7_1_fu_490                                   |   32|   0|   32|          0|
    |mlp_out_V_80_1_fu_782                                  |   32|   0|   32|          0|
    |mlp_out_V_81_1_fu_786                                  |   32|   0|   32|          0|
    |mlp_out_V_82_1_fu_790                                  |   32|   0|   32|          0|
    |mlp_out_V_83_1_fu_794                                  |   32|   0|   32|          0|
    |mlp_out_V_84_1_fu_798                                  |   32|   0|   32|          0|
    |mlp_out_V_85_1_fu_802                                  |   32|   0|   32|          0|
    |mlp_out_V_86_1_fu_806                                  |   32|   0|   32|          0|
    |mlp_out_V_87_1_fu_810                                  |   32|   0|   32|          0|
    |mlp_out_V_88_1_fu_814                                  |   32|   0|   32|          0|
    |mlp_out_V_89_1_fu_818                                  |   32|   0|   32|          0|
    |mlp_out_V_8_1_fu_494                                   |   32|   0|   32|          0|
    |mlp_out_V_90_1_fu_822                                  |   32|   0|   32|          0|
    |mlp_out_V_91_1_fu_826                                  |   32|   0|   32|          0|
    |mlp_out_V_92_1_fu_830                                  |   32|   0|   32|          0|
    |mlp_out_V_93_1_fu_834                                  |   32|   0|   32|          0|
    |mlp_out_V_94_1_fu_838                                  |   32|   0|   32|          0|
    |mlp_out_V_95_1_fu_842                                  |   32|   0|   32|          0|
    |mlp_out_V_96_1_fu_846                                  |   32|   0|   32|          0|
    |mlp_out_V_97_1_fu_850                                  |   32|   0|   32|          0|
    |mlp_out_V_98_1_fu_854                                  |   32|   0|   32|          0|
    |mlp_out_V_99_1_fu_858                                  |   32|   0|   32|          0|
    |mlp_out_V_9_1_fu_498                                   |   32|   0|   32|          0|
    |nd_reg_2668                                            |    5|   0|    5|          0|
    |or_ln342_reg_9601                                      |    1|   0|    1|          0|
    |or_ln350_reg_9609                                      |    1|   0|    1|          0|
    |or_ln354_reg_9613                                      |    1|   0|    1|          0|
    |reg_6124                                               |   32|   0|   32|          0|
    |reg_6129                                               |   32|   0|   32|          0|
    |reg_6134                                               |   32|   0|   32|          0|
    |reg_6139                                               |   32|   0|   32|          0|
    |reg_6144                                               |   32|   0|   32|          0|
    |reg_6149                                               |   32|   0|   32|          0|
    |reg_6154                                               |   32|   0|   32|          0|
    |reg_6159                                               |   32|   0|   32|          0|
    |reg_6164                                               |   32|   0|   32|          0|
    |reg_6169                                               |   32|   0|   32|          0|
    |reg_6174                                               |   32|   0|   32|          0|
    |reg_6179                                               |   32|   0|   32|          0|
    |reg_6184                                               |   32|   0|   32|          0|
    |reg_6189                                               |   32|   0|   32|          0|
    |reg_6194                                               |   32|   0|   32|          0|
    |reg_6199                                               |   32|   0|   32|          0|
    |reg_6204                                               |   32|   0|   32|          0|
    |reg_6209                                               |   32|   0|   32|          0|
    |reg_6214                                               |   32|   0|   32|          0|
    |reg_6219                                               |   32|   0|   32|          0|
    |reg_6224                                               |   32|   0|   32|          0|
    |reg_6229                                               |   32|   0|   32|          0|
    |reg_6234                                               |   32|   0|   32|          0|
    |reg_6239                                               |   32|   0|   32|          0|
    |reg_6244                                               |   32|   0|   32|          0|
    |reg_6249                                               |   32|   0|   32|          0|
    |reg_6254                                               |   32|   0|   32|          0|
    |reg_6259                                               |   32|   0|   32|          0|
    |reg_6264                                               |   32|   0|   32|          0|
    |reg_6269                                               |   32|   0|   32|          0|
    |reg_6274                                               |   32|   0|   32|          0|
    |reg_6279                                               |   32|   0|   32|          0|
    |reg_6284                                               |   32|   0|   32|          0|
    |reg_6289                                               |   32|   0|   32|          0|
    |reg_6294                                               |   32|   0|   32|          0|
    |reg_6299                                               |   32|   0|   32|          0|
    |reg_6304                                               |   32|   0|   32|          0|
    |reg_6309                                               |   32|   0|   32|          0|
    |reg_6314                                               |   32|   0|   32|          0|
    |reg_6319                                               |   32|   0|   32|          0|
    |reg_6324                                               |   32|   0|   32|          0|
    |reg_6329                                               |   32|   0|   32|          0|
    |reg_6334                                               |   32|   0|   32|          0|
    |reg_6339                                               |   32|   0|   32|          0|
    |reg_6344                                               |   32|   0|   32|          0|
    |reg_6349                                               |   32|   0|   32|          0|
    |reg_6354                                               |   32|   0|   32|          0|
    |reg_6359                                               |   32|   0|   32|          0|
    |reg_6364                                               |   32|   0|   32|          0|
    |reg_6369                                               |   32|   0|   32|          0|
    |reg_6374                                               |   32|   0|   32|          0|
    |reg_6379                                               |   32|   0|   32|          0|
    |reg_6384                                               |   32|   0|   32|          0|
    |reg_6389                                               |   32|   0|   32|          0|
    |reg_6394                                               |   32|   0|   32|          0|
    |reg_6399                                               |   32|   0|   32|          0|
    |reg_6404                                               |   32|   0|   32|          0|
    |reg_6409                                               |   32|   0|   32|          0|
    |reg_6414                                               |   32|   0|   32|          0|
    |reg_6419                                               |   32|   0|   32|          0|
    |reg_6424                                               |   32|   0|   32|          0|
    |reg_6429                                               |   32|   0|   32|          0|
    |reg_6434                                               |   32|   0|   32|          0|
    |reg_6439                                               |   32|   0|   32|          0|
    |reg_6444                                               |   32|   0|   32|          0|
    |reg_6449                                               |   32|   0|   32|          0|
    |reg_6454                                               |   32|   0|   32|          0|
    |reg_6459                                               |   32|   0|   32|          0|
    |reg_6464                                               |   32|   0|   32|          0|
    |reg_6469                                               |   32|   0|   32|          0|
    |reg_6474                                               |   32|   0|   32|          0|
    |reg_6479                                               |   32|   0|   32|          0|
    |reg_6484                                               |   32|   0|   32|          0|
    |reg_6489                                               |   32|   0|   32|          0|
    |reg_6494                                               |   32|   0|   32|          0|
    |reg_6499                                               |   32|   0|   32|          0|
    |reg_6504                                               |   32|   0|   32|          0|
    |reg_6509                                               |   32|   0|   32|          0|
    |reg_6514                                               |   32|   0|   32|          0|
    |reg_6519                                               |   32|   0|   32|          0|
    |reg_6524                                               |   32|   0|   32|          0|
    |reg_6529                                               |   32|   0|   32|          0|
    |reg_6534                                               |   32|   0|   32|          0|
    |reg_6539                                               |   32|   0|   32|          0|
    |reg_6544                                               |   32|   0|   32|          0|
    |reg_6549                                               |   32|   0|   32|          0|
    |reg_6554                                               |   32|   0|   32|          0|
    |reg_6559                                               |   32|   0|   32|          0|
    |reg_6564                                               |   32|   0|   32|          0|
    |reg_6569                                               |   32|   0|   32|          0|
    |reg_6574                                               |   32|   0|   32|          0|
    |reg_6579                                               |   32|   0|   32|          0|
    |reg_6584                                               |   32|   0|   32|          0|
    |reg_6589                                               |   32|   0|   32|          0|
    |reg_6594                                               |   32|   0|   32|          0|
    |reg_6599                                               |   32|   0|   32|          0|
    |reg_6604                                               |   32|   0|   32|          0|
    |reg_6609                                               |   32|   0|   32|          0|
    |reg_6614                                               |   32|   0|   32|          0|
    |reg_6619                                               |   32|   0|   32|          0|
    |reg_6624                                               |   32|   0|   32|          0|
    |reg_6629                                               |   32|   0|   32|          0|
    |reg_6634                                               |   32|   0|   32|          0|
    |reg_6639                                               |   32|   0|   32|          0|
    |reg_6644                                               |   32|   0|   32|          0|
    |reg_6649                                               |   32|   0|   32|          0|
    |reg_6654                                               |   32|   0|   32|          0|
    |reg_6659                                               |   32|   0|   32|          0|
    |reg_6664                                               |   32|   0|   32|          0|
    |reg_6669                                               |   32|   0|   32|          0|
    |reg_6674                                               |   32|   0|   32|          0|
    |reg_6679                                               |   32|   0|   32|          0|
    |reg_6684                                               |   32|   0|   32|          0|
    |reg_6689                                               |   32|   0|   32|          0|
    |reg_6694                                               |   32|   0|   32|          0|
    |reg_6699                                               |   32|   0|   32|          0|
    |reg_6704                                               |   32|   0|   32|          0|
    |reg_6709                                               |   32|   0|   32|          0|
    |reg_6714                                               |   32|   0|   32|          0|
    |reg_6719                                               |   32|   0|   32|          0|
    |reg_6724                                               |   32|   0|   32|          0|
    |reg_6729                                               |   32|   0|   32|          0|
    |reg_6734                                               |   32|   0|   32|          0|
    |reg_6739                                               |   32|   0|   32|          0|
    |reg_6744                                               |   32|   0|   32|          0|
    |reg_6749                                               |   32|   0|   32|          0|
    |reg_6754                                               |   32|   0|   32|          0|
    |reg_6759                                               |   32|   0|   32|          0|
    |reg_6764                                               |   32|   0|   32|          0|
    |reg_6769                                               |   32|   0|   32|          0|
    |reg_6774                                               |   32|   0|   32|          0|
    |reg_6779                                               |   32|   0|   32|          0|
    |reg_6784                                               |   32|   0|   32|          0|
    |reg_6789                                               |   32|   0|   32|          0|
    |reg_6794                                               |   32|   0|   32|          0|
    |reg_6799                                               |   32|   0|   32|          0|
    |reg_6804                                               |   32|   0|   32|          0|
    |reg_6809                                               |   32|   0|   32|          0|
    |reg_6814                                               |   32|   0|   32|          0|
    |reg_6819                                               |   32|   0|   32|          0|
    |reg_6824                                               |   32|   0|   32|          0|
    |reg_6829                                               |   32|   0|   32|          0|
    |reg_6834                                               |   32|   0|   32|          0|
    |reg_6839                                               |   32|   0|   32|          0|
    |reg_6844                                               |   32|   0|   32|          0|
    |reg_6849                                               |   32|   0|   32|          0|
    |reg_6854                                               |   32|   0|   32|          0|
    |reg_6859                                               |   32|   0|   32|          0|
    |reg_6864                                               |   32|   0|   32|          0|
    |reg_6869                                               |   32|   0|   32|          0|
    |reg_6874                                               |   32|   0|   32|          0|
    |reg_6879                                               |   32|   0|   32|          0|
    |reg_6884                                               |   32|   0|   32|          0|
    |reg_6889                                               |   32|   0|   32|          0|
    |reg_6894                                               |   32|   0|   32|          0|
    |reg_6899                                               |   32|   0|   32|          0|
    |reg_6904                                               |   32|   0|   32|          0|
    |reg_6909                                               |   32|   0|   32|          0|
    |reg_6914                                               |   32|   0|   32|          0|
    |reg_6919                                               |   32|   0|   32|          0|
    |reg_6924                                               |   32|   0|   32|          0|
    |reg_6929                                               |   32|   0|   32|          0|
    |reg_6934                                               |   32|   0|   32|          0|
    |reg_6939                                               |   32|   0|   32|          0|
    |reg_6944                                               |   32|   0|   32|          0|
    |reg_6949                                               |   32|   0|   32|          0|
    |reg_6954                                               |   32|   0|   32|          0|
    |reg_6959                                               |   32|   0|   32|          0|
    |reg_6964                                               |   32|   0|   32|          0|
    |reg_6969                                               |   32|   0|   32|          0|
    |reg_6974                                               |   32|   0|   32|          0|
    |reg_6979                                               |   32|   0|   32|          0|
    |reg_6984                                               |   32|   0|   32|          0|
    |reg_6989                                               |   32|   0|   32|          0|
    |reg_6994                                               |   32|   0|   32|          0|
    |reg_6999                                               |   32|   0|   32|          0|
    |reg_7004                                               |   32|   0|   32|          0|
    |reg_7009                                               |   32|   0|   32|          0|
    |reg_7014                                               |   32|   0|   32|          0|
    |reg_7019                                               |   32|   0|   32|          0|
    |reg_7024                                               |   32|   0|   32|          0|
    |reg_7029                                               |   32|   0|   32|          0|
    |reg_7034                                               |   32|   0|   32|          0|
    |reg_7039                                               |   32|   0|   32|          0|
    |reg_7044                                               |   32|   0|   32|          0|
    |reg_7049                                               |   32|   0|   32|          0|
    |reg_7054                                               |   32|   0|   32|          0|
    |reg_7059                                               |   32|   0|   32|          0|
    |reg_7064                                               |   32|   0|   32|          0|
    |reg_7069                                               |   32|   0|   32|          0|
    |reg_7074                                               |   32|   0|   32|          0|
    |reg_7079                                               |   32|   0|   32|          0|
    |reg_7084                                               |   32|   0|   32|          0|
    |reg_7089                                               |   32|   0|   32|          0|
    |reg_7094                                               |   32|   0|   32|          0|
    |reg_7099                                               |   32|   0|   32|          0|
    |reg_7104                                               |   32|   0|   32|          0|
    |reg_7109                                               |   32|   0|   32|          0|
    |reg_7114                                               |   32|   0|   32|          0|
    |reg_7119                                               |   32|   0|   32|          0|
    |reg_7124                                               |    5|   0|    5|          0|
    +-------------------------------------------------------+-----+----+-----+-----------+
    |Total                                                  |12824|   0|12824|          0|
    +-------------------------------------------------------+-----+----+-----+-----------+



================================================================
== Interface
================================================================
* Summary: 
+---------------------------+-----+-----+------------+--------------------+--------------+
|         RTL Ports         | Dir | Bits|  Protocol  |    Source Object   |    C Type    |
+---------------------------+-----+-----+------------+--------------------+--------------+
|ap_clk                     |   in|    1|  ap_ctrl_hs|  compute_CONV_layer|  return value|
|ap_rst                     |   in|    1|  ap_ctrl_hs|  compute_CONV_layer|  return value|
|ap_start                   |   in|    1|  ap_ctrl_hs|  compute_CONV_layer|  return value|
|ap_done                    |  out|    1|  ap_ctrl_hs|  compute_CONV_layer|  return value|
|ap_idle                    |  out|    1|  ap_ctrl_hs|  compute_CONV_layer|  return value|
|ap_ready                   |  out|    1|  ap_ctrl_hs|  compute_CONV_layer|  return value|
|layer                      |   in|    3|     ap_none|               layer|        scalar|
|message2_V_address0        |  out|   15|   ap_memory|          message2_V|         array|
|message2_V_ce0             |  out|    1|   ap_memory|          message2_V|         array|
|message2_V_q0              |   in|   32|   ap_memory|          message2_V|         array|
|message2_V_address1        |  out|   15|   ap_memory|          message2_V|         array|
|message2_V_ce1             |  out|    1|   ap_memory|          message2_V|         array|
|message2_V_we1             |  out|    1|   ap_memory|          message2_V|         array|
|message2_V_d1              |  out|   32|   ap_memory|          message2_V|         array|
|node_embedding_V_address0  |  out|   15|   ap_memory|    node_embedding_V|         array|
|node_embedding_V_ce0       |  out|    1|   ap_memory|    node_embedding_V|         array|
|node_embedding_V_q0        |   in|   32|   ap_memory|    node_embedding_V|         array|
|node_embedding_V_address1  |  out|   15|   ap_memory|    node_embedding_V|         array|
|node_embedding_V_ce1       |  out|    1|   ap_memory|    node_embedding_V|         array|
|node_embedding_V_we1       |  out|    1|   ap_memory|    node_embedding_V|         array|
|node_embedding_V_d1        |  out|   32|   ap_memory|    node_embedding_V|         array|
|message1_V_address0        |  out|   15|   ap_memory|          message1_V|         array|
|message1_V_ce0             |  out|    1|   ap_memory|          message1_V|         array|
|message1_V_q0              |   in|   32|   ap_memory|          message1_V|         array|
|message1_V_address1        |  out|   15|   ap_memory|          message1_V|         array|
|message1_V_ce1             |  out|    1|   ap_memory|          message1_V|         array|
|message1_V_we1             |  out|    1|   ap_memory|          message1_V|         array|
|message1_V_d1              |  out|   32|   ap_memory|          message1_V|         array|
|degree_table_address0      |  out|   10|   ap_memory|        degree_table|         array|
|degree_table_ce0           |  out|    1|   ap_memory|        degree_table|         array|
|degree_table_q0            |   in|   32|   ap_memory|        degree_table|         array|
|degree_table_address1      |  out|   10|   ap_memory|        degree_table|         array|
|degree_table_ce1           |  out|    1|   ap_memory|        degree_table|         array|
|degree_table_q1            |   in|   32|   ap_memory|        degree_table|         array|
|neighbor_table_address0    |  out|   13|   ap_memory|      neighbor_table|         array|
|neighbor_table_ce0         |  out|    1|   ap_memory|      neighbor_table|         array|
|neighbor_table_q0          |   in|    8|   ap_memory|      neighbor_table|         array|
+---------------------------+-----+-----+------------+--------------------+--------------+

