

================================================================
== Vitis HLS Report for 'compute_node_embedding'
================================================================
* Date:           Sat Oct 30 13:58:14 2021

* Version:        2020.2.2 (Build 3118627 on Tue Feb  9 05:13:49 MST 2021)
* Project:        project_1
* Solution:       solution1 (Vivado IP Flow Target)
* Product family: virtexuplus
* Target device:  xcu280-fsvh2892-2L-e


================================================================
== Performance Estimates
================================================================
+ Timing: 
    * Summary: 
    +--------+----------+----------+------------+
    |  Clock |  Target  | Estimated| Uncertainty|
    +--------+----------+----------+------------+
    |ap_clk  |  10.00 ns|  4.610 ns|     2.70 ns|
    +--------+----------+----------+------------+

+ Latency: 
    * Summary: 
    +---------+---------+-----------+-----------+------+------+---------+
    |  Latency (cycles) |   Latency (absolute)  |   Interval  | Pipeline|
    |   min   |   max   |    min    |    max    |  min |  max |   Type  |
    +---------+---------+-----------+-----------+------+------+---------+
    |     2174|     9774|  21.740 us|  97.740 us|  2174|  9774|     none|
    +---------+---------+-----------+-----------+------+------+---------+

    + Detail: 
        * Instance: 
        +----------------------------------------+------------------------------+---------+---------+----------+----------+-----+-----+---------+
        |                                        |                              |  Latency (cycles) |  Latency (absolute) |  Interval | Pipeline|
        |                Instance                |            Module            |   min   |   max   |    min   |    max   | min | max |   Type  |
        +----------------------------------------+------------------------------+---------+---------+----------+----------+-----+-----+---------+
        |grp_message_passing_one_node_vec_fu_60  |message_passing_one_node_vec  |      107|      507|  1.070 us|  5.070 us|  107|  507|     none|
        |grp_one_node_embedding_fu_73            |one_node_embedding            |      102|      102|  1.020 us|  1.020 us|  102|  102|     none|
        +----------------------------------------+------------------------------+---------+---------+----------+----------+-----+-----+---------+

        * Loop: 
        +-----------------+---------+---------+-----------+-----------+-----------+------+----------+
        |                 |  Latency (cycles) | Iteration |  Initiation Interval  | Trip |          |
        |    Loop Name    |   min   |   max   |  Latency  |  achieved |   target  | Count| Pipelined|
        +-----------------+---------+---------+-----------+-----------+-----------+------+----------+
        |- loop_node_emb  |     1962|     9162|  109 ~ 509|          -|          -|    18|        no|
        +-----------------+---------+---------+-----------+-----------+-----------+------+----------+



================================================================
== Utilization Estimates
================================================================
* Summary: 
+---------------------+---------+------+---------+---------+-----+
|         Name        | BRAM_18K|  DSP |    FF   |   LUT   | URAM|
+---------------------+---------+------+---------+---------+-----+
|DSP                  |        -|     -|        -|        -|    -|
|Expression           |        -|     -|        0|       35|    -|
|FIFO                 |        -|     -|        -|        -|    -|
|Instance             |        -|     1|      313|      572|    -|
|Memory               |        0|     -|       64|      130|    -|
|Multiplexer          |        -|     -|        -|      228|    -|
|Register             |        -|     -|       18|        -|    -|
+---------------------+---------+------+---------+---------+-----+
|Total                |        0|     1|      395|      965|    0|
+---------------------+---------+------+---------+---------+-----+
|Available SLR        |     1344|  3008|   869120|   434560|  320|
+---------------------+---------+------+---------+---------+-----+
|Utilization SLR (%)  |        0|    ~0|       ~0|       ~0|    0|
+---------------------+---------+------+---------+---------+-----+
|Available            |     4032|  9024|  2607360|  1303680|  960|
+---------------------+---------+------+---------+---------+-----+
|Utilization (%)      |        0|    ~0|       ~0|       ~0|    0|
+---------------------+---------+------+---------+---------+-----+

+ Detail: 
    * Instance: 
    +----------------------------------------+------------------------------+---------+----+-----+-----+-----+
    |                Instance                |            Module            | BRAM_18K| DSP|  FF | LUT | URAM|
    +----------------------------------------+------------------------------+---------+----+-----+-----+-----+
    |grp_message_passing_one_node_vec_fu_60  |message_passing_one_node_vec  |        0|   1|  291|  460|    0|
    |grp_one_node_embedding_fu_73            |one_node_embedding            |        0|   0|   22|  112|    0|
    +----------------------------------------+------------------------------+---------+----+-----+-----+-----+
    |Total                                   |                              |        0|   1|  313|  572|    0|
    +----------------------------------------+------------------------------+---------+----+-----+-----+-----+

    * DSP: 
    N/A

    * Memory: 
    +--------------+-----------------------------------+---------+----+----+-----+------+-----+------+-------------+
    |    Memory    |               Module              | BRAM_18K| FF | LUT| URAM| Words| Bits| Banks| W*Bits*Banks|
    +--------------+-----------------------------------+---------+----+----+-----+------+-----+------+-------------+
    |emb_vec1_V_U  |compute_node_embedding_emb_vec1_V  |        0|  32|  65|    0|   100|   32|     1|         3200|
    |emb_vec2_V_U  |compute_node_embedding_emb_vec1_V  |        0|  32|  65|    0|   100|   32|     1|         3200|
    +--------------+-----------------------------------+---------+----+----+-----+------+-----+------+-------------+
    |Total         |                                   |        0|  64| 130|    0|   200|   64|     2|         6400|
    +--------------+-----------------------------------+---------+----+----+-----+------+-----+------+-------------+

    * FIFO: 
    N/A

    * Expression: 
    +---------------------------------+----------+----+---+----+------------+------------+
    |          Variable Name          | Operation| DSP| FF| LUT| Bitwidth P0| Bitwidth P1|
    +---------------------------------+----------+----+---+----+------------+------------+
    |nd_1_fu_101_p2                   |         +|   0|  0|  12|           5|           1|
    |sub_fu_90_p2                     |         +|   0|  0|  12|           5|           2|
    |icmp_ln278_fu_84_p2              |      icmp|   0|  0|   9|           5|           5|
    |ap_block_state4_on_subcall_done  |        or|   0|  0|   2|           1|           1|
    +---------------------------------+----------+----+---+----+------------+------------+
    |Total                            |          |   0|  0|  35|          16|           9|
    +---------------------------------+----------+----+---+----+------------+------------+

    * Multiplexer: 
    +---------------------------------------------------+----+-----------+-----+-----------+
    |                        Name                       | LUT| Input Size| Bits| Total Bits|
    +---------------------------------------------------+----+-----------+-----+-----------+
    |ap_NS_fsm                                          |  31|          6|    1|          6|
    |degree_table_ce0                                   |   9|          2|    1|          2|
    |degree_table_ce1                                   |   9|          2|    1|          2|
    |emb_vec1_V_address0                                |  14|          3|    7|         21|
    |emb_vec1_V_ce0                                     |  14|          3|    1|          3|
    |emb_vec1_V_we0                                     |   9|          2|    1|          2|
    |emb_vec2_V_address0                                |  14|          3|    7|         21|
    |emb_vec2_V_ce0                                     |  14|          3|    1|          3|
    |emb_vec2_V_we0                                     |   9|          2|    1|          2|
    |grp_message_passing_one_node_vec_fu_60_emb_vec_q0  |  14|          3|   32|         96|
    |grp_message_passing_one_node_vec_fu_60_nd_offset   |  14|          3|    5|         15|
    |grp_one_node_embedding_fu_73_nd                    |  14|          3|    5|         15|
    |message1_V_ce0                                     |   9|          2|    1|          2|
    |message1_V_ce1                                     |   9|          2|    1|          2|
    |message1_V_we1                                     |   9|          2|    1|          2|
    |nd_reg_48                                          |   9|          2|    5|         10|
    |neighbor_table_ce0                                 |   9|          2|    1|          2|
    |node_embedding_V_ce1                               |   9|          2|    1|          2|
    |node_embedding_V_we1                               |   9|          2|    1|          2|
    +---------------------------------------------------+----+-----------+-----+-----------+
    |Total                                              | 228|         49|   74|        210|
    +---------------------------------------------------+----+-----------+-----+-----------+

    * Register: 
    +-----------------------------------------------------+---+----+-----+-----------+
    |                         Name                        | FF| LUT| Bits| Const Bits|
    +-----------------------------------------------------+---+----+-----+-----------+
    |ap_CS_fsm                                            |  5|   0|    5|          0|
    |grp_message_passing_one_node_vec_fu_60_ap_start_reg  |  1|   0|    1|          0|
    |grp_one_node_embedding_fu_73_ap_start_reg            |  1|   0|    1|          0|
    |nd_reg_48                                            |  5|   0|    5|          0|
    |sub_reg_110                                          |  5|   0|    5|          0|
    |trunc_ln278_reg_115                                  |  1|   0|    1|          0|
    +-----------------------------------------------------+---+----+-----+-----------+
    |Total                                                | 18|   0|   18|          0|
    +-----------------------------------------------------+---+----+-----+-----------+



================================================================
== Interface
================================================================
* Summary: 
+---------------------------+-----+-----+------------+------------------------+--------------+
|         RTL Ports         | Dir | Bits|  Protocol  |      Source Object     |    C Type    |
+---------------------------+-----+-----+------------+------------------------+--------------+
|ap_clk                     |   in|    1|  ap_ctrl_hs|  compute_node_embedding|  return value|
|ap_rst                     |   in|    1|  ap_ctrl_hs|  compute_node_embedding|  return value|
|ap_start                   |   in|    1|  ap_ctrl_hs|  compute_node_embedding|  return value|
|ap_done                    |  out|    1|  ap_ctrl_hs|  compute_node_embedding|  return value|
|ap_idle                    |  out|    1|  ap_ctrl_hs|  compute_node_embedding|  return value|
|ap_ready                   |  out|    1|  ap_ctrl_hs|  compute_node_embedding|  return value|
|node_embedding_V_address1  |  out|   15|   ap_memory|        node_embedding_V|         array|
|node_embedding_V_ce1       |  out|    1|   ap_memory|        node_embedding_V|         array|
|node_embedding_V_we1       |  out|    1|   ap_memory|        node_embedding_V|         array|
|node_embedding_V_d1        |  out|   32|   ap_memory|        node_embedding_V|         array|
|degree_table_address0      |  out|   10|   ap_memory|            degree_table|         array|
|degree_table_ce0           |  out|    1|   ap_memory|            degree_table|         array|
|degree_table_q0            |   in|   32|   ap_memory|            degree_table|         array|
|degree_table_address1      |  out|   10|   ap_memory|            degree_table|         array|
|degree_table_ce1           |  out|    1|   ap_memory|            degree_table|         array|
|degree_table_q1            |   in|   32|   ap_memory|            degree_table|         array|
|neighbor_table_address0    |  out|   13|   ap_memory|          neighbor_table|         array|
|neighbor_table_ce0         |  out|    1|   ap_memory|          neighbor_table|         array|
|neighbor_table_q0          |   in|    8|   ap_memory|          neighbor_table|         array|
|message1_V_address0        |  out|   15|   ap_memory|              message1_V|         array|
|message1_V_ce0             |  out|    1|   ap_memory|              message1_V|         array|
|message1_V_q0              |   in|   32|   ap_memory|              message1_V|         array|
|message1_V_address1        |  out|   15|   ap_memory|              message1_V|         array|
|message1_V_ce1             |  out|    1|   ap_memory|              message1_V|         array|
|message1_V_we1             |  out|    1|   ap_memory|              message1_V|         array|
|message1_V_d1              |  out|   32|   ap_memory|              message1_V|         array|
+---------------------------+-----+-----+------------+------------------------+--------------+

