

================================================================
== Vitis HLS Report for 'clear_message_table_one_node'
================================================================
* Date:           Sat Oct 30 13:57:53 2021

* Version:        2020.2.2 (Build 3118627 on Tue Feb  9 05:13:49 MST 2021)
* Project:        project_1
* Solution:       solution1 (Vivado IP Flow Target)
* Product family: virtexuplus
* Target device:  xcu280-fsvh2892-2L-e


================================================================
== Performance Estimates
================================================================
+ Timing: 
    * Summary: 
    +--------+----------+----------+------------+
    |  Clock |  Target  | Estimated| Uncertainty|
    +--------+----------+----------+------------+
    |ap_clk  |  10.00 ns|  2.610 ns|     2.70 ns|
    +--------+----------+----------+------------+

+ Latency: 
    * Summary: 
    +---------+---------+----------+----------+-----+-----+---------+
    |  Latency (cycles) |  Latency (absolute) |  Interval | Pipeline|
    |   min   |   max   |    min   |    max   | min | max |   Type  |
    +---------+---------+----------+----------+-----+-----+---------+
    |      102|      102|  1.020 us|  1.020 us|  102|  102|     none|
    +---------+---------+----------+----------+-----+-----+---------+

    + Detail: 
        * Instance: 
        N/A

        * Loop: 
        +--------------------+---------+---------+----------+-----------+-----------+------+----------+
        |                    |  Latency (cycles) | Iteration|  Initiation Interval  | Trip |          |
        |      Loop Name     |   min   |   max   |  Latency |  achieved |   target  | Count| Pipelined|
        +--------------------+---------+---------+----------+-----------+-----------+------+----------+
        |- VITIS_LOOP_218_1  |      100|      100|         1|          1|          1|   100|       yes|
        +--------------------+---------+---------+----------+-----------+-----------+------+----------+

============================================================
+ Verbose Summary: Synthesis Manager
============================================================
InlineROM: 1
ExposeGlobal: 0
============================================================
+ Verbose Summary: CDFG Model
============================================================
IsTopModel: 0
ResetActiveHigh: 1
IsCombinational: 0
IsDatapathOnly: 0
HasWiredReturn: 1
HasMFsm: 0
HasVarLatency: 1
IsPipeline: 0
IsRtlPipelined: 0
IsInstanceOverlapped: 0
IsDontTouch: 0
HasImplIP: 0
IsGatedGlobalClock: 0

+ Individual pipeline summary: 
  * Pipeline-0: initiation interval (II) = 1, depth = 1


============================================================
+ Verbose Summary: Schedule
============================================================
* Number of FSM states : 3
* Pipeline : 1
  Pipeline-0 : II = 1, D = 1, States = { 2 }
* Dataflow Pipeline: 0

* FSM state transitions: 
1 --> 2 
2 --> 3 2 
3 --> 

* FSM state operations: 

State 1 <SV = 0> <Delay = 1.55>
ST_1 : Operation 4 [1/1] (0.00ns)   --->   "%message_tb_offset_read = read i5 @_ssdm_op_Read.ap_auto.i5, i5 %message_tb_offset" [GIN_compute.cpp:219]   --->   Operation 4 'read' 'message_tb_offset_read' <Predicate = true> <Delay = 0.00>
ST_1 : Operation 5 [1/1] (0.00ns)   --->   "%zext_ln219 = zext i5 %message_tb_offset_read" [GIN_compute.cpp:219]   --->   Operation 5 'zext' 'zext_ln219' <Predicate = true> <Delay = 0.00>
ST_1 : Operation 6 [1/1] (1.55ns)   --->   "%mul_ln219 = mul i12 %zext_ln219, i12 100" [GIN_compute.cpp:219]   --->   Operation 6 'mul' 'mul_ln219' <Predicate = true> <Delay = 1.55> <CoreInst = "Multiplier">   --->   Core 3 'Multiplier' <Latency = 0> <II = 1> <Delay = 1.55> <FuncUnit> <Opcode : 'mul'> <InPorts = 2> <OutPorts = 1>
ST_1 : Operation 7 [1/1] (0.00ns)   --->   "%specmemcore_ln0 = specmemcore void @_ssdm_op_SpecMemCore, i32 %message_tb, i64 666, i64 24, i64 18446744073709551615"   --->   Operation 7 'specmemcore' 'specmemcore_ln0' <Predicate = true> <Delay = 0.00>
ST_1 : Operation 8 [1/1] (0.38ns)   --->   "%br_ln218 = br void" [GIN_compute.cpp:218]   --->   Operation 8 'br' 'br_ln218' <Predicate = true> <Delay = 0.38>

State 2 <SV = 1> <Delay = 2.61>
ST_2 : Operation 9 [1/1] (0.00ns)   --->   "%dim = phi i7 0, void, i7 %add_ln218, void %.split" [GIN_compute.cpp:218]   --->   Operation 9 'phi' 'dim' <Predicate = true> <Delay = 0.00>
ST_2 : Operation 10 [1/1] (0.70ns)   --->   "%add_ln218 = add i7 %dim, i7 1" [GIN_compute.cpp:218]   --->   Operation 10 'add' 'add_ln218' <Predicate = true> <Delay = 0.70> <CoreInst = "Adder">   --->   Core 1 'Adder' <Latency = 0> <II = 1> <Delay = 0.74> <FuncUnit> <Opcode : 'add' 'sub'> <InPorts = 2> <OutPorts = 1>
ST_2 : Operation 11 [1/1] (0.00ns)   --->   "%specpipeline_ln0 = specpipeline void @_ssdm_op_SpecPipeline, i32 4294967295, i32 0, i32 1, i32 0, void @p_str"   --->   Operation 11 'specpipeline' 'specpipeline_ln0' <Predicate = true> <Delay = 0.00>
ST_2 : Operation 12 [1/1] (0.59ns)   --->   "%icmp_ln218 = icmp_eq  i7 %dim, i7 100" [GIN_compute.cpp:218]   --->   Operation 12 'icmp' 'icmp_ln218' <Predicate = true> <Delay = 0.59> <CoreInst = "Cmp">   --->   Core 9 'Cmp' <Latency = 0> <II = 1> <Delay = 0.59> <FuncUnit> <Opcode : 'icmp'> <InPorts = 2> <OutPorts = 1>
ST_2 : Operation 13 [1/1] (0.00ns)   --->   "%speclooptripcount_ln0 = speclooptripcount void @_ssdm_op_SpecLoopTripCount, i64 100, i64 100, i64 100"   --->   Operation 13 'speclooptripcount' 'speclooptripcount_ln0' <Predicate = true> <Delay = 0.00>
ST_2 : Operation 14 [1/1] (0.00ns)   --->   "%br_ln218 = br i1 %icmp_ln218, void %.split, void" [GIN_compute.cpp:218]   --->   Operation 14 'br' 'br_ln218' <Predicate = true> <Delay = 0.00>
ST_2 : Operation 15 [1/1] (0.00ns)   --->   "%zext_ln219_1 = zext i7 %dim" [GIN_compute.cpp:219]   --->   Operation 15 'zext' 'zext_ln219_1' <Predicate = (!icmp_ln218)> <Delay = 0.00>
ST_2 : Operation 16 [1/1] (0.74ns)   --->   "%add_ln219 = add i12 %mul_ln219, i12 %zext_ln219_1" [GIN_compute.cpp:219]   --->   Operation 16 'add' 'add_ln219' <Predicate = (!icmp_ln218)> <Delay = 0.74> <CoreInst = "Adder">   --->   Core 1 'Adder' <Latency = 0> <II = 1> <Delay = 0.74> <FuncUnit> <Opcode : 'add' 'sub'> <InPorts = 2> <OutPorts = 1>
ST_2 : Operation 17 [1/1] (0.00ns)   --->   "%zext_ln219_2 = zext i12 %add_ln219" [GIN_compute.cpp:219]   --->   Operation 17 'zext' 'zext_ln219_2' <Predicate = (!icmp_ln218)> <Delay = 0.00>
ST_2 : Operation 18 [1/1] (0.00ns)   --->   "%message_tb_addr = getelementptr i32 %message_tb, i64 0, i64 %zext_ln219_2" [GIN_compute.cpp:219]   --->   Operation 18 'getelementptr' 'message_tb_addr' <Predicate = (!icmp_ln218)> <Delay = 0.00>
ST_2 : Operation 19 [1/1] (0.00ns)   --->   "%specloopname_ln218 = specloopname void @_ssdm_op_SpecLoopName, void @empty_31" [GIN_compute.cpp:218]   --->   Operation 19 'specloopname' 'specloopname_ln218' <Predicate = (!icmp_ln218)> <Delay = 0.00>
ST_2 : Operation 20 [1/1] (1.86ns)   --->   "%store_ln219 = store i32 0, i15 %message_tb_addr" [GIN_compute.cpp:219]   --->   Operation 20 'store' 'store_ln219' <Predicate = (!icmp_ln218)> <Delay = 1.86> <CoreInst = "RAM_2P_URAM">   --->   Core 95 'RAM_2P_URAM' <Latency = 1> <II = 1> <Delay = 1.86> <Storage> <Opcode : 'load' 'store'> <Ports = 2> <Width = 32> <Depth = 20000> <RAM>
ST_2 : Operation 21 [1/1] (0.00ns)   --->   "%br_ln0 = br void"   --->   Operation 21 'br' 'br_ln0' <Predicate = (!icmp_ln218)> <Delay = 0.00>

State 3 <SV = 2> <Delay = 0.00>
ST_3 : Operation 22 [1/1] (0.00ns)   --->   "%ret_ln221 = ret" [GIN_compute.cpp:221]   --->   Operation 22 'ret' 'ret_ln221' <Predicate = true> <Delay = 0.00>


============================================================
+ Verbose Summary: Binding
============================================================
STG Binding: 
---------------- STG Properties BEGIN ----------------
- Is combinational: 0
- Is one-state seq: 0
- Is datapath-only: 0
- Is pipelined: 0
- Is top level: 0
Port [ Return ] is wired: 1; IO mode=ap_ctrl_hs:ce=0
Port [ message_tb]:  wired=1; compound=1; hidden=0; nouse=0; global=0; static=0; extern=0; dir=1; type=1; pingpong=0; private_global=0; MemPort=[30]; IO mode=ap_memory:ce=0
Port [ message_tb_offset]:  wired=1; compound=0; hidden=0; nouse=0; global=0; static=0; extern=0; dir=0; type=0; pingpong=0; private_global=0; IO mode=ap_none:ce=0
---------------- STG Properties END ------------------

---------------- Datapath Model BEGIN ----------------

<LifeTime>
<method=bitvector/>
message_tb_offset_read (read             ) [ 0000]
zext_ln219             (zext             ) [ 0000]
mul_ln219              (mul              ) [ 0010]
specmemcore_ln0        (specmemcore      ) [ 0000]
br_ln218               (br               ) [ 0110]
dim                    (phi              ) [ 0010]
add_ln218              (add              ) [ 0110]
specpipeline_ln0       (specpipeline     ) [ 0000]
icmp_ln218             (icmp             ) [ 0010]
speclooptripcount_ln0  (speclooptripcount) [ 0000]
br_ln218               (br               ) [ 0000]
zext_ln219_1           (zext             ) [ 0000]
add_ln219              (add              ) [ 0000]
zext_ln219_2           (zext             ) [ 0000]
message_tb_addr        (getelementptr    ) [ 0000]
specloopname_ln218     (specloopname     ) [ 0000]
store_ln219            (store            ) [ 0000]
br_ln0                 (br               ) [ 0110]
ret_ln221              (ret              ) [ 0000]
</LifeTime>

<model>

<comp_list>
<comp id="0" class="1000" name="message_tb">
<pin_list>
<pin id="1" dir="1" index="0" bw="1" slack="0"/>
</pin_list>
<bind>
<StgValue><ssdm name="message_tb"/><MemPortTyVec>3 0 </MemPortTyVec>
</StgValue>
</bind>
</comp>

<comp id="2" class="1000" name="message_tb_offset">
<pin_list>
<pin id="3" dir="1" index="0" bw="1" slack="0"/>
</pin_list>
<bind>
<StgValue><ssdm name="message_tb_offset"/></StgValue>
</bind>
</comp>

<comp id="4" class="1001" name="const_4">
<pin_list>
<pin id="5" dir="1" index="0" bw="1" slack="0"/>
</pin_list>
<bind>
<StgValue><ssdm name="_ssdm_op_Read.ap_auto.i5"/></StgValue>
</bind>
</comp>

<comp id="6" class="1001" name="const_6">
<pin_list>
<pin id="7" dir="1" index="0" bw="1" slack="0"/>
</pin_list>
<bind>
<StgValue><ssdm name=""/></StgValue>
</bind>
</comp>

<comp id="8" class="1001" name="const_8">
<pin_list>
<pin id="9" dir="1" index="0" bw="1" slack="2147483647"/>
</pin_list>
<bind>
<StgValue><ssdm name="_ssdm_op_SpecMemCore"/></StgValue>
</bind>
</comp>

<comp id="10" class="1001" name="const_10">
<pin_list>
<pin id="11" dir="1" index="0" bw="1" slack="2147483647"/>
</pin_list>
<bind>
<StgValue><ssdm name=""/></StgValue>
</bind>
</comp>

<comp id="12" class="1001" name="const_12">
<pin_list>
<pin id="13" dir="1" index="0" bw="1" slack="2147483647"/>
</pin_list>
<bind>
<StgValue><ssdm name=""/></StgValue>
</bind>
</comp>

<comp id="14" class="1001" name="const_14">
<pin_list>
<pin id="15" dir="1" index="0" bw="1" slack="2147483647"/>
</pin_list>
<bind>
<StgValue><ssdm name=""/></StgValue>
</bind>
</comp>

<comp id="16" class="1001" name="const_16">
<pin_list>
<pin id="17" dir="1" index="0" bw="1" slack="1"/>
</pin_list>
<bind>
<StgValue><ssdm name=""/></StgValue>
</bind>
</comp>

<comp id="18" class="1001" name="const_18">
<pin_list>
<pin id="19" dir="1" index="0" bw="1" slack="0"/>
</pin_list>
<bind>
<StgValue><ssdm name=""/></StgValue>
</bind>
</comp>

<comp id="20" class="1001" name="const_20">
<pin_list>
<pin id="21" dir="1" index="0" bw="1" slack="2147483647"/>
</pin_list>
<bind>
<StgValue><ssdm name="_ssdm_op_SpecPipeline"/></StgValue>
</bind>
</comp>

<comp id="22" class="1001" name="const_22">
<pin_list>
<pin id="23" dir="1" index="0" bw="1" slack="2147483647"/>
</pin_list>
<bind>
<StgValue><ssdm name=""/></StgValue>
</bind>
</comp>

<comp id="24" class="1001" name="const_24">
<pin_list>
<pin id="25" dir="1" index="0" bw="1" slack="0"/>
</pin_list>
<bind>
<StgValue><ssdm name=""/></StgValue>
</bind>
</comp>

<comp id="26" class="1001" name="const_26">
<pin_list>
<pin id="27" dir="1" index="0" bw="1" slack="2147483647"/>
</pin_list>
<bind>
<StgValue><ssdm name=""/></StgValue>
</bind>
</comp>

<comp id="28" class="1001" name="const_28">
<pin_list>
<pin id="29" dir="1" index="0" bw="1" slack="2147483647"/>
</pin_list>
<bind>
<StgValue><ssdm name="p_str"/></StgValue>
</bind>
</comp>

<comp id="30" class="1001" name="const_30">
<pin_list>
<pin id="31" dir="1" index="0" bw="1" slack="0"/>
</pin_list>
<bind>
<StgValue><ssdm name=""/></StgValue>
</bind>
</comp>

<comp id="32" class="1001" name="const_32">
<pin_list>
<pin id="33" dir="1" index="0" bw="1" slack="2147483647"/>
</pin_list>
<bind>
<StgValue><ssdm name="_ssdm_op_SpecLoopTripCount"/></StgValue>
</bind>
</comp>

<comp id="34" class="1001" name="const_34">
<pin_list>
<pin id="35" dir="1" index="0" bw="1" slack="2147483647"/>
</pin_list>
<bind>
<StgValue><ssdm name=""/></StgValue>
</bind>
</comp>

<comp id="36" class="1001" name="const_36">
<pin_list>
<pin id="37" dir="1" index="0" bw="1" slack="0"/>
</pin_list>
<bind>
<StgValue><ssdm name=""/></StgValue>
</bind>
</comp>

<comp id="38" class="1001" name="const_38">
<pin_list>
<pin id="39" dir="1" index="0" bw="1" slack="2147483647"/>
</pin_list>
<bind>
<StgValue><ssdm name="_ssdm_op_SpecLoopName"/></StgValue>
</bind>
</comp>

<comp id="40" class="1001" name="const_40">
<pin_list>
<pin id="41" dir="1" index="0" bw="1" slack="2147483647"/>
</pin_list>
<bind>
<StgValue><ssdm name="empty_31"/></StgValue>
</bind>
</comp>

<comp id="42" class="1004" name="message_tb_offset_read_read_fu_42">
<pin_list>
<pin id="43" dir="0" index="0" bw="5" slack="0"/>
<pin id="44" dir="0" index="1" bw="5" slack="0"/>
<pin id="45" dir="1" index="2" bw="5" slack="0"/>
</pin_list>
<bind>
<opcode="read(1150) " fcode="read"/>
<opset="message_tb_offset_read/1 "/>
</bind>
</comp>

<comp id="48" class="1004" name="message_tb_addr_gep_fu_48">
<pin_list>
<pin id="49" dir="0" index="0" bw="32" slack="0"/>
<pin id="50" dir="0" index="1" bw="1" slack="0"/>
<pin id="51" dir="0" index="2" bw="12" slack="0"/>
<pin id="52" dir="1" index="3" bw="15" slack="0"/>
</pin_list>
<bind>
<opcode="getelementptr(29) " fcode="getelementptr"/>
<opset="message_tb_addr/2 "/>
</bind>
</comp>

<comp id="55" class="1004" name="store_ln219_access_fu_55">
<pin_list>
<pin id="56" dir="0" index="0" bw="15" slack="2147483647"/>
<pin id="57" dir="0" index="1" bw="32" slack="2147483647"/>
<pin id="58" dir="0" index="2" bw="0" slack="0"/>
<pin id="60" dir="0" index="4" bw="15" slack="0"/>
<pin id="61" dir="0" index="5" bw="32" slack="2147483647"/>
<pin id="62" dir="0" index="6" bw="0" slack="2147483647"/>
<pin id="59" dir="1" index="3" bw="32" slack="2147483647"/>
<pin id="63" dir="1" index="7" bw="32" slack="2147483647"/>
</pin_list>
<bind>
<opcode="store(28) " fcode="store"/>
<opset="store_ln219/2 "/>
</bind>
</comp>

<comp id="66" class="1005" name="dim_reg_66">
<pin_list>
<pin id="67" dir="0" index="0" bw="7" slack="1"/>
<pin id="68" dir="1" index="1" bw="7" slack="1"/>
</pin_list>
<bind>
<opset="dim (phireg) "/>
</bind>
</comp>

<comp id="70" class="1004" name="dim_phi_fu_70">
<pin_list>
<pin id="71" dir="0" index="0" bw="1" slack="1"/>
<pin id="72" dir="0" index="1" bw="0" slack="2147483647"/>
<pin id="73" dir="0" index="2" bw="7" slack="0"/>
<pin id="74" dir="0" index="3" bw="0" slack="2147483647"/>
<pin id="75" dir="1" index="4" bw="7" slack="0"/>
</pin_list>
<bind>
<opcode="phi(47) " fcode="phi"/>
<opset="dim/2 "/>
</bind>
</comp>

<comp id="77" class="1004" name="zext_ln219_fu_77">
<pin_list>
<pin id="78" dir="0" index="0" bw="5" slack="0"/>
<pin id="79" dir="1" index="1" bw="12" slack="0"/>
</pin_list>
<bind>
<opcode="zext(34) " fcode="zext"/>
<opset="zext_ln219/1 "/>
</bind>
</comp>

<comp id="81" class="1004" name="mul_ln219_fu_81">
<pin_list>
<pin id="82" dir="0" index="0" bw="5" slack="0"/>
<pin id="83" dir="0" index="1" bw="8" slack="0"/>
<pin id="84" dir="1" index="2" bw="12" slack="1"/>
</pin_list>
<bind>
<opcode="mul(12) " fcode="mul"/>
<opset="mul_ln219/1 "/>
</bind>
</comp>

<comp id="87" class="1004" name="add_ln218_fu_87">
<pin_list>
<pin id="88" dir="0" index="0" bw="7" slack="0"/>
<pin id="89" dir="0" index="1" bw="1" slack="0"/>
<pin id="90" dir="1" index="2" bw="7" slack="0"/>
</pin_list>
<bind>
<opcode="add(8) " fcode="add"/>
<opset="add_ln218/2 "/>
</bind>
</comp>

<comp id="93" class="1004" name="icmp_ln218_fu_93">
<pin_list>
<pin id="94" dir="0" index="0" bw="7" slack="0"/>
<pin id="95" dir="0" index="1" bw="6" slack="0"/>
<pin id="96" dir="1" index="2" bw="1" slack="2147483647"/>
</pin_list>
<bind>
<opcode="icmp(45) " fcode="icmp"/>
<opset="icmp_ln218/2 "/>
</bind>
</comp>

<comp id="99" class="1004" name="zext_ln219_1_fu_99">
<pin_list>
<pin id="100" dir="0" index="0" bw="7" slack="0"/>
<pin id="101" dir="1" index="1" bw="12" slack="0"/>
</pin_list>
<bind>
<opcode="zext(34) " fcode="zext"/>
<opset="zext_ln219_1/2 "/>
</bind>
</comp>

<comp id="103" class="1004" name="add_ln219_fu_103">
<pin_list>
<pin id="104" dir="0" index="0" bw="12" slack="1"/>
<pin id="105" dir="0" index="1" bw="7" slack="0"/>
<pin id="106" dir="1" index="2" bw="12" slack="0"/>
</pin_list>
<bind>
<opcode="add(8) " fcode="add"/>
<opset="add_ln219/2 "/>
</bind>
</comp>

<comp id="108" class="1004" name="zext_ln219_2_fu_108">
<pin_list>
<pin id="109" dir="0" index="0" bw="12" slack="0"/>
<pin id="110" dir="1" index="1" bw="64" slack="0"/>
</pin_list>
<bind>
<opcode="zext(34) " fcode="zext"/>
<opset="zext_ln219_2/2 "/>
</bind>
</comp>

<comp id="113" class="1005" name="mul_ln219_reg_113">
<pin_list>
<pin id="114" dir="0" index="0" bw="12" slack="1"/>
<pin id="115" dir="1" index="1" bw="12" slack="1"/>
</pin_list>
<bind>
<opset="mul_ln219 "/>
</bind>
</comp>

<comp id="118" class="1005" name="add_ln218_reg_118">
<pin_list>
<pin id="119" dir="0" index="0" bw="7" slack="0"/>
<pin id="120" dir="1" index="1" bw="7" slack="0"/>
</pin_list>
<bind>
<opset="add_ln218 "/>
</bind>
</comp>

</comp_list>

<net_list>
<net id="46"><net_src comp="4" pin="0"/><net_sink comp="42" pin=0"/></net>

<net id="47"><net_src comp="2" pin="0"/><net_sink comp="42" pin=1"/></net>

<net id="53"><net_src comp="0" pin="0"/><net_sink comp="48" pin=0"/></net>

<net id="54"><net_src comp="36" pin="0"/><net_sink comp="48" pin=1"/></net>

<net id="64"><net_src comp="24" pin="0"/><net_sink comp="55" pin=4"/></net>

<net id="65"><net_src comp="48" pin="3"/><net_sink comp="55" pin=2"/></net>

<net id="69"><net_src comp="16" pin="0"/><net_sink comp="66" pin=0"/></net>

<net id="76"><net_src comp="66" pin="1"/><net_sink comp="70" pin=0"/></net>

<net id="80"><net_src comp="42" pin="2"/><net_sink comp="77" pin=0"/></net>

<net id="85"><net_src comp="77" pin="1"/><net_sink comp="81" pin=0"/></net>

<net id="86"><net_src comp="6" pin="0"/><net_sink comp="81" pin=1"/></net>

<net id="91"><net_src comp="70" pin="4"/><net_sink comp="87" pin=0"/></net>

<net id="92"><net_src comp="18" pin="0"/><net_sink comp="87" pin=1"/></net>

<net id="97"><net_src comp="70" pin="4"/><net_sink comp="93" pin=0"/></net>

<net id="98"><net_src comp="30" pin="0"/><net_sink comp="93" pin=1"/></net>

<net id="102"><net_src comp="70" pin="4"/><net_sink comp="99" pin=0"/></net>

<net id="107"><net_src comp="99" pin="1"/><net_sink comp="103" pin=1"/></net>

<net id="111"><net_src comp="103" pin="2"/><net_sink comp="108" pin=0"/></net>

<net id="112"><net_src comp="108" pin="1"/><net_sink comp="48" pin=2"/></net>

<net id="116"><net_src comp="81" pin="2"/><net_sink comp="113" pin=0"/></net>

<net id="117"><net_src comp="113" pin="1"/><net_sink comp="103" pin=0"/></net>

<net id="121"><net_src comp="87" pin="2"/><net_sink comp="118" pin=0"/></net>

<net id="122"><net_src comp="118" pin="1"/><net_sink comp="70" pin=2"/></net>

</net_list>

</model> 
---------------- Datapath Model END ------------------

* FSMD analyzer results:
  - Output states:
	Port: message_tb | {2 }
 - Input state : 
	Port: clear_message_table_one_node : message_tb_offset | {1 }
  - Chain level:
	State 1
		mul_ln219 : 1
	State 2
		add_ln218 : 1
		icmp_ln218 : 1
		br_ln218 : 2
		zext_ln219_1 : 1
		add_ln219 : 2
		zext_ln219_2 : 3
		message_tb_addr : 4
		store_ln219 : 5
	State 3


============================================================
+ Verbose Summary: Datapath Resource usage 
============================================================

* Functional unit list:
|----------|-----------------------------------|---------|---------|---------|
| Operation|          Functional Unit          |   DSP   |    FF   |   LUT   |
|----------|-----------------------------------|---------|---------|---------|
|    mul   |          mul_ln219_fu_81          |    0    |    0    |    40   |
|----------|-----------------------------------|---------|---------|---------|
|    add   |          add_ln218_fu_87          |    0    |    0    |    14   |
|          |          add_ln219_fu_103         |    0    |    0    |    19   |
|----------|-----------------------------------|---------|---------|---------|
|   icmp   |          icmp_ln218_fu_93         |    0    |    0    |    10   |
|----------|-----------------------------------|---------|---------|---------|
|   read   | message_tb_offset_read_read_fu_42 |    0    |    0    |    0    |
|----------|-----------------------------------|---------|---------|---------|
|          |          zext_ln219_fu_77         |    0    |    0    |    0    |
|   zext   |         zext_ln219_1_fu_99        |    0    |    0    |    0    |
|          |        zext_ln219_2_fu_108        |    0    |    0    |    0    |
|----------|-----------------------------------|---------|---------|---------|
|   Total  |                                   |    0    |    0    |    83   |
|----------|-----------------------------------|---------|---------|---------|

Memories:
N/A

* Register list:
+-----------------+--------+
|                 |   FF   |
+-----------------+--------+
|add_ln218_reg_118|    7   |
|    dim_reg_66   |    7   |
|mul_ln219_reg_113|   12   |
+-----------------+--------+
|      Total      |   26   |
+-----------------+--------+

* Multiplexer (MUX) list: 
|--------|------|------|------|--------|
|  Comp  |  Pin | Size |  BW  | S x BW |
|--------|------|------|------|--------|
|  Total |      |      |      |    0   |
|--------|------|------|------|--------|



* Summary:
+-----------+--------+--------+--------+
|           |   DSP  |   FF   |   LUT  |
+-----------+--------+--------+--------+
|  Function |    0   |    0   |   83   |
|   Memory  |    -   |    -   |    -   |
|Multiplexer|    -   |    -   |    -   |
|  Register |    -   |   26   |    -   |
+-----------+--------+--------+--------+
|   Total   |    0   |   26   |   83   |
+-----------+--------+--------+--------+
