

================================================================
== Vitis HLS Report for 'compute_node_embedding'
================================================================
* Date:           Sat Oct 30 13:57:54 2021

* Version:        2020.2.2 (Build 3118627 on Tue Feb  9 05:13:49 MST 2021)
* Project:        project_1
* Solution:       solution1 (Vivado IP Flow Target)
* Product family: virtexuplus
* Target device:  xcu280-fsvh2892-2L-e


================================================================
== Performance Estimates
================================================================
+ Timing: 
    * Summary: 
    +--------+----------+----------+------------+
    |  Clock |  Target  | Estimated| Uncertainty|
    +--------+----------+----------+------------+
    |ap_clk  |  10.00 ns|  4.610 ns|     2.70 ns|
    +--------+----------+----------+------------+

+ Latency: 
    * Summary: 
    +---------+---------+-----------+-----------+------+------+---------+
    |  Latency (cycles) |   Latency (absolute)  |   Interval  | Pipeline|
    |   min   |   max   |    min    |    max    |  min |  max |   Type  |
    +---------+---------+-----------+-----------+------+------+---------+
    |     2174|     9774|  21.740 us|  97.740 us|  2174|  9774|     none|
    +---------+---------+-----------+-----------+------+------+---------+

    + Detail: 
        * Instance: 
        +----------------------------------------+------------------------------+---------+---------+----------+----------+-----+-----+---------+
        |                                        |                              |  Latency (cycles) |  Latency (absolute) |  Interval | Pipeline|
        |                Instance                |            Module            |   min   |   max   |    min   |    max   | min | max |   Type  |
        +----------------------------------------+------------------------------+---------+---------+----------+----------+-----+-----+---------+
        |grp_message_passing_one_node_vec_fu_60  |message_passing_one_node_vec  |      107|      507|  1.070 us|  5.070 us|  107|  507|     none|
        |grp_one_node_embedding_fu_73            |one_node_embedding            |      102|      102|  1.020 us|  1.020 us|  102|  102|     none|
        +----------------------------------------+------------------------------+---------+---------+----------+----------+-----+-----+---------+

        * Loop: 
        +-----------------+---------+---------+-----------+-----------+-----------+------+----------+
        |                 |  Latency (cycles) | Iteration |  Initiation Interval  | Trip |          |
        |    Loop Name    |   min   |   max   |  Latency  |  achieved |   target  | Count| Pipelined|
        +-----------------+---------+---------+-----------+-----------+-----------+------+----------+
        |- loop_node_emb  |     1962|     9162|  109 ~ 509|          -|          -|    18|        no|
        +-----------------+---------+---------+-----------+-----------+-----------+------+----------+

============================================================
+ Verbose Summary: Synthesis Manager
============================================================
InlineROM: 1
ExposeGlobal: 0
============================================================
+ Verbose Summary: CDFG Model
============================================================
IsTopModel: 0
ResetActiveHigh: 1
IsCombinational: 0
IsDatapathOnly: 0
HasWiredReturn: 1
HasMFsm: 0
HasVarLatency: 1
IsPipeline: 0
IsRtlPipelined: 0
IsInstanceOverlapped: 0
IsDontTouch: 0
HasImplIP: 0
IsGatedGlobalClock: 0


============================================================
+ Verbose Summary: Schedule
============================================================
* Number of FSM states : 5
* Pipeline : 0
* Dataflow Pipeline: 0

* FSM state transitions: 
1 --> 2 
2 --> 3 
3 --> 5 4 
4 --> 3 
5 --> 

* FSM state operations: 

State 1 <SV = 0> <Delay = 2.56>
ST_1 : Operation 6 [1/1] (0.60ns)   --->   "%emb_vec1_V = alloca i64 1" [GIN_compute.cpp:273]   --->   Operation 6 'alloca' 'emb_vec1_V' <Predicate = true> <Delay = 0.60>
ST_1 : Operation 7 [1/1] (0.60ns)   --->   "%emb_vec2_V = alloca i64 1" [GIN_compute.cpp:274]   --->   Operation 7 'alloca' 'emb_vec2_V' <Predicate = true> <Delay = 0.60>
ST_1 : Operation 8 [2/2] (1.96ns)   --->   "%call_ln276 = call void @one_node_embedding, i5 0, i32 %emb_vec1_V, i32 %node_embedding_V" [GIN_compute.cpp:276]   --->   Operation 8 'call' 'call_ln276' <Predicate = true> <Delay = 1.96> <CoreType = "Generic">   --->   Core 0 '' <Latency = 0> <II = 1> <Delay = 1.00> <Generic> <Opcode : >

State 2 <SV = 1> <Delay = 0.38>
ST_2 : Operation 9 [1/1] (0.00ns)   --->   "%specmemcore_ln0 = specmemcore void @_ssdm_op_SpecMemCore, i32 %message1_V, i64 666, i64 24, i64 18446744073709551615"   --->   Operation 9 'specmemcore' 'specmemcore_ln0' <Predicate = true> <Delay = 0.00>
ST_2 : Operation 10 [1/2] (0.00ns)   --->   "%call_ln276 = call void @one_node_embedding, i5 0, i32 %emb_vec1_V, i32 %node_embedding_V" [GIN_compute.cpp:276]   --->   Operation 10 'call' 'call_ln276' <Predicate = true> <Delay = 0.00> <CoreType = "Generic">   --->   Core 0 '' <Latency = 0> <II = 1> <Delay = 1.00> <Generic> <Opcode : >
ST_2 : Operation 11 [1/1] (0.38ns)   --->   "%br_ln278 = br void" [GIN_compute.cpp:278]   --->   Operation 11 'br' 'br_ln278' <Predicate = true> <Delay = 0.38>

State 3 <SV = 2> <Delay = 3.73>
ST_3 : Operation 12 [1/1] (0.00ns)   --->   "%nd = phi i5 1, void, i5 %nd_1, void"   --->   Operation 12 'phi' 'nd' <Predicate = true> <Delay = 0.00>
ST_3 : Operation 13 [1/1] (0.63ns)   --->   "%icmp_ln278 = icmp_eq  i5 %nd, i5 19" [GIN_compute.cpp:278]   --->   Operation 13 'icmp' 'icmp_ln278' <Predicate = true> <Delay = 0.63> <CoreInst = "Cmp">   --->   Core 9 'Cmp' <Latency = 0> <II = 1> <Delay = 0.63> <FuncUnit> <Opcode : 'icmp'> <InPorts = 2> <OutPorts = 1>
ST_3 : Operation 14 [1/1] (0.00ns)   --->   "%speclooptripcount_ln0 = speclooptripcount void @_ssdm_op_SpecLoopTripCount, i64 18, i64 18, i64 18"   --->   Operation 14 'speclooptripcount' 'speclooptripcount_ln0' <Predicate = true> <Delay = 0.00>
ST_3 : Operation 15 [1/1] (0.00ns)   --->   "%br_ln278 = br i1 %icmp_ln278, void %.split, void" [GIN_compute.cpp:278]   --->   Operation 15 'br' 'br_ln278' <Predicate = true> <Delay = 0.00>
ST_3 : Operation 16 [1/1] (0.00ns)   --->   "%specloopname_ln278 = specloopname void @_ssdm_op_SpecLoopName, void @empty" [GIN_compute.cpp:278]   --->   Operation 16 'specloopname' 'specloopname_ln278' <Predicate = (!icmp_ln278)> <Delay = 0.00>
ST_3 : Operation 17 [1/1] (0.70ns)   --->   "%sub = add i5 %nd, i5 31" [GIN_compute.cpp:278]   --->   Operation 17 'add' 'sub' <Predicate = (!icmp_ln278)> <Delay = 0.70> <CoreInst = "Adder">   --->   Core 1 'Adder' <Latency = 0> <II = 1> <Delay = 0.70> <FuncUnit> <Opcode : 'add' 'sub'> <InPorts = 2> <OutPorts = 1>
ST_3 : Operation 18 [1/1] (0.00ns)   --->   "%trunc_ln278 = trunc i5 %nd" [GIN_compute.cpp:278]   --->   Operation 18 'trunc' 'trunc_ln278' <Predicate = (!icmp_ln278)> <Delay = 0.00>
ST_3 : Operation 19 [1/1] (0.00ns)   --->   "%br_ln279 = br i1 %trunc_ln278, void, void" [GIN_compute.cpp:279]   --->   Operation 19 'br' 'br_ln279' <Predicate = (!icmp_ln278)> <Delay = 0.00>
ST_3 : Operation 20 [2/2] (3.03ns)   --->   "%call_ln284 = call void @message_passing_one_node_vec, i32 %emb_vec2_V, i5 %sub, i32 %message1_V, i32 %degree_table, i8 %neighbor_table" [GIN_compute.cpp:284]   --->   Operation 20 'call' 'call_ln284' <Predicate = (!icmp_ln278 & !trunc_ln278)> <Delay = 3.03> <CoreType = "Generic">   --->   Core 0 '' <Latency = 0> <II = 1> <Delay = 1.00> <Generic> <Opcode : >
ST_3 : Operation 21 [2/2] (1.96ns)   --->   "%call_ln285 = call void @one_node_embedding, i5 %nd, i32 %emb_vec1_V, i32 %node_embedding_V" [GIN_compute.cpp:285]   --->   Operation 21 'call' 'call_ln285' <Predicate = (!icmp_ln278 & !trunc_ln278)> <Delay = 1.96> <CoreType = "Generic">   --->   Core 0 '' <Latency = 0> <II = 1> <Delay = 1.00> <Generic> <Opcode : >
ST_3 : Operation 22 [2/2] (3.03ns)   --->   "%call_ln280 = call void @message_passing_one_node_vec, i32 %emb_vec1_V, i5 %sub, i32 %message1_V, i32 %degree_table, i8 %neighbor_table" [GIN_compute.cpp:280]   --->   Operation 22 'call' 'call_ln280' <Predicate = (!icmp_ln278 & trunc_ln278)> <Delay = 3.03> <CoreType = "Generic">   --->   Core 0 '' <Latency = 0> <II = 1> <Delay = 1.00> <Generic> <Opcode : >
ST_3 : Operation 23 [2/2] (1.96ns)   --->   "%call_ln281 = call void @one_node_embedding, i5 %nd, i32 %emb_vec2_V, i32 %node_embedding_V" [GIN_compute.cpp:281]   --->   Operation 23 'call' 'call_ln281' <Predicate = (!icmp_ln278 & trunc_ln278)> <Delay = 1.96> <CoreType = "Generic">   --->   Core 0 '' <Latency = 0> <II = 1> <Delay = 1.00> <Generic> <Opcode : >
ST_3 : Operation 24 [2/2] (3.03ns)   --->   "%call_ln289 = call void @message_passing_one_node_vec, i32 %emb_vec1_V, i5 18, i32 %message1_V, i32 %degree_table, i8 %neighbor_table" [GIN_compute.cpp:289]   --->   Operation 24 'call' 'call_ln289' <Predicate = (icmp_ln278)> <Delay = 3.03> <CoreType = "Generic">   --->   Core 0 '' <Latency = 0> <II = 1> <Delay = 1.00> <Generic> <Opcode : >

State 4 <SV = 3> <Delay = 0.70>
ST_4 : Operation 25 [1/2] (0.00ns)   --->   "%call_ln284 = call void @message_passing_one_node_vec, i32 %emb_vec2_V, i5 %sub, i32 %message1_V, i32 %degree_table, i8 %neighbor_table" [GIN_compute.cpp:284]   --->   Operation 25 'call' 'call_ln284' <Predicate = (!trunc_ln278)> <Delay = 0.00> <CoreType = "Generic">   --->   Core 0 '' <Latency = 0> <II = 1> <Delay = 1.00> <Generic> <Opcode : >
ST_4 : Operation 26 [1/2] (0.00ns)   --->   "%call_ln285 = call void @one_node_embedding, i5 %nd, i32 %emb_vec1_V, i32 %node_embedding_V" [GIN_compute.cpp:285]   --->   Operation 26 'call' 'call_ln285' <Predicate = (!trunc_ln278)> <Delay = 0.00> <CoreType = "Generic">   --->   Core 0 '' <Latency = 0> <II = 1> <Delay = 1.00> <Generic> <Opcode : >
ST_4 : Operation 27 [1/1] (0.00ns)   --->   "%br_ln0 = br void"   --->   Operation 27 'br' 'br_ln0' <Predicate = (!trunc_ln278)> <Delay = 0.00>
ST_4 : Operation 28 [1/2] (0.00ns)   --->   "%call_ln280 = call void @message_passing_one_node_vec, i32 %emb_vec1_V, i5 %sub, i32 %message1_V, i32 %degree_table, i8 %neighbor_table" [GIN_compute.cpp:280]   --->   Operation 28 'call' 'call_ln280' <Predicate = (trunc_ln278)> <Delay = 0.00> <CoreType = "Generic">   --->   Core 0 '' <Latency = 0> <II = 1> <Delay = 1.00> <Generic> <Opcode : >
ST_4 : Operation 29 [1/2] (0.00ns)   --->   "%call_ln281 = call void @one_node_embedding, i5 %nd, i32 %emb_vec2_V, i32 %node_embedding_V" [GIN_compute.cpp:281]   --->   Operation 29 'call' 'call_ln281' <Predicate = (trunc_ln278)> <Delay = 0.00> <CoreType = "Generic">   --->   Core 0 '' <Latency = 0> <II = 1> <Delay = 1.00> <Generic> <Opcode : >
ST_4 : Operation 30 [1/1] (0.00ns)   --->   "%br_ln282 = br void" [GIN_compute.cpp:282]   --->   Operation 30 'br' 'br_ln282' <Predicate = (trunc_ln278)> <Delay = 0.00>
ST_4 : Operation 31 [1/1] (0.70ns)   --->   "%nd_1 = add i5 %nd, i5 1" [GIN_compute.cpp:278]   --->   Operation 31 'add' 'nd_1' <Predicate = true> <Delay = 0.70> <CoreInst = "Adder">   --->   Core 1 'Adder' <Latency = 0> <II = 1> <Delay = 0.70> <FuncUnit> <Opcode : 'add' 'sub'> <InPorts = 2> <OutPorts = 1>
ST_4 : Operation 32 [1/1] (0.00ns)   --->   "%br_ln0 = br void"   --->   Operation 32 'br' 'br_ln0' <Predicate = true> <Delay = 0.00>

State 5 <SV = 3> <Delay = 0.00>
ST_5 : Operation 33 [1/2] (0.00ns)   --->   "%call_ln289 = call void @message_passing_one_node_vec, i32 %emb_vec1_V, i5 18, i32 %message1_V, i32 %degree_table, i8 %neighbor_table" [GIN_compute.cpp:289]   --->   Operation 33 'call' 'call_ln289' <Predicate = true> <Delay = 0.00> <CoreType = "Generic">   --->   Core 0 '' <Latency = 0> <II = 1> <Delay = 1.00> <Generic> <Opcode : >
ST_5 : Operation 34 [1/1] (0.00ns)   --->   "%ret_ln304 = ret" [GIN_compute.cpp:304]   --->   Operation 34 'ret' 'ret_ln304' <Predicate = true> <Delay = 0.00>


============================================================
+ Verbose Summary: Binding
============================================================
STG Binding: 
---------------- STG Properties BEGIN ----------------
- Is combinational: 0
- Is one-state seq: 0
- Is datapath-only: 0
- Is pipelined: 0
- Is top level: 0
Port [ Return ] is wired: 1; IO mode=ap_ctrl_hs:ce=0
Port [ node_embedding_V]:  wired=1; compound=1; hidden=0; nouse=0; global=1; static=0; extern=0; dir=1; type=1; pingpong=0; private_global=0; MemPort=[30]; IO mode=ap_memory:ce=0
Port [ degree_table]:  wired=1; compound=1; hidden=0; nouse=0; global=1; static=1; extern=0; dir=0; type=1; pingpong=0; private_global=0; MemPort=[11]; IO mode=ap_memory:ce=0
Port [ neighbor_table]:  wired=1; compound=1; hidden=0; nouse=0; global=1; static=1; extern=0; dir=0; type=1; pingpong=0; private_global=0; MemPort=[13]; IO mode=ap_memory:ce=0
Port [ message1_V]:  wired=1; compound=1; hidden=0; nouse=0; global=1; static=0; extern=0; dir=2; type=1; pingpong=0; private_global=0; MemPort=[10]; IO mode=ap_memory:ce=0
---------------- STG Properties END ------------------

---------------- Datapath Model BEGIN ----------------

<LifeTime>
<method=bitvector/>
emb_vec1_V            (alloca           ) [ 001111]
emb_vec2_V            (alloca           ) [ 001110]
specmemcore_ln0       (specmemcore      ) [ 000000]
call_ln276            (call             ) [ 000000]
br_ln278              (br               ) [ 001110]
nd                    (phi              ) [ 000110]
icmp_ln278            (icmp             ) [ 000110]
speclooptripcount_ln0 (speclooptripcount) [ 000000]
br_ln278              (br               ) [ 000000]
specloopname_ln278    (specloopname     ) [ 000000]
sub                   (add              ) [ 000010]
trunc_ln278           (trunc            ) [ 000110]
br_ln279              (br               ) [ 000000]
call_ln284            (call             ) [ 000000]
call_ln285            (call             ) [ 000000]
br_ln0                (br               ) [ 000000]
call_ln280            (call             ) [ 000000]
call_ln281            (call             ) [ 000000]
br_ln282              (br               ) [ 000000]
nd_1                  (add              ) [ 001110]
br_ln0                (br               ) [ 001110]
call_ln289            (call             ) [ 000000]
ret_ln304             (ret              ) [ 000000]
</LifeTime>

<model>

<comp_list>
<comp id="0" class="1000" name="node_embedding_V">
<pin_list>
<pin id="1" dir="1" index="0" bw="1" slack="0"/>
</pin_list>
<bind>
<StgValue><ssdm name="node_embedding_V"/><MemPortTyVec>3 0 </MemPortTyVec>
</StgValue>
</bind>
</comp>

<comp id="2" class="1000" name="degree_table">
<pin_list>
<pin id="3" dir="1" index="0" bw="1" slack="0"/>
</pin_list>
<bind>
<StgValue><ssdm name="degree_table"/><MemPortTyVec>1 1 </MemPortTyVec>
</StgValue>
</bind>
</comp>

<comp id="4" class="1000" name="neighbor_table">
<pin_list>
<pin id="5" dir="1" index="0" bw="1" slack="0"/>
</pin_list>
<bind>
<StgValue><ssdm name="neighbor_table"/><MemPortTyVec>1 3 </MemPortTyVec>
</StgValue>
</bind>
</comp>

<comp id="6" class="1000" name="message1_V">
<pin_list>
<pin id="7" dir="1" index="0" bw="1" slack="0"/>
</pin_list>
<bind>
<StgValue><ssdm name="message1_V"/><MemPortTyVec>1 0 </MemPortTyVec>
</StgValue>
</bind>
</comp>

<comp id="8" class="1001" name="const_8">
<pin_list>
<pin id="9" dir="1" index="0" bw="1" slack="0"/>
</pin_list>
<bind>
<StgValue><ssdm name=""/></StgValue>
</bind>
</comp>

<comp id="10" class="1001" name="const_10">
<pin_list>
<pin id="11" dir="1" index="0" bw="1" slack="0"/>
</pin_list>
<bind>
<StgValue><ssdm name="one_node_embedding"/></StgValue>
</bind>
</comp>

<comp id="12" class="1001" name="const_12">
<pin_list>
<pin id="13" dir="1" index="0" bw="1" slack="0"/>
</pin_list>
<bind>
<StgValue><ssdm name=""/></StgValue>
</bind>
</comp>

<comp id="14" class="1001" name="const_14">
<pin_list>
<pin id="15" dir="1" index="0" bw="1" slack="2147483647"/>
</pin_list>
<bind>
<StgValue><ssdm name="_ssdm_op_SpecMemCore"/></StgValue>
</bind>
</comp>

<comp id="16" class="1001" name="const_16">
<pin_list>
<pin id="17" dir="1" index="0" bw="1" slack="2147483647"/>
</pin_list>
<bind>
<StgValue><ssdm name=""/></StgValue>
</bind>
</comp>

<comp id="18" class="1001" name="const_18">
<pin_list>
<pin id="19" dir="1" index="0" bw="1" slack="2147483647"/>
</pin_list>
<bind>
<StgValue><ssdm name=""/></StgValue>
</bind>
</comp>

<comp id="20" class="1001" name="const_20">
<pin_list>
<pin id="21" dir="1" index="0" bw="1" slack="2147483647"/>
</pin_list>
<bind>
<StgValue><ssdm name=""/></StgValue>
</bind>
</comp>

<comp id="22" class="1001" name="const_22">
<pin_list>
<pin id="23" dir="1" index="0" bw="1" slack="0"/>
</pin_list>
<bind>
<StgValue><ssdm name=""/></StgValue>
</bind>
</comp>

<comp id="24" class="1001" name="const_24">
<pin_list>
<pin id="25" dir="1" index="0" bw="1" slack="0"/>
</pin_list>
<bind>
<StgValue><ssdm name=""/></StgValue>
</bind>
</comp>

<comp id="26" class="1001" name="const_26">
<pin_list>
<pin id="27" dir="1" index="0" bw="1" slack="2147483647"/>
</pin_list>
<bind>
<StgValue><ssdm name="_ssdm_op_SpecLoopTripCount"/></StgValue>
</bind>
</comp>

<comp id="28" class="1001" name="const_28">
<pin_list>
<pin id="29" dir="1" index="0" bw="1" slack="2147483647"/>
</pin_list>
<bind>
<StgValue><ssdm name=""/></StgValue>
</bind>
</comp>

<comp id="30" class="1001" name="const_30">
<pin_list>
<pin id="31" dir="1" index="0" bw="1" slack="2147483647"/>
</pin_list>
<bind>
<StgValue><ssdm name="_ssdm_op_SpecLoopName"/></StgValue>
</bind>
</comp>

<comp id="32" class="1001" name="const_32">
<pin_list>
<pin id="33" dir="1" index="0" bw="1" slack="2147483647"/>
</pin_list>
<bind>
<StgValue><ssdm name="empty"/></StgValue>
</bind>
</comp>

<comp id="34" class="1001" name="const_34">
<pin_list>
<pin id="35" dir="1" index="0" bw="1" slack="0"/>
</pin_list>
<bind>
<StgValue><ssdm name=""/></StgValue>
</bind>
</comp>

<comp id="36" class="1001" name="const_36">
<pin_list>
<pin id="37" dir="1" index="0" bw="1" slack="0"/>
</pin_list>
<bind>
<StgValue><ssdm name="message_passing_one_node_vec"/></StgValue>
</bind>
</comp>

<comp id="38" class="1001" name="const_38">
<pin_list>
<pin id="39" dir="1" index="0" bw="1" slack="0"/>
</pin_list>
<bind>
<StgValue><ssdm name=""/></StgValue>
</bind>
</comp>

<comp id="40" class="1004" name="emb_vec1_V_alloca_fu_40">
<pin_list>
<pin id="41" dir="0" index="0" bw="1" slack="0"/>
<pin id="42" dir="1" index="1" bw="32" slack="0"/>
</pin_list>
<bind>
<opcode="alloca(26) " fcode="alloca"/>
<opset="emb_vec1_V/1 "/>
</bind>
</comp>

<comp id="44" class="1004" name="emb_vec2_V_alloca_fu_44">
<pin_list>
<pin id="45" dir="0" index="0" bw="1" slack="0"/>
<pin id="46" dir="1" index="1" bw="32" slack="2147483647"/>
</pin_list>
<bind>
<opcode="alloca(26) " fcode="alloca"/>
<opset="emb_vec2_V/1 "/>
</bind>
</comp>

<comp id="48" class="1005" name="nd_reg_48">
<pin_list>
<pin id="49" dir="0" index="0" bw="5" slack="1"/>
<pin id="50" dir="1" index="1" bw="5" slack="1"/>
</pin_list>
<bind>
<opset="nd (phireg) "/>
</bind>
</comp>

<comp id="52" class="1004" name="nd_phi_fu_52">
<pin_list>
<pin id="53" dir="0" index="0" bw="1" slack="1"/>
<pin id="54" dir="0" index="1" bw="0" slack="2147483647"/>
<pin id="55" dir="0" index="2" bw="5" slack="1"/>
<pin id="56" dir="0" index="3" bw="0" slack="2147483647"/>
<pin id="57" dir="1" index="4" bw="5" slack="0"/>
</pin_list>
<bind>
<opcode="phi(47) " fcode="phi"/>
<opset="nd/3 "/>
</bind>
</comp>

<comp id="60" class="1004" name="grp_message_passing_one_node_vec_fu_60">
<pin_list>
<pin id="61" dir="0" index="0" bw="0" slack="0"/>
<pin id="62" dir="0" index="1" bw="32" slack="2147483647"/>
<pin id="63" dir="0" index="2" bw="5" slack="0"/>
<pin id="64" dir="0" index="3" bw="32" slack="0"/>
<pin id="65" dir="0" index="4" bw="32" slack="0"/>
<pin id="66" dir="0" index="5" bw="8" slack="0"/>
<pin id="67" dir="1" index="6" bw="0" slack="2147483647"/>
</pin_list>
<bind>
<opcode="call(48) " fcode="call"/>
<opset="call_ln284/3 call_ln280/3 call_ln289/3 "/>
</bind>
</comp>

<comp id="73" class="1004" name="grp_one_node_embedding_fu_73">
<pin_list>
<pin id="74" dir="0" index="0" bw="0" slack="0"/>
<pin id="75" dir="0" index="1" bw="5" slack="0"/>
<pin id="76" dir="0" index="2" bw="32" slack="0"/>
<pin id="77" dir="0" index="3" bw="32" slack="0"/>
<pin id="78" dir="1" index="4" bw="0" slack="2147483647"/>
</pin_list>
<bind>
<opcode="call(48) " fcode="call"/>
<opset="call_ln276/1 call_ln285/3 call_ln281/3 "/>
</bind>
</comp>

<comp id="84" class="1004" name="icmp_ln278_fu_84">
<pin_list>
<pin id="85" dir="0" index="0" bw="5" slack="0"/>
<pin id="86" dir="0" index="1" bw="5" slack="0"/>
<pin id="87" dir="1" index="2" bw="1" slack="2147483647"/>
</pin_list>
<bind>
<opcode="icmp(45) " fcode="icmp"/>
<opset="icmp_ln278/3 "/>
</bind>
</comp>

<comp id="90" class="1004" name="sub_fu_90">
<pin_list>
<pin id="91" dir="0" index="0" bw="5" slack="0"/>
<pin id="92" dir="0" index="1" bw="1" slack="0"/>
<pin id="93" dir="1" index="2" bw="5" slack="0"/>
</pin_list>
<bind>
<opcode="add(8) " fcode="add"/>
<opset="sub/3 "/>
</bind>
</comp>

<comp id="97" class="1004" name="trunc_ln278_fu_97">
<pin_list>
<pin id="98" dir="0" index="0" bw="5" slack="0"/>
<pin id="99" dir="1" index="1" bw="1" slack="1"/>
</pin_list>
<bind>
<opcode="trunc(33) " fcode="trunc"/>
<opset="trunc_ln278/3 "/>
</bind>
</comp>

<comp id="101" class="1004" name="nd_1_fu_101">
<pin_list>
<pin id="102" dir="0" index="0" bw="5" slack="1"/>
<pin id="103" dir="0" index="1" bw="1" slack="0"/>
<pin id="104" dir="1" index="2" bw="5" slack="1"/>
</pin_list>
<bind>
<opcode="add(8) " fcode="add"/>
<opset="nd_1/4 "/>
</bind>
</comp>

<comp id="110" class="1005" name="sub_reg_110">
<pin_list>
<pin id="111" dir="0" index="0" bw="5" slack="1"/>
<pin id="112" dir="1" index="1" bw="5" slack="1"/>
</pin_list>
<bind>
<opset="sub "/>
</bind>
</comp>

<comp id="115" class="1005" name="trunc_ln278_reg_115">
<pin_list>
<pin id="116" dir="0" index="0" bw="1" slack="1"/>
<pin id="117" dir="1" index="1" bw="1" slack="2147483647"/>
</pin_list>
<bind>
<opset="trunc_ln278 "/>
</bind>
</comp>

<comp id="119" class="1005" name="nd_1_reg_119">
<pin_list>
<pin id="120" dir="0" index="0" bw="5" slack="1"/>
<pin id="121" dir="1" index="1" bw="5" slack="1"/>
</pin_list>
<bind>
<opset="nd_1 "/>
</bind>
</comp>

</comp_list>

<net_list>
<net id="43"><net_src comp="8" pin="0"/><net_sink comp="40" pin=0"/></net>

<net id="47"><net_src comp="8" pin="0"/><net_sink comp="44" pin=0"/></net>

<net id="51"><net_src comp="22" pin="0"/><net_sink comp="48" pin=0"/></net>

<net id="58"><net_src comp="48" pin="1"/><net_sink comp="52" pin=0"/></net>

<net id="59"><net_src comp="52" pin="4"/><net_sink comp="48" pin=0"/></net>

<net id="68"><net_src comp="36" pin="0"/><net_sink comp="60" pin=0"/></net>

<net id="69"><net_src comp="6" pin="0"/><net_sink comp="60" pin=3"/></net>

<net id="70"><net_src comp="2" pin="0"/><net_sink comp="60" pin=4"/></net>

<net id="71"><net_src comp="4" pin="0"/><net_sink comp="60" pin=5"/></net>

<net id="72"><net_src comp="38" pin="0"/><net_sink comp="60" pin=2"/></net>

<net id="79"><net_src comp="10" pin="0"/><net_sink comp="73" pin=0"/></net>

<net id="80"><net_src comp="12" pin="0"/><net_sink comp="73" pin=1"/></net>

<net id="81"><net_src comp="40" pin="1"/><net_sink comp="73" pin=2"/></net>

<net id="82"><net_src comp="0" pin="0"/><net_sink comp="73" pin=3"/></net>

<net id="83"><net_src comp="52" pin="4"/><net_sink comp="73" pin=1"/></net>

<net id="88"><net_src comp="52" pin="4"/><net_sink comp="84" pin=0"/></net>

<net id="89"><net_src comp="24" pin="0"/><net_sink comp="84" pin=1"/></net>

<net id="94"><net_src comp="52" pin="4"/><net_sink comp="90" pin=0"/></net>

<net id="95"><net_src comp="34" pin="0"/><net_sink comp="90" pin=1"/></net>

<net id="96"><net_src comp="90" pin="2"/><net_sink comp="60" pin=2"/></net>

<net id="100"><net_src comp="52" pin="4"/><net_sink comp="97" pin=0"/></net>

<net id="105"><net_src comp="48" pin="1"/><net_sink comp="101" pin=0"/></net>

<net id="106"><net_src comp="22" pin="0"/><net_sink comp="101" pin=1"/></net>

<net id="113"><net_src comp="90" pin="2"/><net_sink comp="110" pin=0"/></net>

<net id="114"><net_src comp="110" pin="1"/><net_sink comp="60" pin=2"/></net>

<net id="118"><net_src comp="97" pin="1"/><net_sink comp="115" pin=0"/></net>

<net id="122"><net_src comp="101" pin="2"/><net_sink comp="119" pin=0"/></net>

<net id="123"><net_src comp="119" pin="1"/><net_sink comp="52" pin=2"/></net>

</net_list>

</model> 
---------------- Datapath Model END ------------------

* FSMD analyzer results:
  - Output states:
	Port: node_embedding_V | {1 2 3 4 }
	Port: message1_V | {3 4 5 }
 - Input state : 
	Port: compute_node_embedding : degree_table | {3 4 5 }
	Port: compute_node_embedding : neighbor_table | {3 4 5 }
	Port: compute_node_embedding : message1_V | {3 4 5 }
  - Chain level:
	State 1
		call_ln276 : 1
	State 2
	State 3
		icmp_ln278 : 1
		br_ln278 : 2
		sub : 1
		trunc_ln278 : 1
		br_ln279 : 2
		call_ln284 : 2
		call_ln285 : 1
		call_ln280 : 2
		call_ln281 : 1
	State 4
	State 5


============================================================
+ Verbose Summary: Datapath Resource usage 
============================================================

* Functional unit list:
|----------|----------------------------------------|---------|---------|---------|---------|
| Operation|             Functional Unit            |   DSP   |  Delay  |    FF   |   LUT   |
|----------|----------------------------------------|---------|---------|---------|---------|
|   call   | grp_message_passing_one_node_vec_fu_60 |    1    |  2.709  |   301   |   383   |
|          |      grp_one_node_embedding_fu_73      |    0    |    0    |    26   |    83   |
|----------|----------------------------------------|---------|---------|---------|---------|
|    add   |                sub_fu_90               |    0    |    0    |    0    |    12   |
|          |               nd_1_fu_101              |    0    |    0    |    0    |    12   |
|----------|----------------------------------------|---------|---------|---------|---------|
|   icmp   |            icmp_ln278_fu_84            |    0    |    0    |    0    |    9    |
|----------|----------------------------------------|---------|---------|---------|---------|
|   trunc  |            trunc_ln278_fu_97           |    0    |    0    |    0    |    0    |
|----------|----------------------------------------|---------|---------|---------|---------|
|   Total  |                                        |    1    |  2.709  |   327   |   499   |
|----------|----------------------------------------|---------|---------|---------|---------|

Memories:
+----------+--------+--------+--------+
|          |  BRAM  |   FF   |   LUT  |
+----------+--------+--------+--------+
|emb_vec1_V|    0   |   32   |   65   |
|emb_vec2_V|    0   |   32   |   65   |
+----------+--------+--------+--------+
|   Total  |    0   |   64   |   130  |
+----------+--------+--------+--------+

* Register list:
+-------------------+--------+
|                   |   FF   |
+-------------------+--------+
|    nd_1_reg_119   |    5   |
|     nd_reg_48     |    5   |
|    sub_reg_110    |    5   |
|trunc_ln278_reg_115|    1   |
+-------------------+--------+
|       Total       |   16   |
+-------------------+--------+

* Multiplexer (MUX) list: 
|----------------------------------------|------|------|------|--------||---------||---------|
|                  Comp                  |  Pin | Size |  BW  | S x BW ||  Delay  ||   LUT   |
|----------------------------------------|------|------|------|--------||---------||---------|
|                nd_reg_48               |  p0  |   2  |   5  |   10   ||    9    |
| grp_message_passing_one_node_vec_fu_60 |  p2  |   3  |   5  |   15   ||    14   |
|      grp_one_node_embedding_fu_73      |  p1  |   2  |   5  |   10   ||    9    |
|----------------------------------------|------|------|------|--------||---------||---------|
|                  Total                 |      |      |      |   35   || 1.19386 ||    32   |
|----------------------------------------|------|------|------|--------||---------||---------|



* Summary:
+-----------+--------+--------+--------+--------+--------+
|           |  BRAM  |   DSP  |  Delay |   FF   |   LUT  |
+-----------+--------+--------+--------+--------+--------+
|  Function |    -   |    1   |    2   |   327  |   499  |
|   Memory  |    0   |    -   |    -   |   64   |   130  |
|Multiplexer|    -   |    -   |    1   |    -   |   32   |
|  Register |    -   |    -   |    -   |   16   |    -   |
+-----------+--------+--------+--------+--------+--------+
|   Total   |    0   |    1   |    3   |   407  |   661  |
+-----------+--------+--------+--------+--------+--------+
