

================================================================
== Synthesis Summary Report of 'GIN_compute_one_graph'
================================================================
+ General Information: 
    * Date:           Thu Apr 15 14:31:01 2021
    * Version:        2020.2 (Build 3064766 on Wed Nov 18 09:12:47 MST 2020)
    * Project:        project_1
    * Solution:       solution1 (Vivado IP Flow Target)
    * Product family: virtexuplus
    * Target device:  xcu280-fsvh2892-2L-e
    

+ Performance & Resource Estimates: 
    
    PS: '+' for module; 'o' for loop; '*' for dataflow
    +-----------------------------------------------------------+--------+-------+---------+-----------+----------+---------+------+----------+----------+---------+------------+------------+-----------+
    |                          Modules                          |  Issue |       | Latency |  Latency  | Iteration|         | Trip |          |          |         |            |            |           |
    |                          & Loops                          |  Type  | Slack | (cycles)|    (ns)   |  Latency | Interval| Count| Pipelined|   BRAM   |   DSP   |     FF     |     LUT    |    URAM   |
    +-----------------------------------------------------------+--------+-------+---------+-----------+----------+---------+------+----------+----------+---------+------------+------------+-----------+
    |+ GIN_compute_one_graph                                    |  Timing|   0.00|    45959|  4.596e+05|         -|    45960|     -|        no|  112 (2%)|  1 (~0%)|  56280 (2%)|  48743 (3%)|  105 (10%)|
    | + grp_global_mean_pooling_fu_706                          |       -|  -0.85|      112|  1.120e+03|         -|      112|     -|        no|   1 (~0%)|        -|  53259 (2%)|  21607 (1%)|          -|
    |  o VITIS_LOOP_314_1                                       |       -|  -7.30|      100|  1.000e+03|         2|        1|   100|       yes|         -|        -|           -|           -|          -|
    | + grp_compute_CONV_layer_fu_912                           |       -|  -1.96|     8786|  8.786e+04|         -|     8786|     -|        no|  100 (2%)|  1 (~0%)|   987 (~0%)|  14382 (1%)|    5 (~0%)|
    |  + grp_MLP_fu_418                                         |       -|  -2.15|     2875|  2.875e+04|         -|     2875|     -|        no|  100 (2%)|        -|   575 (~0%)|  8555 (~0%)|          -|
    |   o VITIS_LOOP_113_1_VITIS_LOOP_114_2                     |       -|  -7.30|      950|  9.500e+03|         2|        1|   950|       yes|         -|        -|           -|           -|          -|
    |   o Loop 2                                                |       -|  -7.30|     1900|  1.900e+04|         1|        1|  1900|       yes|         -|        -|           -|           -|          -|
    |   o VITIS_LOOP_140_5                                      |       -|  -7.30|       19|    190.000|         2|        1|    19|       yes|         -|        -|           -|           -|          -|
    |  + grp_compute_edge_embedding_and_message_passing_fu_826  |       -|  -1.96|     5908|  5.908e+04|         -|     5908|     -|        no|         -|  1 (~0%)|   403 (~0%)|   987 (~0%)|          -|
    |   o Loop 1                                                |       -|  -7.30|     1900|  1.900e+04|         1|        1|  1900|       yes|         -|        -|           -|           -|          -|
    |   o VITIS_LOOP_195_1_VITIS_LOOP_199_2                     |       -|  -7.30|     4004|  4.004e+04|         6|        1|  4000|       yes|         -|        -|           -|           -|          -|
    | + grp_load_graph_fu_1322                                  |  Timing|   0.00|      398|  3.980e+03|         -|      398|     -|        no|   7 (~0%)|        -|   211 (~0%)|   449 (~0%)|          -|
    |  o VITIS_LOOP_347_1                                       |       -|  -7.30|      172|  1.720e+03|         3|        1|   171|       yes|         -|        -|           -|           -|          -|
    |  o VITIS_LOOP_351_2_VITIS_LOOP_352_3                      |       -|  -7.30|      121|  1.210e+03|         3|        1|   120|       yes|         -|        -|           -|           -|          -|
    |  o VITIS_LOOP_357_4                                       |       -|  -7.30|       81|    810.000|         3|        1|    80|       yes|         -|        -|           -|           -|          -|
    | + grp_compute_node_embedding_fu_1341                      |       -|  -5.04|     1902|  1.902e+04|         -|     1902|     -|        no|         -|        -|    14 (~0%)|    58 (~0%)|          -|
    |  o Loop 1                                                 |       -|  -7.30|     1900|  1.900e+04|         1|        1|  1900|       yes|         -|        -|           -|           -|          -|
    | + grp_global_graph_prediction_fu_1545                     |  Timing|   0.00|        6|     60.000|         -|        6|     -|        no|         -|        -|     7 (~0%)|    70 (~0%)|          -|
    | o VITIS_LOOP_468_2                                        |       -|  -7.30|    43940|  4.394e+05|      8788|        -|     5|        no|         -|        -|           -|           -|          -|
    +-----------------------------------------------------------+--------+-------+---------+-----------+----------+---------+------+----------+----------+---------+------------+------------+-----------+

