

================================================================
== Vitis HLS Report for 'GIN_compute_one_graph'
================================================================
* Date:           Thu Apr 15 14:30:52 2021

* Version:        2020.2 (Build 3064766 on Wed Nov 18 09:12:47 MST 2020)
* Project:        project_1
* Solution:       solution1 (Vivado IP Flow Target)
* Product family: virtexuplus
* Target device:  xcu280-fsvh2892-2L-e


================================================================
== Performance Estimates
================================================================
+ Timing: 
    * Summary: 
    +--------+----------+----------+------------+
    |  Clock |  Target  | Estimated| Uncertainty|
    +--------+----------+----------+------------+
    |ap_clk  |  10.00 ns|  7.300 ns|     2.70 ns|
    +--------+----------+----------+------------+

+ Latency: 
    * Summary: 
    +---------+---------+----------+----------+-------+-------+---------+
    |  Latency (cycles) |  Latency (absolute) |    Interval   | Pipeline|
    |   min   |   max   |    min   |    max   |  min  |  max  |   Type  |
    +---------+---------+----------+----------+-------+-------+---------+
    |    45959|    45959|  0.460 ms|  0.460 ms|  45960|  45960|     none|
    +---------+---------+----------+----------+-------+-------+---------+

    + Detail: 
        * Instance: 
        +-------------------------------------+-------------------------+---------+---------+-----------+-----------+------+------+---------+
        |                                     |                         |  Latency (cycles) |   Latency (absolute)  |   Interval  | Pipeline|
        |               Instance              |          Module         |   min   |   max   |    min    |    max    |  min |  max |   Type  |
        +-------------------------------------+-------------------------+---------+---------+-----------+-----------+------+------+---------+
        |grp_global_mean_pooling_fu_706       |global_mean_pooling      |      112|      112|   1.120 us|   1.120 us|   112|   112|     none|
        |grp_compute_CONV_layer_fu_912        |compute_CONV_layer       |     8786|     8786|  87.860 us|  87.860 us|  8786|  8786|     none|
        |grp_load_graph_fu_1322               |load_graph               |      398|      398|   3.980 us|   3.980 us|   398|   398|     none|
        |grp_compute_node_embedding_fu_1341   |compute_node_embedding   |     1902|     1902|  19.020 us|  19.020 us|  1902|  1902|     none|
        |grp_global_graph_prediction_fu_1545  |global_graph_prediction  |        6|        6|  60.000 ns|  60.000 ns|     6|     6|     none|
        +-------------------------------------+-------------------------+---------+---------+-----------+-----------+------+------+---------+

        * Loop: 
        +--------------------+---------+---------+----------+-----------+-----------+------+----------+
        |                    |  Latency (cycles) | Iteration|  Initiation Interval  | Trip |          |
        |      Loop Name     |   min   |   max   |  Latency |  achieved |   target  | Count| Pipelined|
        +--------------------+---------+---------+----------+-----------+-----------+------+----------+
        |- VITIS_LOOP_468_2  |    43940|    43940|      8788|          -|          -|     5|        no|
        +--------------------+---------+---------+----------+-----------+-----------+------+----------+



================================================================
== Utilization Estimates
================================================================
* Summary: 
+---------------------+---------+------+---------+---------+-----+
|         Name        | BRAM_18K|  DSP |    FF   |   LUT   | URAM|
+---------------------+---------+------+---------+---------+-----+
|DSP                  |        -|     -|        -|        -|    -|
|Expression           |        -|     -|        0|       22|    -|
|FIFO                 |        -|     -|        -|        -|    -|
|Instance             |      110|     1|    56006|    38978|    5|
|Memory               |        2|     -|        0|        0|  100|
|Multiplexer          |        -|     -|        -|     9743|    -|
|Register             |        -|     -|      274|        -|    -|
+---------------------+---------+------+---------+---------+-----+
|Total                |      112|     1|    56280|    48743|  105|
+---------------------+---------+------+---------+---------+-----+
|Available SLR        |     1344|  3008|   869120|   434560|  320|
+---------------------+---------+------+---------+---------+-----+
|Utilization SLR (%)  |        8|    ~0|        6|       11|   32|
+---------------------+---------+------+---------+---------+-----+
|Available            |     4032|  9024|  2607360|  1303680|  960|
+---------------------+---------+------+---------+---------+-----+
|Utilization (%)      |        2|    ~0|        2|        3|   10|
+---------------------+---------+------+---------+---------+-----+

+ Detail: 
    * Instance: 
    +-------------------------------------+-------------------------+---------+----+-------+-------+-----+
    |               Instance              |          Module         | BRAM_18K| DSP|   FF  |  LUT  | URAM|
    +-------------------------------------+-------------------------+---------+----+-------+-------+-----+
    |grp_compute_CONV_layer_fu_912        |compute_CONV_layer       |      100|   1|    987|  14382|    5|
    |grp_compute_node_embedding_fu_1341   |compute_node_embedding   |        0|   0|     14|     58|    0|
    |control_s_axi_U                      |control_s_axi            |        0|   0|   1016|   1832|    0|
    |grp_global_graph_prediction_fu_1545  |global_graph_prediction  |        0|   0|      7|     70|    0|
    |grp_global_mean_pooling_fu_706       |global_mean_pooling      |        1|   0|  53259|  21607|    0|
    |grp_load_graph_fu_1322               |load_graph               |        7|   0|    211|    449|    0|
    |mem_m_axi_U                          |mem_m_axi                |        2|   0|    512|    580|    0|
    +-------------------------------------+-------------------------+---------+----+-------+-------+-----+
    |Total                                |                         |      110|   1|  56006|  38978|    5|
    +-------------------------------------+-------------------------+---------+----+-------+-------+-----+

    * DSP: 
    N/A

    * Memory: 
    +-----------------------+--------------------+---------+---+----+-----+------+-----+------+-------------+
    |         Memory        |       Module       | BRAM_18K| FF| LUT| URAM| Words| Bits| Banks| W*Bits*Banks|
    +-----------------------+--------------------+---------+---+----+-----+------+-----+------+-------------+
    |edge_list_U            |edge_list           |        2|  0|   0|    0|  1000|   32|     1|        32000|
    |node_embedding_V_0_U   |node_embedding_V_0  |        0|  0|   0|    1|   200|   28|     1|         5600|
    |node_embedding_V_1_U   |node_embedding_V_0  |        0|  0|   0|    1|   200|   28|     1|         5600|
    |node_embedding_V_2_U   |node_embedding_V_0  |        0|  0|   0|    1|   200|   28|     1|         5600|
    |node_embedding_V_3_U   |node_embedding_V_0  |        0|  0|   0|    1|   200|   28|     1|         5600|
    |node_embedding_V_4_U   |node_embedding_V_0  |        0|  0|   0|    1|   200|   28|     1|         5600|
    |node_embedding_V_5_U   |node_embedding_V_0  |        0|  0|   0|    1|   200|   28|     1|         5600|
    |node_embedding_V_6_U   |node_embedding_V_0  |        0|  0|   0|    1|   200|   28|     1|         5600|
    |node_embedding_V_7_U   |node_embedding_V_0  |        0|  0|   0|    1|   200|   28|     1|         5600|
    |node_embedding_V_8_U   |node_embedding_V_0  |        0|  0|   0|    1|   200|   28|     1|         5600|
    |node_embedding_V_9_U   |node_embedding_V_0  |        0|  0|   0|    1|   200|   28|     1|         5600|
    |node_embedding_V_10_U  |node_embedding_V_0  |        0|  0|   0|    1|   200|   28|     1|         5600|
    |node_embedding_V_11_U  |node_embedding_V_0  |        0|  0|   0|    1|   200|   28|     1|         5600|
    |node_embedding_V_12_U  |node_embedding_V_0  |        0|  0|   0|    1|   200|   28|     1|         5600|
    |node_embedding_V_13_U  |node_embedding_V_0  |        0|  0|   0|    1|   200|   28|     1|         5600|
    |node_embedding_V_14_U  |node_embedding_V_0  |        0|  0|   0|    1|   200|   28|     1|         5600|
    |node_embedding_V_15_U  |node_embedding_V_0  |        0|  0|   0|    1|   200|   28|     1|         5600|
    |node_embedding_V_16_U  |node_embedding_V_0  |        0|  0|   0|    1|   200|   28|     1|         5600|
    |node_embedding_V_17_U  |node_embedding_V_0  |        0|  0|   0|    1|   200|   28|     1|         5600|
    |node_embedding_V_18_U  |node_embedding_V_0  |        0|  0|   0|    1|   200|   28|     1|         5600|
    |node_embedding_V_19_U  |node_embedding_V_0  |        0|  0|   0|    1|   200|   28|     1|         5600|
    |node_embedding_V_20_U  |node_embedding_V_0  |        0|  0|   0|    1|   200|   28|     1|         5600|
    |node_embedding_V_21_U  |node_embedding_V_0  |        0|  0|   0|    1|   200|   28|     1|         5600|
    |node_embedding_V_22_U  |node_embedding_V_0  |        0|  0|   0|    1|   200|   28|     1|         5600|
    |node_embedding_V_23_U  |node_embedding_V_0  |        0|  0|   0|    1|   200|   28|     1|         5600|
    |node_embedding_V_24_U  |node_embedding_V_0  |        0|  0|   0|    1|   200|   28|     1|         5600|
    |node_embedding_V_25_U  |node_embedding_V_0  |        0|  0|   0|    1|   200|   28|     1|         5600|
    |node_embedding_V_26_U  |node_embedding_V_0  |        0|  0|   0|    1|   200|   28|     1|         5600|
    |node_embedding_V_27_U  |node_embedding_V_0  |        0|  0|   0|    1|   200|   28|     1|         5600|
    |node_embedding_V_28_U  |node_embedding_V_0  |        0|  0|   0|    1|   200|   28|     1|         5600|
    |node_embedding_V_29_U  |node_embedding_V_0  |        0|  0|   0|    1|   200|   28|     1|         5600|
    |node_embedding_V_30_U  |node_embedding_V_0  |        0|  0|   0|    1|   200|   28|     1|         5600|
    |node_embedding_V_31_U  |node_embedding_V_0  |        0|  0|   0|    1|   200|   28|     1|         5600|
    |node_embedding_V_32_U  |node_embedding_V_0  |        0|  0|   0|    1|   200|   28|     1|         5600|
    |node_embedding_V_33_U  |node_embedding_V_0  |        0|  0|   0|    1|   200|   28|     1|         5600|
    |node_embedding_V_34_U  |node_embedding_V_0  |        0|  0|   0|    1|   200|   28|     1|         5600|
    |node_embedding_V_35_U  |node_embedding_V_0  |        0|  0|   0|    1|   200|   28|     1|         5600|
    |node_embedding_V_36_U  |node_embedding_V_0  |        0|  0|   0|    1|   200|   28|     1|         5600|
    |node_embedding_V_37_U  |node_embedding_V_0  |        0|  0|   0|    1|   200|   28|     1|         5600|
    |node_embedding_V_38_U  |node_embedding_V_0  |        0|  0|   0|    1|   200|   28|     1|         5600|
    |node_embedding_V_39_U  |node_embedding_V_0  |        0|  0|   0|    1|   200|   28|     1|         5600|
    |node_embedding_V_40_U  |node_embedding_V_0  |        0|  0|   0|    1|   200|   28|     1|         5600|
    |node_embedding_V_41_U  |node_embedding_V_0  |        0|  0|   0|    1|   200|   28|     1|         5600|
    |node_embedding_V_42_U  |node_embedding_V_0  |        0|  0|   0|    1|   200|   28|     1|         5600|
    |node_embedding_V_43_U  |node_embedding_V_0  |        0|  0|   0|    1|   200|   28|     1|         5600|
    |node_embedding_V_44_U  |node_embedding_V_0  |        0|  0|   0|    1|   200|   28|     1|         5600|
    |node_embedding_V_45_U  |node_embedding_V_0  |        0|  0|   0|    1|   200|   28|     1|         5600|
    |node_embedding_V_46_U  |node_embedding_V_0  |        0|  0|   0|    1|   200|   28|     1|         5600|
    |node_embedding_V_47_U  |node_embedding_V_0  |        0|  0|   0|    1|   200|   28|     1|         5600|
    |node_embedding_V_48_U  |node_embedding_V_0  |        0|  0|   0|    1|   200|   28|     1|         5600|
    |node_embedding_V_49_U  |node_embedding_V_0  |        0|  0|   0|    1|   200|   28|     1|         5600|
    |node_embedding_V_50_U  |node_embedding_V_0  |        0|  0|   0|    1|   200|   28|     1|         5600|
    |node_embedding_V_51_U  |node_embedding_V_0  |        0|  0|   0|    1|   200|   28|     1|         5600|
    |node_embedding_V_52_U  |node_embedding_V_0  |        0|  0|   0|    1|   200|   28|     1|         5600|
    |node_embedding_V_53_U  |node_embedding_V_0  |        0|  0|   0|    1|   200|   28|     1|         5600|
    |node_embedding_V_54_U  |node_embedding_V_0  |        0|  0|   0|    1|   200|   28|     1|         5600|
    |node_embedding_V_55_U  |node_embedding_V_0  |        0|  0|   0|    1|   200|   28|     1|         5600|
    |node_embedding_V_56_U  |node_embedding_V_0  |        0|  0|   0|    1|   200|   28|     1|         5600|
    |node_embedding_V_57_U  |node_embedding_V_0  |        0|  0|   0|    1|   200|   28|     1|         5600|
    |node_embedding_V_58_U  |node_embedding_V_0  |        0|  0|   0|    1|   200|   28|     1|         5600|
    |node_embedding_V_59_U  |node_embedding_V_0  |        0|  0|   0|    1|   200|   28|     1|         5600|
    |node_embedding_V_60_U  |node_embedding_V_0  |        0|  0|   0|    1|   200|   28|     1|         5600|
    |node_embedding_V_61_U  |node_embedding_V_0  |        0|  0|   0|    1|   200|   28|     1|         5600|
    |node_embedding_V_62_U  |node_embedding_V_0  |        0|  0|   0|    1|   200|   28|     1|         5600|
    |node_embedding_V_63_U  |node_embedding_V_0  |        0|  0|   0|    1|   200|   28|     1|         5600|
    |node_embedding_V_64_U  |node_embedding_V_0  |        0|  0|   0|    1|   200|   28|     1|         5600|
    |node_embedding_V_65_U  |node_embedding_V_0  |        0|  0|   0|    1|   200|   28|     1|         5600|
    |node_embedding_V_66_U  |node_embedding_V_0  |        0|  0|   0|    1|   200|   28|     1|         5600|
    |node_embedding_V_67_U  |node_embedding_V_0  |        0|  0|   0|    1|   200|   28|     1|         5600|
    |node_embedding_V_68_U  |node_embedding_V_0  |        0|  0|   0|    1|   200|   28|     1|         5600|
    |node_embedding_V_69_U  |node_embedding_V_0  |        0|  0|   0|    1|   200|   28|     1|         5600|
    |node_embedding_V_70_U  |node_embedding_V_0  |        0|  0|   0|    1|   200|   28|     1|         5600|
    |node_embedding_V_71_U  |node_embedding_V_0  |        0|  0|   0|    1|   200|   28|     1|         5600|
    |node_embedding_V_72_U  |node_embedding_V_0  |        0|  0|   0|    1|   200|   28|     1|         5600|
    |node_embedding_V_73_U  |node_embedding_V_0  |        0|  0|   0|    1|   200|   28|     1|         5600|
    |node_embedding_V_74_U  |node_embedding_V_0  |        0|  0|   0|    1|   200|   28|     1|         5600|
    |node_embedding_V_75_U  |node_embedding_V_0  |        0|  0|   0|    1|   200|   28|     1|         5600|
    |node_embedding_V_76_U  |node_embedding_V_0  |        0|  0|   0|    1|   200|   28|     1|         5600|
    |node_embedding_V_77_U  |node_embedding_V_0  |        0|  0|   0|    1|   200|   28|     1|         5600|
    |node_embedding_V_78_U  |node_embedding_V_0  |        0|  0|   0|    1|   200|   28|     1|         5600|
    |node_embedding_V_79_U  |node_embedding_V_0  |        0|  0|   0|    1|   200|   28|     1|         5600|
    |node_embedding_V_80_U  |node_embedding_V_0  |        0|  0|   0|    1|   200|   28|     1|         5600|
    |node_embedding_V_81_U  |node_embedding_V_0  |        0|  0|   0|    1|   200|   28|     1|         5600|
    |node_embedding_V_82_U  |node_embedding_V_0  |        0|  0|   0|    1|   200|   28|     1|         5600|
    |node_embedding_V_83_U  |node_embedding_V_0  |        0|  0|   0|    1|   200|   28|     1|         5600|
    |node_embedding_V_84_U  |node_embedding_V_0  |        0|  0|   0|    1|   200|   28|     1|         5600|
    |node_embedding_V_85_U  |node_embedding_V_0  |        0|  0|   0|    1|   200|   28|     1|         5600|
    |node_embedding_V_86_U  |node_embedding_V_0  |        0|  0|   0|    1|   200|   28|     1|         5600|
    |node_embedding_V_87_U  |node_embedding_V_0  |        0|  0|   0|    1|   200|   28|     1|         5600|
    |node_embedding_V_88_U  |node_embedding_V_0  |        0|  0|   0|    1|   200|   28|     1|         5600|
    |node_embedding_V_89_U  |node_embedding_V_0  |        0|  0|   0|    1|   200|   28|     1|         5600|
    |node_embedding_V_90_U  |node_embedding_V_0  |        0|  0|   0|    1|   200|   28|     1|         5600|
    |node_embedding_V_91_U  |node_embedding_V_0  |        0|  0|   0|    1|   200|   28|     1|         5600|
    |node_embedding_V_92_U  |node_embedding_V_0  |        0|  0|   0|    1|   200|   28|     1|         5600|
    |node_embedding_V_93_U  |node_embedding_V_0  |        0|  0|   0|    1|   200|   28|     1|         5600|
    |node_embedding_V_94_U  |node_embedding_V_0  |        0|  0|   0|    1|   200|   28|     1|         5600|
    |node_embedding_V_95_U  |node_embedding_V_0  |        0|  0|   0|    1|   200|   28|     1|         5600|
    |node_embedding_V_96_U  |node_embedding_V_0  |        0|  0|   0|    1|   200|   28|     1|         5600|
    |node_embedding_V_97_U  |node_embedding_V_0  |        0|  0|   0|    1|   200|   28|     1|         5600|
    |node_embedding_V_98_U  |node_embedding_V_0  |        0|  0|   0|    1|   200|   28|     1|         5600|
    |node_embedding_V_99_U  |node_embedding_V_0  |        0|  0|   0|    1|   200|   28|     1|         5600|
    +-----------------------+--------------------+---------+---+----+-----+------+-----+------+-------------+
    |Total                  |                    |        2|  0|   0|  100| 21000| 2832|   101|       592000|
    +-----------------------+--------------------+---------+---+----+-----+------+-----+------+-------------+

    * FIFO: 
    N/A

    * Expression: 
    +---------------------------------+----------+----+---+----+------------+------------+
    |          Variable Name          | Operation| DSP| FF| LUT| Bitwidth P0| Bitwidth P1|
    +---------------------------------+----------+----+---+----+------------+------------+
    |layer_1_fu_1552_p2               |         +|   0|  0|  10|           3|           1|
    |icmp_ln468_fu_1558_p2            |      icmp|   0|  0|   8|           3|           3|
    |ap_block_state3_on_subcall_done  |        or|   0|  0|   2|           1|           1|
    |ap_block_state7_on_subcall_done  |        or|   0|  0|   2|           1|           1|
    +---------------------------------+----------+----+---+----+------------+------------+
    |Total                            |          |   0|  0|  22|           8|           6|
    +---------------------------------+----------+----+---+----+------------+------------+

    * Multiplexer: 
    +------------------------------+----+-----------+-----+-----------+
    |             Name             | LUT| Input Size| Bits| Total Bits|
    +------------------------------+----+-----------+-----+-----------+
    |ap_NS_fsm                     |  43|          8|    1|          8|
    |edge_list_address1            |  14|          3|   10|         30|
    |edge_list_ce0                 |   9|          2|    1|          2|
    |edge_list_ce1                 |  14|          3|    1|          3|
    |edge_list_we1                 |   9|          2|    1|          2|
    |layer_reg_694                 |   9|          2|    3|          6|
    |mem_ARVALID                   |   9|          2|    1|          2|
    |mem_AWVALID                   |   9|          2|    1|          2|
    |mem_BREADY                    |   9|          2|    1|          2|
    |mem_RREADY                    |   9|          2|    1|          2|
    |mem_WVALID                    |   9|          2|    1|          2|
    |node_embedding_V_0_address0   |  14|          3|    8|         24|
    |node_embedding_V_0_address1   |  20|          4|    8|         32|
    |node_embedding_V_0_ce0        |  14|          3|    1|          3|
    |node_embedding_V_0_ce1        |  20|          4|    1|          4|
    |node_embedding_V_0_d1         |  14|          3|   28|         84|
    |node_embedding_V_0_we1        |  14|          3|    1|          3|
    |node_embedding_V_10_address0  |  14|          3|    8|         24|
    |node_embedding_V_10_address1  |  20|          4|    8|         32|
    |node_embedding_V_10_ce0       |  14|          3|    1|          3|
    |node_embedding_V_10_ce1       |  20|          4|    1|          4|
    |node_embedding_V_10_d1        |  14|          3|   28|         84|
    |node_embedding_V_10_we1       |  14|          3|    1|          3|
    |node_embedding_V_11_address0  |  14|          3|    8|         24|
    |node_embedding_V_11_address1  |  20|          4|    8|         32|
    |node_embedding_V_11_ce0       |  14|          3|    1|          3|
    |node_embedding_V_11_ce1       |  20|          4|    1|          4|
    |node_embedding_V_11_d1        |  14|          3|   28|         84|
    |node_embedding_V_11_we1       |  14|          3|    1|          3|
    |node_embedding_V_12_address0  |  14|          3|    8|         24|
    |node_embedding_V_12_address1  |  20|          4|    8|         32|
    |node_embedding_V_12_ce0       |  14|          3|    1|          3|
    |node_embedding_V_12_ce1       |  20|          4|    1|          4|
    |node_embedding_V_12_d1        |  14|          3|   28|         84|
    |node_embedding_V_12_we1       |  14|          3|    1|          3|
    |node_embedding_V_13_address0  |  14|          3|    8|         24|
    |node_embedding_V_13_address1  |  20|          4|    8|         32|
    |node_embedding_V_13_ce0       |  14|          3|    1|          3|
    |node_embedding_V_13_ce1       |  20|          4|    1|          4|
    |node_embedding_V_13_d1        |  14|          3|   28|         84|
    |node_embedding_V_13_we1       |  14|          3|    1|          3|
    |node_embedding_V_14_address0  |  14|          3|    8|         24|
    |node_embedding_V_14_address1  |  20|          4|    8|         32|
    |node_embedding_V_14_ce0       |  14|          3|    1|          3|
    |node_embedding_V_14_ce1       |  20|          4|    1|          4|
    |node_embedding_V_14_d1        |  14|          3|   28|         84|
    |node_embedding_V_14_we1       |  14|          3|    1|          3|
    |node_embedding_V_15_address0  |  14|          3|    8|         24|
    |node_embedding_V_15_address1  |  20|          4|    8|         32|
    |node_embedding_V_15_ce0       |  14|          3|    1|          3|
    |node_embedding_V_15_ce1       |  20|          4|    1|          4|
    |node_embedding_V_15_d1        |  14|          3|   28|         84|
    |node_embedding_V_15_we1       |  14|          3|    1|          3|
    |node_embedding_V_16_address0  |  14|          3|    8|         24|
    |node_embedding_V_16_address1  |  20|          4|    8|         32|
    |node_embedding_V_16_ce0       |  14|          3|    1|          3|
    |node_embedding_V_16_ce1       |  20|          4|    1|          4|
    |node_embedding_V_16_d1        |  14|          3|   28|         84|
    |node_embedding_V_16_we1       |  14|          3|    1|          3|
    |node_embedding_V_17_address0  |  14|          3|    8|         24|
    |node_embedding_V_17_address1  |  20|          4|    8|         32|
    |node_embedding_V_17_ce0       |  14|          3|    1|          3|
    |node_embedding_V_17_ce1       |  20|          4|    1|          4|
    |node_embedding_V_17_d1        |  14|          3|   28|         84|
    |node_embedding_V_17_we1       |  14|          3|    1|          3|
    |node_embedding_V_18_address0  |  14|          3|    8|         24|
    |node_embedding_V_18_address1  |  20|          4|    8|         32|
    |node_embedding_V_18_ce0       |  14|          3|    1|          3|
    |node_embedding_V_18_ce1       |  20|          4|    1|          4|
    |node_embedding_V_18_d1        |  14|          3|   28|         84|
    |node_embedding_V_18_we1       |  14|          3|    1|          3|
    |node_embedding_V_19_address0  |  14|          3|    8|         24|
    |node_embedding_V_19_address1  |  20|          4|    8|         32|
    |node_embedding_V_19_ce0       |  14|          3|    1|          3|
    |node_embedding_V_19_ce1       |  20|          4|    1|          4|
    |node_embedding_V_19_d1        |  14|          3|   28|         84|
    |node_embedding_V_19_we1       |  14|          3|    1|          3|
    |node_embedding_V_1_address0   |  14|          3|    8|         24|
    |node_embedding_V_1_address1   |  20|          4|    8|         32|
    |node_embedding_V_1_ce0        |  14|          3|    1|          3|
    |node_embedding_V_1_ce1        |  20|          4|    1|          4|
    |node_embedding_V_1_d1         |  14|          3|   28|         84|
    |node_embedding_V_1_we1        |  14|          3|    1|          3|
    |node_embedding_V_20_address0  |  14|          3|    8|         24|
    |node_embedding_V_20_address1  |  20|          4|    8|         32|
    |node_embedding_V_20_ce0       |  14|          3|    1|          3|
    |node_embedding_V_20_ce1       |  20|          4|    1|          4|
    |node_embedding_V_20_d1        |  14|          3|   28|         84|
    |node_embedding_V_20_we1       |  14|          3|    1|          3|
    |node_embedding_V_21_address0  |  14|          3|    8|         24|
    |node_embedding_V_21_address1  |  20|          4|    8|         32|
    |node_embedding_V_21_ce0       |  14|          3|    1|          3|
    |node_embedding_V_21_ce1       |  20|          4|    1|          4|
    |node_embedding_V_21_d1        |  14|          3|   28|         84|
    |node_embedding_V_21_we1       |  14|          3|    1|          3|
    |node_embedding_V_22_address0  |  14|          3|    8|         24|
    |node_embedding_V_22_address1  |  20|          4|    8|         32|
    |node_embedding_V_22_ce0       |  14|          3|    1|          3|
    |node_embedding_V_22_ce1       |  20|          4|    1|          4|
    |node_embedding_V_22_d1        |  14|          3|   28|         84|
    |node_embedding_V_22_we1       |  14|          3|    1|          3|
    |node_embedding_V_23_address0  |  14|          3|    8|         24|
    |node_embedding_V_23_address1  |  20|          4|    8|         32|
    |node_embedding_V_23_ce0       |  14|          3|    1|          3|
    |node_embedding_V_23_ce1       |  20|          4|    1|          4|
    |node_embedding_V_23_d1        |  14|          3|   28|         84|
    |node_embedding_V_23_we1       |  14|          3|    1|          3|
    |node_embedding_V_24_address0  |  14|          3|    8|         24|
    |node_embedding_V_24_address1  |  20|          4|    8|         32|
    |node_embedding_V_24_ce0       |  14|          3|    1|          3|
    |node_embedding_V_24_ce1       |  20|          4|    1|          4|
    |node_embedding_V_24_d1        |  14|          3|   28|         84|
    |node_embedding_V_24_we1       |  14|          3|    1|          3|
    |node_embedding_V_25_address0  |  14|          3|    8|         24|
    |node_embedding_V_25_address1  |  20|          4|    8|         32|
    |node_embedding_V_25_ce0       |  14|          3|    1|          3|
    |node_embedding_V_25_ce1       |  20|          4|    1|          4|
    |node_embedding_V_25_d1        |  14|          3|   28|         84|
    |node_embedding_V_25_we1       |  14|          3|    1|          3|
    |node_embedding_V_26_address0  |  14|          3|    8|         24|
    |node_embedding_V_26_address1  |  20|          4|    8|         32|
    |node_embedding_V_26_ce0       |  14|          3|    1|          3|
    |node_embedding_V_26_ce1       |  20|          4|    1|          4|
    |node_embedding_V_26_d1        |  14|          3|   28|         84|
    |node_embedding_V_26_we1       |  14|          3|    1|          3|
    |node_embedding_V_27_address0  |  14|          3|    8|         24|
    |node_embedding_V_27_address1  |  20|          4|    8|         32|
    |node_embedding_V_27_ce0       |  14|          3|    1|          3|
    |node_embedding_V_27_ce1       |  20|          4|    1|          4|
    |node_embedding_V_27_d1        |  14|          3|   28|         84|
    |node_embedding_V_27_we1       |  14|          3|    1|          3|
    |node_embedding_V_28_address0  |  14|          3|    8|         24|
    |node_embedding_V_28_address1  |  20|          4|    8|         32|
    |node_embedding_V_28_ce0       |  14|          3|    1|          3|
    |node_embedding_V_28_ce1       |  20|          4|    1|          4|
    |node_embedding_V_28_d1        |  14|          3|   28|         84|
    |node_embedding_V_28_we1       |  14|          3|    1|          3|
    |node_embedding_V_29_address0  |  14|          3|    8|         24|
    |node_embedding_V_29_address1  |  20|          4|    8|         32|
    |node_embedding_V_29_ce0       |  14|          3|    1|          3|
    |node_embedding_V_29_ce1       |  20|          4|    1|          4|
    |node_embedding_V_29_d1        |  14|          3|   28|         84|
    |node_embedding_V_29_we1       |  14|          3|    1|          3|
    |node_embedding_V_2_address0   |  14|          3|    8|         24|
    |node_embedding_V_2_address1   |  20|          4|    8|         32|
    |node_embedding_V_2_ce0        |  14|          3|    1|          3|
    |node_embedding_V_2_ce1        |  20|          4|    1|          4|
    |node_embedding_V_2_d1         |  14|          3|   28|         84|
    |node_embedding_V_2_we1        |  14|          3|    1|          3|
    |node_embedding_V_30_address0  |  14|          3|    8|         24|
    |node_embedding_V_30_address1  |  20|          4|    8|         32|
    |node_embedding_V_30_ce0       |  14|          3|    1|          3|
    |node_embedding_V_30_ce1       |  20|          4|    1|          4|
    |node_embedding_V_30_d1        |  14|          3|   28|         84|
    |node_embedding_V_30_we1       |  14|          3|    1|          3|
    |node_embedding_V_31_address0  |  14|          3|    8|         24|
    |node_embedding_V_31_address1  |  20|          4|    8|         32|
    |node_embedding_V_31_ce0       |  14|          3|    1|          3|
    |node_embedding_V_31_ce1       |  20|          4|    1|          4|
    |node_embedding_V_31_d1        |  14|          3|   28|         84|
    |node_embedding_V_31_we1       |  14|          3|    1|          3|
    |node_embedding_V_32_address0  |  14|          3|    8|         24|
    |node_embedding_V_32_address1  |  20|          4|    8|         32|
    |node_embedding_V_32_ce0       |  14|          3|    1|          3|
    |node_embedding_V_32_ce1       |  20|          4|    1|          4|
    |node_embedding_V_32_d1        |  14|          3|   28|         84|
    |node_embedding_V_32_we1       |  14|          3|    1|          3|
    |node_embedding_V_33_address0  |  14|          3|    8|         24|
    |node_embedding_V_33_address1  |  20|          4|    8|         32|
    |node_embedding_V_33_ce0       |  14|          3|    1|          3|
    |node_embedding_V_33_ce1       |  20|          4|    1|          4|
    |node_embedding_V_33_d1        |  14|          3|   28|         84|
    |node_embedding_V_33_we1       |  14|          3|    1|          3|
    |node_embedding_V_34_address0  |  14|          3|    8|         24|
    |node_embedding_V_34_address1  |  20|          4|    8|         32|
    |node_embedding_V_34_ce0       |  14|          3|    1|          3|
    |node_embedding_V_34_ce1       |  20|          4|    1|          4|
    |node_embedding_V_34_d1        |  14|          3|   28|         84|
    |node_embedding_V_34_we1       |  14|          3|    1|          3|
    |node_embedding_V_35_address0  |  14|          3|    8|         24|
    |node_embedding_V_35_address1  |  20|          4|    8|         32|
    |node_embedding_V_35_ce0       |  14|          3|    1|          3|
    |node_embedding_V_35_ce1       |  20|          4|    1|          4|
    |node_embedding_V_35_d1        |  14|          3|   28|         84|
    |node_embedding_V_35_we1       |  14|          3|    1|          3|
    |node_embedding_V_36_address0  |  14|          3|    8|         24|
    |node_embedding_V_36_address1  |  20|          4|    8|         32|
    |node_embedding_V_36_ce0       |  14|          3|    1|          3|
    |node_embedding_V_36_ce1       |  20|          4|    1|          4|
    |node_embedding_V_36_d1        |  14|          3|   28|         84|
    |node_embedding_V_36_we1       |  14|          3|    1|          3|
    |node_embedding_V_37_address0  |  14|          3|    8|         24|
    |node_embedding_V_37_address1  |  20|          4|    8|         32|
    |node_embedding_V_37_ce0       |  14|          3|    1|          3|
    |node_embedding_V_37_ce1       |  20|          4|    1|          4|
    |node_embedding_V_37_d1        |  14|          3|   28|         84|
    |node_embedding_V_37_we1       |  14|          3|    1|          3|
    |node_embedding_V_38_address0  |  14|          3|    8|         24|
    |node_embedding_V_38_address1  |  20|          4|    8|         32|
    |node_embedding_V_38_ce0       |  14|          3|    1|          3|
    |node_embedding_V_38_ce1       |  20|          4|    1|          4|
    |node_embedding_V_38_d1        |  14|          3|   28|         84|
    |node_embedding_V_38_we1       |  14|          3|    1|          3|
    |node_embedding_V_39_address0  |  14|          3|    8|         24|
    |node_embedding_V_39_address1  |  20|          4|    8|         32|
    |node_embedding_V_39_ce0       |  14|          3|    1|          3|
    |node_embedding_V_39_ce1       |  20|          4|    1|          4|
    |node_embedding_V_39_d1        |  14|          3|   28|         84|
    |node_embedding_V_39_we1       |  14|          3|    1|          3|
    |node_embedding_V_3_address0   |  14|          3|    8|         24|
    |node_embedding_V_3_address1   |  20|          4|    8|         32|
    |node_embedding_V_3_ce0        |  14|          3|    1|          3|
    |node_embedding_V_3_ce1        |  20|          4|    1|          4|
    |node_embedding_V_3_d1         |  14|          3|   28|         84|
    |node_embedding_V_3_we1        |  14|          3|    1|          3|
    |node_embedding_V_40_address0  |  14|          3|    8|         24|
    |node_embedding_V_40_address1  |  20|          4|    8|         32|
    |node_embedding_V_40_ce0       |  14|          3|    1|          3|
    |node_embedding_V_40_ce1       |  20|          4|    1|          4|
    |node_embedding_V_40_d1        |  14|          3|   28|         84|
    |node_embedding_V_40_we1       |  14|          3|    1|          3|
    |node_embedding_V_41_address0  |  14|          3|    8|         24|
    |node_embedding_V_41_address1  |  20|          4|    8|         32|
    |node_embedding_V_41_ce0       |  14|          3|    1|          3|
    |node_embedding_V_41_ce1       |  20|          4|    1|          4|
    |node_embedding_V_41_d1        |  14|          3|   28|         84|
    |node_embedding_V_41_we1       |  14|          3|    1|          3|
    |node_embedding_V_42_address0  |  14|          3|    8|         24|
    |node_embedding_V_42_address1  |  20|          4|    8|         32|
    |node_embedding_V_42_ce0       |  14|          3|    1|          3|
    |node_embedding_V_42_ce1       |  20|          4|    1|          4|
    |node_embedding_V_42_d1        |  14|          3|   28|         84|
    |node_embedding_V_42_we1       |  14|          3|    1|          3|
    |node_embedding_V_43_address0  |  14|          3|    8|         24|
    |node_embedding_V_43_address1  |  20|          4|    8|         32|
    |node_embedding_V_43_ce0       |  14|          3|    1|          3|
    |node_embedding_V_43_ce1       |  20|          4|    1|          4|
    |node_embedding_V_43_d1        |  14|          3|   28|         84|
    |node_embedding_V_43_we1       |  14|          3|    1|          3|
    |node_embedding_V_44_address0  |  14|          3|    8|         24|
    |node_embedding_V_44_address1  |  20|          4|    8|         32|
    |node_embedding_V_44_ce0       |  14|          3|    1|          3|
    |node_embedding_V_44_ce1       |  20|          4|    1|          4|
    |node_embedding_V_44_d1        |  14|          3|   28|         84|
    |node_embedding_V_44_we1       |  14|          3|    1|          3|
    |node_embedding_V_45_address0  |  14|          3|    8|         24|
    |node_embedding_V_45_address1  |  20|          4|    8|         32|
    |node_embedding_V_45_ce0       |  14|          3|    1|          3|
    |node_embedding_V_45_ce1       |  20|          4|    1|          4|
    |node_embedding_V_45_d1        |  14|          3|   28|         84|
    |node_embedding_V_45_we1       |  14|          3|    1|          3|
    |node_embedding_V_46_address0  |  14|          3|    8|         24|
    |node_embedding_V_46_address1  |  20|          4|    8|         32|
    |node_embedding_V_46_ce0       |  14|          3|    1|          3|
    |node_embedding_V_46_ce1       |  20|          4|    1|          4|
    |node_embedding_V_46_d1        |  14|          3|   28|         84|
    |node_embedding_V_46_we1       |  14|          3|    1|          3|
    |node_embedding_V_47_address0  |  14|          3|    8|         24|
    |node_embedding_V_47_address1  |  20|          4|    8|         32|
    |node_embedding_V_47_ce0       |  14|          3|    1|          3|
    |node_embedding_V_47_ce1       |  20|          4|    1|          4|
    |node_embedding_V_47_d1        |  14|          3|   28|         84|
    |node_embedding_V_47_we1       |  14|          3|    1|          3|
    |node_embedding_V_48_address0  |  14|          3|    8|         24|
    |node_embedding_V_48_address1  |  20|          4|    8|         32|
    |node_embedding_V_48_ce0       |  14|          3|    1|          3|
    |node_embedding_V_48_ce1       |  20|          4|    1|          4|
    |node_embedding_V_48_d1        |  14|          3|   28|         84|
    |node_embedding_V_48_we1       |  14|          3|    1|          3|
    |node_embedding_V_49_address0  |  14|          3|    8|         24|
    |node_embedding_V_49_address1  |  20|          4|    8|         32|
    |node_embedding_V_49_ce0       |  14|          3|    1|          3|
    |node_embedding_V_49_ce1       |  20|          4|    1|          4|
    |node_embedding_V_49_d1        |  14|          3|   28|         84|
    |node_embedding_V_49_we1       |  14|          3|    1|          3|
    |node_embedding_V_4_address0   |  14|          3|    8|         24|
    |node_embedding_V_4_address1   |  20|          4|    8|         32|
    |node_embedding_V_4_ce0        |  14|          3|    1|          3|
    |node_embedding_V_4_ce1        |  20|          4|    1|          4|
    |node_embedding_V_4_d1         |  14|          3|   28|         84|
    |node_embedding_V_4_we1        |  14|          3|    1|          3|
    |node_embedding_V_50_address0  |  14|          3|    8|         24|
    |node_embedding_V_50_address1  |  20|          4|    8|         32|
    |node_embedding_V_50_ce0       |  14|          3|    1|          3|
    |node_embedding_V_50_ce1       |  20|          4|    1|          4|
    |node_embedding_V_50_d1        |  14|          3|   28|         84|
    |node_embedding_V_50_we1       |  14|          3|    1|          3|
    |node_embedding_V_51_address0  |  14|          3|    8|         24|
    |node_embedding_V_51_address1  |  20|          4|    8|         32|
    |node_embedding_V_51_ce0       |  14|          3|    1|          3|
    |node_embedding_V_51_ce1       |  20|          4|    1|          4|
    |node_embedding_V_51_d1        |  14|          3|   28|         84|
    |node_embedding_V_51_we1       |  14|          3|    1|          3|
    |node_embedding_V_52_address0  |  14|          3|    8|         24|
    |node_embedding_V_52_address1  |  20|          4|    8|         32|
    |node_embedding_V_52_ce0       |  14|          3|    1|          3|
    |node_embedding_V_52_ce1       |  20|          4|    1|          4|
    |node_embedding_V_52_d1        |  14|          3|   28|         84|
    |node_embedding_V_52_we1       |  14|          3|    1|          3|
    |node_embedding_V_53_address0  |  14|          3|    8|         24|
    |node_embedding_V_53_address1  |  20|          4|    8|         32|
    |node_embedding_V_53_ce0       |  14|          3|    1|          3|
    |node_embedding_V_53_ce1       |  20|          4|    1|          4|
    |node_embedding_V_53_d1        |  14|          3|   28|         84|
    |node_embedding_V_53_we1       |  14|          3|    1|          3|
    |node_embedding_V_54_address0  |  14|          3|    8|         24|
    |node_embedding_V_54_address1  |  20|          4|    8|         32|
    |node_embedding_V_54_ce0       |  14|          3|    1|          3|
    |node_embedding_V_54_ce1       |  20|          4|    1|          4|
    |node_embedding_V_54_d1        |  14|          3|   28|         84|
    |node_embedding_V_54_we1       |  14|          3|    1|          3|
    |node_embedding_V_55_address0  |  14|          3|    8|         24|
    |node_embedding_V_55_address1  |  20|          4|    8|         32|
    |node_embedding_V_55_ce0       |  14|          3|    1|          3|
    |node_embedding_V_55_ce1       |  20|          4|    1|          4|
    |node_embedding_V_55_d1        |  14|          3|   28|         84|
    |node_embedding_V_55_we1       |  14|          3|    1|          3|
    |node_embedding_V_56_address0  |  14|          3|    8|         24|
    |node_embedding_V_56_address1  |  20|          4|    8|         32|
    |node_embedding_V_56_ce0       |  14|          3|    1|          3|
    |node_embedding_V_56_ce1       |  20|          4|    1|          4|
    |node_embedding_V_56_d1        |  14|          3|   28|         84|
    |node_embedding_V_56_we1       |  14|          3|    1|          3|
    |node_embedding_V_57_address0  |  14|          3|    8|         24|
    |node_embedding_V_57_address1  |  20|          4|    8|         32|
    |node_embedding_V_57_ce0       |  14|          3|    1|          3|
    |node_embedding_V_57_ce1       |  20|          4|    1|          4|
    |node_embedding_V_57_d1        |  14|          3|   28|         84|
    |node_embedding_V_57_we1       |  14|          3|    1|          3|
    |node_embedding_V_58_address0  |  14|          3|    8|         24|
    |node_embedding_V_58_address1  |  20|          4|    8|         32|
    |node_embedding_V_58_ce0       |  14|          3|    1|          3|
    |node_embedding_V_58_ce1       |  20|          4|    1|          4|
    |node_embedding_V_58_d1        |  14|          3|   28|         84|
    |node_embedding_V_58_we1       |  14|          3|    1|          3|
    |node_embedding_V_59_address0  |  14|          3|    8|         24|
    |node_embedding_V_59_address1  |  20|          4|    8|         32|
    |node_embedding_V_59_ce0       |  14|          3|    1|          3|
    |node_embedding_V_59_ce1       |  20|          4|    1|          4|
    |node_embedding_V_59_d1        |  14|          3|   28|         84|
    |node_embedding_V_59_we1       |  14|          3|    1|          3|
    |node_embedding_V_5_address0   |  14|          3|    8|         24|
    |node_embedding_V_5_address1   |  20|          4|    8|         32|
    |node_embedding_V_5_ce0        |  14|          3|    1|          3|
    |node_embedding_V_5_ce1        |  20|          4|    1|          4|
    |node_embedding_V_5_d1         |  14|          3|   28|         84|
    |node_embedding_V_5_we1        |  14|          3|    1|          3|
    |node_embedding_V_60_address0  |  14|          3|    8|         24|
    |node_embedding_V_60_address1  |  20|          4|    8|         32|
    |node_embedding_V_60_ce0       |  14|          3|    1|          3|
    |node_embedding_V_60_ce1       |  20|          4|    1|          4|
    |node_embedding_V_60_d1        |  14|          3|   28|         84|
    |node_embedding_V_60_we1       |  14|          3|    1|          3|
    |node_embedding_V_61_address0  |  14|          3|    8|         24|
    |node_embedding_V_61_address1  |  20|          4|    8|         32|
    |node_embedding_V_61_ce0       |  14|          3|    1|          3|
    |node_embedding_V_61_ce1       |  20|          4|    1|          4|
    |node_embedding_V_61_d1        |  14|          3|   28|         84|
    |node_embedding_V_61_we1       |  14|          3|    1|          3|
    |node_embedding_V_62_address0  |  14|          3|    8|         24|
    |node_embedding_V_62_address1  |  20|          4|    8|         32|
    |node_embedding_V_62_ce0       |  14|          3|    1|          3|
    |node_embedding_V_62_ce1       |  20|          4|    1|          4|
    |node_embedding_V_62_d1        |  14|          3|   28|         84|
    |node_embedding_V_62_we1       |  14|          3|    1|          3|
    |node_embedding_V_63_address0  |  14|          3|    8|         24|
    |node_embedding_V_63_address1  |  20|          4|    8|         32|
    |node_embedding_V_63_ce0       |  14|          3|    1|          3|
    |node_embedding_V_63_ce1       |  20|          4|    1|          4|
    |node_embedding_V_63_d1        |  14|          3|   28|         84|
    |node_embedding_V_63_we1       |  14|          3|    1|          3|
    |node_embedding_V_64_address0  |  14|          3|    8|         24|
    |node_embedding_V_64_address1  |  20|          4|    8|         32|
    |node_embedding_V_64_ce0       |  14|          3|    1|          3|
    |node_embedding_V_64_ce1       |  20|          4|    1|          4|
    |node_embedding_V_64_d1        |  14|          3|   28|         84|
    |node_embedding_V_64_we1       |  14|          3|    1|          3|
    |node_embedding_V_65_address0  |  14|          3|    8|         24|
    |node_embedding_V_65_address1  |  20|          4|    8|         32|
    |node_embedding_V_65_ce0       |  14|          3|    1|          3|
    |node_embedding_V_65_ce1       |  20|          4|    1|          4|
    |node_embedding_V_65_d1        |  14|          3|   28|         84|
    |node_embedding_V_65_we1       |  14|          3|    1|          3|
    |node_embedding_V_66_address0  |  14|          3|    8|         24|
    |node_embedding_V_66_address1  |  20|          4|    8|         32|
    |node_embedding_V_66_ce0       |  14|          3|    1|          3|
    |node_embedding_V_66_ce1       |  20|          4|    1|          4|
    |node_embedding_V_66_d1        |  14|          3|   28|         84|
    |node_embedding_V_66_we1       |  14|          3|    1|          3|
    |node_embedding_V_67_address0  |  14|          3|    8|         24|
    |node_embedding_V_67_address1  |  20|          4|    8|         32|
    |node_embedding_V_67_ce0       |  14|          3|    1|          3|
    |node_embedding_V_67_ce1       |  20|          4|    1|          4|
    |node_embedding_V_67_d1        |  14|          3|   28|         84|
    |node_embedding_V_67_we1       |  14|          3|    1|          3|
    |node_embedding_V_68_address0  |  14|          3|    8|         24|
    |node_embedding_V_68_address1  |  20|          4|    8|         32|
    |node_embedding_V_68_ce0       |  14|          3|    1|          3|
    |node_embedding_V_68_ce1       |  20|          4|    1|          4|
    |node_embedding_V_68_d1        |  14|          3|   28|         84|
    |node_embedding_V_68_we1       |  14|          3|    1|          3|
    |node_embedding_V_69_address0  |  14|          3|    8|         24|
    |node_embedding_V_69_address1  |  20|          4|    8|         32|
    |node_embedding_V_69_ce0       |  14|          3|    1|          3|
    |node_embedding_V_69_ce1       |  20|          4|    1|          4|
    |node_embedding_V_69_d1        |  14|          3|   28|         84|
    |node_embedding_V_69_we1       |  14|          3|    1|          3|
    |node_embedding_V_6_address0   |  14|          3|    8|         24|
    |node_embedding_V_6_address1   |  20|          4|    8|         32|
    |node_embedding_V_6_ce0        |  14|          3|    1|          3|
    |node_embedding_V_6_ce1        |  20|          4|    1|          4|
    |node_embedding_V_6_d1         |  14|          3|   28|         84|
    |node_embedding_V_6_we1        |  14|          3|    1|          3|
    |node_embedding_V_70_address0  |  14|          3|    8|         24|
    |node_embedding_V_70_address1  |  20|          4|    8|         32|
    |node_embedding_V_70_ce0       |  14|          3|    1|          3|
    |node_embedding_V_70_ce1       |  20|          4|    1|          4|
    |node_embedding_V_70_d1        |  14|          3|   28|         84|
    |node_embedding_V_70_we1       |  14|          3|    1|          3|
    |node_embedding_V_71_address0  |  14|          3|    8|         24|
    |node_embedding_V_71_address1  |  20|          4|    8|         32|
    |node_embedding_V_71_ce0       |  14|          3|    1|          3|
    |node_embedding_V_71_ce1       |  20|          4|    1|          4|
    |node_embedding_V_71_d1        |  14|          3|   28|         84|
    |node_embedding_V_71_we1       |  14|          3|    1|          3|
    |node_embedding_V_72_address0  |  14|          3|    8|         24|
    |node_embedding_V_72_address1  |  20|          4|    8|         32|
    |node_embedding_V_72_ce0       |  14|          3|    1|          3|
    |node_embedding_V_72_ce1       |  20|          4|    1|          4|
    |node_embedding_V_72_d1        |  14|          3|   28|         84|
    |node_embedding_V_72_we1       |  14|          3|    1|          3|
    |node_embedding_V_73_address0  |  14|          3|    8|         24|
    |node_embedding_V_73_address1  |  20|          4|    8|         32|
    |node_embedding_V_73_ce0       |  14|          3|    1|          3|
    |node_embedding_V_73_ce1       |  20|          4|    1|          4|
    |node_embedding_V_73_d1        |  14|          3|   28|         84|
    |node_embedding_V_73_we1       |  14|          3|    1|          3|
    |node_embedding_V_74_address0  |  14|          3|    8|         24|
    |node_embedding_V_74_address1  |  20|          4|    8|         32|
    |node_embedding_V_74_ce0       |  14|          3|    1|          3|
    |node_embedding_V_74_ce1       |  20|          4|    1|          4|
    |node_embedding_V_74_d1        |  14|          3|   28|         84|
    |node_embedding_V_74_we1       |  14|          3|    1|          3|
    |node_embedding_V_75_address0  |  14|          3|    8|         24|
    |node_embedding_V_75_address1  |  20|          4|    8|         32|
    |node_embedding_V_75_ce0       |  14|          3|    1|          3|
    |node_embedding_V_75_ce1       |  20|          4|    1|          4|
    |node_embedding_V_75_d1        |  14|          3|   28|         84|
    |node_embedding_V_75_we1       |  14|          3|    1|          3|
    |node_embedding_V_76_address0  |  14|          3|    8|         24|
    |node_embedding_V_76_address1  |  20|          4|    8|         32|
    |node_embedding_V_76_ce0       |  14|          3|    1|          3|
    |node_embedding_V_76_ce1       |  20|          4|    1|          4|
    |node_embedding_V_76_d1        |  14|          3|   28|         84|
    |node_embedding_V_76_we1       |  14|          3|    1|          3|
    |node_embedding_V_77_address0  |  14|          3|    8|         24|
    |node_embedding_V_77_address1  |  20|          4|    8|         32|
    |node_embedding_V_77_ce0       |  14|          3|    1|          3|
    |node_embedding_V_77_ce1       |  20|          4|    1|          4|
    |node_embedding_V_77_d1        |  14|          3|   28|         84|
    |node_embedding_V_77_we1       |  14|          3|    1|          3|
    |node_embedding_V_78_address0  |  14|          3|    8|         24|
    |node_embedding_V_78_address1  |  20|          4|    8|         32|
    |node_embedding_V_78_ce0       |  14|          3|    1|          3|
    |node_embedding_V_78_ce1       |  20|          4|    1|          4|
    |node_embedding_V_78_d1        |  14|          3|   28|         84|
    |node_embedding_V_78_we1       |  14|          3|    1|          3|
    |node_embedding_V_79_address0  |  14|          3|    8|         24|
    |node_embedding_V_79_address1  |  20|          4|    8|         32|
    |node_embedding_V_79_ce0       |  14|          3|    1|          3|
    |node_embedding_V_79_ce1       |  20|          4|    1|          4|
    |node_embedding_V_79_d1        |  14|          3|   28|         84|
    |node_embedding_V_79_we1       |  14|          3|    1|          3|
    |node_embedding_V_7_address0   |  14|          3|    8|         24|
    |node_embedding_V_7_address1   |  20|          4|    8|         32|
    |node_embedding_V_7_ce0        |  14|          3|    1|          3|
    |node_embedding_V_7_ce1        |  20|          4|    1|          4|
    |node_embedding_V_7_d1         |  14|          3|   28|         84|
    |node_embedding_V_7_we1        |  14|          3|    1|          3|
    |node_embedding_V_80_address0  |  14|          3|    8|         24|
    |node_embedding_V_80_address1  |  20|          4|    8|         32|
    |node_embedding_V_80_ce0       |  14|          3|    1|          3|
    |node_embedding_V_80_ce1       |  20|          4|    1|          4|
    |node_embedding_V_80_d1        |  14|          3|   28|         84|
    |node_embedding_V_80_we1       |  14|          3|    1|          3|
    |node_embedding_V_81_address0  |  14|          3|    8|         24|
    |node_embedding_V_81_address1  |  20|          4|    8|         32|
    |node_embedding_V_81_ce0       |  14|          3|    1|          3|
    |node_embedding_V_81_ce1       |  20|          4|    1|          4|
    |node_embedding_V_81_d1        |  14|          3|   28|         84|
    |node_embedding_V_81_we1       |  14|          3|    1|          3|
    |node_embedding_V_82_address0  |  14|          3|    8|         24|
    |node_embedding_V_82_address1  |  20|          4|    8|         32|
    |node_embedding_V_82_ce0       |  14|          3|    1|          3|
    |node_embedding_V_82_ce1       |  20|          4|    1|          4|
    |node_embedding_V_82_d1        |  14|          3|   28|         84|
    |node_embedding_V_82_we1       |  14|          3|    1|          3|
    |node_embedding_V_83_address0  |  14|          3|    8|         24|
    |node_embedding_V_83_address1  |  20|          4|    8|         32|
    |node_embedding_V_83_ce0       |  14|          3|    1|          3|
    |node_embedding_V_83_ce1       |  20|          4|    1|          4|
    |node_embedding_V_83_d1        |  14|          3|   28|         84|
    |node_embedding_V_83_we1       |  14|          3|    1|          3|
    |node_embedding_V_84_address0  |  14|          3|    8|         24|
    |node_embedding_V_84_address1  |  20|          4|    8|         32|
    |node_embedding_V_84_ce0       |  14|          3|    1|          3|
    |node_embedding_V_84_ce1       |  20|          4|    1|          4|
    |node_embedding_V_84_d1        |  14|          3|   28|         84|
    |node_embedding_V_84_we1       |  14|          3|    1|          3|
    |node_embedding_V_85_address0  |  14|          3|    8|         24|
    |node_embedding_V_85_address1  |  20|          4|    8|         32|
    |node_embedding_V_85_ce0       |  14|          3|    1|          3|
    |node_embedding_V_85_ce1       |  20|          4|    1|          4|
    |node_embedding_V_85_d1        |  14|          3|   28|         84|
    |node_embedding_V_85_we1       |  14|          3|    1|          3|
    |node_embedding_V_86_address0  |  14|          3|    8|         24|
    |node_embedding_V_86_address1  |  20|          4|    8|         32|
    |node_embedding_V_86_ce0       |  14|          3|    1|          3|
    |node_embedding_V_86_ce1       |  20|          4|    1|          4|
    |node_embedding_V_86_d1        |  14|          3|   28|         84|
    |node_embedding_V_86_we1       |  14|          3|    1|          3|
    |node_embedding_V_87_address0  |  14|          3|    8|         24|
    |node_embedding_V_87_address1  |  20|          4|    8|         32|
    |node_embedding_V_87_ce0       |  14|          3|    1|          3|
    |node_embedding_V_87_ce1       |  20|          4|    1|          4|
    |node_embedding_V_87_d1        |  14|          3|   28|         84|
    |node_embedding_V_87_we1       |  14|          3|    1|          3|
    |node_embedding_V_88_address0  |  14|          3|    8|         24|
    |node_embedding_V_88_address1  |  20|          4|    8|         32|
    |node_embedding_V_88_ce0       |  14|          3|    1|          3|
    |node_embedding_V_88_ce1       |  20|          4|    1|          4|
    |node_embedding_V_88_d1        |  14|          3|   28|         84|
    |node_embedding_V_88_we1       |  14|          3|    1|          3|
    |node_embedding_V_89_address0  |  14|          3|    8|         24|
    |node_embedding_V_89_address1  |  20|          4|    8|         32|
    |node_embedding_V_89_ce0       |  14|          3|    1|          3|
    |node_embedding_V_89_ce1       |  20|          4|    1|          4|
    |node_embedding_V_89_d1        |  14|          3|   28|         84|
    |node_embedding_V_89_we1       |  14|          3|    1|          3|
    |node_embedding_V_8_address0   |  14|          3|    8|         24|
    |node_embedding_V_8_address1   |  20|          4|    8|         32|
    |node_embedding_V_8_ce0        |  14|          3|    1|          3|
    |node_embedding_V_8_ce1        |  20|          4|    1|          4|
    |node_embedding_V_8_d1         |  14|          3|   28|         84|
    |node_embedding_V_8_we1        |  14|          3|    1|          3|
    |node_embedding_V_90_address0  |  14|          3|    8|         24|
    |node_embedding_V_90_address1  |  20|          4|    8|         32|
    |node_embedding_V_90_ce0       |  14|          3|    1|          3|
    |node_embedding_V_90_ce1       |  20|          4|    1|          4|
    |node_embedding_V_90_d1        |  14|          3|   28|         84|
    |node_embedding_V_90_we1       |  14|          3|    1|          3|
    |node_embedding_V_91_address0  |  14|          3|    8|         24|
    |node_embedding_V_91_address1  |  20|          4|    8|         32|
    |node_embedding_V_91_ce0       |  14|          3|    1|          3|
    |node_embedding_V_91_ce1       |  20|          4|    1|          4|
    |node_embedding_V_91_d1        |  14|          3|   28|         84|
    |node_embedding_V_91_we1       |  14|          3|    1|          3|
    |node_embedding_V_92_address0  |  14|          3|    8|         24|
    |node_embedding_V_92_address1  |  20|          4|    8|         32|
    |node_embedding_V_92_ce0       |  14|          3|    1|          3|
    |node_embedding_V_92_ce1       |  20|          4|    1|          4|
    |node_embedding_V_92_d1        |  14|          3|   28|         84|
    |node_embedding_V_92_we1       |  14|          3|    1|          3|
    |node_embedding_V_93_address0  |  14|          3|    8|         24|
    |node_embedding_V_93_address1  |  20|          4|    8|         32|
    |node_embedding_V_93_ce0       |  14|          3|    1|          3|
    |node_embedding_V_93_ce1       |  20|          4|    1|          4|
    |node_embedding_V_93_d1        |  14|          3|   28|         84|
    |node_embedding_V_93_we1       |  14|          3|    1|          3|
    |node_embedding_V_94_address0  |  14|          3|    8|         24|
    |node_embedding_V_94_address1  |  20|          4|    8|         32|
    |node_embedding_V_94_ce0       |  14|          3|    1|          3|
    |node_embedding_V_94_ce1       |  20|          4|    1|          4|
    |node_embedding_V_94_d1        |  14|          3|   28|         84|
    |node_embedding_V_94_we1       |  14|          3|    1|          3|
    |node_embedding_V_95_address0  |  14|          3|    8|         24|
    |node_embedding_V_95_address1  |  20|          4|    8|         32|
    |node_embedding_V_95_ce0       |  14|          3|    1|          3|
    |node_embedding_V_95_ce1       |  20|          4|    1|          4|
    |node_embedding_V_95_d1        |  14|          3|   28|         84|
    |node_embedding_V_95_we1       |  14|          3|    1|          3|
    |node_embedding_V_96_address0  |  14|          3|    8|         24|
    |node_embedding_V_96_address1  |  20|          4|    8|         32|
    |node_embedding_V_96_ce0       |  14|          3|    1|          3|
    |node_embedding_V_96_ce1       |  20|          4|    1|          4|
    |node_embedding_V_96_d1        |  14|          3|   28|         84|
    |node_embedding_V_96_we1       |  14|          3|    1|          3|
    |node_embedding_V_97_address0  |  14|          3|    8|         24|
    |node_embedding_V_97_address1  |  20|          4|    8|         32|
    |node_embedding_V_97_ce0       |  14|          3|    1|          3|
    |node_embedding_V_97_ce1       |  20|          4|    1|          4|
    |node_embedding_V_97_d1        |  14|          3|   28|         84|
    |node_embedding_V_97_we1       |  14|          3|    1|          3|
    |node_embedding_V_98_address0  |  14|          3|    8|         24|
    |node_embedding_V_98_address1  |  20|          4|    8|         32|
    |node_embedding_V_98_ce0       |  14|          3|    1|          3|
    |node_embedding_V_98_ce1       |  20|          4|    1|          4|
    |node_embedding_V_98_d1        |  14|          3|   28|         84|
    |node_embedding_V_98_we1       |  14|          3|    1|          3|
    |node_embedding_V_99_address0  |  14|          3|    8|         24|
    |node_embedding_V_99_address1  |  20|          4|    8|         32|
    |node_embedding_V_99_ce0       |  14|          3|    1|          3|
    |node_embedding_V_99_ce1       |  20|          4|    1|          4|
    |node_embedding_V_99_d1        |  14|          3|   28|         84|
    |node_embedding_V_99_we1       |  14|          3|    1|          3|
    |node_embedding_V_9_address0   |  14|          3|    8|         24|
    |node_embedding_V_9_address1   |  20|          4|    8|         32|
    |node_embedding_V_9_ce0        |  14|          3|    1|          3|
    |node_embedding_V_9_ce1        |  20|          4|    1|          4|
    |node_embedding_V_9_d1         |  14|          3|   28|         84|
    |node_embedding_V_9_we1        |  14|          3|    1|          3|
    +------------------------------+----+-----------+-----+-----------+
    |Total                         |9743|       2030| 4722|      15061|
    +------------------------------+----+-----------+-----+-----------+

    * Register: 
    +--------------------------------------------------+----+----+-----+-----------+
    |                       Name                       | FF | LUT| Bits| Const Bits|
    +--------------------------------------------------+----+----+-----+-----------+
    |ap_CS_fsm                                         |   7|   0|    7|          0|
    |edge_attr_in_read_reg_1569                        |  64|   0|   64|          0|
    |edge_list_in_read_reg_1574                        |  64|   0|   64|          0|
    |grp_compute_CONV_layer_fu_912_ap_start_reg        |   1|   0|    1|          0|
    |grp_compute_node_embedding_fu_1341_ap_start_reg   |   1|   0|    1|          0|
    |grp_global_graph_prediction_fu_1545_ap_start_reg  |   1|   0|    1|          0|
    |grp_global_mean_pooling_fu_706_ap_start_reg       |   1|   0|    1|          0|
    |grp_load_graph_fu_1322_ap_start_reg               |   1|   0|    1|          0|
    |layer_1_reg_1584                                  |   3|   0|    3|          0|
    |layer_reg_694                                     |   3|   0|    3|          0|
    |node_feature_in_read_reg_1579                     |  64|   0|   64|          0|
    |task_read_reg_1564                                |  64|   0|   64|          0|
    +--------------------------------------------------+----+----+-----+-----------+
    |Total                                             | 274|   0|  274|          0|
    +--------------------------------------------------+----+----+-----+-----------+



================================================================
== Interface
================================================================
* Summary: 
+-----------------------+-----+-----+------------+-----------------------+--------------+
|       RTL Ports       | Dir | Bits|  Protocol  |     Source Object     |    C Type    |
+-----------------------+-----+-----+------------+-----------------------+--------------+
|s_axi_control_AWVALID  |   in|    1|       s_axi|                control|        scalar|
|s_axi_control_AWREADY  |  out|    1|       s_axi|                control|        scalar|
|s_axi_control_AWADDR   |   in|    8|       s_axi|                control|        scalar|
|s_axi_control_WVALID   |   in|    1|       s_axi|                control|        scalar|
|s_axi_control_WREADY   |  out|    1|       s_axi|                control|        scalar|
|s_axi_control_WDATA    |   in|   32|       s_axi|                control|        scalar|
|s_axi_control_WSTRB    |   in|    4|       s_axi|                control|        scalar|
|s_axi_control_ARVALID  |   in|    1|       s_axi|                control|        scalar|
|s_axi_control_ARREADY  |  out|    1|       s_axi|                control|        scalar|
|s_axi_control_ARADDR   |   in|    8|       s_axi|                control|        scalar|
|s_axi_control_RVALID   |  out|    1|       s_axi|                control|        scalar|
|s_axi_control_RREADY   |   in|    1|       s_axi|                control|        scalar|
|s_axi_control_RDATA    |  out|   32|       s_axi|                control|        scalar|
|s_axi_control_RRESP    |  out|    2|       s_axi|                control|        scalar|
|s_axi_control_BVALID   |  out|    1|       s_axi|                control|        scalar|
|s_axi_control_BREADY   |   in|    1|       s_axi|                control|        scalar|
|s_axi_control_BRESP    |  out|    2|       s_axi|                control|        scalar|
|ap_clk                 |   in|    1|  ap_ctrl_hs|  GIN_compute_one_graph|  return value|
|ap_rst_n               |   in|    1|  ap_ctrl_hs|  GIN_compute_one_graph|  return value|
|interrupt              |  out|    1|  ap_ctrl_hs|  GIN_compute_one_graph|  return value|
|m_axi_mem_AWVALID      |  out|    1|       m_axi|                    mem|       pointer|
|m_axi_mem_AWREADY      |   in|    1|       m_axi|                    mem|       pointer|
|m_axi_mem_AWADDR       |  out|   64|       m_axi|                    mem|       pointer|
|m_axi_mem_AWID         |  out|    1|       m_axi|                    mem|       pointer|
|m_axi_mem_AWLEN        |  out|    8|       m_axi|                    mem|       pointer|
|m_axi_mem_AWSIZE       |  out|    3|       m_axi|                    mem|       pointer|
|m_axi_mem_AWBURST      |  out|    2|       m_axi|                    mem|       pointer|
|m_axi_mem_AWLOCK       |  out|    2|       m_axi|                    mem|       pointer|
|m_axi_mem_AWCACHE      |  out|    4|       m_axi|                    mem|       pointer|
|m_axi_mem_AWPROT       |  out|    3|       m_axi|                    mem|       pointer|
|m_axi_mem_AWQOS        |  out|    4|       m_axi|                    mem|       pointer|
|m_axi_mem_AWREGION     |  out|    4|       m_axi|                    mem|       pointer|
|m_axi_mem_AWUSER       |  out|    1|       m_axi|                    mem|       pointer|
|m_axi_mem_WVALID       |  out|    1|       m_axi|                    mem|       pointer|
|m_axi_mem_WREADY       |   in|    1|       m_axi|                    mem|       pointer|
|m_axi_mem_WDATA        |  out|   32|       m_axi|                    mem|       pointer|
|m_axi_mem_WSTRB        |  out|    4|       m_axi|                    mem|       pointer|
|m_axi_mem_WLAST        |  out|    1|       m_axi|                    mem|       pointer|
|m_axi_mem_WID          |  out|    1|       m_axi|                    mem|       pointer|
|m_axi_mem_WUSER        |  out|    1|       m_axi|                    mem|       pointer|
|m_axi_mem_ARVALID      |  out|    1|       m_axi|                    mem|       pointer|
|m_axi_mem_ARREADY      |   in|    1|       m_axi|                    mem|       pointer|
|m_axi_mem_ARADDR       |  out|   64|       m_axi|                    mem|       pointer|
|m_axi_mem_ARID         |  out|    1|       m_axi|                    mem|       pointer|
|m_axi_mem_ARLEN        |  out|    8|       m_axi|                    mem|       pointer|
|m_axi_mem_ARSIZE       |  out|    3|       m_axi|                    mem|       pointer|
|m_axi_mem_ARBURST      |  out|    2|       m_axi|                    mem|       pointer|
|m_axi_mem_ARLOCK       |  out|    2|       m_axi|                    mem|       pointer|
|m_axi_mem_ARCACHE      |  out|    4|       m_axi|                    mem|       pointer|
|m_axi_mem_ARPROT       |  out|    3|       m_axi|                    mem|       pointer|
|m_axi_mem_ARQOS        |  out|    4|       m_axi|                    mem|       pointer|
|m_axi_mem_ARREGION     |  out|    4|       m_axi|                    mem|       pointer|
|m_axi_mem_ARUSER       |  out|    1|       m_axi|                    mem|       pointer|
|m_axi_mem_RVALID       |   in|    1|       m_axi|                    mem|       pointer|
|m_axi_mem_RREADY       |  out|    1|       m_axi|                    mem|       pointer|
|m_axi_mem_RDATA        |   in|   32|       m_axi|                    mem|       pointer|
|m_axi_mem_RLAST        |   in|    1|       m_axi|                    mem|       pointer|
|m_axi_mem_RID          |   in|    1|       m_axi|                    mem|       pointer|
|m_axi_mem_RUSER        |   in|    1|       m_axi|                    mem|       pointer|
|m_axi_mem_RRESP        |   in|    2|       m_axi|                    mem|       pointer|
|m_axi_mem_BVALID       |   in|    1|       m_axi|                    mem|       pointer|
|m_axi_mem_BREADY       |  out|    1|       m_axi|                    mem|       pointer|
|m_axi_mem_BRESP        |   in|    2|       m_axi|                    mem|       pointer|
|m_axi_mem_BID          |   in|    1|       m_axi|                    mem|       pointer|
|m_axi_mem_BUSER        |   in|    1|       m_axi|                    mem|       pointer|
+-----------------------+-----+-----+------------+-----------------------+--------------+

