

================================================================
== Synthesis Summary Report of 'GIN_compute_one_graph'
================================================================
+ General Information: 
    * Date:           Mon Apr 12 16:13:21 2021
    * Version:        2020.2 (Build 3064766 on Wed Nov 18 09:12:47 MST 2020)
    * Project:        project_1
    * Solution:       solution1 (Vivado IP Flow Target)
    * Product family: virtexuplus
    * Target device:  xcu280-fsvh2892-2L-e
    

+ Performance & Resource Estimates: 
    
    PS: '+' for module; 'o' for loop; '*' for dataflow
    +-------------------------------------------------------+--------+-------+---------+-----------+----------+---------+--------+----------+---------+----------+-------------+------------+-------------+
    |                        Modules                        |  Issue |       | Latency |  Latency  | Iteration|         |  Trip  |          |         |          |             |            |             |
    |                        & Loops                        |  Type  | Slack | (cycles)|    (ns)   |  Latency | Interval|  Count | Pipelined|  BRAM   |    DSP   |      FF     |     LUT    |     URAM    |
    +-------------------------------------------------------+--------+-------+---------+-----------+----------+---------+--------+----------+---------+----------+-------------+------------+-------------+
    |+ GIN_compute_one_graph                                |  Timing|   0.00|        -|          -|         -|        -|       -|        no|  87 (2%)|  13 (~0%)|   29122 (1%)|  48046 (3%)|  2053 (213%)|
    | + grp_compute_CONV_layer_fu_4566                      |  Timing|   0.00|        -|          -|         -|        -|       -|        no|  43 (1%)|  10 (~0%)|  24145 (~0%)|  41131 (3%)|  2024 (210%)|
    |  + grp_MLP_fu_4112                                    |       -|  -0.10|        -|          -|         -|        -|       -|        no|  8 (~0%)|   6 (~0%)|  22499 (~0%)|  37618 (2%)|  2000 (208%)|
    |   + grp_MLP_1_batch_nodes_fu_63510*                   |       -|  -1.72|      323|  3.230e+03|         -|      318|       -|  dataflow|        -|   1 (~0%)|   1877 (~0%)|  2382 (~0%)|            -|
    |    + grp_MLP_PE_148_fu_128                            |       -|  -1.72|      317|  3.170e+03|         -|      317|       -|        no|        -|         -|    557 (~0%)|   578 (~0%)|            -|
    |     o VITIS_LOOP_86_1                                 |       -|  -7.30|      315|  3.150e+03|        17|        1|     300|       yes|        -|         -|            -|           -|            -|
    |    + grp_MLP_PE_147_fu_138                            |       -|  -1.72|      316|  3.160e+03|         -|      316|       -|        no|        -|         -|    497 (~0%)|   551 (~0%)|            -|
    |     o VITIS_LOOP_86_1                                 |       -|  -7.30|      314|  3.140e+03|        16|        1|     300|       yes|        -|         -|            -|           -|            -|
    |    + grp_MLP_PE_146_fu_150                            |       -|  -1.72|      302|  3.020e+03|         -|      302|       -|        no|        -|         -|     79 (~0%)|   312 (~0%)|            -|
    |     o VITIS_LOOP_86_1                                 |       -|  -7.30|      300|  3.000e+03|         2|        1|     300|       yes|        -|         -|            -|           -|            -|
    |    + grp_MLP_PE45_fu_162                              |       -|  -1.72|      302|  3.020e+03|         -|      302|       -|        no|        -|         -|     79 (~0%)|   255 (~0%)|            -|
    |     o VITIS_LOOP_86_1                                 |       -|  -7.30|      300|  3.000e+03|         2|        1|     300|       yes|        -|         -|            -|           -|            -|
    |    + grp_load_mlp_weight_vector_fu_174                |       -|  -4.65|      305|  3.050e+03|         -|      305|       -|        no|        -|   1 (~0%)|     37 (~0%)|   149 (~0%)|            -|
    |     o VITIS_LOOP_74_1                                 |       -|  -7.30|      300|  3.000e+03|         2|        1|     300|       yes|        -|         -|            -|           -|            -|
    |    + grp_MLP_1_batch_nodes_Block_split13_proc_fu_182  |       -|  -4.70|        1|     10.000|         -|        1|       -|        no|        -|         -|      3 (~0%)|    43 (~0%)|            -|
    |    + call_ln108_MLP_1_batch_nodes_entry59_fu_190      |       -|  -5.95|        0|      0.000|         -|        0|       -|        no|        -|         -|      2 (~0%)|    29 (~0%)|            -|
    |   o VITIS_LOOP_129_1_VITIS_LOOP_130_2                 |       -|  -7.30|        -|          -|         6|        1|       -|       yes|        -|         -|            -|           -|            -|
    |   o Loop 2                                            |       -|  -7.30|   300000|  3.000e+06|         1|        1|  300000|       yes|        -|         -|            -|           -|            -|
    |   o VITIS_LOOP_149_3_VITIS_LOOP_154_4                 |       -|  -7.30|        -|          -|      2736|        -|       -|        no|        -|         -|            -|           -|            -|
    |    o VITIS_LOOP_149_3_VITIS_LOOP_154_4.1              |       -|  -7.30|     2402|  2.402e+04|         4|        1|    2400|       yes|        -|         -|            -|           -|            -|
    |    o VITIS_LOOP_158_5                                 |       -|  -7.30|        4|     40.000|         1|        1|       4|       yes|        -|         -|            -|           -|            -|
    |   o VITIS_LOOP_165_6_VITIS_LOOP_166_7                 |       -|  -7.30|        -|          -|       606|        -|       -|        no|        -|         -|            -|           -|            -|
    |    o VITIS_LOOP_168_8                                 |       -|  -7.30|      600|  6.000e+03|         2|        1|     600|       yes|        -|         -|            -|           -|            -|
    |  + grp_load_mlp_weights_one_layer_fu_8133             |  Timing|   0.00|   371702|  3.717e+06|         -|   371702|       -|        no|        -|         -|    968 (~0%)|  1215 (~0%)|            -|
    |   o VITIS_LOOP_282_1                                  |       -|  -7.30|   187800|  1.878e+06|       313|        -|     600|        no|        -|         -|            -|           -|            -|
    |    o VITIS_LOOP_284_2                                 |       -|  -7.30|      301|  3.010e+03|         3|        1|     300|       yes|        -|         -|            -|           -|            -|
    |   o VITIS_LOOP_288_3                                  |       -|  -7.30|   183900|  1.839e+06|       613|        -|     300|        no|        -|         -|            -|           -|            -|
    |    o VITIS_LOOP_290_4                                 |       -|  -7.30|      601|  6.010e+03|         3|        1|     600|       yes|        -|         -|            -|           -|            -|
    |  + grp_compute_edge_embedding_fu_8157                 |       -|  -2.35|        -|          -|         -|        -|       -|        no|        -|   1 (~0%)|    298 (~0%)|   758 (~0%)|            -|
    |   o Loop 1                                            |       -|  -7.30|   600000|  6.000e+06|         1|        1|  600000|       yes|        -|         -|            -|           -|            -|
    |   o VITIS_LOOP_212_1_VITIS_LOOP_213_2                 |       -|  -7.30|        -|          -|       310|        -|       -|        no|        -|         -|            -|           -|            -|
    |    o VITIS_LOOP_199_1                                 |       -|  -7.30|        2|     20.000|         2|        1|       2|       yes|        -|         -|            -|           -|            -|
    |    o VITIS_LOOP_215_3                                 |       -|  -7.30|      300|  3.000e+03|         2|        1|     300|       yes|        -|         -|            -|           -|            -|
    |  + grp_message_passing_fu_8173                        |       -|  -1.47|        -|          -|         -|        -|       -|        no|        -|   3 (~0%)|    362 (~0%)|   597 (~0%)|            -|
    |   o Loop 1                                            |       -|  -7.30|   300000|  3.000e+06|         1|        1|  300000|       yes|        -|         -|            -|           -|            -|
    |   o VITIS_LOOP_47_1_VITIS_LOOP_51_2                   |       -|  -7.30|        -|          -|         6|        1|       -|       yes|        -|         -|            -|           -|            -|
    | + grp_load_graph_fu_8604                              |  Timing|   0.00|        -|          -|         -|        -|       -|        no|        -|         -|    823 (~0%)|   684 (~0%)|            -|
    |  o VITIS_LOOP_370_1                                   |       -|  -7.30|        -|          -|         3|        1|       -|       yes|        -|         -|            -|           -|            -|
    |  o VITIS_LOOP_374_2                                   |       -|  -7.30|        -|          -|         3|        1|       -|       yes|        -|         -|            -|           -|            -|
    |  o VITIS_LOOP_378_3                                   |       -|  -7.30|        -|          -|         3|        1|       -|       yes|        -|         -|            -|           -|            -|
    | + grp_global_mean_pooling_fu_8621                     |       -|  -4.38|        -|          -|         -|        -|       -|        no|        -|         -|    577 (~0%)|   668 (~0%)|            -|
    |  o VITIS_LOOP_337_1                                   |       -|  -7.30|        -|          -|         -|        -|       -|        no|        -|         -|            -|           -|            -|
    |   o VITIS_LOOP_339_2                                  |       -|  -7.30|        -|          -|         2|        1|       -|       yes|        -|         -|            -|           -|            -|
    | + grp_compute_node_embedding_fu_8630                  |       -|  -2.35|        -|          -|         -|        -|       -|        no|        -|   1 (~0%)|    309 (~0%)|   705 (~0%)|            -|
    |  o Loop 1                                             |       -|  -7.30|   300000|  3.000e+06|         1|        1|  300000|       yes|        -|         -|            -|           -|            -|
    |  o VITIS_LOOP_251_1_VITIS_LOOP_252_2                  |       -|  -7.30|        -|          -|       316|        -|       -|        no|        -|         -|            -|           -|            -|
    |   o VITIS_LOOP_239_1                                  |       -|  -7.30|        8|     80.000|         2|        1|       8|       yes|        -|         -|            -|           -|            -|
    |   o VITIS_LOOP_254_3                                  |       -|  -7.30|      300|  3.000e+03|         2|        1|     300|       yes|        -|         -|            -|           -|            -|
    | + grp_global_graph_prediction_fu_8643                 |  Timing|   0.00|      309|  3.090e+03|         -|      309|       -|        no|        -|         -|    118 (~0%)|   230 (~0%)|            -|
    |  o VITIS_LOOP_360_2                                   |       -|  -7.30|      300|  3.000e+03|         2|        1|     300|       yes|        -|         -|            -|           -|            -|
    | o VITIS_LOOP_392_1                                    |       -|  -7.30|        6|     60.000|         3|        1|       5|       yes|        -|         -|            -|           -|            -|
    | o VITIS_LOOP_398_3                                    |       -|  -7.30|      301|  3.010e+03|         3|        1|     300|       yes|        -|         -|            -|           -|            -|
    | o VITIS_LOOP_403_4_VITIS_LOOP_404_5                   |       -|  -7.30|    51902|  5.190e+05|         4|        1|   51900|       yes|        -|         -|            -|           -|            -|
    | o VITIS_LOOP_409_6_VITIS_LOOP_410_7                   |       -|  -7.30|    19502|  1.950e+05|         4|        1|   19500|       yes|        -|         -|            -|           -|            -|
    | o VITIS_LOOP_476_1                                    |       -|  -7.30|        -|          -|         -|        -|       -|        no|        -|         -|            -|           -|            -|
    +-------------------------------------------------------+--------+-------+---------+-----------+----------+---------+--------+----------+---------+----------+-------------+------------+-------------+

