

================================================================
== Vitis HLS Report for 'MLP_PE_300_600_43'
================================================================
* Date:           Mon Apr 12 19:27:19 2021

* Version:        2020.2 (Build 3064766 on Wed Nov 18 09:12:47 MST 2020)
* Project:        project_1
* Solution:       solution1 (Vivado IP Flow Target)
* Product family: virtexuplus
* Target device:  xcu280-fsvh2892-2L-e


================================================================
== Performance Estimates
================================================================
+ Timing: 
    * Summary: 
    +--------+----------+----------+------------+
    |  Clock |  Target  | Estimated| Uncertainty|
    +--------+----------+----------+------------+
    |ap_clk  |  10.00 ns|  5.580 ns|     2.70 ns|
    +--------+----------+----------+------------+

+ Latency: 
    * Summary: 
    +---------+---------+----------+----------+-----+-----+---------+
    |  Latency (cycles) |  Latency (absolute) |  Interval | Pipeline|
    |   min   |   max   |    min   |    max   | min | max |   Type  |
    +---------+---------+----------+----------+-----+-----+---------+
    |      302|      302|  3.020 us|  3.020 us|  302|  302|     none|
    +---------+---------+----------+----------+-----+-----+---------+

    + Detail: 
        * Instance: 
        N/A

        * Loop: 
        +-------------------+---------+---------+----------+-----------+-----------+------+----------+
        |                   |  Latency (cycles) | Iteration|  Initiation Interval  | Trip |          |
        |     Loop Name     |   min   |   max   |  Latency |  achieved |   target  | Count| Pipelined|
        +-------------------+---------+---------+----------+-----------+-----------+------+----------+
        |- VITIS_LOOP_86_1  |      300|      300|         2|          1|          1|   300|       yes|
        +-------------------+---------+---------+----------+-----------+-----------+------+----------+



================================================================
== Utilization Estimates
================================================================
* Summary: 
+---------------------+---------+------+---------+---------+-----+
|         Name        | BRAM_18K|  DSP |    FF   |   LUT   | URAM|
+---------------------+---------+------+---------+---------+-----+
|DSP                  |        -|     -|        -|        -|    -|
|Expression           |        -|     -|        0|      129|    -|
|FIFO                 |        -|     -|        -|        -|    -|
|Instance             |        -|     0|        0|       20|    -|
|Memory               |        -|     -|        -|        -|    -|
|Multiplexer          |        -|     -|        -|      115|    -|
|Register             |        -|     -|       58|        -|    -|
+---------------------+---------+------+---------+---------+-----+
|Total                |        0|     0|       58|      264|    0|
+---------------------+---------+------+---------+---------+-----+
|Available SLR        |     1344|  3008|   869120|   434560|  320|
+---------------------+---------+------+---------+---------+-----+
|Utilization SLR (%)  |        0|     0|       ~0|       ~0|    0|
+---------------------+---------+------+---------+---------+-----+
|Available            |     4032|  9024|  2607360|  1303680|  960|
+---------------------+---------+------+---------+---------+-----+
|Utilization (%)      |        0|     0|       ~0|       ~0|    0|
+---------------------+---------+------+---------+---------+-----+

+ Detail: 
    * Instance: 
    +------------------------+--------------------+---------+----+---+----+-----+
    |        Instance        |       Module       | BRAM_18K| DSP| FF| LUT| URAM|
    +------------------------+--------------------+---------+----+---+----+-----+
    |mul_32s_32s_54_1_1_U81  |mul_32s_32s_54_1_1  |        0|   0|  0|  20|    0|
    +------------------------+--------------------+---------+----+---+----+-----+
    |Total                   |                    |        0|   0|  0|  20|    0|
    +------------------------+--------------------+---------+----+---+----+-----+

    * DSP: 
    N/A

    * Memory: 
    N/A

    * FIFO: 
    N/A

    * Expression: 
    +----------------------------------+----------+----+---+----+------------+------------+
    |           Variable Name          | Operation| DSP| FF| LUT| Bitwidth P0| Bitwidth P1|
    +----------------------------------+----------+----+---+----+------------+------------+
    |add_ln86_fu_173_p2                |         +|   0|  0|  16|           9|           1|
    |ret_V_fu_212_p2                   |         +|   0|  0|  61|          54|          54|
    |ap_block_pp0_stage0_01001         |       and|   0|  0|   2|           1|           1|
    |icmp_ln86_fu_179_p2               |      icmp|   0|  0|  11|           9|           9|
    |ap_block_state1                   |        or|   0|  0|   2|           1|           1|
    |ap_block_state3_pp0_stage0_iter1  |        or|   0|  0|   2|           1|           1|
    |mlp_out_local16_d0                |    select|   0|  0|  31|           1|           1|
    |ap_enable_pp0                     |       xor|   0|  0|   2|           1|           2|
    |ap_enable_reg_pp0_iter1           |       xor|   0|  0|   2|           2|           1|
    +----------------------------------+----------+----+---+----+------------+------------+
    |Total                             |          |   0|  0| 129|          79|          71|
    +----------------------------------+----------+----+---+----+------------+------------+

    * Multiplexer: 
    +---------------------------------+----+-----------+-----+-----------+
    |               Name              | LUT| Input Size| Bits| Total Bits|
    +---------------------------------+----+-----------+-----+-----------+
    |ap_NS_fsm                        |  20|          4|    1|          4|
    |ap_done                          |   9|          2|    1|          2|
    |ap_enable_reg_pp0_iter1          |  14|          3|    1|          3|
    |d_out_blk_n                      |   9|          2|    1|          2|
    |d_out_out_blk_n                  |   9|          2|    1|          2|
    |i_reg_147                        |   9|          2|    9|         18|
    |lhs_reg_158                      |   9|          2|   32|         64|
    |mlp_1_bias_V_load_loc_blk_n      |   9|          2|    1|          2|
    |mlp_1_bias_V_load_loc_out_blk_n  |   9|          2|    1|          2|
    |mlp_weight_fifo_1_V_V_blk_n      |   9|          2|    1|          2|
    |mlp_weight_fifo_2_V_V_blk_n      |   9|          2|    1|          2|
    +---------------------------------+----+-----------+-----+-----------+
    |Total                            | 115|         25|   50|        103|
    +---------------------------------+----+-----------+-----+-----------+

    * Register: 
    +------------------------------+----+----+-----+-----------+
    |             Name             | FF | LUT| Bits| Const Bits|
    +------------------------------+----+----+-----+-----------+
    |ap_CS_fsm                     |   3|   0|    3|          0|
    |ap_done_reg                   |   1|   0|    1|          0|
    |ap_enable_reg_pp0_iter0       |   1|   0|    1|          0|
    |ap_enable_reg_pp0_iter1       |   1|   0|    1|          0|
    |i_reg_147                     |   9|   0|    9|          0|
    |icmp_ln86_reg_264             |   1|   0|    1|          0|
    |lhs_reg_158                   |  32|   0|   32|          0|
    |mlp_out_local16_addr_reg_254  |  10|   0|   10|          0|
    +------------------------------+----+----+-----+-----------+
    |Total                         |  58|   0|   58|          0|
    +------------------------------+----+----+-----+-----------+



================================================================
== Interface
================================================================
* Summary: 
+----------------------------------+-----+-----+------------+---------------------------+--------------+
|             RTL Ports            | Dir | Bits|  Protocol  |       Source Object       |    C Type    |
+----------------------------------+-----+-----+------------+---------------------------+--------------+
|ap_clk                            |   in|    1|  ap_ctrl_hs|         MLP_PE<300, 600>43|  return value|
|ap_rst                            |   in|    1|  ap_ctrl_hs|         MLP_PE<300, 600>43|  return value|
|ap_start                          |   in|    1|  ap_ctrl_hs|         MLP_PE<300, 600>43|  return value|
|ap_done                           |  out|    1|  ap_ctrl_hs|         MLP_PE<300, 600>43|  return value|
|ap_continue                       |   in|    1|  ap_ctrl_hs|         MLP_PE<300, 600>43|  return value|
|ap_idle                           |  out|    1|  ap_ctrl_hs|         MLP_PE<300, 600>43|  return value|
|ap_ready                          |  out|    1|  ap_ctrl_hs|         MLP_PE<300, 600>43|  return value|
|mlp_weight_fifo_1_V_V_dout        |   in|   32|     ap_fifo|      mlp_weight_fifo_1_V_V|       pointer|
|mlp_weight_fifo_1_V_V_empty_n     |   in|    1|     ap_fifo|      mlp_weight_fifo_1_V_V|       pointer|
|mlp_weight_fifo_1_V_V_read        |  out|    1|     ap_fifo|      mlp_weight_fifo_1_V_V|       pointer|
|mlp_weight_fifo_2_V_V_din         |  out|   32|     ap_fifo|      mlp_weight_fifo_2_V_V|       pointer|
|mlp_weight_fifo_2_V_V_full_n      |   in|    1|     ap_fifo|      mlp_weight_fifo_2_V_V|       pointer|
|mlp_weight_fifo_2_V_V_write       |  out|    1|     ap_fifo|      mlp_weight_fifo_2_V_V|       pointer|
|mlp_1_bias_V_load_loc_dout        |   in|   32|     ap_fifo|      mlp_1_bias_V_load_loc|       pointer|
|mlp_1_bias_V_load_loc_empty_n     |   in|    1|     ap_fifo|      mlp_1_bias_V_load_loc|       pointer|
|mlp_1_bias_V_load_loc_read        |  out|    1|     ap_fifo|      mlp_1_bias_V_load_loc|       pointer|
|mlp_in_local1_address0            |  out|    9|   ap_memory|              mlp_in_local1|         array|
|mlp_in_local1_ce0                 |  out|    1|   ap_memory|              mlp_in_local1|         array|
|mlp_in_local1_q0                  |   in|   32|   ap_memory|              mlp_in_local1|         array|
|mlp_out_local16_address0          |  out|   10|   ap_memory|            mlp_out_local16|         array|
|mlp_out_local16_ce0               |  out|    1|   ap_memory|            mlp_out_local16|         array|
|mlp_out_local16_we0               |  out|    1|   ap_memory|            mlp_out_local16|         array|
|mlp_out_local16_d0                |  out|   31|   ap_memory|            mlp_out_local16|         array|
|d_out_dout                        |   in|   10|     ap_fifo|                      d_out|       pointer|
|d_out_empty_n                     |   in|    1|     ap_fifo|                      d_out|       pointer|
|d_out_read                        |  out|    1|     ap_fifo|                      d_out|       pointer|
|mlp_1_bias_V_load_loc_out_din     |  out|   32|     ap_fifo|  mlp_1_bias_V_load_loc_out|       pointer|
|mlp_1_bias_V_load_loc_out_full_n  |   in|    1|     ap_fifo|  mlp_1_bias_V_load_loc_out|       pointer|
|mlp_1_bias_V_load_loc_out_write   |  out|    1|     ap_fifo|  mlp_1_bias_V_load_loc_out|       pointer|
|d_out_out_din                     |  out|   10|     ap_fifo|                  d_out_out|       pointer|
|d_out_out_full_n                  |   in|    1|     ap_fifo|                  d_out_out|       pointer|
|d_out_out_write                   |  out|    1|     ap_fifo|                  d_out_out|       pointer|
+----------------------------------+-----+-----+------------+---------------------------+--------------+

