

================================================================
== Vitis HLS Report for 'MLP_PE_147'
================================================================
* Date:           Mon Apr 12 16:08:29 2021

* Version:        2020.2 (Build 3064766 on Wed Nov 18 09:12:47 MST 2020)
* Project:        project_1
* Solution:       solution1 (Vivado IP Flow Target)
* Product family: virtexuplus
* Target device:  xcu280-fsvh2892-2L-e


================================================================
== Performance Estimates
================================================================
+ Timing: 
    * Summary: 
    +--------+----------+----------+------------+
    |  Clock |  Target  | Estimated| Uncertainty|
    +--------+----------+----------+------------+
    |ap_clk  |  10.00 ns|  5.580 ns|     2.70 ns|
    +--------+----------+----------+------------+

+ Latency: 
    * Summary: 
    +---------+---------+----------+----------+-----+-----+---------+
    |  Latency (cycles) |  Latency (absolute) |  Interval | Pipeline|
    |   min   |   max   |    min   |    max   | min | max |   Type  |
    +---------+---------+----------+----------+-----+-----+---------+
    |      316|      316|  3.160 us|  3.160 us|  316|  316|     none|
    +---------+---------+----------+----------+-----+-----+---------+

    + Detail: 
        * Instance: 
        N/A

        * Loop: 
        +-------------------+---------+---------+----------+-----------+-----------+------+----------+
        |                   |  Latency (cycles) | Iteration|  Initiation Interval  | Trip |          |
        |     Loop Name     |   min   |   max   |  Latency |  achieved |   target  | Count| Pipelined|
        +-------------------+---------+---------+----------+-----------+-----------+------+----------+
        |- VITIS_LOOP_86_1  |      314|      314|        16|          1|          1|   300|       yes|
        +-------------------+---------+---------+----------+-----------+-----------+------+----------+



================================================================
== Utilization Estimates
================================================================
* Summary: 
+---------------------+---------+------+---------+---------+-----+
|         Name        | BRAM_18K|  DSP |    FF   |   LUT   | URAM|
+---------------------+---------+------+---------+---------+-----+
|DSP                  |        -|     -|        -|        -|    -|
|Expression           |        -|     -|        0|      147|    -|
|FIFO                 |        -|     -|        -|        -|    -|
|Instance             |        -|     0|      340|      257|    -|
|Memory               |        -|     -|        -|        -|    -|
|Multiplexer          |        -|     -|        -|      115|    -|
|Register             |        -|     -|      157|       32|    -|
+---------------------+---------+------+---------+---------+-----+
|Total                |        0|     0|      497|      551|    0|
+---------------------+---------+------+---------+---------+-----+
|Available SLR        |     1344|  3008|   869120|   434560|  320|
+---------------------+---------+------+---------+---------+-----+
|Utilization SLR (%)  |        0|     0|       ~0|       ~0|    0|
+---------------------+---------+------+---------+---------+-----+
|Available            |     4032|  9024|  2607360|  1303680|  960|
+---------------------+---------+------+---------+---------+-----+
|Utilization (%)      |        0|     0|       ~0|       ~0|    0|
+---------------------+---------+------+---------+---------+-----+

+ Detail: 
    * Instance: 
    +----------------------------+------------------------+---------+----+-----+-----+-----+
    |          Instance          |         Module         | BRAM_18K| DSP|  FF | LUT | URAM|
    +----------------------------+------------------------+---------+----+-----+-----+-----+
    |mul_32s_32s_54_1_1_U86      |mul_32s_32s_54_1_1      |        0|   0|    0|   20|    0|
    |urem_11ns_11ns_11_15_1_U85  |urem_11ns_11ns_11_15_1  |        0|   0|  340|  237|    0|
    +----------------------------+------------------------+---------+----+-----+-----+-----+
    |Total                       |                        |        0|   0|  340|  257|    0|
    +----------------------------+------------------------+---------+----+-----+-----+-----+

    * DSP: 
    N/A

    * Memory: 
    N/A

    * FIFO: 
    N/A

    * Expression: 
    +------------------------------------+----------+----+---+----+------------+------------+
    |            Variable Name           | Operation| DSP| FF| LUT| Bitwidth P0| Bitwidth P1|
    +------------------------------------+----------+----+---+----+------------+------------+
    |add_ln1118_fu_179_p2                |         +|   0|  0|  20|          13|          13|
    |add_ln86_fu_155_p2                  |         +|   0|  0|  16|           9|           1|
    |ret_V_fu_228_p2                     |         +|   0|  0|  61|          54|          54|
    |ap_block_pp0_stage0_01001           |       and|   0|  0|   2|           1|           1|
    |icmp_ln86_fu_161_p2                 |      icmp|   0|  0|  11|           9|           9|
    |ap_block_state1                     |        or|   0|  0|   2|           1|           1|
    |ap_block_state17_pp0_stage0_iter15  |        or|   0|  0|   2|           1|           1|
    |select_ln92_fu_256_p3               |    select|   0|  0|  31|           1|           1|
    |ap_enable_pp0                       |       xor|   0|  0|   2|           1|           2|
    +------------------------------------+----------+----+---+----+------------+------------+
    |Total                               |          |   0|  0| 147|          90|          83|
    +------------------------------------+----------+----+---+----+------------+------------+

    * Multiplexer: 
    +---------------------------------+----+-----------+-----+-----------+
    |               Name              | LUT| Input Size| Bits| Total Bits|
    +---------------------------------+----+-----------+-----+-----------+
    |ap_NS_fsm                        |  20|          4|    1|          4|
    |ap_done                          |   9|          2|    1|          2|
    |ap_enable_reg_pp0_iter14         |   9|          2|    1|          2|
    |ap_enable_reg_pp0_iter15         |  14|          3|    1|          3|
    |i_reg_134                        |   9|          2|    9|         18|
    |lhs_reg_145                      |   9|          2|   32|         64|
    |mlp_1_bias_V_load_loc_blk_n      |   9|          2|    1|          2|
    |mlp_1_bias_V_load_loc_out_blk_n  |   9|          2|    1|          2|
    |mlp_1_weight_fifo_2_V_V_blk_n    |   9|          2|    1|          2|
    |mlp_1_weight_fifo_3_V_V_blk_n    |   9|          2|    1|          2|
    |mlp_out_local5                   |   9|          2|   31|         62|
    +---------------------------------+----+-----------+-----+-----------+
    |Total                            | 115|         25|   80|        163|
    +---------------------------------+----+-----------+-----+-----------+

    * Register: 
    +--------------------------+----+----+-----+-----------+
    |           Name           | FF | LUT| Bits| Const Bits|
    +--------------------------+----+----+-----+-----------+
    |ap_CS_fsm                 |   3|   0|    3|          0|
    |ap_done_reg               |   1|   0|    1|          0|
    |ap_enable_reg_pp0_iter0   |   1|   0|    1|          0|
    |ap_enable_reg_pp0_iter1   |   1|   0|    1|          0|
    |ap_enable_reg_pp0_iter10  |   1|   0|    1|          0|
    |ap_enable_reg_pp0_iter11  |   1|   0|    1|          0|
    |ap_enable_reg_pp0_iter12  |   1|   0|    1|          0|
    |ap_enable_reg_pp0_iter13  |   1|   0|    1|          0|
    |ap_enable_reg_pp0_iter14  |   1|   0|    1|          0|
    |ap_enable_reg_pp0_iter15  |   1|   0|    1|          0|
    |ap_enable_reg_pp0_iter2   |   1|   0|    1|          0|
    |ap_enable_reg_pp0_iter3   |   1|   0|    1|          0|
    |ap_enable_reg_pp0_iter4   |   1|   0|    1|          0|
    |ap_enable_reg_pp0_iter5   |   1|   0|    1|          0|
    |ap_enable_reg_pp0_iter6   |   1|   0|    1|          0|
    |ap_enable_reg_pp0_iter7   |   1|   0|    1|          0|
    |ap_enable_reg_pp0_iter8   |   1|   0|    1|          0|
    |ap_enable_reg_pp0_iter9   |   1|   0|    1|          0|
    |i_reg_134                 |   9|   0|    9|          0|
    |icmp_ln86_reg_275         |   1|   0|    1|          0|
    |lhs_reg_145               |  32|   0|   32|          0|
    |mlp_out_local5_preg       |  31|   0|   31|          0|
    |icmp_ln86_reg_275         |  64|  32|    1|          0|
    +--------------------------+----+----+-----+-----------+
    |Total                     | 157|  32|   94|          0|
    +--------------------------+----+----+-----+-----------+



================================================================
== Interface
================================================================
* Summary: 
+----------------------------------+-----+-----+------------+---------------------------+--------------+
|             RTL Ports            | Dir | Bits|  Protocol  |       Source Object       |    C Type    |
+----------------------------------+-----+-----+------------+---------------------------+--------------+
|ap_clk                            |   in|    1|  ap_ctrl_hs|                 MLP_PE.147|  return value|
|ap_rst                            |   in|    1|  ap_ctrl_hs|                 MLP_PE.147|  return value|
|ap_start                          |   in|    1|  ap_ctrl_hs|                 MLP_PE.147|  return value|
|ap_done                           |  out|    1|  ap_ctrl_hs|                 MLP_PE.147|  return value|
|ap_continue                       |   in|    1|  ap_ctrl_hs|                 MLP_PE.147|  return value|
|ap_idle                           |  out|    1|  ap_ctrl_hs|                 MLP_PE.147|  return value|
|ap_ready                          |  out|    1|  ap_ctrl_hs|                 MLP_PE.147|  return value|
|mlp_in_local2_address0            |  out|   10|   ap_memory|              mlp_in_local2|         array|
|mlp_in_local2_ce0                 |  out|    1|   ap_memory|              mlp_in_local2|         array|
|mlp_in_local2_q0                  |   in|   32|   ap_memory|              mlp_in_local2|         array|
|mlp_1_weight_fifo_2_V_V_dout      |   in|   32|     ap_fifo|    mlp_1_weight_fifo_2_V_V|       pointer|
|mlp_1_weight_fifo_2_V_V_empty_n   |   in|    1|     ap_fifo|    mlp_1_weight_fifo_2_V_V|       pointer|
|mlp_1_weight_fifo_2_V_V_read      |  out|    1|     ap_fifo|    mlp_1_weight_fifo_2_V_V|       pointer|
|mlp_1_weight_fifo_3_V_V_din       |  out|   32|     ap_fifo|    mlp_1_weight_fifo_3_V_V|       pointer|
|mlp_1_weight_fifo_3_V_V_full_n    |   in|    1|     ap_fifo|    mlp_1_weight_fifo_3_V_V|       pointer|
|mlp_1_weight_fifo_3_V_V_write     |  out|    1|     ap_fifo|    mlp_1_weight_fifo_3_V_V|       pointer|
|mlp_1_bias_V_load_loc_dout        |   in|   32|     ap_fifo|      mlp_1_bias_V_load_loc|       pointer|
|mlp_1_bias_V_load_loc_empty_n     |   in|    1|     ap_fifo|      mlp_1_bias_V_load_loc|       pointer|
|mlp_1_bias_V_load_loc_read        |  out|    1|     ap_fifo|      mlp_1_bias_V_load_loc|       pointer|
|mlp_out_local5                    |  out|   31|      ap_vld|             mlp_out_local5|       pointer|
|mlp_out_local5_ap_vld             |  out|    1|      ap_vld|             mlp_out_local5|       pointer|
|mlp_1_bias_V_load_loc_out_din     |  out|   32|     ap_fifo|  mlp_1_bias_V_load_loc_out|       pointer|
|mlp_1_bias_V_load_loc_out_full_n  |   in|    1|     ap_fifo|  mlp_1_bias_V_load_loc_out|       pointer|
|mlp_1_bias_V_load_loc_out_write   |  out|    1|     ap_fifo|  mlp_1_bias_V_load_loc_out|       pointer|
+----------------------------------+-----+-----+------------+---------------------------+--------------+

