

================================================================
== Vitis HLS Report for 'MLP_batch_nodes_600_300_Block_split13_proc'
================================================================
* Date:           Mon Apr 12 19:27:26 2021

* Version:        2020.2 (Build 3064766 on Wed Nov 18 09:12:47 MST 2020)
* Project:        project_1
* Solution:       solution1 (Vivado IP Flow Target)
* Product family: virtexuplus
* Target device:  xcu280-fsvh2892-2L-e


================================================================
== Performance Estimates
================================================================
+ Timing: 
    * Summary: 
    +--------+----------+----------+------------+
    |  Clock |  Target  | Estimated| Uncertainty|
    +--------+----------+----------+------------+
    |ap_clk  |  10.00 ns|  2.594 ns|     2.70 ns|
    +--------+----------+----------+------------+

+ Latency: 
    * Summary: 
    +---------+---------+-----------+-----------+-----+-----+---------+
    |  Latency (cycles) |   Latency (absolute)  |  Interval | Pipeline|
    |   min   |   max   |    min    |    max    | min | max |   Type  |
    +---------+---------+-----------+-----------+-----+-----+---------+
    |        1|        1|  10.000 ns|  10.000 ns|    1|    1|     none|
    +---------+---------+-----------+-----------+-----+-----+---------+

    + Detail: 
        * Instance: 
        N/A

        * Loop: 
        N/A



================================================================
== Utilization Estimates
================================================================
* Summary: 
+---------------------+---------+------+---------+---------+-----+
|         Name        | BRAM_18K|  DSP |    FF   |   LUT   | URAM|
+---------------------+---------+------+---------+---------+-----+
|DSP                  |        -|     -|        -|        -|    -|
|Expression           |        -|     -|        0|        2|    -|
|FIFO                 |        -|     -|        -|        -|    -|
|Instance             |        -|     -|        -|        -|    -|
|Memory               |        -|     -|        -|        -|    -|
|Multiplexer          |        -|     -|        -|       41|    -|
|Register             |        -|     -|        3|        -|    -|
+---------------------+---------+------+---------+---------+-----+
|Total                |        0|     0|        3|       43|    0|
+---------------------+---------+------+---------+---------+-----+
|Available SLR        |     1344|  3008|   869120|   434560|  320|
+---------------------+---------+------+---------+---------+-----+
|Utilization SLR (%)  |        0|     0|       ~0|       ~0|    0|
+---------------------+---------+------+---------+---------+-----+
|Available            |     4032|  9024|  2607360|  1303680|  960|
+---------------------+---------+------+---------+---------+-----+
|Utilization (%)      |        0|     0|       ~0|       ~0|    0|
+---------------------+---------+------+---------+---------+-----+

+ Detail: 
    * Instance: 
    N/A

    * DSP: 
    N/A

    * Memory: 
    N/A

    * FIFO: 
    N/A

    * Expression: 
    +-----------------+----------+----+---+----+------------+------------+
    |  Variable Name  | Operation| DSP| FF| LUT| Bitwidth P0| Bitwidth P1|
    +-----------------+----------+----+---+----+------------+------------+
    |ap_block_state1  |        or|   0|  0|   2|           1|           1|
    +-----------------+----------+----+---+----+------------+------------+
    |Total            |          |   0|  0|   2|           1|           1|
    +-----------------+----------+----+---+----+------------+------------+

    * Multiplexer: 
    +---------------------------------+----+-----------+-----+-----------+
    |               Name              | LUT| Input Size| Bits| Total Bits|
    +---------------------------------+----+-----------+-----+-----------+
    |ap_NS_fsm                        |  14|          3|    1|          3|
    |ap_done                          |   9|          2|    1|          2|
    |d_out_blk_n                      |   9|          2|    1|          2|
    |mlp_2_bias_V_load_out_out_blk_n  |   9|          2|    1|          2|
    +---------------------------------+----+-----------+-----+-----------+
    |Total                            |  41|          9|    4|          9|
    +---------------------------------+----+-----------+-----+-----------+

    * Register: 
    +-------------+---+----+-----+-----------+
    |     Name    | FF| LUT| Bits| Const Bits|
    +-------------+---+----+-----+-----------+
    |ap_CS_fsm    |  2|   0|    2|          0|
    |ap_done_reg  |  1|   0|    1|          0|
    +-------------+---+----+-----+-----------+
    |Total        |  3|   0|    3|          0|
    +-------------+---+----+-----+-----------+



================================================================
== Interface
================================================================
* Summary: 
+----------------------------------+-----+-----+------------+-----------------------------------------------+--------------+
|             RTL Ports            | Dir | Bits|  Protocol  |                 Source Object                 |    C Type    |
+----------------------------------+-----+-----+------------+-----------------------------------------------+--------------+
|ap_clk                            |   in|    1|  ap_ctrl_hs|  MLP_batch_nodes<600, 300>_Block_.split13_proc|  return value|
|ap_rst                            |   in|    1|  ap_ctrl_hs|  MLP_batch_nodes<600, 300>_Block_.split13_proc|  return value|
|ap_start                          |   in|    1|  ap_ctrl_hs|  MLP_batch_nodes<600, 300>_Block_.split13_proc|  return value|
|ap_done                           |  out|    1|  ap_ctrl_hs|  MLP_batch_nodes<600, 300>_Block_.split13_proc|  return value|
|ap_continue                       |   in|    1|  ap_ctrl_hs|  MLP_batch_nodes<600, 300>_Block_.split13_proc|  return value|
|ap_idle                           |  out|    1|  ap_ctrl_hs|  MLP_batch_nodes<600, 300>_Block_.split13_proc|  return value|
|ap_ready                          |  out|    1|  ap_ctrl_hs|  MLP_batch_nodes<600, 300>_Block_.split13_proc|  return value|
|d_out_dout                        |   in|    9|     ap_fifo|                                          d_out|       pointer|
|d_out_empty_n                     |   in|    1|     ap_fifo|                                          d_out|       pointer|
|d_out_read                        |  out|    1|     ap_fifo|                                          d_out|       pointer|
|mlp_2_bias_V_load_out_out_din     |  out|   32|     ap_fifo|                      mlp_2_bias_V_load_out_out|       pointer|
|mlp_2_bias_V_load_out_out_full_n  |   in|    1|     ap_fifo|                      mlp_2_bias_V_load_out_out|       pointer|
|mlp_2_bias_V_load_out_out_write   |  out|    1|     ap_fifo|                      mlp_2_bias_V_load_out_out|       pointer|
|mlp_2_bias_V_address0             |  out|    9|   ap_memory|                                   mlp_2_bias_V|         array|
|mlp_2_bias_V_ce0                  |  out|    1|   ap_memory|                                   mlp_2_bias_V|         array|
|mlp_2_bias_V_q0                   |   in|   32|   ap_memory|                                   mlp_2_bias_V|         array|
+----------------------------------+-----+-----+------------+-----------------------------------------------+--------------+

