

================================================================
== Vitis HLS Report for 'MLP_batch_nodes_300_600_s'
================================================================
* Date:           Mon Apr 12 19:27:24 2021

* Version:        2020.2 (Build 3064766 on Wed Nov 18 09:12:47 MST 2020)
* Project:        project_1
* Solution:       solution1 (Vivado IP Flow Target)
* Product family: virtexuplus
* Target device:  xcu280-fsvh2892-2L-e


================================================================
== Performance Estimates
================================================================
+ Timing: 
    * Summary: 
    +--------+----------+----------+------------+
    |  Clock |  Target  | Estimated| Uncertainty|
    +--------+----------+----------+------------+
    |ap_clk  |  10.00 ns|  5.580 ns|     2.70 ns|
    +--------+----------+----------+------------+

+ Latency: 
    * Summary: 
    +---------+---------+----------+----------+-----+-----+----------+
    |  Latency (cycles) |  Latency (absolute) |  Interval | Pipeline |
    |   min   |   max   |    min   |    max   | min | max |   Type   |
    +---------+---------+----------+----------+-----+-----+----------+
    |      322|      322|  3.220 us|  3.220 us|  306|  306|  dataflow|
    +---------+---------+----------+----------+-----+-----+----------+

    + Detail: 
        * Instance: 
        +-----------------------------------------------+--------------------------------------------+---------+---------+-----------+-----------+-----+-----+---------+
        |                                               |                                            |  Latency (cycles) |   Latency (absolute)  |  Interval | Pipeline|
        |                    Instance                   |                   Module                   |   min   |   max   |    min    |    max    | min | max |   Type  |
        +-----------------------------------------------+--------------------------------------------+---------+---------+-----------+-----------+-----+-----+---------+
        |MLP_PE_300_600_42_U0                           |MLP_PE_300_600_42                           |      302|      302|   3.020 us|   3.020 us|  302|  302|     none|
        |MLP_PE_300_600_43_U0                           |MLP_PE_300_600_43                           |      302|      302|   3.020 us|   3.020 us|  302|  302|     none|
        |MLP_PE_300_600_44_U0                           |MLP_PE_300_600_44                           |      302|      302|   3.020 us|   3.020 us|  302|  302|     none|
        |MLP_PE_300_600_45_U0                           |MLP_PE_300_600_45                           |      302|      302|   3.020 us|   3.020 us|  302|  302|     none|
        |MLP_PE_300_600_46_U0                           |MLP_PE_300_600_46                           |      302|      302|   3.020 us|   3.020 us|  302|  302|     none|
        |MLP_PE_300_600_47_U0                           |MLP_PE_300_600_47                           |      302|      302|   3.020 us|   3.020 us|  302|  302|     none|
        |MLP_PE_300_600_48_U0                           |MLP_PE_300_600_48                           |      302|      302|   3.020 us|   3.020 us|  302|  302|     none|
        |MLP_PE_300_600_49_U0                           |MLP_PE_300_600_49                           |      302|      302|   3.020 us|   3.020 us|  302|  302|     none|
        |MLP_PE_300_600_50_U0                           |MLP_PE_300_600_50                           |      302|      302|   3.020 us|   3.020 us|  302|  302|     none|
        |MLP_PE_300_600_51_U0                           |MLP_PE_300_600_51                           |      302|      302|   3.020 us|   3.020 us|  302|  302|     none|
        |MLP_PE_300_600_52_U0                           |MLP_PE_300_600_52                           |      302|      302|   3.020 us|   3.020 us|  302|  302|     none|
        |MLP_PE_300_600_53_U0                           |MLP_PE_300_600_53                           |      302|      302|   3.020 us|   3.020 us|  302|  302|     none|
        |MLP_PE_300_600_54_U0                           |MLP_PE_300_600_54                           |      302|      302|   3.020 us|   3.020 us|  302|  302|     none|
        |MLP_PE_300_600_55_U0                           |MLP_PE_300_600_55                           |      302|      302|   3.020 us|   3.020 us|  302|  302|     none|
        |MLP_PE_300_600_56_U0                           |MLP_PE_300_600_56                           |      302|      302|   3.020 us|   3.020 us|  302|  302|     none|
        |MLP_PE_300_600_57_U0                           |MLP_PE_300_600_57                           |      302|      302|   3.020 us|   3.020 us|  302|  302|     none|
        |load_mlp_weight_vector_300_600_U0              |load_mlp_weight_vector_300_600_s            |      305|      305|   3.050 us|   3.050 us|  305|  305|     none|
        |MLP_batch_nodes_300_600_Block_split13_proc_U0  |MLP_batch_nodes_300_600_Block_split13_proc  |        1|        1|  10.000 ns|  10.000 ns|    1|    1|     none|
        |MLP_batch_nodes_300_600_entry142_U0            |MLP_batch_nodes_300_600_entry142            |        0|        0|       0 ns|       0 ns|    0|    0|     none|
        +-----------------------------------------------+--------------------------------------------+---------+---------+-----------+-----------+-----+-----+---------+

        * Loop: 
        N/A



================================================================
== Utilization Estimates
================================================================
* Summary: 
+---------------------+---------+------+---------+---------+-----+
|         Name        | BRAM_18K|  DSP |    FF   |   LUT   | URAM|
+---------------------+---------+------+---------+---------+-----+
|DSP                  |        -|     -|        -|        -|    -|
|Expression           |        -|     -|        0|       84|    -|
|FIFO                 |        -|     -|     2824|     1694|    -|
|Instance             |        -|     1|      970|     4427|    -|
|Memory               |        -|     -|        -|        -|    -|
|Multiplexer          |        -|     -|        -|      171|    -|
|Register             |        -|     -|       19|        -|    -|
+---------------------+---------+------+---------+---------+-----+
|Total                |        0|     1|     3813|     6376|    0|
+---------------------+---------+------+---------+---------+-----+
|Available SLR        |     1344|  3008|   869120|   434560|  320|
+---------------------+---------+------+---------+---------+-----+
|Utilization SLR (%)  |        0|    ~0|       ~0|        1|    0|
+---------------------+---------+------+---------+---------+-----+
|Available            |     4032|  9024|  2607360|  1303680|  960|
+---------------------+---------+------+---------+---------+-----+
|Utilization (%)      |        0|    ~0|       ~0|       ~0|    0|
+---------------------+---------+------+---------+---------+-----+

+ Detail: 
    * Instance: 
    +-----------------------------------------------+--------------------------------------------+---------+----+----+-----+-----+
    |                    Instance                   |                   Module                   | BRAM_18K| DSP| FF | LUT | URAM|
    +-----------------------------------------------+--------------------------------------------+---------+----+----+-----+-----+
    |MLP_PE_300_600_42_U0                           |MLP_PE_300_600_42                           |        0|   0|  58|  264|    0|
    |MLP_PE_300_600_43_U0                           |MLP_PE_300_600_43                           |        0|   0|  58|  264|    0|
    |MLP_PE_300_600_44_U0                           |MLP_PE_300_600_44                           |        0|   0|  58|  264|    0|
    |MLP_PE_300_600_45_U0                           |MLP_PE_300_600_45                           |        0|   0|  58|  264|    0|
    |MLP_PE_300_600_46_U0                           |MLP_PE_300_600_46                           |        0|   0|  58|  264|    0|
    |MLP_PE_300_600_47_U0                           |MLP_PE_300_600_47                           |        0|   0|  58|  264|    0|
    |MLP_PE_300_600_48_U0                           |MLP_PE_300_600_48                           |        0|   0|  58|  264|    0|
    |MLP_PE_300_600_49_U0                           |MLP_PE_300_600_49                           |        0|   0|  58|  264|    0|
    |MLP_PE_300_600_50_U0                           |MLP_PE_300_600_50                           |        0|   0|  58|  264|    0|
    |MLP_PE_300_600_51_U0                           |MLP_PE_300_600_51                           |        0|   0|  58|  264|    0|
    |MLP_PE_300_600_52_U0                           |MLP_PE_300_600_52                           |        0|   0|  58|  264|    0|
    |MLP_PE_300_600_53_U0                           |MLP_PE_300_600_53                           |        0|   0|  58|  264|    0|
    |MLP_PE_300_600_54_U0                           |MLP_PE_300_600_54                           |        0|   0|  58|  264|    0|
    |MLP_PE_300_600_55_U0                           |MLP_PE_300_600_55                           |        0|   0|  58|  264|    0|
    |MLP_PE_300_600_56_U0                           |MLP_PE_300_600_56                           |        0|   0|  58|  264|    0|
    |MLP_PE_300_600_57_U0                           |MLP_PE_300_600_57                           |        0|   0|  58|  237|    0|
    |MLP_batch_nodes_300_600_Block_split13_proc_U0  |MLP_batch_nodes_300_600_Block_split13_proc  |        0|   0|   3|   43|    0|
    |MLP_batch_nodes_300_600_entry142_U0            |MLP_batch_nodes_300_600_entry142            |        0|   0|   2|   29|    0|
    |load_mlp_weight_vector_300_600_U0              |load_mlp_weight_vector_300_600_s            |        0|   1|  37|  158|    0|
    +-----------------------------------------------+--------------------------------------------+---------+----+----+-----+-----+
    |Total                                          |                                            |        0|   1| 970| 4427|    0|
    +-----------------------------------------------+--------------------------------------------+---------+----+----+-----+-----+

    * DSP: 
    N/A

    * Memory: 
    N/A

    * FIFO: 
    +-----------------------------+---------+----+----+-----+------+-----+---------+
    |             Name            | BRAM_18K| FF | LUT| URAM| Depth| Bits| Size:D*B|
    +-----------------------------+---------+----+----+-----+------+-----+---------+
    |d_out_c38_U                  |        0|  36|   0|    -|     2|   10|       20|
    |d_out_c39_U                  |        0|  36|   0|    -|     2|   10|       20|
    |d_out_c41_U                  |        0|  36|   0|    -|     2|   10|       20|
    |d_out_c43_U                  |        0|  36|   0|    -|     2|   10|       20|
    |d_out_c45_U                  |        0|  36|   0|    -|     2|   10|       20|
    |d_out_c47_U                  |        0|  36|   0|    -|     2|   10|       20|
    |d_out_c49_U                  |        0|  36|   0|    -|     2|   10|       20|
    |d_out_c51_U                  |        0|  36|   0|    -|     2|   10|       20|
    |d_out_c53_U                  |        0|  36|   0|    -|     2|   10|       20|
    |d_out_c55_U                  |        0|  36|   0|    -|     2|   10|       20|
    |d_out_c57_U                  |        0|  36|   0|    -|     2|   10|       20|
    |d_out_c59_U                  |        0|  36|   0|    -|     2|   10|       20|
    |d_out_c61_U                  |        0|  36|   0|    -|     2|   10|       20|
    |d_out_c63_U                  |        0|  36|   0|    -|     2|   10|       20|
    |d_out_c65_U                  |        0|  36|   0|    -|     2|   10|       20|
    |d_out_c67_U                  |        0|  36|   0|    -|     2|   10|       20|
    |d_out_c69_U                  |        0|  36|   0|    -|     2|   10|       20|
    |d_out_c_U                    |        0|  36|   0|    -|     2|   10|       20|
    |mlp_1_bias_V_load_loc_c40_U  |        0|  68|   0|    -|     2|   32|       64|
    |mlp_1_bias_V_load_loc_c42_U  |        0|  68|   0|    -|     2|   32|       64|
    |mlp_1_bias_V_load_loc_c44_U  |        0|  68|   0|    -|     2|   32|       64|
    |mlp_1_bias_V_load_loc_c46_U  |        0|  68|   0|    -|     2|   32|       64|
    |mlp_1_bias_V_load_loc_c48_U  |        0|  68|   0|    -|     2|   32|       64|
    |mlp_1_bias_V_load_loc_c50_U  |        0|  68|   0|    -|     2|   32|       64|
    |mlp_1_bias_V_load_loc_c52_U  |        0|  68|   0|    -|     2|   32|       64|
    |mlp_1_bias_V_load_loc_c54_U  |        0|  68|   0|    -|     2|   32|       64|
    |mlp_1_bias_V_load_loc_c56_U  |        0|  68|   0|    -|     2|   32|       64|
    |mlp_1_bias_V_load_loc_c58_U  |        0|  68|   0|    -|     2|   32|       64|
    |mlp_1_bias_V_load_loc_c60_U  |        0|  68|   0|    -|     2|   32|       64|
    |mlp_1_bias_V_load_loc_c62_U  |        0|  68|   0|    -|     2|   32|       64|
    |mlp_1_bias_V_load_loc_c64_U  |        0|  68|   0|    -|     2|   32|       64|
    |mlp_1_bias_V_load_loc_c66_U  |        0|  68|   0|    -|     2|   32|       64|
    |mlp_1_bias_V_load_loc_c68_U  |        0|  68|   0|    -|     2|   32|       64|
    |mlp_1_bias_V_load_loc_c_U    |        0|  68|   0|    -|     2|   32|       64|
    |mlp_weight_fifo_0_V_V_U      |        0|  68|   0|    -|     2|   32|       64|
    |mlp_weight_fifo_10_V_V_U     |        0|  68|   0|    -|     2|   32|       64|
    |mlp_weight_fifo_11_V_V_U     |        0|  68|   0|    -|     2|   32|       64|
    |mlp_weight_fifo_12_V_V_U     |        0|  68|   0|    -|     2|   32|       64|
    |mlp_weight_fifo_13_V_V_U     |        0|  68|   0|    -|     2|   32|       64|
    |mlp_weight_fifo_14_V_V_U     |        0|  68|   0|    -|     2|   32|       64|
    |mlp_weight_fifo_15_V_V_U     |        0|  68|   0|    -|     2|   32|       64|
    |mlp_weight_fifo_1_V_V_U      |        0|  68|   0|    -|     2|   32|       64|
    |mlp_weight_fifo_2_V_V_U      |        0|  68|   0|    -|     2|   32|       64|
    |mlp_weight_fifo_3_V_V_U      |        0|  68|   0|    -|     2|   32|       64|
    |mlp_weight_fifo_4_V_V_U      |        0|  68|   0|    -|     2|   32|       64|
    |mlp_weight_fifo_5_V_V_U      |        0|  68|   0|    -|     2|   32|       64|
    |mlp_weight_fifo_6_V_V_U      |        0|  68|   0|    -|     2|   32|       64|
    |mlp_weight_fifo_7_V_V_U      |        0|  68|   0|    -|     2|   32|       64|
    |mlp_weight_fifo_8_V_V_U      |        0|  68|   0|    -|     2|   32|       64|
    |mlp_weight_fifo_9_V_V_U      |        0|  68|   0|    -|     2|   32|       64|
    +-----------------------------+---------+----+----+-----+------+-----+---------+
    |Total                        |        0|2824|   0|    0|   100| 1204|     2408|
    +-----------------------------+---------+----+----+-----+------+-----+---------+

    * Expression: 
    +----------------------------------------------------------------+----------+----+---+----+------------+------------+
    |                          Variable Name                         | Operation| DSP| FF| LUT| Bitwidth P0| Bitwidth P1|
    +----------------------------------------------------------------+----------+----+---+----+------------+------------+
    |MLP_PE_300_600_42_U0_ap_start                                   |       and|   0|  0|   2|           1|           1|
    |MLP_PE_300_600_43_U0_ap_start                                   |       and|   0|  0|   2|           1|           1|
    |MLP_PE_300_600_44_U0_ap_start                                   |       and|   0|  0|   2|           1|           1|
    |MLP_PE_300_600_45_U0_ap_start                                   |       and|   0|  0|   2|           1|           1|
    |MLP_PE_300_600_46_U0_ap_start                                   |       and|   0|  0|   2|           1|           1|
    |MLP_PE_300_600_47_U0_ap_start                                   |       and|   0|  0|   2|           1|           1|
    |MLP_PE_300_600_48_U0_ap_start                                   |       and|   0|  0|   2|           1|           1|
    |MLP_PE_300_600_49_U0_ap_start                                   |       and|   0|  0|   2|           1|           1|
    |MLP_PE_300_600_50_U0_ap_start                                   |       and|   0|  0|   2|           1|           1|
    |MLP_PE_300_600_51_U0_ap_start                                   |       and|   0|  0|   2|           1|           1|
    |MLP_PE_300_600_52_U0_ap_start                                   |       and|   0|  0|   2|           1|           1|
    |MLP_PE_300_600_53_U0_ap_start                                   |       and|   0|  0|   2|           1|           1|
    |MLP_PE_300_600_54_U0_ap_start                                   |       and|   0|  0|   2|           1|           1|
    |MLP_PE_300_600_55_U0_ap_start                                   |       and|   0|  0|   2|           1|           1|
    |MLP_PE_300_600_56_U0_ap_start                                   |       and|   0|  0|   2|           1|           1|
    |MLP_PE_300_600_57_U0_ap_start                                   |       and|   0|  0|   2|           1|           1|
    |MLP_batch_nodes_300_600_Block_split13_proc_U0_ap_start          |       and|   0|  0|   2|           1|           1|
    |MLP_batch_nodes_300_600_entry142_U0_ap_start                    |       and|   0|  0|   2|           1|           1|
    |ap_idle                                                         |       and|   0|  0|   2|           1|           1|
    |ap_sync_continue                                                |       and|   0|  0|   2|           1|           1|
    |ap_sync_done                                                    |       and|   0|  0|   2|           1|           1|
    |ap_sync_ready                                                   |       and|   0|  0|   2|           1|           1|
    |load_mlp_weight_vector_300_600_U0_ap_start                      |       and|   0|  0|   2|           1|           1|
    |ap_sync_MLP_PE_300_600_42_U0_ap_ready                           |        or|   0|  0|   2|           1|           1|
    |ap_sync_MLP_PE_300_600_43_U0_ap_ready                           |        or|   0|  0|   2|           1|           1|
    |ap_sync_MLP_PE_300_600_44_U0_ap_ready                           |        or|   0|  0|   2|           1|           1|
    |ap_sync_MLP_PE_300_600_45_U0_ap_ready                           |        or|   0|  0|   2|           1|           1|
    |ap_sync_MLP_PE_300_600_46_U0_ap_ready                           |        or|   0|  0|   2|           1|           1|
    |ap_sync_MLP_PE_300_600_47_U0_ap_ready                           |        or|   0|  0|   2|           1|           1|
    |ap_sync_MLP_PE_300_600_48_U0_ap_ready                           |        or|   0|  0|   2|           1|           1|
    |ap_sync_MLP_PE_300_600_49_U0_ap_ready                           |        or|   0|  0|   2|           1|           1|
    |ap_sync_MLP_PE_300_600_50_U0_ap_ready                           |        or|   0|  0|   2|           1|           1|
    |ap_sync_MLP_PE_300_600_51_U0_ap_ready                           |        or|   0|  0|   2|           1|           1|
    |ap_sync_MLP_PE_300_600_52_U0_ap_ready                           |        or|   0|  0|   2|           1|           1|
    |ap_sync_MLP_PE_300_600_53_U0_ap_ready                           |        or|   0|  0|   2|           1|           1|
    |ap_sync_MLP_PE_300_600_54_U0_ap_ready                           |        or|   0|  0|   2|           1|           1|
    |ap_sync_MLP_PE_300_600_55_U0_ap_ready                           |        or|   0|  0|   2|           1|           1|
    |ap_sync_MLP_PE_300_600_56_U0_ap_ready                           |        or|   0|  0|   2|           1|           1|
    |ap_sync_MLP_PE_300_600_57_U0_ap_ready                           |        or|   0|  0|   2|           1|           1|
    |ap_sync_MLP_batch_nodes_300_600_Block_split13_proc_U0_ap_ready  |        or|   0|  0|   2|           1|           1|
    |ap_sync_MLP_batch_nodes_300_600_entry142_U0_ap_ready            |        or|   0|  0|   2|           1|           1|
    |ap_sync_load_mlp_weight_vector_300_600_U0_ap_ready              |        or|   0|  0|   2|           1|           1|
    +----------------------------------------------------------------+----------+----+---+----+------------+------------+
    |Total                                                           |          |   0|  0|  84|          42|          42|
    +----------------------------------------------------------------+----------+----+---+----+------------+------------+

    * Multiplexer: 
    +--------------------------------------------------------------------+----+-----------+-----+-----------+
    |                                Name                                | LUT| Input Size| Bits| Total Bits|
    +--------------------------------------------------------------------+----+-----------+-----+-----------+
    |ap_sync_reg_MLP_PE_300_600_42_U0_ap_ready                           |   9|          2|    1|          2|
    |ap_sync_reg_MLP_PE_300_600_43_U0_ap_ready                           |   9|          2|    1|          2|
    |ap_sync_reg_MLP_PE_300_600_44_U0_ap_ready                           |   9|          2|    1|          2|
    |ap_sync_reg_MLP_PE_300_600_45_U0_ap_ready                           |   9|          2|    1|          2|
    |ap_sync_reg_MLP_PE_300_600_46_U0_ap_ready                           |   9|          2|    1|          2|
    |ap_sync_reg_MLP_PE_300_600_47_U0_ap_ready                           |   9|          2|    1|          2|
    |ap_sync_reg_MLP_PE_300_600_48_U0_ap_ready                           |   9|          2|    1|          2|
    |ap_sync_reg_MLP_PE_300_600_49_U0_ap_ready                           |   9|          2|    1|          2|
    |ap_sync_reg_MLP_PE_300_600_50_U0_ap_ready                           |   9|          2|    1|          2|
    |ap_sync_reg_MLP_PE_300_600_51_U0_ap_ready                           |   9|          2|    1|          2|
    |ap_sync_reg_MLP_PE_300_600_52_U0_ap_ready                           |   9|          2|    1|          2|
    |ap_sync_reg_MLP_PE_300_600_53_U0_ap_ready                           |   9|          2|    1|          2|
    |ap_sync_reg_MLP_PE_300_600_54_U0_ap_ready                           |   9|          2|    1|          2|
    |ap_sync_reg_MLP_PE_300_600_55_U0_ap_ready                           |   9|          2|    1|          2|
    |ap_sync_reg_MLP_PE_300_600_56_U0_ap_ready                           |   9|          2|    1|          2|
    |ap_sync_reg_MLP_PE_300_600_57_U0_ap_ready                           |   9|          2|    1|          2|
    |ap_sync_reg_MLP_batch_nodes_300_600_Block_split13_proc_U0_ap_ready  |   9|          2|    1|          2|
    |ap_sync_reg_MLP_batch_nodes_300_600_entry142_U0_ap_ready            |   9|          2|    1|          2|
    |ap_sync_reg_load_mlp_weight_vector_300_600_U0_ap_ready              |   9|          2|    1|          2|
    +--------------------------------------------------------------------+----+-----------+-----+-----------+
    |Total                                                               | 171|         38|   19|         38|
    +--------------------------------------------------------------------+----+-----------+-----+-----------+

    * Register: 
    +--------------------------------------------------------------------+---+----+-----+-----------+
    |                                Name                                | FF| LUT| Bits| Const Bits|
    +--------------------------------------------------------------------+---+----+-----+-----------+
    |ap_sync_reg_MLP_PE_300_600_42_U0_ap_ready                           |  1|   0|    1|          0|
    |ap_sync_reg_MLP_PE_300_600_43_U0_ap_ready                           |  1|   0|    1|          0|
    |ap_sync_reg_MLP_PE_300_600_44_U0_ap_ready                           |  1|   0|    1|          0|
    |ap_sync_reg_MLP_PE_300_600_45_U0_ap_ready                           |  1|   0|    1|          0|
    |ap_sync_reg_MLP_PE_300_600_46_U0_ap_ready                           |  1|   0|    1|          0|
    |ap_sync_reg_MLP_PE_300_600_47_U0_ap_ready                           |  1|   0|    1|          0|
    |ap_sync_reg_MLP_PE_300_600_48_U0_ap_ready                           |  1|   0|    1|          0|
    |ap_sync_reg_MLP_PE_300_600_49_U0_ap_ready                           |  1|   0|    1|          0|
    |ap_sync_reg_MLP_PE_300_600_50_U0_ap_ready                           |  1|   0|    1|          0|
    |ap_sync_reg_MLP_PE_300_600_51_U0_ap_ready                           |  1|   0|    1|          0|
    |ap_sync_reg_MLP_PE_300_600_52_U0_ap_ready                           |  1|   0|    1|          0|
    |ap_sync_reg_MLP_PE_300_600_53_U0_ap_ready                           |  1|   0|    1|          0|
    |ap_sync_reg_MLP_PE_300_600_54_U0_ap_ready                           |  1|   0|    1|          0|
    |ap_sync_reg_MLP_PE_300_600_55_U0_ap_ready                           |  1|   0|    1|          0|
    |ap_sync_reg_MLP_PE_300_600_56_U0_ap_ready                           |  1|   0|    1|          0|
    |ap_sync_reg_MLP_PE_300_600_57_U0_ap_ready                           |  1|   0|    1|          0|
    |ap_sync_reg_MLP_batch_nodes_300_600_Block_split13_proc_U0_ap_ready  |  1|   0|    1|          0|
    |ap_sync_reg_MLP_batch_nodes_300_600_entry142_U0_ap_ready            |  1|   0|    1|          0|
    |ap_sync_reg_load_mlp_weight_vector_300_600_U0_ap_ready              |  1|   0|    1|          0|
    +--------------------------------------------------------------------+---+----+-----+-----------+
    |Total                                                               | 19|   0|   19|          0|
    +--------------------------------------------------------------------+---+----+-----+-----------+



================================================================
== Interface
================================================================
* Summary: 
+--------------------------+-----+-----+------------+---------------------------+--------------+
|         RTL Ports        | Dir | Bits|  Protocol  |       Source Object       |    C Type    |
+--------------------------+-----+-----+------------+---------------------------+--------------+
|mlp_in_local_address0     |  out|    9|   ap_memory|               mlp_in_local|         array|
|mlp_in_local_ce0          |  out|    1|   ap_memory|               mlp_in_local|         array|
|mlp_in_local_d0           |  out|   32|   ap_memory|               mlp_in_local|         array|
|mlp_in_local_q0           |   in|   32|   ap_memory|               mlp_in_local|         array|
|mlp_in_local_we0          |  out|    1|   ap_memory|               mlp_in_local|         array|
|mlp_in_local_address1     |  out|    9|   ap_memory|               mlp_in_local|         array|
|mlp_in_local_ce1          |  out|    1|   ap_memory|               mlp_in_local|         array|
|mlp_in_local_d1           |  out|   32|   ap_memory|               mlp_in_local|         array|
|mlp_in_local_q1           |   in|   32|   ap_memory|               mlp_in_local|         array|
|mlp_in_local_we1          |  out|    1|   ap_memory|               mlp_in_local|         array|
|mlp_in_local1_address0    |  out|    9|   ap_memory|              mlp_in_local1|         array|
|mlp_in_local1_ce0         |  out|    1|   ap_memory|              mlp_in_local1|         array|
|mlp_in_local1_d0          |  out|   32|   ap_memory|              mlp_in_local1|         array|
|mlp_in_local1_q0          |   in|   32|   ap_memory|              mlp_in_local1|         array|
|mlp_in_local1_we0         |  out|    1|   ap_memory|              mlp_in_local1|         array|
|mlp_in_local1_address1    |  out|    9|   ap_memory|              mlp_in_local1|         array|
|mlp_in_local1_ce1         |  out|    1|   ap_memory|              mlp_in_local1|         array|
|mlp_in_local1_d1          |  out|   32|   ap_memory|              mlp_in_local1|         array|
|mlp_in_local1_q1          |   in|   32|   ap_memory|              mlp_in_local1|         array|
|mlp_in_local1_we1         |  out|    1|   ap_memory|              mlp_in_local1|         array|
|mlp_in_local2_address0    |  out|    9|   ap_memory|              mlp_in_local2|         array|
|mlp_in_local2_ce0         |  out|    1|   ap_memory|              mlp_in_local2|         array|
|mlp_in_local2_d0          |  out|   32|   ap_memory|              mlp_in_local2|         array|
|mlp_in_local2_q0          |   in|   32|   ap_memory|              mlp_in_local2|         array|
|mlp_in_local2_we0         |  out|    1|   ap_memory|              mlp_in_local2|         array|
|mlp_in_local2_address1    |  out|    9|   ap_memory|              mlp_in_local2|         array|
|mlp_in_local2_ce1         |  out|    1|   ap_memory|              mlp_in_local2|         array|
|mlp_in_local2_d1          |  out|   32|   ap_memory|              mlp_in_local2|         array|
|mlp_in_local2_q1          |   in|   32|   ap_memory|              mlp_in_local2|         array|
|mlp_in_local2_we1         |  out|    1|   ap_memory|              mlp_in_local2|         array|
|mlp_in_local3_address0    |  out|    9|   ap_memory|              mlp_in_local3|         array|
|mlp_in_local3_ce0         |  out|    1|   ap_memory|              mlp_in_local3|         array|
|mlp_in_local3_d0          |  out|   32|   ap_memory|              mlp_in_local3|         array|
|mlp_in_local3_q0          |   in|   32|   ap_memory|              mlp_in_local3|         array|
|mlp_in_local3_we0         |  out|    1|   ap_memory|              mlp_in_local3|         array|
|mlp_in_local3_address1    |  out|    9|   ap_memory|              mlp_in_local3|         array|
|mlp_in_local3_ce1         |  out|    1|   ap_memory|              mlp_in_local3|         array|
|mlp_in_local3_d1          |  out|   32|   ap_memory|              mlp_in_local3|         array|
|mlp_in_local3_q1          |   in|   32|   ap_memory|              mlp_in_local3|         array|
|mlp_in_local3_we1         |  out|    1|   ap_memory|              mlp_in_local3|         array|
|mlp_in_local4_address0    |  out|    9|   ap_memory|              mlp_in_local4|         array|
|mlp_in_local4_ce0         |  out|    1|   ap_memory|              mlp_in_local4|         array|
|mlp_in_local4_d0          |  out|   32|   ap_memory|              mlp_in_local4|         array|
|mlp_in_local4_q0          |   in|   32|   ap_memory|              mlp_in_local4|         array|
|mlp_in_local4_we0         |  out|    1|   ap_memory|              mlp_in_local4|         array|
|mlp_in_local4_address1    |  out|    9|   ap_memory|              mlp_in_local4|         array|
|mlp_in_local4_ce1         |  out|    1|   ap_memory|              mlp_in_local4|         array|
|mlp_in_local4_d1          |  out|   32|   ap_memory|              mlp_in_local4|         array|
|mlp_in_local4_q1          |   in|   32|   ap_memory|              mlp_in_local4|         array|
|mlp_in_local4_we1         |  out|    1|   ap_memory|              mlp_in_local4|         array|
|mlp_in_local5_address0    |  out|    9|   ap_memory|              mlp_in_local5|         array|
|mlp_in_local5_ce0         |  out|    1|   ap_memory|              mlp_in_local5|         array|
|mlp_in_local5_d0          |  out|   32|   ap_memory|              mlp_in_local5|         array|
|mlp_in_local5_q0          |   in|   32|   ap_memory|              mlp_in_local5|         array|
|mlp_in_local5_we0         |  out|    1|   ap_memory|              mlp_in_local5|         array|
|mlp_in_local5_address1    |  out|    9|   ap_memory|              mlp_in_local5|         array|
|mlp_in_local5_ce1         |  out|    1|   ap_memory|              mlp_in_local5|         array|
|mlp_in_local5_d1          |  out|   32|   ap_memory|              mlp_in_local5|         array|
|mlp_in_local5_q1          |   in|   32|   ap_memory|              mlp_in_local5|         array|
|mlp_in_local5_we1         |  out|    1|   ap_memory|              mlp_in_local5|         array|
|mlp_in_local6_address0    |  out|    9|   ap_memory|              mlp_in_local6|         array|
|mlp_in_local6_ce0         |  out|    1|   ap_memory|              mlp_in_local6|         array|
|mlp_in_local6_d0          |  out|   32|   ap_memory|              mlp_in_local6|         array|
|mlp_in_local6_q0          |   in|   32|   ap_memory|              mlp_in_local6|         array|
|mlp_in_local6_we0         |  out|    1|   ap_memory|              mlp_in_local6|         array|
|mlp_in_local6_address1    |  out|    9|   ap_memory|              mlp_in_local6|         array|
|mlp_in_local6_ce1         |  out|    1|   ap_memory|              mlp_in_local6|         array|
|mlp_in_local6_d1          |  out|   32|   ap_memory|              mlp_in_local6|         array|
|mlp_in_local6_q1          |   in|   32|   ap_memory|              mlp_in_local6|         array|
|mlp_in_local6_we1         |  out|    1|   ap_memory|              mlp_in_local6|         array|
|mlp_in_local7_address0    |  out|    9|   ap_memory|              mlp_in_local7|         array|
|mlp_in_local7_ce0         |  out|    1|   ap_memory|              mlp_in_local7|         array|
|mlp_in_local7_d0          |  out|   32|   ap_memory|              mlp_in_local7|         array|
|mlp_in_local7_q0          |   in|   32|   ap_memory|              mlp_in_local7|         array|
|mlp_in_local7_we0         |  out|    1|   ap_memory|              mlp_in_local7|         array|
|mlp_in_local7_address1    |  out|    9|   ap_memory|              mlp_in_local7|         array|
|mlp_in_local7_ce1         |  out|    1|   ap_memory|              mlp_in_local7|         array|
|mlp_in_local7_d1          |  out|   32|   ap_memory|              mlp_in_local7|         array|
|mlp_in_local7_q1          |   in|   32|   ap_memory|              mlp_in_local7|         array|
|mlp_in_local7_we1         |  out|    1|   ap_memory|              mlp_in_local7|         array|
|mlp_in_local8_address0    |  out|    9|   ap_memory|              mlp_in_local8|         array|
|mlp_in_local8_ce0         |  out|    1|   ap_memory|              mlp_in_local8|         array|
|mlp_in_local8_d0          |  out|   32|   ap_memory|              mlp_in_local8|         array|
|mlp_in_local8_q0          |   in|   32|   ap_memory|              mlp_in_local8|         array|
|mlp_in_local8_we0         |  out|    1|   ap_memory|              mlp_in_local8|         array|
|mlp_in_local8_address1    |  out|    9|   ap_memory|              mlp_in_local8|         array|
|mlp_in_local8_ce1         |  out|    1|   ap_memory|              mlp_in_local8|         array|
|mlp_in_local8_d1          |  out|   32|   ap_memory|              mlp_in_local8|         array|
|mlp_in_local8_q1          |   in|   32|   ap_memory|              mlp_in_local8|         array|
|mlp_in_local8_we1         |  out|    1|   ap_memory|              mlp_in_local8|         array|
|mlp_in_local9_address0    |  out|    9|   ap_memory|              mlp_in_local9|         array|
|mlp_in_local9_ce0         |  out|    1|   ap_memory|              mlp_in_local9|         array|
|mlp_in_local9_d0          |  out|   32|   ap_memory|              mlp_in_local9|         array|
|mlp_in_local9_q0          |   in|   32|   ap_memory|              mlp_in_local9|         array|
|mlp_in_local9_we0         |  out|    1|   ap_memory|              mlp_in_local9|         array|
|mlp_in_local9_address1    |  out|    9|   ap_memory|              mlp_in_local9|         array|
|mlp_in_local9_ce1         |  out|    1|   ap_memory|              mlp_in_local9|         array|
|mlp_in_local9_d1          |  out|   32|   ap_memory|              mlp_in_local9|         array|
|mlp_in_local9_q1          |   in|   32|   ap_memory|              mlp_in_local9|         array|
|mlp_in_local9_we1         |  out|    1|   ap_memory|              mlp_in_local9|         array|
|mlp_in_local10_address0   |  out|    9|   ap_memory|             mlp_in_local10|         array|
|mlp_in_local10_ce0        |  out|    1|   ap_memory|             mlp_in_local10|         array|
|mlp_in_local10_d0         |  out|   32|   ap_memory|             mlp_in_local10|         array|
|mlp_in_local10_q0         |   in|   32|   ap_memory|             mlp_in_local10|         array|
|mlp_in_local10_we0        |  out|    1|   ap_memory|             mlp_in_local10|         array|
|mlp_in_local10_address1   |  out|    9|   ap_memory|             mlp_in_local10|         array|
|mlp_in_local10_ce1        |  out|    1|   ap_memory|             mlp_in_local10|         array|
|mlp_in_local10_d1         |  out|   32|   ap_memory|             mlp_in_local10|         array|
|mlp_in_local10_q1         |   in|   32|   ap_memory|             mlp_in_local10|         array|
|mlp_in_local10_we1        |  out|    1|   ap_memory|             mlp_in_local10|         array|
|mlp_in_local11_address0   |  out|    9|   ap_memory|             mlp_in_local11|         array|
|mlp_in_local11_ce0        |  out|    1|   ap_memory|             mlp_in_local11|         array|
|mlp_in_local11_d0         |  out|   32|   ap_memory|             mlp_in_local11|         array|
|mlp_in_local11_q0         |   in|   32|   ap_memory|             mlp_in_local11|         array|
|mlp_in_local11_we0        |  out|    1|   ap_memory|             mlp_in_local11|         array|
|mlp_in_local11_address1   |  out|    9|   ap_memory|             mlp_in_local11|         array|
|mlp_in_local11_ce1        |  out|    1|   ap_memory|             mlp_in_local11|         array|
|mlp_in_local11_d1         |  out|   32|   ap_memory|             mlp_in_local11|         array|
|mlp_in_local11_q1         |   in|   32|   ap_memory|             mlp_in_local11|         array|
|mlp_in_local11_we1        |  out|    1|   ap_memory|             mlp_in_local11|         array|
|mlp_in_local12_address0   |  out|    9|   ap_memory|             mlp_in_local12|         array|
|mlp_in_local12_ce0        |  out|    1|   ap_memory|             mlp_in_local12|         array|
|mlp_in_local12_d0         |  out|   32|   ap_memory|             mlp_in_local12|         array|
|mlp_in_local12_q0         |   in|   32|   ap_memory|             mlp_in_local12|         array|
|mlp_in_local12_we0        |  out|    1|   ap_memory|             mlp_in_local12|         array|
|mlp_in_local12_address1   |  out|    9|   ap_memory|             mlp_in_local12|         array|
|mlp_in_local12_ce1        |  out|    1|   ap_memory|             mlp_in_local12|         array|
|mlp_in_local12_d1         |  out|   32|   ap_memory|             mlp_in_local12|         array|
|mlp_in_local12_q1         |   in|   32|   ap_memory|             mlp_in_local12|         array|
|mlp_in_local12_we1        |  out|    1|   ap_memory|             mlp_in_local12|         array|
|mlp_in_local13_address0   |  out|    9|   ap_memory|             mlp_in_local13|         array|
|mlp_in_local13_ce0        |  out|    1|   ap_memory|             mlp_in_local13|         array|
|mlp_in_local13_d0         |  out|   32|   ap_memory|             mlp_in_local13|         array|
|mlp_in_local13_q0         |   in|   32|   ap_memory|             mlp_in_local13|         array|
|mlp_in_local13_we0        |  out|    1|   ap_memory|             mlp_in_local13|         array|
|mlp_in_local13_address1   |  out|    9|   ap_memory|             mlp_in_local13|         array|
|mlp_in_local13_ce1        |  out|    1|   ap_memory|             mlp_in_local13|         array|
|mlp_in_local13_d1         |  out|   32|   ap_memory|             mlp_in_local13|         array|
|mlp_in_local13_q1         |   in|   32|   ap_memory|             mlp_in_local13|         array|
|mlp_in_local13_we1        |  out|    1|   ap_memory|             mlp_in_local13|         array|
|mlp_in_local14_address0   |  out|    9|   ap_memory|             mlp_in_local14|         array|
|mlp_in_local14_ce0        |  out|    1|   ap_memory|             mlp_in_local14|         array|
|mlp_in_local14_d0         |  out|   32|   ap_memory|             mlp_in_local14|         array|
|mlp_in_local14_q0         |   in|   32|   ap_memory|             mlp_in_local14|         array|
|mlp_in_local14_we0        |  out|    1|   ap_memory|             mlp_in_local14|         array|
|mlp_in_local14_address1   |  out|    9|   ap_memory|             mlp_in_local14|         array|
|mlp_in_local14_ce1        |  out|    1|   ap_memory|             mlp_in_local14|         array|
|mlp_in_local14_d1         |  out|   32|   ap_memory|             mlp_in_local14|         array|
|mlp_in_local14_q1         |   in|   32|   ap_memory|             mlp_in_local14|         array|
|mlp_in_local14_we1        |  out|    1|   ap_memory|             mlp_in_local14|         array|
|mlp_in_local15_address0   |  out|    9|   ap_memory|             mlp_in_local15|         array|
|mlp_in_local15_ce0        |  out|    1|   ap_memory|             mlp_in_local15|         array|
|mlp_in_local15_d0         |  out|   32|   ap_memory|             mlp_in_local15|         array|
|mlp_in_local15_q0         |   in|   32|   ap_memory|             mlp_in_local15|         array|
|mlp_in_local15_we0        |  out|    1|   ap_memory|             mlp_in_local15|         array|
|mlp_in_local15_address1   |  out|    9|   ap_memory|             mlp_in_local15|         array|
|mlp_in_local15_ce1        |  out|    1|   ap_memory|             mlp_in_local15|         array|
|mlp_in_local15_d1         |  out|   32|   ap_memory|             mlp_in_local15|         array|
|mlp_in_local15_q1         |   in|   32|   ap_memory|             mlp_in_local15|         array|
|mlp_in_local15_we1        |  out|    1|   ap_memory|             mlp_in_local15|         array|
|mlp_out_local_address0    |  out|   10|   ap_memory|              mlp_out_local|         array|
|mlp_out_local_ce0         |  out|    1|   ap_memory|              mlp_out_local|         array|
|mlp_out_local_d0          |  out|   31|   ap_memory|              mlp_out_local|         array|
|mlp_out_local_q0          |   in|   31|   ap_memory|              mlp_out_local|         array|
|mlp_out_local_we0         |  out|    1|   ap_memory|              mlp_out_local|         array|
|mlp_out_local_address1    |  out|   10|   ap_memory|              mlp_out_local|         array|
|mlp_out_local_ce1         |  out|    1|   ap_memory|              mlp_out_local|         array|
|mlp_out_local_d1          |  out|   31|   ap_memory|              mlp_out_local|         array|
|mlp_out_local_q1          |   in|   31|   ap_memory|              mlp_out_local|         array|
|mlp_out_local_we1         |  out|    1|   ap_memory|              mlp_out_local|         array|
|mlp_out_local16_address0  |  out|   10|   ap_memory|            mlp_out_local16|         array|
|mlp_out_local16_ce0       |  out|    1|   ap_memory|            mlp_out_local16|         array|
|mlp_out_local16_d0        |  out|   31|   ap_memory|            mlp_out_local16|         array|
|mlp_out_local16_q0        |   in|   31|   ap_memory|            mlp_out_local16|         array|
|mlp_out_local16_we0       |  out|    1|   ap_memory|            mlp_out_local16|         array|
|mlp_out_local16_address1  |  out|   10|   ap_memory|            mlp_out_local16|         array|
|mlp_out_local16_ce1       |  out|    1|   ap_memory|            mlp_out_local16|         array|
|mlp_out_local16_d1        |  out|   31|   ap_memory|            mlp_out_local16|         array|
|mlp_out_local16_q1        |   in|   31|   ap_memory|            mlp_out_local16|         array|
|mlp_out_local16_we1       |  out|    1|   ap_memory|            mlp_out_local16|         array|
|mlp_out_local17_address0  |  out|   10|   ap_memory|            mlp_out_local17|         array|
|mlp_out_local17_ce0       |  out|    1|   ap_memory|            mlp_out_local17|         array|
|mlp_out_local17_d0        |  out|   31|   ap_memory|            mlp_out_local17|         array|
|mlp_out_local17_q0        |   in|   31|   ap_memory|            mlp_out_local17|         array|
|mlp_out_local17_we0       |  out|    1|   ap_memory|            mlp_out_local17|         array|
|mlp_out_local17_address1  |  out|   10|   ap_memory|            mlp_out_local17|         array|
|mlp_out_local17_ce1       |  out|    1|   ap_memory|            mlp_out_local17|         array|
|mlp_out_local17_d1        |  out|   31|   ap_memory|            mlp_out_local17|         array|
|mlp_out_local17_q1        |   in|   31|   ap_memory|            mlp_out_local17|         array|
|mlp_out_local17_we1       |  out|    1|   ap_memory|            mlp_out_local17|         array|
|mlp_out_local18_address0  |  out|   10|   ap_memory|            mlp_out_local18|         array|
|mlp_out_local18_ce0       |  out|    1|   ap_memory|            mlp_out_local18|         array|
|mlp_out_local18_d0        |  out|   31|   ap_memory|            mlp_out_local18|         array|
|mlp_out_local18_q0        |   in|   31|   ap_memory|            mlp_out_local18|         array|
|mlp_out_local18_we0       |  out|    1|   ap_memory|            mlp_out_local18|         array|
|mlp_out_local18_address1  |  out|   10|   ap_memory|            mlp_out_local18|         array|
|mlp_out_local18_ce1       |  out|    1|   ap_memory|            mlp_out_local18|         array|
|mlp_out_local18_d1        |  out|   31|   ap_memory|            mlp_out_local18|         array|
|mlp_out_local18_q1        |   in|   31|   ap_memory|            mlp_out_local18|         array|
|mlp_out_local18_we1       |  out|    1|   ap_memory|            mlp_out_local18|         array|
|mlp_out_local19_address0  |  out|   10|   ap_memory|            mlp_out_local19|         array|
|mlp_out_local19_ce0       |  out|    1|   ap_memory|            mlp_out_local19|         array|
|mlp_out_local19_d0        |  out|   31|   ap_memory|            mlp_out_local19|         array|
|mlp_out_local19_q0        |   in|   31|   ap_memory|            mlp_out_local19|         array|
|mlp_out_local19_we0       |  out|    1|   ap_memory|            mlp_out_local19|         array|
|mlp_out_local19_address1  |  out|   10|   ap_memory|            mlp_out_local19|         array|
|mlp_out_local19_ce1       |  out|    1|   ap_memory|            mlp_out_local19|         array|
|mlp_out_local19_d1        |  out|   31|   ap_memory|            mlp_out_local19|         array|
|mlp_out_local19_q1        |   in|   31|   ap_memory|            mlp_out_local19|         array|
|mlp_out_local19_we1       |  out|    1|   ap_memory|            mlp_out_local19|         array|
|mlp_out_local20_address0  |  out|   10|   ap_memory|            mlp_out_local20|         array|
|mlp_out_local20_ce0       |  out|    1|   ap_memory|            mlp_out_local20|         array|
|mlp_out_local20_d0        |  out|   31|   ap_memory|            mlp_out_local20|         array|
|mlp_out_local20_q0        |   in|   31|   ap_memory|            mlp_out_local20|         array|
|mlp_out_local20_we0       |  out|    1|   ap_memory|            mlp_out_local20|         array|
|mlp_out_local20_address1  |  out|   10|   ap_memory|            mlp_out_local20|         array|
|mlp_out_local20_ce1       |  out|    1|   ap_memory|            mlp_out_local20|         array|
|mlp_out_local20_d1        |  out|   31|   ap_memory|            mlp_out_local20|         array|
|mlp_out_local20_q1        |   in|   31|   ap_memory|            mlp_out_local20|         array|
|mlp_out_local20_we1       |  out|    1|   ap_memory|            mlp_out_local20|         array|
|mlp_out_local21_address0  |  out|   10|   ap_memory|            mlp_out_local21|         array|
|mlp_out_local21_ce0       |  out|    1|   ap_memory|            mlp_out_local21|         array|
|mlp_out_local21_d0        |  out|   31|   ap_memory|            mlp_out_local21|         array|
|mlp_out_local21_q0        |   in|   31|   ap_memory|            mlp_out_local21|         array|
|mlp_out_local21_we0       |  out|    1|   ap_memory|            mlp_out_local21|         array|
|mlp_out_local21_address1  |  out|   10|   ap_memory|            mlp_out_local21|         array|
|mlp_out_local21_ce1       |  out|    1|   ap_memory|            mlp_out_local21|         array|
|mlp_out_local21_d1        |  out|   31|   ap_memory|            mlp_out_local21|         array|
|mlp_out_local21_q1        |   in|   31|   ap_memory|            mlp_out_local21|         array|
|mlp_out_local21_we1       |  out|    1|   ap_memory|            mlp_out_local21|         array|
|mlp_out_local22_address0  |  out|   10|   ap_memory|            mlp_out_local22|         array|
|mlp_out_local22_ce0       |  out|    1|   ap_memory|            mlp_out_local22|         array|
|mlp_out_local22_d0        |  out|   31|   ap_memory|            mlp_out_local22|         array|
|mlp_out_local22_q0        |   in|   31|   ap_memory|            mlp_out_local22|         array|
|mlp_out_local22_we0       |  out|    1|   ap_memory|            mlp_out_local22|         array|
|mlp_out_local22_address1  |  out|   10|   ap_memory|            mlp_out_local22|         array|
|mlp_out_local22_ce1       |  out|    1|   ap_memory|            mlp_out_local22|         array|
|mlp_out_local22_d1        |  out|   31|   ap_memory|            mlp_out_local22|         array|
|mlp_out_local22_q1        |   in|   31|   ap_memory|            mlp_out_local22|         array|
|mlp_out_local22_we1       |  out|    1|   ap_memory|            mlp_out_local22|         array|
|mlp_out_local23_address0  |  out|   10|   ap_memory|            mlp_out_local23|         array|
|mlp_out_local23_ce0       |  out|    1|   ap_memory|            mlp_out_local23|         array|
|mlp_out_local23_d0        |  out|   31|   ap_memory|            mlp_out_local23|         array|
|mlp_out_local23_q0        |   in|   31|   ap_memory|            mlp_out_local23|         array|
|mlp_out_local23_we0       |  out|    1|   ap_memory|            mlp_out_local23|         array|
|mlp_out_local23_address1  |  out|   10|   ap_memory|            mlp_out_local23|         array|
|mlp_out_local23_ce1       |  out|    1|   ap_memory|            mlp_out_local23|         array|
|mlp_out_local23_d1        |  out|   31|   ap_memory|            mlp_out_local23|         array|
|mlp_out_local23_q1        |   in|   31|   ap_memory|            mlp_out_local23|         array|
|mlp_out_local23_we1       |  out|    1|   ap_memory|            mlp_out_local23|         array|
|mlp_out_local24_address0  |  out|   10|   ap_memory|            mlp_out_local24|         array|
|mlp_out_local24_ce0       |  out|    1|   ap_memory|            mlp_out_local24|         array|
|mlp_out_local24_d0        |  out|   31|   ap_memory|            mlp_out_local24|         array|
|mlp_out_local24_q0        |   in|   31|   ap_memory|            mlp_out_local24|         array|
|mlp_out_local24_we0       |  out|    1|   ap_memory|            mlp_out_local24|         array|
|mlp_out_local24_address1  |  out|   10|   ap_memory|            mlp_out_local24|         array|
|mlp_out_local24_ce1       |  out|    1|   ap_memory|            mlp_out_local24|         array|
|mlp_out_local24_d1        |  out|   31|   ap_memory|            mlp_out_local24|         array|
|mlp_out_local24_q1        |   in|   31|   ap_memory|            mlp_out_local24|         array|
|mlp_out_local24_we1       |  out|    1|   ap_memory|            mlp_out_local24|         array|
|mlp_out_local25_address0  |  out|   10|   ap_memory|            mlp_out_local25|         array|
|mlp_out_local25_ce0       |  out|    1|   ap_memory|            mlp_out_local25|         array|
|mlp_out_local25_d0        |  out|   31|   ap_memory|            mlp_out_local25|         array|
|mlp_out_local25_q0        |   in|   31|   ap_memory|            mlp_out_local25|         array|
|mlp_out_local25_we0       |  out|    1|   ap_memory|            mlp_out_local25|         array|
|mlp_out_local25_address1  |  out|   10|   ap_memory|            mlp_out_local25|         array|
|mlp_out_local25_ce1       |  out|    1|   ap_memory|            mlp_out_local25|         array|
|mlp_out_local25_d1        |  out|   31|   ap_memory|            mlp_out_local25|         array|
|mlp_out_local25_q1        |   in|   31|   ap_memory|            mlp_out_local25|         array|
|mlp_out_local25_we1       |  out|    1|   ap_memory|            mlp_out_local25|         array|
|mlp_out_local26_address0  |  out|   10|   ap_memory|            mlp_out_local26|         array|
|mlp_out_local26_ce0       |  out|    1|   ap_memory|            mlp_out_local26|         array|
|mlp_out_local26_d0        |  out|   31|   ap_memory|            mlp_out_local26|         array|
|mlp_out_local26_q0        |   in|   31|   ap_memory|            mlp_out_local26|         array|
|mlp_out_local26_we0       |  out|    1|   ap_memory|            mlp_out_local26|         array|
|mlp_out_local26_address1  |  out|   10|   ap_memory|            mlp_out_local26|         array|
|mlp_out_local26_ce1       |  out|    1|   ap_memory|            mlp_out_local26|         array|
|mlp_out_local26_d1        |  out|   31|   ap_memory|            mlp_out_local26|         array|
|mlp_out_local26_q1        |   in|   31|   ap_memory|            mlp_out_local26|         array|
|mlp_out_local26_we1       |  out|    1|   ap_memory|            mlp_out_local26|         array|
|mlp_out_local27_address0  |  out|   10|   ap_memory|            mlp_out_local27|         array|
|mlp_out_local27_ce0       |  out|    1|   ap_memory|            mlp_out_local27|         array|
|mlp_out_local27_d0        |  out|   31|   ap_memory|            mlp_out_local27|         array|
|mlp_out_local27_q0        |   in|   31|   ap_memory|            mlp_out_local27|         array|
|mlp_out_local27_we0       |  out|    1|   ap_memory|            mlp_out_local27|         array|
|mlp_out_local27_address1  |  out|   10|   ap_memory|            mlp_out_local27|         array|
|mlp_out_local27_ce1       |  out|    1|   ap_memory|            mlp_out_local27|         array|
|mlp_out_local27_d1        |  out|   31|   ap_memory|            mlp_out_local27|         array|
|mlp_out_local27_q1        |   in|   31|   ap_memory|            mlp_out_local27|         array|
|mlp_out_local27_we1       |  out|    1|   ap_memory|            mlp_out_local27|         array|
|mlp_out_local28_address0  |  out|   10|   ap_memory|            mlp_out_local28|         array|
|mlp_out_local28_ce0       |  out|    1|   ap_memory|            mlp_out_local28|         array|
|mlp_out_local28_d0        |  out|   31|   ap_memory|            mlp_out_local28|         array|
|mlp_out_local28_q0        |   in|   31|   ap_memory|            mlp_out_local28|         array|
|mlp_out_local28_we0       |  out|    1|   ap_memory|            mlp_out_local28|         array|
|mlp_out_local28_address1  |  out|   10|   ap_memory|            mlp_out_local28|         array|
|mlp_out_local28_ce1       |  out|    1|   ap_memory|            mlp_out_local28|         array|
|mlp_out_local28_d1        |  out|   31|   ap_memory|            mlp_out_local28|         array|
|mlp_out_local28_q1        |   in|   31|   ap_memory|            mlp_out_local28|         array|
|mlp_out_local28_we1       |  out|    1|   ap_memory|            mlp_out_local28|         array|
|mlp_out_local29_address0  |  out|   10|   ap_memory|            mlp_out_local29|         array|
|mlp_out_local29_ce0       |  out|    1|   ap_memory|            mlp_out_local29|         array|
|mlp_out_local29_d0        |  out|   31|   ap_memory|            mlp_out_local29|         array|
|mlp_out_local29_q0        |   in|   31|   ap_memory|            mlp_out_local29|         array|
|mlp_out_local29_we0       |  out|    1|   ap_memory|            mlp_out_local29|         array|
|mlp_out_local29_address1  |  out|   10|   ap_memory|            mlp_out_local29|         array|
|mlp_out_local29_ce1       |  out|    1|   ap_memory|            mlp_out_local29|         array|
|mlp_out_local29_d1        |  out|   31|   ap_memory|            mlp_out_local29|         array|
|mlp_out_local29_q1        |   in|   31|   ap_memory|            mlp_out_local29|         array|
|mlp_out_local29_we1       |  out|    1|   ap_memory|            mlp_out_local29|         array|
|mlp_out_local30_address0  |  out|   10|   ap_memory|            mlp_out_local30|         array|
|mlp_out_local30_ce0       |  out|    1|   ap_memory|            mlp_out_local30|         array|
|mlp_out_local30_d0        |  out|   31|   ap_memory|            mlp_out_local30|         array|
|mlp_out_local30_q0        |   in|   31|   ap_memory|            mlp_out_local30|         array|
|mlp_out_local30_we0       |  out|    1|   ap_memory|            mlp_out_local30|         array|
|mlp_out_local30_address1  |  out|   10|   ap_memory|            mlp_out_local30|         array|
|mlp_out_local30_ce1       |  out|    1|   ap_memory|            mlp_out_local30|         array|
|mlp_out_local30_d1        |  out|   31|   ap_memory|            mlp_out_local30|         array|
|mlp_out_local30_q1        |   in|   31|   ap_memory|            mlp_out_local30|         array|
|mlp_out_local30_we1       |  out|    1|   ap_memory|            mlp_out_local30|         array|
|d_out                     |   in|   10|     ap_none|                      d_out|        scalar|
|d_out_ap_vld              |   in|    1|     ap_none|                      d_out|        scalar|
|mlp_1_weights_V_address0  |  out|   18|   ap_memory|            mlp_1_weights_V|         array|
|mlp_1_weights_V_ce0       |  out|    1|   ap_memory|            mlp_1_weights_V|         array|
|mlp_1_weights_V_d0        |  out|   32|   ap_memory|            mlp_1_weights_V|         array|
|mlp_1_weights_V_q0        |   in|   32|   ap_memory|            mlp_1_weights_V|         array|
|mlp_1_weights_V_we0       |  out|    1|   ap_memory|            mlp_1_weights_V|         array|
|mlp_1_weights_V_address1  |  out|   18|   ap_memory|            mlp_1_weights_V|         array|
|mlp_1_weights_V_ce1       |  out|    1|   ap_memory|            mlp_1_weights_V|         array|
|mlp_1_weights_V_d1        |  out|   32|   ap_memory|            mlp_1_weights_V|         array|
|mlp_1_weights_V_q1        |   in|   32|   ap_memory|            mlp_1_weights_V|         array|
|mlp_1_weights_V_we1       |  out|    1|   ap_memory|            mlp_1_weights_V|         array|
|mlp_1_bias_V_address0     |  out|   10|   ap_memory|               mlp_1_bias_V|         array|
|mlp_1_bias_V_ce0          |  out|    1|   ap_memory|               mlp_1_bias_V|         array|
|mlp_1_bias_V_d0           |  out|   32|   ap_memory|               mlp_1_bias_V|         array|
|mlp_1_bias_V_q0           |   in|   32|   ap_memory|               mlp_1_bias_V|         array|
|mlp_1_bias_V_we0          |  out|    1|   ap_memory|               mlp_1_bias_V|         array|
|mlp_1_bias_V_address1     |  out|   10|   ap_memory|               mlp_1_bias_V|         array|
|mlp_1_bias_V_ce1          |  out|    1|   ap_memory|               mlp_1_bias_V|         array|
|mlp_1_bias_V_d1           |  out|   32|   ap_memory|               mlp_1_bias_V|         array|
|mlp_1_bias_V_q1           |   in|   32|   ap_memory|               mlp_1_bias_V|         array|
|mlp_1_bias_V_we1          |  out|    1|   ap_memory|               mlp_1_bias_V|         array|
|ap_clk                    |   in|    1|  ap_ctrl_hs|  MLP_batch_nodes<300, 600>|  return value|
|ap_rst                    |   in|    1|  ap_ctrl_hs|  MLP_batch_nodes<300, 600>|  return value|
|ap_start                  |   in|    1|  ap_ctrl_hs|  MLP_batch_nodes<300, 600>|  return value|
|ap_done                   |  out|    1|  ap_ctrl_hs|  MLP_batch_nodes<300, 600>|  return value|
|ap_ready                  |  out|    1|  ap_ctrl_hs|  MLP_batch_nodes<300, 600>|  return value|
|ap_idle                   |  out|    1|  ap_ctrl_hs|  MLP_batch_nodes<300, 600>|  return value|
|ap_continue               |   in|    1|  ap_ctrl_hs|  MLP_batch_nodes<300, 600>|  return value|
+--------------------------+-----+-----+------------+---------------------------+--------------+

