

================================================================
== Vitis HLS Report for 'global_graph_prediction'
================================================================
* Date:           Thu Apr 15 01:25:31 2021

* Version:        2020.2 (Build 3064766 on Wed Nov 18 09:12:47 MST 2020)
* Project:        project_1
* Solution:       solution1 (Vivado IP Flow Target)
* Product family: virtexuplus
* Target device:  xcu280-fsvh2892-2L-e


================================================================
== Performance Estimates
================================================================
+ Timing: 
    * Summary: 
    +--------+----------+----------+------------+
    |  Clock |  Target  | Estimated| Uncertainty|
    +--------+----------+----------+------------+
    |ap_clk  |  10.00 ns|  7.300 ns|     2.70 ns|
    +--------+----------+----------+------------+

+ Latency: 
    * Summary: 
    +---------+---------+-----------+-----------+-----+-----+---------+
    |  Latency (cycles) |   Latency (absolute)  |  Interval | Pipeline|
    |   min   |   max   |    min    |    max    | min | max |   Type  |
    +---------+---------+-----------+-----------+-----+-----+---------+
    |        6|        6|  60.000 ns|  60.000 ns|    6|    6|     none|
    +---------+---------+-----------+-----------+-----+-----+---------+

    + Detail: 
        * Instance: 
        N/A

        * Loop: 
        N/A



================================================================
== Utilization Estimates
================================================================
* Summary: 
+---------------------+---------+------+---------+---------+-----+
|         Name        | BRAM_18K|  DSP |    FF   |   LUT   | URAM|
+---------------------+---------+------+---------+---------+-----+
|DSP                  |        -|     -|        -|        -|    -|
|Expression           |        -|     -|        -|        -|    -|
|FIFO                 |        -|     -|        -|        -|    -|
|Instance             |        -|     -|        -|        -|    -|
|Memory               |        -|     -|        -|        -|    -|
|Multiplexer          |        -|     -|        -|       70|    -|
|Register             |        -|     -|        7|        -|    -|
+---------------------+---------+------+---------+---------+-----+
|Total                |        0|     0|        7|       70|    0|
+---------------------+---------+------+---------+---------+-----+
|Available SLR        |     1344|  3008|   869120|   434560|  320|
+---------------------+---------+------+---------+---------+-----+
|Utilization SLR (%)  |        0|     0|       ~0|       ~0|    0|
+---------------------+---------+------+---------+---------+-----+
|Available            |     4032|  9024|  2607360|  1303680|  960|
+---------------------+---------+------+---------+---------+-----+
|Utilization (%)      |        0|     0|       ~0|       ~0|    0|
+---------------------+---------+------+---------+---------+-----+

+ Detail: 
    * Instance: 
    N/A

    * DSP: 
    N/A

    * Memory: 
    N/A

    * FIFO: 
    N/A

    * Expression: 
    N/A

    * Multiplexer: 
    +--------------+----+-----------+-----+-----------+
    |     Name     | LUT| Input Size| Bits| Total Bits|
    +--------------+----+-----------+-----+-----------+
    |ap_NS_fsm     |  43|          8|    1|          8|
    |mem_blk_n_AW  |   9|          2|    1|          2|
    |mem_blk_n_B   |   9|          2|    1|          2|
    |mem_blk_n_W   |   9|          2|    1|          2|
    +--------------+----+-----------+-----+-----------+
    |Total         |  70|         14|    4|         14|
    +--------------+----+-----------+-----+-----------+

    * Register: 
    +-----------+---+----+-----+-----------+
    |    Name   | FF| LUT| Bits| Const Bits|
    +-----------+---+----+-----+-----------+
    |ap_CS_fsm  |  7|   0|    7|          0|
    +-----------+---+----+-----+-----------+
    |Total      |  7|   0|    7|          0|
    +-----------+---+----+-----+-----------+



================================================================
== Interface
================================================================
* Summary: 
+--------------------+-----+-----+------------+-------------------------+--------------+
|      RTL Ports     | Dir | Bits|  Protocol  |      Source Object      |    C Type    |
+--------------------+-----+-----+------------+-------------------------+--------------+
|ap_clk              |   in|    1|  ap_ctrl_hs|  global_graph_prediction|  return value|
|ap_rst              |   in|    1|  ap_ctrl_hs|  global_graph_prediction|  return value|
|ap_start            |   in|    1|  ap_ctrl_hs|  global_graph_prediction|  return value|
|ap_done             |  out|    1|  ap_ctrl_hs|  global_graph_prediction|  return value|
|ap_idle             |  out|    1|  ap_ctrl_hs|  global_graph_prediction|  return value|
|ap_ready            |  out|    1|  ap_ctrl_hs|  global_graph_prediction|  return value|
|m_axi_mem_AWVALID   |  out|    1|       m_axi|                      mem|       pointer|
|m_axi_mem_AWREADY   |   in|    1|       m_axi|                      mem|       pointer|
|m_axi_mem_AWADDR    |  out|   64|       m_axi|                      mem|       pointer|
|m_axi_mem_AWID      |  out|    1|       m_axi|                      mem|       pointer|
|m_axi_mem_AWLEN     |  out|   32|       m_axi|                      mem|       pointer|
|m_axi_mem_AWSIZE    |  out|    3|       m_axi|                      mem|       pointer|
|m_axi_mem_AWBURST   |  out|    2|       m_axi|                      mem|       pointer|
|m_axi_mem_AWLOCK    |  out|    2|       m_axi|                      mem|       pointer|
|m_axi_mem_AWCACHE   |  out|    4|       m_axi|                      mem|       pointer|
|m_axi_mem_AWPROT    |  out|    3|       m_axi|                      mem|       pointer|
|m_axi_mem_AWQOS     |  out|    4|       m_axi|                      mem|       pointer|
|m_axi_mem_AWREGION  |  out|    4|       m_axi|                      mem|       pointer|
|m_axi_mem_AWUSER    |  out|    1|       m_axi|                      mem|       pointer|
|m_axi_mem_WVALID    |  out|    1|       m_axi|                      mem|       pointer|
|m_axi_mem_WREADY    |   in|    1|       m_axi|                      mem|       pointer|
|m_axi_mem_WDATA     |  out|   32|       m_axi|                      mem|       pointer|
|m_axi_mem_WSTRB     |  out|    4|       m_axi|                      mem|       pointer|
|m_axi_mem_WLAST     |  out|    1|       m_axi|                      mem|       pointer|
|m_axi_mem_WID       |  out|    1|       m_axi|                      mem|       pointer|
|m_axi_mem_WUSER     |  out|    1|       m_axi|                      mem|       pointer|
|m_axi_mem_ARVALID   |  out|    1|       m_axi|                      mem|       pointer|
|m_axi_mem_ARREADY   |   in|    1|       m_axi|                      mem|       pointer|
|m_axi_mem_ARADDR    |  out|   64|       m_axi|                      mem|       pointer|
|m_axi_mem_ARID      |  out|    1|       m_axi|                      mem|       pointer|
|m_axi_mem_ARLEN     |  out|   32|       m_axi|                      mem|       pointer|
|m_axi_mem_ARSIZE    |  out|    3|       m_axi|                      mem|       pointer|
|m_axi_mem_ARBURST   |  out|    2|       m_axi|                      mem|       pointer|
|m_axi_mem_ARLOCK    |  out|    2|       m_axi|                      mem|       pointer|
|m_axi_mem_ARCACHE   |  out|    4|       m_axi|                      mem|       pointer|
|m_axi_mem_ARPROT    |  out|    3|       m_axi|                      mem|       pointer|
|m_axi_mem_ARQOS     |  out|    4|       m_axi|                      mem|       pointer|
|m_axi_mem_ARREGION  |  out|    4|       m_axi|                      mem|       pointer|
|m_axi_mem_ARUSER    |  out|    1|       m_axi|                      mem|       pointer|
|m_axi_mem_RVALID    |   in|    1|       m_axi|                      mem|       pointer|
|m_axi_mem_RREADY    |  out|    1|       m_axi|                      mem|       pointer|
|m_axi_mem_RDATA     |   in|   32|       m_axi|                      mem|       pointer|
|m_axi_mem_RLAST     |   in|    1|       m_axi|                      mem|       pointer|
|m_axi_mem_RID       |   in|    1|       m_axi|                      mem|       pointer|
|m_axi_mem_RUSER     |   in|    1|       m_axi|                      mem|       pointer|
|m_axi_mem_RRESP     |   in|    2|       m_axi|                      mem|       pointer|
|m_axi_mem_BVALID    |   in|    1|       m_axi|                      mem|       pointer|
|m_axi_mem_BREADY    |  out|    1|       m_axi|                      mem|       pointer|
|m_axi_mem_BRESP     |   in|    2|       m_axi|                      mem|       pointer|
|m_axi_mem_BID       |   in|    1|       m_axi|                      mem|       pointer|
|m_axi_mem_BUSER     |   in|    1|       m_axi|                      mem|       pointer|
|d_out               |   in|   64|     ap_none|                    d_out|        scalar|
+--------------------+-----+-----+------------+-------------------------+--------------+

