

================================================================
== Synthesis Summary Report of 'top'
================================================================
+ General Information: 
    * Date:           Mon Apr 12 12:24:43 2021
    * Version:        2020.2 (Build 3064766 on Wed Nov 18 09:12:47 MST 2020)
    * Project:        project_1
    * Solution:       solution1 (Vivado IP Flow Target)
    * Product family: zynquplus
    * Target device:  xczu3eg-sbva484-1-e
    

+ Performance & Resource Estimates: 
    
    PS: '+' for module; 'o' for loop; '*' for dataflow
    +------------------------------------+--------+-------+---------+-----------+----------+---------+------+----------+---------+----+------------+-----------+-----+
    |               Modules              |  Issue |       | Latency |  Latency  | Iteration|         | Trip |          |         |    |            |           |     |
    |               & Loops              |  Type  | Slack | (cycles)|    (ns)   |  Latency | Interval| Count| Pipelined|  BRAM   | DSP|     FF     |    LUT    | URAM|
    +------------------------------------+--------+-------+---------+-----------+----------+---------+------+----------+---------+----+------------+-----------+-----+
    |+ top                               |  Timing|   0.00|      659|  6.590e+03|         -|      660|     -|        no|  2 (~0%)|   -|   2778 (1%)|  3500 (4%)|    -|
    | + grp_PE_dataflow_fu_390*          |  Timing|   0.00|       24|    240.000|         -|       21|     -|  dataflow|        -|   -|  1105 (~0%)|  1592 (2%)|    -|
    |  + grp_load_weight_fu_130          |  Timing|   0.00|       20|    200.000|         -|       20|     -|        no|        -|   -|   116 (~0%)|  253 (~0%)|    -|
    |   o VITIS_LOOP_29_1                |       -|  -7.30|       11|    110.000|         3|        1|    10|       yes|        -|   -|           -|          -|    -|
    |  + grp_PE_110_fu_142               |       -|  -0.05|       12|    120.000|         -|       12|     -|        no|        -|   -|    48 (~0%)|  187 (~0%)|    -|
    |   o VITIS_LOOP_18_1                |       -|  -7.30|       10|    100.000|         2|        1|    10|       yes|        -|   -|           -|          -|    -|
    |  + grp_PE11_fu_154                 |       -|  -0.05|       12|    120.000|         -|       12|     -|        no|        -|   -|    48 (~0%)|  187 (~0%)|    -|
    |   o VITIS_LOOP_18_1                |       -|  -7.30|       10|    100.000|         2|        1|    10|       yes|        -|   -|           -|          -|    -|
    |  + grp_PE12_fu_166                 |       -|  -0.05|       12|    120.000|         -|       12|     -|        no|        -|   -|    48 (~0%)|  187 (~0%)|    -|
    |   o VITIS_LOOP_18_1                |       -|  -7.30|       10|    100.000|         2|        1|    10|       yes|        -|   -|           -|          -|    -|
    |  + grp_PE13_fu_178                 |       -|  -0.05|       12|    120.000|         -|       12|     -|        no|        -|   -|    48 (~0%)|  169 (~0%)|    -|
    |   o VITIS_LOOP_18_1                |       -|  -7.30|       10|    100.000|         2|        1|    10|       yes|        -|   -|           -|          -|    -|
    | o VITIS_LOOP_74_1_VITIS_LOOP_75_2  |       -|  -7.30|       41|    410.000|         3|        1|    40|       yes|        -|   -|           -|          -|    -|
    | o loop_d_out                       |       -|  -7.30|      520|  5.200e+03|        26|        -|    20|        no|        -|   -|           -|          -|    -|
    | o VITIS_LOOP_85_3_VITIS_LOOP_86_4  |       -|  -7.30|       81|    810.000|         3|        1|    80|       yes|        -|   -|           -|          -|    -|
    +------------------------------------+--------+-------+---------+-----------+----------+---------+------+----------+---------+----+------------+-----------+-----+

