

================================================================
== Vitis HLS Report for 'PE_dataflow'
================================================================
* Date:           Mon Apr 12 12:24:42 2021

* Version:        2020.2 (Build 3064766 on Wed Nov 18 09:12:47 MST 2020)
* Project:        project_1
* Solution:       solution1 (Vivado IP Flow Target)
* Product family: zynquplus
* Target device:  xczu3eg-sbva484-1-e


================================================================
== Performance Estimates
================================================================
+ Timing: 
    * Summary: 
    +--------+----------+----------+------------+
    |  Clock |  Target  | Estimated| Uncertainty|
    +--------+----------+----------+------------+
    |ap_clk  |  10.00 ns|  7.300 ns|     2.70 ns|
    +--------+----------+----------+------------+

+ Latency: 
    * Summary: 
    +---------+---------+----------+----------+-----+-----+----------+
    |  Latency (cycles) |  Latency (absolute) |  Interval | Pipeline |
    |   min   |   max   |    min   |    max   | min | max |   Type   |
    +---------+---------+----------+----------+-----+-----+----------+
    |       24|       24|  0.240 us|  0.240 us|   21|   21|  dataflow|
    +---------+---------+----------+----------+-----+-----+----------+

    + Detail: 
        * Instance: 
        +----------------+-------------+---------+---------+----------+----------+-----+-----+---------+
        |                |             |  Latency (cycles) |  Latency (absolute) |  Interval | Pipeline|
        |    Instance    |    Module   |   min   |   max   |    min   |    max   | min | max |   Type  |
        +----------------+-------------+---------+---------+----------+----------+-----+-----+---------+
        |load_weight_U0  |load_weight  |       20|       20|  0.200 us|  0.200 us|   20|   20|     none|
        |PE_110_U0       |PE_110       |       12|       12|  0.120 us|  0.120 us|   12|   12|     none|
        |PE11_U0         |PE11         |       12|       12|  0.120 us|  0.120 us|   12|   12|     none|
        |PE12_U0         |PE12         |       12|       12|  0.120 us|  0.120 us|   12|   12|     none|
        |PE13_U0         |PE13         |       12|       12|  0.120 us|  0.120 us|   12|   12|     none|
        +----------------+-------------+---------+---------+----------+----------+-----+-----+---------+

        * Loop: 
        N/A



================================================================
== Utilization Estimates
================================================================
* Summary: 
+-----------------+---------+-----+--------+-------+-----+
|       Name      | BRAM_18K| DSP |   FF   |  LUT  | URAM|
+-----------------+---------+-----+--------+-------+-----+
|DSP              |        -|    -|       -|      -|    -|
|Expression       |        -|    -|       0|     28|    -|
|FIFO             |        -|    -|     792|    536|    -|
|Instance         |        -|    0|     308|    983|    -|
|Memory           |        -|    -|       -|      -|    -|
|Multiplexer      |        -|    -|       -|     45|    -|
|Register         |        -|    -|       5|      -|    -|
+-----------------+---------+-----+--------+-------+-----+
|Total            |        0|    0|    1105|   1592|    0|
+-----------------+---------+-----+--------+-------+-----+
|Available        |      432|  360|  141120|  70560|    0|
+-----------------+---------+-----+--------+-------+-----+
|Utilization (%)  |        0|    0|      ~0|      2|    0|
+-----------------+---------+-----+--------+-------+-----+

+ Detail: 
    * Instance: 
    +----------------+-------------+---------+----+-----+-----+-----+
    |    Instance    |    Module   | BRAM_18K| DSP|  FF | LUT | URAM|
    +----------------+-------------+---------+----+-----+-----+-----+
    |PE11_U0         |PE11         |        0|   0|   48|  187|    0|
    |PE12_U0         |PE12         |        0|   0|   48|  187|    0|
    |PE13_U0         |PE13         |        0|   0|   48|  169|    0|
    |PE_110_U0       |PE_110       |        0|   0|   48|  187|    0|
    |load_weight_U0  |load_weight  |        0|   0|  116|  253|    0|
    +----------------+-------------+---------+----+-----+-----+-----+
    |Total           |             |        0|   0|  308|  983|    0|
    +----------------+-------------+---------+----+-----+-----+-----+

    * DSP: 
    N/A

    * Memory: 
    N/A

    * FIFO: 
    +----------------------+---------+----+----+-----+------+-----+---------+
    |         Name         | BRAM_18K| FF | LUT| URAM| Depth| Bits| Size:D*B|
    +----------------------+---------+----+----+-----+------+-----+---------+
    |d_out_c13_U           |        0|  99|   0|    -|     2|    5|       10|
    |d_out_c14_U           |        0|  99|   0|    -|     2|    5|       10|
    |d_out_c15_U           |        0|  99|   0|    -|     2|    5|       10|
    |d_out_c_U             |        0|  99|   0|    -|     2|    5|       10|
    |weight_buf_U          |        0|  99|   0|    -|     2|   32|       64|
    |weights_stream_0_V_U  |        0|  99|   0|    -|     2|   32|       64|
    |weights_stream_1_V_U  |        0|  99|   0|    -|     2|   32|       64|
    |weights_stream_2_V_U  |        0|  99|   0|    -|     2|   32|       64|
    +----------------------+---------+----+----+-----+------+-----+---------+
    |Total                 |        0| 792|   0|    0|    16|  148|      296|
    +----------------------+---------+----+----+-----+------+-----+---------+

    * Expression: 
    +---------------------------------+----------+----+---+----+------------+------------+
    |          Variable Name          | Operation| DSP| FF| LUT| Bitwidth P0| Bitwidth P1|
    +---------------------------------+----------+----+---+----+------------+------------+
    |PE11_U0_ap_start                 |       and|   0|  0|   2|           1|           1|
    |PE12_U0_ap_start                 |       and|   0|  0|   2|           1|           1|
    |PE13_U0_ap_start                 |       and|   0|  0|   2|           1|           1|
    |PE_110_U0_ap_start               |       and|   0|  0|   2|           1|           1|
    |ap_idle                          |       and|   0|  0|   2|           1|           1|
    |ap_sync_continue                 |       and|   0|  0|   2|           1|           1|
    |ap_sync_done                     |       and|   0|  0|   2|           1|           1|
    |ap_sync_ready                    |       and|   0|  0|   2|           1|           1|
    |load_weight_U0_ap_start          |       and|   0|  0|   2|           1|           1|
    |ap_sync_PE11_U0_ap_ready         |        or|   0|  0|   2|           1|           1|
    |ap_sync_PE12_U0_ap_ready         |        or|   0|  0|   2|           1|           1|
    |ap_sync_PE13_U0_ap_ready         |        or|   0|  0|   2|           1|           1|
    |ap_sync_PE_110_U0_ap_ready       |        or|   0|  0|   2|           1|           1|
    |ap_sync_load_weight_U0_ap_ready  |        or|   0|  0|   2|           1|           1|
    +---------------------------------+----------+----+---+----+------------+------------+
    |Total                            |          |   0|  0|  28|          14|          14|
    +---------------------------------+----------+----+---+----+------------+------------+

    * Multiplexer: 
    +-------------------------------------+----+-----------+-----+-----------+
    |                 Name                | LUT| Input Size| Bits| Total Bits|
    +-------------------------------------+----+-----------+-----+-----------+
    |ap_sync_reg_PE11_U0_ap_ready         |   9|          2|    1|          2|
    |ap_sync_reg_PE12_U0_ap_ready         |   9|          2|    1|          2|
    |ap_sync_reg_PE13_U0_ap_ready         |   9|          2|    1|          2|
    |ap_sync_reg_PE_110_U0_ap_ready       |   9|          2|    1|          2|
    |ap_sync_reg_load_weight_U0_ap_ready  |   9|          2|    1|          2|
    +-------------------------------------+----+-----------+-----+-----------+
    |Total                                |  45|         10|    5|         10|
    +-------------------------------------+----+-----------+-----+-----------+

    * Register: 
    +-------------------------------------+---+----+-----+-----------+
    |                 Name                | FF| LUT| Bits| Const Bits|
    +-------------------------------------+---+----+-----+-----------+
    |ap_sync_reg_PE11_U0_ap_ready         |  1|   0|    1|          0|
    |ap_sync_reg_PE12_U0_ap_ready         |  1|   0|    1|          0|
    |ap_sync_reg_PE13_U0_ap_ready         |  1|   0|    1|          0|
    |ap_sync_reg_PE_110_U0_ap_ready       |  1|   0|    1|          0|
    |ap_sync_reg_load_weight_U0_ap_ready  |  1|   0|    1|          0|
    +-------------------------------------+---+----+-----+-----------+
    |Total                                |  5|   0|    5|          0|
    +-------------------------------------+---+----+-----+-----------+



================================================================
== Interface
================================================================
* Summary: 
+---------------------------+-----+-----+------------+------------------+--------------+
|         RTL Ports         | Dir | Bits|  Protocol  |   Source Object  |    C Type    |
+---------------------------+-----+-----+------------+------------------+--------------+
|m_axi_gmem_AWVALID         |  out|    1|       m_axi|              gmem|       pointer|
|m_axi_gmem_AWREADY         |   in|    1|       m_axi|              gmem|       pointer|
|m_axi_gmem_AWADDR          |  out|   64|       m_axi|              gmem|       pointer|
|m_axi_gmem_AWID            |  out|    1|       m_axi|              gmem|       pointer|
|m_axi_gmem_AWLEN           |  out|   32|       m_axi|              gmem|       pointer|
|m_axi_gmem_AWSIZE          |  out|    3|       m_axi|              gmem|       pointer|
|m_axi_gmem_AWBURST         |  out|    2|       m_axi|              gmem|       pointer|
|m_axi_gmem_AWLOCK          |  out|    2|       m_axi|              gmem|       pointer|
|m_axi_gmem_AWCACHE         |  out|    4|       m_axi|              gmem|       pointer|
|m_axi_gmem_AWPROT          |  out|    3|       m_axi|              gmem|       pointer|
|m_axi_gmem_AWQOS           |  out|    4|       m_axi|              gmem|       pointer|
|m_axi_gmem_AWREGION        |  out|    4|       m_axi|              gmem|       pointer|
|m_axi_gmem_AWUSER          |  out|    1|       m_axi|              gmem|       pointer|
|m_axi_gmem_WVALID          |  out|    1|       m_axi|              gmem|       pointer|
|m_axi_gmem_WREADY          |   in|    1|       m_axi|              gmem|       pointer|
|m_axi_gmem_WDATA           |  out|   32|       m_axi|              gmem|       pointer|
|m_axi_gmem_WSTRB           |  out|    4|       m_axi|              gmem|       pointer|
|m_axi_gmem_WLAST           |  out|    1|       m_axi|              gmem|       pointer|
|m_axi_gmem_WID             |  out|    1|       m_axi|              gmem|       pointer|
|m_axi_gmem_WUSER           |  out|    1|       m_axi|              gmem|       pointer|
|m_axi_gmem_ARVALID         |  out|    1|       m_axi|              gmem|       pointer|
|m_axi_gmem_ARREADY         |   in|    1|       m_axi|              gmem|       pointer|
|m_axi_gmem_ARADDR          |  out|   64|       m_axi|              gmem|       pointer|
|m_axi_gmem_ARID            |  out|    1|       m_axi|              gmem|       pointer|
|m_axi_gmem_ARLEN           |  out|   32|       m_axi|              gmem|       pointer|
|m_axi_gmem_ARSIZE          |  out|    3|       m_axi|              gmem|       pointer|
|m_axi_gmem_ARBURST         |  out|    2|       m_axi|              gmem|       pointer|
|m_axi_gmem_ARLOCK          |  out|    2|       m_axi|              gmem|       pointer|
|m_axi_gmem_ARCACHE         |  out|    4|       m_axi|              gmem|       pointer|
|m_axi_gmem_ARPROT          |  out|    3|       m_axi|              gmem|       pointer|
|m_axi_gmem_ARQOS           |  out|    4|       m_axi|              gmem|       pointer|
|m_axi_gmem_ARREGION        |  out|    4|       m_axi|              gmem|       pointer|
|m_axi_gmem_ARUSER          |  out|    1|       m_axi|              gmem|       pointer|
|m_axi_gmem_RVALID          |   in|    1|       m_axi|              gmem|       pointer|
|m_axi_gmem_RREADY          |  out|    1|       m_axi|              gmem|       pointer|
|m_axi_gmem_RDATA           |   in|   32|       m_axi|              gmem|       pointer|
|m_axi_gmem_RLAST           |   in|    1|       m_axi|              gmem|       pointer|
|m_axi_gmem_RID             |   in|    1|       m_axi|              gmem|       pointer|
|m_axi_gmem_RUSER           |   in|    1|       m_axi|              gmem|       pointer|
|m_axi_gmem_RRESP           |   in|    2|       m_axi|              gmem|       pointer|
|m_axi_gmem_BVALID          |   in|    1|       m_axi|              gmem|       pointer|
|m_axi_gmem_BREADY          |  out|    1|       m_axi|              gmem|       pointer|
|m_axi_gmem_BRESP           |   in|    2|       m_axi|              gmem|       pointer|
|m_axi_gmem_BID             |   in|    1|       m_axi|              gmem|       pointer|
|m_axi_gmem_BUSER           |   in|    1|       m_axi|              gmem|       pointer|
|weights                    |   in|   64|     ap_none|           weights|        scalar|
|weights_ap_vld             |   in|    1|     ap_none|           weights|        scalar|
|data_in_local_0_address0   |  out|    4|   ap_memory|   data_in_local_0|         array|
|data_in_local_0_ce0        |  out|    1|   ap_memory|   data_in_local_0|         array|
|data_in_local_0_d0         |  out|   32|   ap_memory|   data_in_local_0|         array|
|data_in_local_0_q0         |   in|   32|   ap_memory|   data_in_local_0|         array|
|data_in_local_0_we0        |  out|    1|   ap_memory|   data_in_local_0|         array|
|data_in_local_0_address1   |  out|    4|   ap_memory|   data_in_local_0|         array|
|data_in_local_0_ce1        |  out|    1|   ap_memory|   data_in_local_0|         array|
|data_in_local_0_d1         |  out|   32|   ap_memory|   data_in_local_0|         array|
|data_in_local_0_q1         |   in|   32|   ap_memory|   data_in_local_0|         array|
|data_in_local_0_we1        |  out|    1|   ap_memory|   data_in_local_0|         array|
|data_in_local_1_address0   |  out|    4|   ap_memory|   data_in_local_1|         array|
|data_in_local_1_ce0        |  out|    1|   ap_memory|   data_in_local_1|         array|
|data_in_local_1_d0         |  out|   32|   ap_memory|   data_in_local_1|         array|
|data_in_local_1_q0         |   in|   32|   ap_memory|   data_in_local_1|         array|
|data_in_local_1_we0        |  out|    1|   ap_memory|   data_in_local_1|         array|
|data_in_local_1_address1   |  out|    4|   ap_memory|   data_in_local_1|         array|
|data_in_local_1_ce1        |  out|    1|   ap_memory|   data_in_local_1|         array|
|data_in_local_1_d1         |  out|   32|   ap_memory|   data_in_local_1|         array|
|data_in_local_1_q1         |   in|   32|   ap_memory|   data_in_local_1|         array|
|data_in_local_1_we1        |  out|    1|   ap_memory|   data_in_local_1|         array|
|data_in_local_2_address0   |  out|    4|   ap_memory|   data_in_local_2|         array|
|data_in_local_2_ce0        |  out|    1|   ap_memory|   data_in_local_2|         array|
|data_in_local_2_d0         |  out|   32|   ap_memory|   data_in_local_2|         array|
|data_in_local_2_q0         |   in|   32|   ap_memory|   data_in_local_2|         array|
|data_in_local_2_we0        |  out|    1|   ap_memory|   data_in_local_2|         array|
|data_in_local_2_address1   |  out|    4|   ap_memory|   data_in_local_2|         array|
|data_in_local_2_ce1        |  out|    1|   ap_memory|   data_in_local_2|         array|
|data_in_local_2_d1         |  out|   32|   ap_memory|   data_in_local_2|         array|
|data_in_local_2_q1         |   in|   32|   ap_memory|   data_in_local_2|         array|
|data_in_local_2_we1        |  out|    1|   ap_memory|   data_in_local_2|         array|
|data_in_local_3_address0   |  out|    4|   ap_memory|   data_in_local_3|         array|
|data_in_local_3_ce0        |  out|    1|   ap_memory|   data_in_local_3|         array|
|data_in_local_3_d0         |  out|   32|   ap_memory|   data_in_local_3|         array|
|data_in_local_3_q0         |   in|   32|   ap_memory|   data_in_local_3|         array|
|data_in_local_3_we0        |  out|    1|   ap_memory|   data_in_local_3|         array|
|data_in_local_3_address1   |  out|    4|   ap_memory|   data_in_local_3|         array|
|data_in_local_3_ce1        |  out|    1|   ap_memory|   data_in_local_3|         array|
|data_in_local_3_d1         |  out|   32|   ap_memory|   data_in_local_3|         array|
|data_in_local_3_q1         |   in|   32|   ap_memory|   data_in_local_3|         array|
|data_in_local_3_we1        |  out|    1|   ap_memory|   data_in_local_3|         array|
|data_out_local_0_address0  |  out|    5|   ap_memory|  data_out_local_0|         array|
|data_out_local_0_ce0       |  out|    1|   ap_memory|  data_out_local_0|         array|
|data_out_local_0_d0        |  out|   32|   ap_memory|  data_out_local_0|         array|
|data_out_local_0_q0        |   in|   32|   ap_memory|  data_out_local_0|         array|
|data_out_local_0_we0       |  out|    1|   ap_memory|  data_out_local_0|         array|
|data_out_local_0_address1  |  out|    5|   ap_memory|  data_out_local_0|         array|
|data_out_local_0_ce1       |  out|    1|   ap_memory|  data_out_local_0|         array|
|data_out_local_0_d1        |  out|   32|   ap_memory|  data_out_local_0|         array|
|data_out_local_0_q1        |   in|   32|   ap_memory|  data_out_local_0|         array|
|data_out_local_0_we1       |  out|    1|   ap_memory|  data_out_local_0|         array|
|data_out_local_1_address0  |  out|    5|   ap_memory|  data_out_local_1|         array|
|data_out_local_1_ce0       |  out|    1|   ap_memory|  data_out_local_1|         array|
|data_out_local_1_d0        |  out|   32|   ap_memory|  data_out_local_1|         array|
|data_out_local_1_q0        |   in|   32|   ap_memory|  data_out_local_1|         array|
|data_out_local_1_we0       |  out|    1|   ap_memory|  data_out_local_1|         array|
|data_out_local_1_address1  |  out|    5|   ap_memory|  data_out_local_1|         array|
|data_out_local_1_ce1       |  out|    1|   ap_memory|  data_out_local_1|         array|
|data_out_local_1_d1        |  out|   32|   ap_memory|  data_out_local_1|         array|
|data_out_local_1_q1        |   in|   32|   ap_memory|  data_out_local_1|         array|
|data_out_local_1_we1       |  out|    1|   ap_memory|  data_out_local_1|         array|
|data_out_local_2_address0  |  out|    5|   ap_memory|  data_out_local_2|         array|
|data_out_local_2_ce0       |  out|    1|   ap_memory|  data_out_local_2|         array|
|data_out_local_2_d0        |  out|   32|   ap_memory|  data_out_local_2|         array|
|data_out_local_2_q0        |   in|   32|   ap_memory|  data_out_local_2|         array|
|data_out_local_2_we0       |  out|    1|   ap_memory|  data_out_local_2|         array|
|data_out_local_2_address1  |  out|    5|   ap_memory|  data_out_local_2|         array|
|data_out_local_2_ce1       |  out|    1|   ap_memory|  data_out_local_2|         array|
|data_out_local_2_d1        |  out|   32|   ap_memory|  data_out_local_2|         array|
|data_out_local_2_q1        |   in|   32|   ap_memory|  data_out_local_2|         array|
|data_out_local_2_we1       |  out|    1|   ap_memory|  data_out_local_2|         array|
|data_out_local_3_address0  |  out|    5|   ap_memory|  data_out_local_3|         array|
|data_out_local_3_ce0       |  out|    1|   ap_memory|  data_out_local_3|         array|
|data_out_local_3_d0        |  out|   32|   ap_memory|  data_out_local_3|         array|
|data_out_local_3_q0        |   in|   32|   ap_memory|  data_out_local_3|         array|
|data_out_local_3_we0       |  out|    1|   ap_memory|  data_out_local_3|         array|
|data_out_local_3_address1  |  out|    5|   ap_memory|  data_out_local_3|         array|
|data_out_local_3_ce1       |  out|    1|   ap_memory|  data_out_local_3|         array|
|data_out_local_3_d1        |  out|   32|   ap_memory|  data_out_local_3|         array|
|data_out_local_3_q1        |   in|   32|   ap_memory|  data_out_local_3|         array|
|data_out_local_3_we1       |  out|    1|   ap_memory|  data_out_local_3|         array|
|d_out                      |   in|    5|     ap_none|             d_out|        scalar|
|d_out_ap_vld               |   in|    1|     ap_none|             d_out|        scalar|
|ap_clk                     |   in|    1|  ap_ctrl_hs|       PE_dataflow|  return value|
|ap_rst                     |   in|    1|  ap_ctrl_hs|       PE_dataflow|  return value|
|ap_start                   |   in|    1|  ap_ctrl_hs|       PE_dataflow|  return value|
|ap_done                    |  out|    1|  ap_ctrl_hs|       PE_dataflow|  return value|
|ap_ready                   |  out|    1|  ap_ctrl_hs|       PE_dataflow|  return value|
|ap_idle                    |  out|    1|  ap_ctrl_hs|       PE_dataflow|  return value|
|ap_continue                |   in|    1|  ap_ctrl_hs|       PE_dataflow|  return value|
+---------------------------+-----+-----+------------+------------------+--------------+

