INFO: [v++ 60-1306] Additional information associated with this v++ link can be found at:
	Reports: /nethome/skaram7/GNN_Acc/PNA/PNA_HLS_U50/v1/_x.hw.xilinx_u50_gen3x16_xdma_201920_3/reports/link
	Log files: /nethome/skaram7/GNN_Acc/PNA/PNA_HLS_U50/v1/_x.hw.xilinx_u50_gen3x16_xdma_201920_3/logs/link
INFO: [v++ 60-1548] Creating build summary session with primary output /nethome/skaram7/GNN_Acc/PNA/PNA_HLS_U50/v1/build_dir.hw.xilinx_u50_gen3x16_xdma_201920_3/PNA_compute_one_graph.link.xclbin.link_summary, at Tue Jan 12 13:34:40 2021
INFO: [v++ 60-1316] Initiating connection to rulecheck server, at Tue Jan 12 13:34:40 2021
INFO: [v++ 60-1315] Creating rulecheck session with output '/nethome/skaram7/GNN_Acc/PNA/PNA_HLS_U50/v1/_x.hw.xilinx_u50_gen3x16_xdma_201920_3/reports/link/v++_link_PNA_compute_one_graph.link_guidance.html', at Tue Jan 12 13:34:42 2021
INFO: [v++ 60-895]   Target platform: /opt/xilinx/platforms/xilinx_u50_gen3x16_xdma_201920_3/xilinx_u50_gen3x16_xdma_201920_3.xpfm
INFO: [v++ 60-1578]   This platform contains Xilinx Shell Archive '/opt/xilinx/platforms/xilinx_u50_gen3x16_xdma_201920_3/hw/hw.xsa'
INFO: [v++ 74-78] Compiler Version string: 2021.1
INFO: [v++ 60-1302] Platform 'xilinx_u50_gen3x16_xdma_201920_3.xpfm' has been explicitly enabled for this release.
INFO: [v++ 60-629] Linking for hardware target
INFO: [v++ 60-423]   Target device: xilinx_u50_gen3x16_xdma_201920_3
INFO: [v++ 60-1332] Run 'run_link' status: Not started
INFO: [v++ 60-1443] [13:34:48] Run run_link: Step system_link: Started
INFO: [v++ 60-1453] Command Line: system_link --xo /nethome/skaram7/GNN_Acc/PNA/PNA_HLS_U50/v1/_x.hw.xilinx_u50_gen3x16_xdma_201920_3/PNA_compute_one_graph.xo -keep --xpfm /opt/xilinx/platforms/xilinx_u50_gen3x16_xdma_201920_3/xilinx_u50_gen3x16_xdma_201920_3.xpfm --target hw --output_dir /nethome/skaram7/GNN_Acc/PNA/PNA_HLS_U50/v1/_x.hw.xilinx_u50_gen3x16_xdma_201920_3/link/int --temp_dir /nethome/skaram7/GNN_Acc/PNA/PNA_HLS_U50/v1/_x.hw.xilinx_u50_gen3x16_xdma_201920_3/link/sys_link
INFO: [v++ 60-1454] Run Directory: /nethome/skaram7/GNN_Acc/PNA/PNA_HLS_U50/v1/_x.hw.xilinx_u50_gen3x16_xdma_201920_3/link/run_link
INFO: [SYSTEM_LINK 60-1316] Initiating connection to rulecheck server, at Tue Jan 12 13:34:51 2021
INFO: [SYSTEM_LINK 82-70] Extracting xo v3 file /nethome/skaram7/GNN_Acc/PNA/PNA_HLS_U50/v1/_x.hw.xilinx_u50_gen3x16_xdma_201920_3/PNA_compute_one_graph.xo
INFO: [SYSTEM_LINK 82-53] Creating IP database /nethome/skaram7/GNN_Acc/PNA/PNA_HLS_U50/v1/_x.hw.xilinx_u50_gen3x16_xdma_201920_3/link/sys_link/_sysl/.cdb/xd_ip_db.xml
INFO: [SYSTEM_LINK 82-38] [13:34:52] build_xd_ip_db started: /tools/reconfig/xilinx/Vitis/2021.1/Vitis/2021.1/bin/build_xd_ip_db -ip_search 0  -sds-pf /nethome/skaram7/GNN_Acc/PNA/PNA_HLS_U50/v1/_x.hw.xilinx_u50_gen3x16_xdma_201920_3/link/sys_link/hw.hpfm -clkid 0 -ip /nethome/skaram7/GNN_Acc/PNA/PNA_HLS_U50/v1/_x.hw.xilinx_u50_gen3x16_xdma_201920_3/link/sys_link/iprepo/xilinx_com_hls_PNA_compute_one_graph_1_0,PNA_compute_one_graph -o /nethome/skaram7/GNN_Acc/PNA/PNA_HLS_U50/v1/_x.hw.xilinx_u50_gen3x16_xdma_201920_3/link/sys_link/_sysl/.cdb/xd_ip_db.xml
INFO: [SYSTEM_LINK 82-37] [13:35:00] build_xd_ip_db finished successfully
Time (s): cpu = 00:00:09 ; elapsed = 00:00:07 . Memory (MB): peak = 2019.703 ; gain = 0.000 ; free physical = 210609 ; free virtual = 224994
INFO: [SYSTEM_LINK 82-51] Create system connectivity graph
INFO: [SYSTEM_LINK 82-102] Applying explicit connections to the system connectivity graph: /nethome/skaram7/GNN_Acc/PNA/PNA_HLS_U50/v1/_x.hw.xilinx_u50_gen3x16_xdma_201920_3/link/sys_link/cfgraph/cfgen_cfgraph.xml
INFO: [SYSTEM_LINK 82-38] [13:35:00] cfgen started: /tools/reconfig/xilinx/Vitis/2021.1/Vitis/2021.1/bin/cfgen -dmclkid 0 -r /nethome/skaram7/GNN_Acc/PNA/PNA_HLS_U50/v1/_x.hw.xilinx_u50_gen3x16_xdma_201920_3/link/sys_link/_sysl/.cdb/xd_ip_db.xml -o /nethome/skaram7/GNN_Acc/PNA/PNA_HLS_U50/v1/_x.hw.xilinx_u50_gen3x16_xdma_201920_3/link/sys_link/cfgraph/cfgen_cfgraph.xml
INFO: [CFGEN 83-0] Kernel Specs: 
INFO: [CFGEN 83-0]   kernel: PNA_compute_one_graph, num: 1  {PNA_compute_one_graph_1}
INFO: [CFGEN 83-2226] Inferring mapping for argument PNA_compute_one_graph_1.task to HBM[0]
INFO: [CFGEN 83-2226] Inferring mapping for argument PNA_compute_one_graph_1.node_feature_in to HBM[0]
INFO: [CFGEN 83-2226] Inferring mapping for argument PNA_compute_one_graph_1.edge_list_in to HBM[0]
INFO: [CFGEN 83-2226] Inferring mapping for argument PNA_compute_one_graph_1.graph_attr to HBM[0]
INFO: [CFGEN 83-2226] Inferring mapping for argument PNA_compute_one_graph_1.node_emb_atom_embedding_list_0_weight_fixed_in to HBM[0]
INFO: [CFGEN 83-2226] Inferring mapping for argument PNA_compute_one_graph_1.node_emb_atom_embedding_list_1_weight_fixed_in to HBM[0]
INFO: [CFGEN 83-2226] Inferring mapping for argument PNA_compute_one_graph_1.node_emb_atom_embedding_list_2_weight_fixed_in to HBM[0]
INFO: [CFGEN 83-2226] Inferring mapping for argument PNA_compute_one_graph_1.node_emb_atom_embedding_list_3_weight_fixed_in to HBM[0]
INFO: [CFGEN 83-2226] Inferring mapping for argument PNA_compute_one_graph_1.node_emb_atom_embedding_list_4_weight_fixed_in to HBM[0]
INFO: [CFGEN 83-2226] Inferring mapping for argument PNA_compute_one_graph_1.node_emb_atom_embedding_list_5_weight_fixed_in to HBM[0]
INFO: [CFGEN 83-2226] Inferring mapping for argument PNA_compute_one_graph_1.node_emb_atom_embedding_list_6_weight_fixed_in to HBM[0]
INFO: [CFGEN 83-2226] Inferring mapping for argument PNA_compute_one_graph_1.node_emb_atom_embedding_list_7_weight_fixed_in to HBM[0]
INFO: [CFGEN 83-2226] Inferring mapping for argument PNA_compute_one_graph_1.node_emb_atom_embedding_list_8_weight_fixed_in to HBM[0]
INFO: [CFGEN 83-2226] Inferring mapping for argument PNA_compute_one_graph_1.mlp_0_weight_fixed_in to HBM[0]
INFO: [CFGEN 83-2226] Inferring mapping for argument PNA_compute_one_graph_1.mlp_0_bias_fixed_in to HBM[0]
INFO: [CFGEN 83-2226] Inferring mapping for argument PNA_compute_one_graph_1.mlp_2_weight_fixed_in to HBM[0]
INFO: [CFGEN 83-2226] Inferring mapping for argument PNA_compute_one_graph_1.mlp_2_bias_fixed_in to HBM[0]
INFO: [CFGEN 83-2226] Inferring mapping for argument PNA_compute_one_graph_1.mlp_4_weight_fixed_in to HBM[0]
INFO: [CFGEN 83-2226] Inferring mapping for argument PNA_compute_one_graph_1.mlp_4_bias_fixed_in to HBM[0]
INFO: [CFGEN 83-2226] Inferring mapping for argument PNA_compute_one_graph_1.convs_ALL_post_nn_0_weight_fixed_in to HBM[0]
INFO: [CFGEN 83-2226] Inferring mapping for argument PNA_compute_one_graph_1.convs_ALL_post_nn_0_bias_fixed_in to HBM[0]
INFO: [SYSTEM_LINK 82-37] [13:35:05] cfgen finished successfully
Time (s): cpu = 00:00:05 ; elapsed = 00:00:05 . Memory (MB): peak = 2019.703 ; gain = 0.000 ; free physical = 210641 ; free virtual = 225025
INFO: [SYSTEM_LINK 82-52] Create top-level block diagram
INFO: [SYSTEM_LINK 82-38] [13:35:05] cf2bd started: /tools/reconfig/xilinx/Vitis/2021.1/Vitis/2021.1/bin/cf2bd  --linux --trace_buffer 1024 --input_file /nethome/skaram7/GNN_Acc/PNA/PNA_HLS_U50/v1/_x.hw.xilinx_u50_gen3x16_xdma_201920_3/link/sys_link/cfgraph/cfgen_cfgraph.xml --ip_db /nethome/skaram7/GNN_Acc/PNA/PNA_HLS_U50/v1/_x.hw.xilinx_u50_gen3x16_xdma_201920_3/link/sys_link/_sysl/.cdb/xd_ip_db.xml --cf_name dr --working_dir /nethome/skaram7/GNN_Acc/PNA/PNA_HLS_U50/v1/_x.hw.xilinx_u50_gen3x16_xdma_201920_3/link/sys_link/_sysl/.xsd --temp_dir /nethome/skaram7/GNN_Acc/PNA/PNA_HLS_U50/v1/_x.hw.xilinx_u50_gen3x16_xdma_201920_3/link/sys_link --output_dir /nethome/skaram7/GNN_Acc/PNA/PNA_HLS_U50/v1/_x.hw.xilinx_u50_gen3x16_xdma_201920_3/link/int --target_bd ulp.bd
INFO: [CF2BD 82-31] Launching cf2xd: cf2xd -linux -trace-buffer 1024 -i /nethome/skaram7/GNN_Acc/PNA/PNA_HLS_U50/v1/_x.hw.xilinx_u50_gen3x16_xdma_201920_3/link/sys_link/cfgraph/cfgen_cfgraph.xml -r /nethome/skaram7/GNN_Acc/PNA/PNA_HLS_U50/v1/_x.hw.xilinx_u50_gen3x16_xdma_201920_3/link/sys_link/_sysl/.cdb/xd_ip_db.xml -o dr.xml
INFO: [CF2BD 82-28] cf2xd finished successfully
INFO: [CF2BD 82-31] Launching cf_xsd: cf_xsd -disable-address-gen -bd ulp.bd -dn dr -dp /nethome/skaram7/GNN_Acc/PNA/PNA_HLS_U50/v1/_x.hw.xilinx_u50_gen3x16_xdma_201920_3/link/sys_link/_sysl/.xsd
INFO: [CF2BD 82-28] cf_xsd finished successfully
INFO: [SYSTEM_LINK 82-37] [13:35:10] cf2bd finished successfully
Time (s): cpu = 00:00:04 ; elapsed = 00:00:05 . Memory (MB): peak = 2019.703 ; gain = 0.000 ; free physical = 210633 ; free virtual = 225022
INFO: [v++ 60-1441] [13:35:10] Run run_link: Step system_link: Completed
Time (s): cpu = 00:00:22 ; elapsed = 00:00:21 . Memory (MB): peak = 1885.523 ; gain = 0.000 ; free physical = 210682 ; free virtual = 225071
INFO: [v++ 60-1443] [13:35:10] Run run_link: Step cf2sw: Started
INFO: [v++ 60-1453] Command Line: cf2sw -sdsl /nethome/skaram7/GNN_Acc/PNA/PNA_HLS_U50/v1/_x.hw.xilinx_u50_gen3x16_xdma_201920_3/link/int/sdsl.dat -rtd /nethome/skaram7/GNN_Acc/PNA/PNA_HLS_U50/v1/_x.hw.xilinx_u50_gen3x16_xdma_201920_3/link/int/cf2sw.rtd -nofilter /nethome/skaram7/GNN_Acc/PNA/PNA_HLS_U50/v1/_x.hw.xilinx_u50_gen3x16_xdma_201920_3/link/int/cf2sw_full.rtd -xclbin /nethome/skaram7/GNN_Acc/PNA/PNA_HLS_U50/v1/_x.hw.xilinx_u50_gen3x16_xdma_201920_3/link/int/xclbin_orig.xml -o /nethome/skaram7/GNN_Acc/PNA/PNA_HLS_U50/v1/_x.hw.xilinx_u50_gen3x16_xdma_201920_3/link/int/xclbin_orig.1.xml
INFO: [v++ 60-1454] Run Directory: /nethome/skaram7/GNN_Acc/PNA/PNA_HLS_U50/v1/_x.hw.xilinx_u50_gen3x16_xdma_201920_3/link/run_link
INFO: [v++ 60-1441] [13:35:14] Run run_link: Step cf2sw: Completed
Time (s): cpu = 00:00:04 ; elapsed = 00:00:04 . Memory (MB): peak = 1885.523 ; gain = 0.000 ; free physical = 210684 ; free virtual = 225074
INFO: [v++ 60-1443] [13:35:14] Run run_link: Step rtd2_system_diagram: Started
INFO: [v++ 60-1453] Command Line: rtd2SystemDiagram
INFO: [v++ 60-1454] Run Directory: /nethome/skaram7/GNN_Acc/PNA/PNA_HLS_U50/v1/_x.hw.xilinx_u50_gen3x16_xdma_201920_3/link/run_link
INFO: [v++ 60-1441] [13:35:14] Run run_link: Step rtd2_system_diagram: Completed
Time (s): cpu = 00:00:00 ; elapsed = 00:00:00.55 . Memory (MB): peak = 1885.523 ; gain = 0.000 ; free physical = 210678 ; free virtual = 225067
INFO: [v++ 60-1443] [13:35:14] Run run_link: Step vpl: Started
INFO: [v++ 60-1453] Command Line: vpl -t hw -f xilinx_u50_gen3x16_xdma_201920_3 --remote_ip_cache /nethome/skaram7/GNN_Acc/PNA/PNA_HLS_U50/v1/.ipcache -s --output_dir /nethome/skaram7/GNN_Acc/PNA/PNA_HLS_U50/v1/_x.hw.xilinx_u50_gen3x16_xdma_201920_3/link/int --log_dir /nethome/skaram7/GNN_Acc/PNA/PNA_HLS_U50/v1/_x.hw.xilinx_u50_gen3x16_xdma_201920_3/logs/link --report_dir /nethome/skaram7/GNN_Acc/PNA/PNA_HLS_U50/v1/_x.hw.xilinx_u50_gen3x16_xdma_201920_3/reports/link --config /nethome/skaram7/GNN_Acc/PNA/PNA_HLS_U50/v1/_x.hw.xilinx_u50_gen3x16_xdma_201920_3/link/int/vplConfig.ini -k /nethome/skaram7/GNN_Acc/PNA/PNA_HLS_U50/v1/_x.hw.xilinx_u50_gen3x16_xdma_201920_3/link/int/kernel_info.dat --webtalk_flag Vitis --temp_dir /nethome/skaram7/GNN_Acc/PNA/PNA_HLS_U50/v1/_x.hw.xilinx_u50_gen3x16_xdma_201920_3/link --no-info --iprepo /nethome/skaram7/GNN_Acc/PNA/PNA_HLS_U50/v1/_x.hw.xilinx_u50_gen3x16_xdma_201920_3/link/int/xo/ip_repo/xilinx_com_hls_PNA_compute_one_graph_1_0 --messageDb /nethome/skaram7/GNN_Acc/PNA/PNA_HLS_U50/v1/_x.hw.xilinx_u50_gen3x16_xdma_201920_3/link/run_link/vpl.pb /nethome/skaram7/GNN_Acc/PNA/PNA_HLS_U50/v1/_x.hw.xilinx_u50_gen3x16_xdma_201920_3/link/int/dr.bd.tcl
INFO: [v++ 60-1454] Run Directory: /nethome/skaram7/GNN_Acc/PNA/PNA_HLS_U50/v1/_x.hw.xilinx_u50_gen3x16_xdma_201920_3/link/run_link

****** vpl v2021.1.1 (64-bit)
  **** SW Build 3278995 on 2021-07-20-20:33:48
    ** Copyright 1986-2020 Xilinx, Inc. All Rights Reserved.

INFO: [VPL 60-839] Read in kernel information from file '/nethome/skaram7/GNN_Acc/PNA/PNA_HLS_U50/v1/_x.hw.xilinx_u50_gen3x16_xdma_201920_3/link/int/kernel_info.dat'.
INFO: [VPL 74-78] Compiler Version string: 2021.1
INFO: [VPL 60-423]   Target device: xilinx_u50_gen3x16_xdma_201920_3
INFO: [VPL 60-1032] Extracting hardware platform to /nethome/skaram7/GNN_Acc/PNA/PNA_HLS_U50/v1/_x.hw.xilinx_u50_gen3x16_xdma_201920_3/link/vivado/vpl/.local/hw_platform
[13:35:47] Run vpl: Step create_project: Started
Creating Vivado project.
[13:35:52] Run vpl: Step create_project: Completed
[13:35:52] Run vpl: Step create_bd: Started
[13:37:11] Run vpl: Step create_bd: RUNNING...
[13:37:18] Run vpl: Step create_bd: Completed
[13:37:18] Run vpl: Step update_bd: Started
[13:37:19] Run vpl: Step update_bd: Completed
[13:37:19] Run vpl: Step generate_target: Started
[13:38:37] Run vpl: Step generate_target: RUNNING...
[13:38:50] Run vpl: Step generate_target: Completed
[13:38:50] Run vpl: Step config_hw_runs: Started
[13:39:44] Run vpl: Step config_hw_runs: Completed
[13:39:44] Run vpl: Step synth: Started
[13:40:48] Block-level synthesis in progress, 24 of 85 jobs complete, 0 jobs running.
[13:41:19] Block-level synthesis in progress, 47 of 85 jobs complete, 1 job running.
[13:41:50] Block-level synthesis in progress, 69 of 85 jobs complete, 2 jobs running.
[13:42:21] Block-level synthesis in progress, 83 of 85 jobs complete, 1 job running.
[13:42:52] Block-level synthesis in progress, 84 of 85 jobs complete, 1 job running.
[13:43:24] Block-level synthesis in progress, 84 of 85 jobs complete, 1 job running.
[13:43:55] Block-level synthesis in progress, 84 of 85 jobs complete, 1 job running.
[13:44:26] Block-level synthesis in progress, 84 of 85 jobs complete, 1 job running.
[13:44:57] Block-level synthesis in progress, 84 of 85 jobs complete, 1 job running.
[13:45:28] Block-level synthesis in progress, 84 of 85 jobs complete, 1 job running.
[13:45:59] Block-level synthesis in progress, 84 of 85 jobs complete, 1 job running.
[13:46:30] Block-level synthesis in progress, 84 of 85 jobs complete, 1 job running.
[13:47:01] Block-level synthesis in progress, 84 of 85 jobs complete, 1 job running.
[13:47:33] Block-level synthesis in progress, 84 of 85 jobs complete, 1 job running.
[13:48:04] Block-level synthesis in progress, 84 of 85 jobs complete, 1 job running.
[13:48:35] Block-level synthesis in progress, 84 of 85 jobs complete, 1 job running.
[13:49:06] Block-level synthesis in progress, 84 of 85 jobs complete, 1 job running.
[13:49:37] Block-level synthesis in progress, 84 of 85 jobs complete, 1 job running.
[13:50:08] Block-level synthesis in progress, 84 of 85 jobs complete, 1 job running.
[13:50:39] Block-level synthesis in progress, 84 of 85 jobs complete, 1 job running.
[13:51:10] Block-level synthesis in progress, 84 of 85 jobs complete, 1 job running.
[13:51:42] Block-level synthesis in progress, 84 of 85 jobs complete, 1 job running.
[13:52:13] Block-level synthesis in progress, 84 of 85 jobs complete, 1 job running.
[13:52:44] Block-level synthesis in progress, 84 of 85 jobs complete, 1 job running.
[13:53:15] Block-level synthesis in progress, 84 of 85 jobs complete, 1 job running.
[13:53:46] Block-level synthesis in progress, 84 of 85 jobs complete, 1 job running.
[13:54:17] Block-level synthesis in progress, 84 of 85 jobs complete, 1 job running.
[13:54:48] Block-level synthesis in progress, 84 of 85 jobs complete, 1 job running.
[13:55:20] Block-level synthesis in progress, 84 of 85 jobs complete, 1 job running.
[13:55:51] Block-level synthesis in progress, 84 of 85 jobs complete, 1 job running.
[13:56:22] Block-level synthesis in progress, 84 of 85 jobs complete, 1 job running.
[13:56:53] Block-level synthesis in progress, 84 of 85 jobs complete, 1 job running.
[13:57:24] Block-level synthesis in progress, 84 of 85 jobs complete, 1 job running.
[13:57:55] Block-level synthesis in progress, 84 of 85 jobs complete, 1 job running.
[13:58:27] Block-level synthesis in progress, 85 of 85 jobs complete, 0 jobs running.
[13:58:58] Top-level synthesis in progress.
[13:59:29] Top-level synthesis in progress.
[14:00:00] Top-level synthesis in progress.
[14:00:18] Run vpl: Step synth: Completed
[14:00:18] Run vpl: Step impl: Started
