INFO: [v++ 60-1306] Additional information associated with this v++ compile can be found at:
	Reports: /nethome/skaram7/GNN_Acc/PNA/PNA_HLS_U50/v1/_x.hw.xilinx_u50_gen3x16_xdma_201920_3/reports/PNA_compute_one_graph
	Log files: /nethome/skaram7/GNN_Acc/PNA/PNA_HLS_U50/v1/_x.hw.xilinx_u50_gen3x16_xdma_201920_3/logs/PNA_compute_one_graph
INFO: [v++ 60-1548] Creating build summary session with primary output /nethome/skaram7/GNN_Acc/PNA/PNA_HLS_U50/v1/_x.hw.xilinx_u50_gen3x16_xdma_201920_3/PNA_compute_one_graph.xo.compile_summary, at Tue Jan 12 23:02:57 2021
INFO: [v++ 60-1316] Initiating connection to rulecheck server, at Tue Jan 12 23:02:57 2021
INFO: [v++ 60-1315] Creating rulecheck session with output '/nethome/skaram7/GNN_Acc/PNA/PNA_HLS_U50/v1/_x.hw.xilinx_u50_gen3x16_xdma_201920_3/reports/PNA_compute_one_graph/v++_compile_PNA_compute_one_graph_guidance.html', at Tue Jan 12 23:02:59 2021
INFO: [v++ 60-895]   Target platform: /export/hdd/scratch/common/xilinx/opt/xilinx/platforms/xilinx_u50_gen3x16_xdma_201920_3/xilinx_u50_gen3x16_xdma_201920_3.xpfm
INFO: [v++ 60-1578]   This platform contains Xilinx Shell Archive '/export/hdd/scratch/common/xilinx/opt/xilinx/platforms/xilinx_u50_gen3x16_xdma_201920_3/hw/hw.xsa'
INFO: [v++ 74-78] Compiler Version string: 2021.1
INFO: [v++ 60-1302] Platform 'xilinx_u50_gen3x16_xdma_201920_3.xpfm' has been explicitly enabled for this release.
INFO: [v++ 60-585] Compiling for hardware target
INFO: [v++ 60-423]   Target device: xilinx_u50_gen3x16_xdma_201920_3
INFO: [v++ 60-242] Creating kernel: 'PNA_compute_one_graph'

===>The following messages were generated while  performing high-level synthesis for kernel: PNA_compute_one_graph Log file: /nethome/skaram7/GNN_Acc/PNA/PNA_HLS_U50/v1/_x.hw.xilinx_u50_gen3x16_xdma_201920_3/PNA_compute_one_graph/PNA_compute_one_graph/vitis_hls.log :
ERROR: [v++ 207-3772] use of undeclared identifier 'count'; did you mean 'round'?: /nethome/skaram7/GNN_Acc/PNA/PNA_HLS_U50/v1/src/PNA_compute.cc:146:40
ERROR: [v++ 60-300] Failed to build kernel(ip) PNA_compute_one_graph, see log for details: /nethome/skaram7/GNN_Acc/PNA/PNA_HLS_U50/v1/_x.hw.xilinx_u50_gen3x16_xdma_201920_3/PNA_compute_one_graph/PNA_compute_one_graph/vitis_hls.log
ERROR: [v++ 60-773] In '/nethome/skaram7/GNN_Acc/PNA/PNA_HLS_U50/v1/_x.hw.xilinx_u50_gen3x16_xdma_201920_3/PNA_compute_one_graph/PNA_compute_one_graph/vitis_hls.log', caught Tcl error: ERROR: [HLS 207-3772] use of undeclared identifier 'count'; did you mean 'round'?: /nethome/skaram7/GNN_Acc/PNA/PNA_HLS_U50/v1/src/PNA_compute.cc:146:40
ERROR: [v++ 60-599] Kernel compilation failed to complete
ERROR: [v++ 60-592] Failed to finish compilation
INFO: [v++ 60-1653] Closing dispatch client.
