INFO: [v++ 60-1306] Additional information associated with this v++ link can be found at:
	Reports: /nethome/skaram7/GNN_Acc/PNA/PNA_HLS_U50/v1/_x.hw.xilinx_u50_gen3x16_xdma_201920_3/reports/link
	Log files: /nethome/skaram7/GNN_Acc/PNA/PNA_HLS_U50/v1/_x.hw.xilinx_u50_gen3x16_xdma_201920_3/logs/link
INFO: [v++ 60-1548] Creating build summary session with primary output /nethome/skaram7/GNN_Acc/PNA/PNA_HLS_U50/v1/build_dir.hw.xilinx_u50_gen3x16_xdma_201920_3/PNA_compute_one_graph.link.xclbin.link_summary, at Tue Jan 12 23:15:26 2021
INFO: [v++ 60-1316] Initiating connection to rulecheck server, at Tue Jan 12 23:15:26 2021
INFO: [v++ 60-1315] Creating rulecheck session with output '/nethome/skaram7/GNN_Acc/PNA/PNA_HLS_U50/v1/_x.hw.xilinx_u50_gen3x16_xdma_201920_3/reports/link/v++_link_PNA_compute_one_graph.link_guidance.html', at Tue Jan 12 23:15:27 2021
INFO: [v++ 60-895]   Target platform: /export/hdd/scratch/common/xilinx/opt/xilinx/platforms/xilinx_u50_gen3x16_xdma_201920_3/xilinx_u50_gen3x16_xdma_201920_3.xpfm
INFO: [v++ 60-1578]   This platform contains Xilinx Shell Archive '/export/hdd/scratch/common/xilinx/opt/xilinx/platforms/xilinx_u50_gen3x16_xdma_201920_3/hw/hw.xsa'
INFO: [v++ 74-78] Compiler Version string: 2021.1
INFO: [v++ 60-1302] Platform 'xilinx_u50_gen3x16_xdma_201920_3.xpfm' has been explicitly enabled for this release.
INFO: [v++ 60-629] Linking for hardware target
INFO: [v++ 60-423]   Target device: xilinx_u50_gen3x16_xdma_201920_3
INFO: [v++ 60-1332] Run 'run_link' status: Not started
INFO: [v++ 60-1443] [23:15:32] Run run_link: Step system_link: Started
INFO: [v++ 60-1453] Command Line: system_link --xo /nethome/skaram7/GNN_Acc/PNA/PNA_HLS_U50/v1/_x.hw.xilinx_u50_gen3x16_xdma_201920_3/PNA_compute_one_graph.xo -keep --xpfm /export/hdd/scratch/common/xilinx/opt/xilinx/platforms/xilinx_u50_gen3x16_xdma_201920_3/xilinx_u50_gen3x16_xdma_201920_3.xpfm --target hw --output_dir /nethome/skaram7/GNN_Acc/PNA/PNA_HLS_U50/v1/_x.hw.xilinx_u50_gen3x16_xdma_201920_3/link/int --temp_dir /nethome/skaram7/GNN_Acc/PNA/PNA_HLS_U50/v1/_x.hw.xilinx_u50_gen3x16_xdma_201920_3/link/sys_link
INFO: [v++ 60-1454] Run Directory: /nethome/skaram7/GNN_Acc/PNA/PNA_HLS_U50/v1/_x.hw.xilinx_u50_gen3x16_xdma_201920_3/link/run_link
INFO: [SYSTEM_LINK 60-1316] Initiating connection to rulecheck server, at Tue Jan 12 23:15:34 2021
INFO: [SYSTEM_LINK 82-70] Extracting xo v3 file /nethome/skaram7/GNN_Acc/PNA/PNA_HLS_U50/v1/_x.hw.xilinx_u50_gen3x16_xdma_201920_3/PNA_compute_one_graph.xo
INFO: [SYSTEM_LINK 82-53] Creating IP database /nethome/skaram7/GNN_Acc/PNA/PNA_HLS_U50/v1/_x.hw.xilinx_u50_gen3x16_xdma_201920_3/link/sys_link/_sysl/.cdb/xd_ip_db.xml
INFO: [SYSTEM_LINK 82-38] [23:15:36] build_xd_ip_db started: /tools/software/xilinx/Vitis/2021.1/bin/build_xd_ip_db -ip_search 0  -sds-pf /nethome/skaram7/GNN_Acc/PNA/PNA_HLS_U50/v1/_x.hw.xilinx_u50_gen3x16_xdma_201920_3/link/sys_link/hw.hpfm -clkid 0 -ip /nethome/skaram7/GNN_Acc/PNA/PNA_HLS_U50/v1/_x.hw.xilinx_u50_gen3x16_xdma_201920_3/link/sys_link/iprepo/xilinx_com_hls_PNA_compute_one_graph_1_0,PNA_compute_one_graph -o /nethome/skaram7/GNN_Acc/PNA/PNA_HLS_U50/v1/_x.hw.xilinx_u50_gen3x16_xdma_201920_3/link/sys_link/_sysl/.cdb/xd_ip_db.xml
INFO: [SYSTEM_LINK 82-37] [23:15:44] build_xd_ip_db finished successfully
Time (s): cpu = 00:00:07 ; elapsed = 00:00:07 . Memory (MB): peak = 1988.836 ; gain = 0.000 ; free physical = 367840 ; free virtual = 480403
INFO: [SYSTEM_LINK 82-51] Create system connectivity graph
INFO: [SYSTEM_LINK 82-102] Applying explicit connections to the system connectivity graph: /nethome/skaram7/GNN_Acc/PNA/PNA_HLS_U50/v1/_x.hw.xilinx_u50_gen3x16_xdma_201920_3/link/sys_link/cfgraph/cfgen_cfgraph.xml
INFO: [SYSTEM_LINK 82-38] [23:15:44] cfgen started: /tools/software/xilinx/Vitis/2021.1/bin/cfgen -dmclkid 0 -r /nethome/skaram7/GNN_Acc/PNA/PNA_HLS_U50/v1/_x.hw.xilinx_u50_gen3x16_xdma_201920_3/link/sys_link/_sysl/.cdb/xd_ip_db.xml -o /nethome/skaram7/GNN_Acc/PNA/PNA_HLS_U50/v1/_x.hw.xilinx_u50_gen3x16_xdma_201920_3/link/sys_link/cfgraph/cfgen_cfgraph.xml
INFO: [CFGEN 83-0] Kernel Specs: 
INFO: [CFGEN 83-0]   kernel: PNA_compute_one_graph, num: 1  {PNA_compute_one_graph_1}
INFO: [CFGEN 83-2226] Inferring mapping for argument PNA_compute_one_graph_1.task to HBM[0]
INFO: [CFGEN 83-2226] Inferring mapping for argument PNA_compute_one_graph_1.node_feature_in to HBM[0]
INFO: [CFGEN 83-2226] Inferring mapping for argument PNA_compute_one_graph_1.edge_list_in to HBM[0]
INFO: [CFGEN 83-2226] Inferring mapping for argument PNA_compute_one_graph_1.graph_attr to HBM[0]
INFO: [CFGEN 83-2226] Inferring mapping for argument PNA_compute_one_graph_1.node_emb_atom_embedding_list_0_weight_fixed_in to HBM[0]
INFO: [CFGEN 83-2226] Inferring mapping for argument PNA_compute_one_graph_1.node_emb_atom_embedding_list_1_weight_fixed_in to HBM[0]
INFO: [CFGEN 83-2226] Inferring mapping for argument PNA_compute_one_graph_1.node_emb_atom_embedding_list_2_weight_fixed_in to HBM[0]
INFO: [CFGEN 83-2226] Inferring mapping for argument PNA_compute_one_graph_1.node_emb_atom_embedding_list_3_weight_fixed_in to HBM[0]
INFO: [CFGEN 83-2226] Inferring mapping for argument PNA_compute_one_graph_1.node_emb_atom_embedding_list_4_weight_fixed_in to HBM[0]
INFO: [CFGEN 83-2226] Inferring mapping for argument PNA_compute_one_graph_1.node_emb_atom_embedding_list_5_weight_fixed_in to HBM[0]
INFO: [CFGEN 83-2226] Inferring mapping for argument PNA_compute_one_graph_1.node_emb_atom_embedding_list_6_weight_fixed_in to HBM[0]
INFO: [CFGEN 83-2226] Inferring mapping for argument PNA_compute_one_graph_1.node_emb_atom_embedding_list_7_weight_fixed_in to HBM[0]
INFO: [CFGEN 83-2226] Inferring mapping for argument PNA_compute_one_graph_1.node_emb_atom_embedding_list_8_weight_fixed_in to HBM[0]
INFO: [CFGEN 83-2226] Inferring mapping for argument PNA_compute_one_graph_1.mlp_0_weight_fixed_in to HBM[0]
INFO: [CFGEN 83-2226] Inferring mapping for argument PNA_compute_one_graph_1.mlp_0_bias_fixed_in to HBM[0]
INFO: [CFGEN 83-2226] Inferring mapping for argument PNA_compute_one_graph_1.mlp_2_weight_fixed_in to HBM[0]
INFO: [CFGEN 83-2226] Inferring mapping for argument PNA_compute_one_graph_1.mlp_2_bias_fixed_in to HBM[0]
INFO: [CFGEN 83-2226] Inferring mapping for argument PNA_compute_one_graph_1.mlp_4_weight_fixed_in to HBM[0]
INFO: [CFGEN 83-2226] Inferring mapping for argument PNA_compute_one_graph_1.mlp_4_bias_fixed_in to HBM[0]
INFO: [CFGEN 83-2226] Inferring mapping for argument PNA_compute_one_graph_1.convs_ALL_post_nn_0_weight_fixed_in to HBM[0]
INFO: [CFGEN 83-2226] Inferring mapping for argument PNA_compute_one_graph_1.convs_ALL_post_nn_0_bias_fixed_in to HBM[0]
INFO: [SYSTEM_LINK 82-37] [23:15:47] cfgen finished successfully
Time (s): cpu = 00:00:03 ; elapsed = 00:00:03 . Memory (MB): peak = 1988.836 ; gain = 0.000 ; free physical = 367838 ; free virtual = 480402
INFO: [SYSTEM_LINK 82-52] Create top-level block diagram
INFO: [SYSTEM_LINK 82-38] [23:15:47] cf2bd started: /tools/software/xilinx/Vitis/2021.1/bin/cf2bd  --linux --trace_buffer 1024 --input_file /nethome/skaram7/GNN_Acc/PNA/PNA_HLS_U50/v1/_x.hw.xilinx_u50_gen3x16_xdma_201920_3/link/sys_link/cfgraph/cfgen_cfgraph.xml --ip_db /nethome/skaram7/GNN_Acc/PNA/PNA_HLS_U50/v1/_x.hw.xilinx_u50_gen3x16_xdma_201920_3/link/sys_link/_sysl/.cdb/xd_ip_db.xml --cf_name dr --working_dir /nethome/skaram7/GNN_Acc/PNA/PNA_HLS_U50/v1/_x.hw.xilinx_u50_gen3x16_xdma_201920_3/link/sys_link/_sysl/.xsd --temp_dir /nethome/skaram7/GNN_Acc/PNA/PNA_HLS_U50/v1/_x.hw.xilinx_u50_gen3x16_xdma_201920_3/link/sys_link --output_dir /nethome/skaram7/GNN_Acc/PNA/PNA_HLS_U50/v1/_x.hw.xilinx_u50_gen3x16_xdma_201920_3/link/int --target_bd ulp.bd
INFO: [CF2BD 82-31] Launching cf2xd: cf2xd -linux -trace-buffer 1024 -i /nethome/skaram7/GNN_Acc/PNA/PNA_HLS_U50/v1/_x.hw.xilinx_u50_gen3x16_xdma_201920_3/link/sys_link/cfgraph/cfgen_cfgraph.xml -r /nethome/skaram7/GNN_Acc/PNA/PNA_HLS_U50/v1/_x.hw.xilinx_u50_gen3x16_xdma_201920_3/link/sys_link/_sysl/.cdb/xd_ip_db.xml -o dr.xml
INFO: [CF2BD 82-28] cf2xd finished successfully
INFO: [CF2BD 82-31] Launching cf_xsd: cf_xsd -disable-address-gen -bd ulp.bd -dn dr -dp /nethome/skaram7/GNN_Acc/PNA/PNA_HLS_U50/v1/_x.hw.xilinx_u50_gen3x16_xdma_201920_3/link/sys_link/_sysl/.xsd
INFO: [CF2BD 82-28] cf_xsd finished successfully
INFO: [SYSTEM_LINK 82-37] [23:15:49] cf2bd finished successfully
Time (s): cpu = 00:00:02 ; elapsed = 00:00:02 . Memory (MB): peak = 1988.836 ; gain = 0.000 ; free physical = 367828 ; free virtual = 480398
INFO: [v++ 60-1441] [23:15:49] Run run_link: Step system_link: Completed
Time (s): cpu = 00:00:15 ; elapsed = 00:00:17 . Memory (MB): peak = 2007.082 ; gain = 0.000 ; free physical = 367881 ; free virtual = 480451
INFO: [v++ 60-1443] [23:15:49] Run run_link: Step cf2sw: Started
INFO: [v++ 60-1453] Command Line: cf2sw -sdsl /nethome/skaram7/GNN_Acc/PNA/PNA_HLS_U50/v1/_x.hw.xilinx_u50_gen3x16_xdma_201920_3/link/int/sdsl.dat -rtd /nethome/skaram7/GNN_Acc/PNA/PNA_HLS_U50/v1/_x.hw.xilinx_u50_gen3x16_xdma_201920_3/link/int/cf2sw.rtd -nofilter /nethome/skaram7/GNN_Acc/PNA/PNA_HLS_U50/v1/_x.hw.xilinx_u50_gen3x16_xdma_201920_3/link/int/cf2sw_full.rtd -xclbin /nethome/skaram7/GNN_Acc/PNA/PNA_HLS_U50/v1/_x.hw.xilinx_u50_gen3x16_xdma_201920_3/link/int/xclbin_orig.xml -o /nethome/skaram7/GNN_Acc/PNA/PNA_HLS_U50/v1/_x.hw.xilinx_u50_gen3x16_xdma_201920_3/link/int/xclbin_orig.1.xml
INFO: [v++ 60-1454] Run Directory: /nethome/skaram7/GNN_Acc/PNA/PNA_HLS_U50/v1/_x.hw.xilinx_u50_gen3x16_xdma_201920_3/link/run_link
INFO: [v++ 60-1441] [23:15:52] Run run_link: Step cf2sw: Completed
Time (s): cpu = 00:00:02 ; elapsed = 00:00:03 . Memory (MB): peak = 2007.082 ; gain = 0.000 ; free physical = 367883 ; free virtual = 480455
INFO: [v++ 60-1443] [23:15:52] Run run_link: Step rtd2_system_diagram: Started
INFO: [v++ 60-1453] Command Line: rtd2SystemDiagram
INFO: [v++ 60-1454] Run Directory: /nethome/skaram7/GNN_Acc/PNA/PNA_HLS_U50/v1/_x.hw.xilinx_u50_gen3x16_xdma_201920_3/link/run_link
INFO: [v++ 60-1441] [23:15:52] Run run_link: Step rtd2_system_diagram: Completed
Time (s): cpu = 00:00:00 ; elapsed = 00:00:00.34 . Memory (MB): peak = 2007.082 ; gain = 0.000 ; free physical = 367866 ; free virtual = 480437
INFO: [v++ 60-1443] [23:15:52] Run run_link: Step vpl: Started
INFO: [v++ 60-1453] Command Line: vpl -t hw -f xilinx_u50_gen3x16_xdma_201920_3 --remote_ip_cache /nethome/skaram7/GNN_Acc/PNA/PNA_HLS_U50/v1/.ipcache -s --output_dir /nethome/skaram7/GNN_Acc/PNA/PNA_HLS_U50/v1/_x.hw.xilinx_u50_gen3x16_xdma_201920_3/link/int --log_dir /nethome/skaram7/GNN_Acc/PNA/PNA_HLS_U50/v1/_x.hw.xilinx_u50_gen3x16_xdma_201920_3/logs/link --report_dir /nethome/skaram7/GNN_Acc/PNA/PNA_HLS_U50/v1/_x.hw.xilinx_u50_gen3x16_xdma_201920_3/reports/link --config /nethome/skaram7/GNN_Acc/PNA/PNA_HLS_U50/v1/_x.hw.xilinx_u50_gen3x16_xdma_201920_3/link/int/vplConfig.ini -k /nethome/skaram7/GNN_Acc/PNA/PNA_HLS_U50/v1/_x.hw.xilinx_u50_gen3x16_xdma_201920_3/link/int/kernel_info.dat --webtalk_flag Vitis --temp_dir /nethome/skaram7/GNN_Acc/PNA/PNA_HLS_U50/v1/_x.hw.xilinx_u50_gen3x16_xdma_201920_3/link --no-info --iprepo /nethome/skaram7/GNN_Acc/PNA/PNA_HLS_U50/v1/_x.hw.xilinx_u50_gen3x16_xdma_201920_3/link/int/xo/ip_repo/xilinx_com_hls_PNA_compute_one_graph_1_0 --messageDb /nethome/skaram7/GNN_Acc/PNA/PNA_HLS_U50/v1/_x.hw.xilinx_u50_gen3x16_xdma_201920_3/link/run_link/vpl.pb /nethome/skaram7/GNN_Acc/PNA/PNA_HLS_U50/v1/_x.hw.xilinx_u50_gen3x16_xdma_201920_3/link/int/dr.bd.tcl
INFO: [v++ 60-1454] Run Directory: /nethome/skaram7/GNN_Acc/PNA/PNA_HLS_U50/v1/_x.hw.xilinx_u50_gen3x16_xdma_201920_3/link/run_link

****** vpl v2021.1 (64-bit)
  **** SW Build 3246112 on 2021-06-09-14:19:56
    ** Copyright 1986-2020 Xilinx, Inc. All Rights Reserved.

INFO: [VPL 60-839] Read in kernel information from file '/nethome/skaram7/GNN_Acc/PNA/PNA_HLS_U50/v1/_x.hw.xilinx_u50_gen3x16_xdma_201920_3/link/int/kernel_info.dat'.
INFO: [VPL 74-78] Compiler Version string: 2021.1
INFO: [VPL 60-423]   Target device: xilinx_u50_gen3x16_xdma_201920_3
INFO: [VPL 60-1032] Extracting hardware platform to /nethome/skaram7/GNN_Acc/PNA/PNA_HLS_U50/v1/_x.hw.xilinx_u50_gen3x16_xdma_201920_3/link/vivado/vpl/.local/hw_platform
[23:16:30] Run vpl: Step create_project: Started
Creating Vivado project.
[23:16:33] Run vpl: Step create_project: Completed
[23:16:33] Run vpl: Step create_bd: Started
[23:17:51] Run vpl: Step create_bd: Completed
[23:17:51] Run vpl: Step update_bd: Started
[23:17:52] Run vpl: Step update_bd: Completed
[23:17:52] Run vpl: Step generate_target: Started
[23:18:59] Run vpl: Step generate_target: Completed
[23:18:59] Run vpl: Step config_hw_runs: Started
[23:20:16] Run vpl: Step config_hw_runs: Completed
[23:20:16] Run vpl: Step synth: Started
[23:20:48] Block-level synthesis in progress, 0 of 85 jobs complete, 32 jobs running.
[23:21:24] Block-level synthesis in progress, 0 of 85 jobs complete, 32 jobs running.
[23:21:56] Block-level synthesis in progress, 25 of 85 jobs complete, 7 jobs running.
[23:22:32] Block-level synthesis in progress, 33 of 85 jobs complete, 26 jobs running.
[23:23:04] Block-level synthesis in progress, 40 of 85 jobs complete, 25 jobs running.
[23:23:36] Block-level synthesis in progress, 67 of 85 jobs complete, 12 jobs running.
[23:24:07] Block-level synthesis in progress, 74 of 85 jobs complete, 9 jobs running.
[23:24:39] Block-level synthesis in progress, 82 of 85 jobs complete, 2 jobs running.
[23:25:11] Block-level synthesis in progress, 83 of 85 jobs complete, 2 jobs running.
[23:25:43] Block-level synthesis in progress, 84 of 85 jobs complete, 1 job running.
[23:26:15] Block-level synthesis in progress, 84 of 85 jobs complete, 1 job running.
[23:26:46] Block-level synthesis in progress, 84 of 85 jobs complete, 1 job running.
[23:27:17] Block-level synthesis in progress, 84 of 85 jobs complete, 1 job running.
[23:27:49] Block-level synthesis in progress, 84 of 85 jobs complete, 1 job running.
[23:28:20] Block-level synthesis in progress, 84 of 85 jobs complete, 1 job running.
[23:28:52] Block-level synthesis in progress, 84 of 85 jobs complete, 1 job running.
[23:29:23] Block-level synthesis in progress, 84 of 85 jobs complete, 1 job running.
[23:29:55] Block-level synthesis in progress, 84 of 85 jobs complete, 1 job running.
[23:30:26] Block-level synthesis in progress, 84 of 85 jobs complete, 1 job running.
[23:30:58] Block-level synthesis in progress, 84 of 85 jobs complete, 1 job running.
[23:31:29] Block-level synthesis in progress, 84 of 85 jobs complete, 1 job running.
[23:32:01] Block-level synthesis in progress, 84 of 85 jobs complete, 1 job running.
[23:32:32] Block-level synthesis in progress, 84 of 85 jobs complete, 1 job running.
[23:33:04] Block-level synthesis in progress, 84 of 85 jobs complete, 1 job running.
[23:33:35] Block-level synthesis in progress, 84 of 85 jobs complete, 1 job running.
[23:34:07] Block-level synthesis in progress, 84 of 85 jobs complete, 1 job running.
[23:34:38] Block-level synthesis in progress, 84 of 85 jobs complete, 1 job running.
[23:35:10] Block-level synthesis in progress, 84 of 85 jobs complete, 1 job running.
[23:35:44] Block-level synthesis in progress, 84 of 85 jobs complete, 1 job running.
[23:36:18] Block-level synthesis in progress, 84 of 85 jobs complete, 1 job running.
[23:36:34] Run vpl: Step synth: Failed
[23:36:35] Run vpl: FINISHED. Run Status: synth ERROR
ERROR: [VPL 60-773] In '/nethome/skaram7/GNN_Acc/PNA/PNA_HLS_U50/v1/_x.hw.xilinx_u50_gen3x16_xdma_201920_3/link/vivado/vpl/runme.log', caught Tcl error:  One or more synthesis runs failed during dynamic region dcp generation 
WARNING: [VPL 60-732] Link warning: No monitor points found for BD automation.
ERROR: [VPL 60-704] Integration error, One or more synthesis runs failed during dynamic region dcp generation
ERROR: [VPL 60-704] Integration error, run 'my_rm_synth_1' couldn't start because one or more of the prerequisite runs failed
ERROR: [VPL 60-704] Integration error, run 'ulp_PNA_compute_one_graph_1_0_synth_1' failed, please look at the run log file '/nethome/skaram7/GNN_Acc/PNA/PNA_HLS_U50/v1/_x.hw.xilinx_u50_gen3x16_xdma_201920_3/link/vivado/vpl/prj/prj.runs/ulp_PNA_compute_one_graph_1_0_synth_1/runme.log' for more information
ERROR: [VPL 60-1328] Vpl run 'vpl' failed
ERROR: [VPL 60-806] Failed to finish platform linker
INFO: [v++ 60-1442] [23:36:39] Run run_link: Step vpl: Failed
Time (s): cpu = 00:00:16 ; elapsed = 00:20:47 . Memory (MB): peak = 2007.082 ; gain = 0.000 ; free physical = 361601 ; free virtual = 475795
ERROR: [v++ 60-661] v++ link run 'run_link' failed
ERROR: [v++ 60-626] Kernel link failed to complete
ERROR: [v++ 60-703] Failed to finish linking
INFO: [v++ 60-1653] Closing dispatch client.
