INFO: [v++ 60-1306] Additional information associated with this v++ compile can be found at:
	Reports: /nethome/skaram7/GNN_Acc/PNA/PNA_HLS_U50/v1/_x.hw.xilinx_u50_gen3x16_xdma_201920_3/reports/PNA_compute_one_graph
	Log files: /nethome/skaram7/GNN_Acc/PNA/PNA_HLS_U50/v1/_x.hw.xilinx_u50_gen3x16_xdma_201920_3/logs/PNA_compute_one_graph
INFO: [v++ 60-1548] Creating build summary session with primary output /nethome/skaram7/GNN_Acc/PNA/PNA_HLS_U50/v1/_x.hw.xilinx_u50_gen3x16_xdma_201920_3/PNA_compute_one_graph.xo.compile_summary, at Thu Mar  4 17:32:51 2021
INFO: [v++ 60-1316] Initiating connection to rulecheck server, at Thu Mar  4 17:32:51 2021
INFO: [v++ 60-1315] Creating rulecheck session with output '/nethome/skaram7/GNN_Acc/PNA/PNA_HLS_U50/v1/_x.hw.xilinx_u50_gen3x16_xdma_201920_3/reports/PNA_compute_one_graph/v++_compile_PNA_compute_one_graph_guidance.html', at Thu Mar  4 17:32:53 2021
INFO: [v++ 60-895]   Target platform: /opt/xilinx/platforms/xilinx_u50_gen3x16_xdma_201920_3/xilinx_u50_gen3x16_xdma_201920_3.xpfm
INFO: [v++ 60-1578]   This platform contains Xilinx Shell Archive '/opt/xilinx/platforms/xilinx_u50_gen3x16_xdma_201920_3/hw/hw.xsa'
INFO: [v++ 74-78] Compiler Version string: 2021.1
INFO: [v++ 60-1302] Platform 'xilinx_u50_gen3x16_xdma_201920_3.xpfm' has been explicitly enabled for this release.
INFO: [v++ 60-585] Compiling for hardware target
INFO: [v++ 60-423]   Target device: xilinx_u50_gen3x16_xdma_201920_3
INFO: [v++ 60-242] Creating kernel: 'PNA_compute_one_graph'

===>The following messages were generated while  performing high-level synthesis for kernel: PNA_compute_one_graph Log file: /nethome/skaram7/GNN_Acc/PNA/PNA_HLS_U50/v1/_x.hw.xilinx_u50_gen3x16_xdma_201920_3/PNA_compute_one_graph/PNA_compute_one_graph/vitis_hls.log :
INFO: [v++ 204-61] Pipelining loop 'VITIS_LOOP_102_1_VITIS_LOOP_103_2'.
INFO: [v++ 200-1470] Pipelining result : Target II = NA, Final II = 1, Depth = 3, loop 'VITIS_LOOP_102_1_VITIS_LOOP_103_2'
INFO: [v++ 204-61] Pipelining loop 'VITIS_LOOP_102_1_VITIS_LOOP_103_2'.
INFO: [v++ 200-1470] Pipelining result : Target II = NA, Final II = 1, Depth = 3, loop 'VITIS_LOOP_102_1_VITIS_LOOP_103_2'
INFO: [v++ 204-61] Pipelining loop 'VITIS_LOOP_102_1_VITIS_LOOP_103_2'.
INFO: [v++ 200-1470] Pipelining result : Target II = NA, Final II = 1, Depth = 3, loop 'VITIS_LOOP_102_1_VITIS_LOOP_103_2'
INFO: [v++ 204-61] Pipelining loop 'VITIS_LOOP_102_1_VITIS_LOOP_103_2'.
INFO: [v++ 200-1470] Pipelining result : Target II = NA, Final II = 1, Depth = 3, loop 'VITIS_LOOP_102_1_VITIS_LOOP_103_2'
INFO: [v++ 204-61] Pipelining loop 'VITIS_LOOP_102_1_VITIS_LOOP_103_2'.
INFO: [v++ 200-1470] Pipelining result : Target II = NA, Final II = 1, Depth = 3, loop 'VITIS_LOOP_102_1_VITIS_LOOP_103_2'
INFO: [v++ 204-61] Pipelining loop 'VITIS_LOOP_102_1_VITIS_LOOP_103_2'.
INFO: [v++ 200-1470] Pipelining result : Target II = NA, Final II = 1, Depth = 3, loop 'VITIS_LOOP_102_1_VITIS_LOOP_103_2'
INFO: [v++ 204-61] Pipelining loop 'VITIS_LOOP_102_1_VITIS_LOOP_103_2'.
INFO: [v++ 200-1470] Pipelining result : Target II = NA, Final II = 1, Depth = 3, loop 'VITIS_LOOP_102_1_VITIS_LOOP_103_2'
INFO: [v++ 204-61] Pipelining loop 'VITIS_LOOP_102_1_VITIS_LOOP_103_2'.
INFO: [v++ 200-1470] Pipelining result : Target II = NA, Final II = 1, Depth = 3, loop 'VITIS_LOOP_102_1_VITIS_LOOP_103_2'
INFO: [v++ 204-61] Pipelining loop 'VITIS_LOOP_102_1_VITIS_LOOP_103_2'.
INFO: [v++ 200-1470] Pipelining result : Target II = NA, Final II = 1, Depth = 3, loop 'VITIS_LOOP_102_1_VITIS_LOOP_103_2'
INFO: [v++ 204-61] Pipelining loop 'VITIS_LOOP_102_1_VITIS_LOOP_103_2'.
INFO: [v++ 200-1470] Pipelining result : Target II = NA, Final II = 1, Depth = 3, loop 'VITIS_LOOP_102_1_VITIS_LOOP_103_2'
INFO: [v++ 204-61] Pipelining loop 'VITIS_LOOP_95_1'.
INFO: [v++ 200-1470] Pipelining result : Target II = NA, Final II = 1, Depth = 73, loop 'VITIS_LOOP_95_1'
INFO: [v++ 204-61] Pipelining loop 'VITIS_LOOP_102_1_VITIS_LOOP_103_2'.
INFO: [v++ 200-1470] Pipelining result : Target II = NA, Final II = 1, Depth = 75, loop 'VITIS_LOOP_102_1_VITIS_LOOP_103_2'
INFO: [v++ 204-61] Pipelining loop 'VITIS_LOOP_95_1'.
INFO: [v++ 200-1470] Pipelining result : Target II = NA, Final II = 1, Depth = 73, loop 'VITIS_LOOP_95_1'
INFO: [v++ 204-61] Pipelining loop 'VITIS_LOOP_103_2'.
INFO: [v++ 200-1470] Pipelining result : Target II = NA, Final II = 1, Depth = 74, loop 'VITIS_LOOP_103_2'
INFO: [v++ 204-61] Pipelining loop 'VITIS_LOOP_111_1_VITIS_LOOP_112_2_VITIS_LOOP_113_3'.
INFO: [v++ 200-1470] Pipelining result : Target II = NA, Final II = 1, Depth = 15, loop 'VITIS_LOOP_111_1_VITIS_LOOP_112_2_VITIS_LOOP_113_3'
INFO: [v++ 204-61] Pipelining loop 'VITIS_LOOP_102_1_VITIS_LOOP_103_2'.
INFO: [v++ 200-1470] Pipelining result : Target II = NA, Final II = 1, Depth = 11, loop 'VITIS_LOOP_102_1_VITIS_LOOP_103_2'
INFO: [v++ 204-61] Pipelining loop 'VITIS_LOOP_743_1_VITIS_LOOP_744_2'.
INFO: [v++ 200-1470] Pipelining result : Target II = NA, Final II = 1, Depth = 76, loop 'VITIS_LOOP_743_1_VITIS_LOOP_744_2'
INFO: [v++ 204-61] Pipelining loop 'VITIS_LOOP_749_3'.
INFO: [v++ 200-1470] Pipelining result : Target II = NA, Final II = 1, Depth = 74, loop 'VITIS_LOOP_749_3'
INFO: [v++ 204-61] Pipelining loop 'VITIS_LOOP_84_1_VITIS_LOOP_85_2_VITIS_LOOP_86_3'.
INFO: [v++ 200-1470] Pipelining result : Target II = NA, Final II = 1, Depth = 4, loop 'VITIS_LOOP_84_1_VITIS_LOOP_85_2_VITIS_LOOP_86_3'
INFO: [v++ 204-61] Pipelining loop 'VITIS_LOOP_75_1_VITIS_LOOP_76_2'.
INFO: [v++ 200-1470] Pipelining result : Target II = NA, Final II = 1, Depth = 3, loop 'VITIS_LOOP_75_1_VITIS_LOOP_76_2'
INFO: [v++ 204-61] Pipelining loop 'VITIS_LOOP_75_1_VITIS_LOOP_76_2'.
INFO: [v++ 200-1470] Pipelining result : Target II = NA, Final II = 1, Depth = 3, loop 'VITIS_LOOP_75_1_VITIS_LOOP_76_2'
INFO: [v++ 204-61] Pipelining loop 'VITIS_LOOP_68_1'.
INFO: [v++ 200-1470] Pipelining result : Target II = NA, Final II = 1, Depth = 1, loop 'VITIS_LOOP_68_1'
INFO: [v++ 204-61] Pipelining loop 'VITIS_LOOP_68_1'.
INFO: [v++ 200-1470] Pipelining result : Target II = NA, Final II = 1, Depth = 1, loop 'VITIS_LOOP_68_1'
INFO: [v++ 204-61] Pipelining loop 'VITIS_LOOP_414_2'.
INFO: [v++ 200-1470] Pipelining result : Target II = NA, Final II = 1, Depth = 3, loop 'VITIS_LOOP_414_2'
INFO: [v++ 204-61] Pipelining loop 'VITIS_LOOP_75_1_VITIS_LOOP_76_2'.
INFO: [v++ 200-1470] Pipelining result : Target II = NA, Final II = 1, Depth = 3, loop 'VITIS_LOOP_75_1_VITIS_LOOP_76_2'
INFO: [v++ 204-61] Pipelining loop 'VITIS_LOOP_75_1_VITIS_LOOP_76_2'.
INFO: [v++ 200-1470] Pipelining result : Target II = NA, Final II = 1, Depth = 3, loop 'VITIS_LOOP_75_1_VITIS_LOOP_76_2'
INFO: [v++ 204-61] Pipelining loop 'VITIS_LOOP_75_1_VITIS_LOOP_76_2'.
INFO: [v++ 200-1470] Pipelining result : Target II = NA, Final II = 1, Depth = 3, loop 'VITIS_LOOP_75_1_VITIS_LOOP_76_2'
INFO: [v++ 204-61] Pipelining loop 'VITIS_LOOP_75_1_VITIS_LOOP_76_2'.
INFO: [v++ 200-1470] Pipelining result : Target II = NA, Final II = 1, Depth = 3, loop 'VITIS_LOOP_75_1_VITIS_LOOP_76_2'
INFO: [v++ 204-61] Pipelining loop 'VITIS_LOOP_123_1_VITIS_LOOP_124_2'.
INFO: [v++ 200-1470] Pipelining result : Target II = NA, Final II = 1, Depth = 6, loop 'VITIS_LOOP_123_1_VITIS_LOOP_124_2'
INFO: [v++ 204-61] Pipelining loop 'VITIS_LOOP_68_1'.
INFO: [v++ 200-1470] Pipelining result : Target II = NA, Final II = 1, Depth = 1, loop 'VITIS_LOOP_68_1'
INFO: [v++ 204-61] Pipelining loop 'VITIS_LOOP_219_1'.
INFO: [v++ 200-1470] Pipelining result : Target II = 3, Final II = 3, Depth = 4, loop 'VITIS_LOOP_219_1'
INFO: [v++ 204-61] Pipelining loop 'VITIS_LOOP_226_2_VITIS_LOOP_228_3'.
INFO: [v++ 200-1470] Pipelining result : Target II = NA, Final II = 1, Depth = 63, loop 'VITIS_LOOP_226_2_VITIS_LOOP_228_3'
INFO: [v++ 204-61] Pipelining loop 'VITIS_LOOP_289_1_VITIS_LOOP_292_2'.
INFO: [v++ 200-1470] Pipelining result : Target II = NA, Final II = 1, Depth = 3, loop 'VITIS_LOOP_289_1_VITIS_LOOP_292_2'
INFO: [v++ 204-61] Pipelining loop 'VITIS_LOOP_296_3_VITIS_LOOP_299_4'.
INFO: [v++ 200-1470] Pipelining result : Target II = NA, Final II = 1, Depth = 6, loop 'VITIS_LOOP_296_3_VITIS_LOOP_299_4'
INFO: [v++ 204-61] Pipelining loop 'VITIS_LOOP_268_1_VITIS_LOOP_271_2'.
INFO: [v++ 200-1470] Pipelining result : Target II = NA, Final II = 1, Depth = 3, loop 'VITIS_LOOP_268_1_VITIS_LOOP_271_2'
INFO: [v++ 204-61] Pipelining loop 'VITIS_LOOP_275_3_VITIS_LOOP_278_4'.
INFO: [v++ 200-1470] Pipelining result : Target II = NA, Final II = 1, Depth = 6, loop 'VITIS_LOOP_275_3_VITIS_LOOP_278_4'
INFO: [v++ 204-61] Pipelining loop 'VITIS_LOOP_75_1_VITIS_LOOP_76_2'.
INFO: [v++ 200-1470] Pipelining result : Target II = NA, Final II = 1, Depth = 2, loop 'VITIS_LOOP_75_1_VITIS_LOOP_76_2'
INFO: [v++ 204-61] Pipelining loop 'VITIS_LOOP_246_1_VITIS_LOOP_247_2'.
INFO: [v++ 200-1470] Pipelining result : Target II = NA, Final II = 1, Depth = 6, loop 'VITIS_LOOP_246_1_VITIS_LOOP_247_2'
INFO: [v++ 204-61] Pipelining function 'sqrt_fixed<32, 10>'.
INFO: [v++ 200-1470] Pipelining result : Target II = NA, Final II = 1, Depth = 21, function 'sqrt_fixed<32, 10>'
INFO: [v++ 204-61] Pipelining loop 'VITIS_LOOP_251_3_VITIS_LOOP_254_4'.
INFO: [v++ 200-1470] Pipelining result : Target II = NA, Final II = 1, Depth = 30, loop 'VITIS_LOOP_251_3_VITIS_LOOP_254_4'
INFO: [v++ 204-61] Pipelining loop 'VITIS_LOOP_370_1_VITIS_LOOP_372_2'.
INFO: [v++ 200-1470] Pipelining result : Target II = NA, Final II = 1, Depth = 5, loop 'VITIS_LOOP_370_1_VITIS_LOOP_372_2'
INFO: [v++ 204-61] Pipelining function 'log<33, 11>'.
INFO: [v++ 200-1470] Pipelining result : Target II = NA, Final II = 1, Depth = 19, function 'log<33, 11>'
INFO: [v++ 204-61] Pipelining function 'log<32, 10>'.
INFO: [v++ 200-1470] Pipelining result : Target II = NA, Final II = 1, Depth = 16, function 'log<32, 10>'
INFO: [v++ 204-61] Pipelining loop 'VITIS_LOOP_317_2'.
WARNING: [v++ 200-885] The II Violation in module 'scale_Pipeline_VITIS_LOOP_317_2' (loop 'VITIS_LOOP_317_2'): Unable to schedule 'store' operation ('m_single_V_addr_write_ln333', /nethome/skaram7/GNN_Acc/PNA/PNA_HLS_U50/v1/src/PNA_compute.cc:333) of variable 'out_0_buf.V', /nethome/skaram7/GNN_Acc/PNA/PNA_HLS_U50/v1/src/PNA_compute.cc:318 on array 'm_single_V' due to limited memory ports (II = 2). Please consider using a memory core with more ports or partitioning the array 'm_single_V'.
Resolution: For help on HLS 200-885 see www.xilinx.com/cgi-bin/docs/rdoc?v=2021.1;t=hls+guidance;d=200-885.html
WARNING: [v++ 200-885] The II Violation in module 'scale_Pipeline_VITIS_LOOP_317_2' (loop 'VITIS_LOOP_317_2'): Unable to schedule 'store' operation ('m_single_V_addr_2_write_ln335', /nethome/skaram7/GNN_Acc/PNA/PNA_HLS_U50/v1/src/PNA_compute.cc:335) of variable 'out_2_buf.V', /nethome/skaram7/GNN_Acc/PNA/PNA_HLS_U50/v1/src/PNA_compute.cc:320 on array 'm_single_V' due to limited memory ports (II = 3). Please consider using a memory core with more ports or partitioning the array 'm_single_V'.
Resolution: For help on HLS 200-885 see www.xilinx.com/cgi-bin/docs/rdoc?v=2021.1;t=hls+guidance;d=200-885.html
WARNING: [v++ 200-885] The II Violation in module 'scale_Pipeline_VITIS_LOOP_317_2' (loop 'VITIS_LOOP_317_2'): Unable to schedule 'store' operation ('m_single_V_addr_write_ln333', /nethome/skaram7/GNN_Acc/PNA/PNA_HLS_U50/v1/src/PNA_compute.cc:333) of variable 'out_0_buf.V', /nethome/skaram7/GNN_Acc/PNA/PNA_HLS_U50/v1/src/PNA_compute.cc:318 on array 'm_single_V' due to limited memory ports (II = 4). Please consider using a memory core with more ports or partitioning the array 'm_single_V'.
Resolution: For help on HLS 200-885 see www.xilinx.com/cgi-bin/docs/rdoc?v=2021.1;t=hls+guidance;d=200-885.html
WARNING: [v++ 200-885] The II Violation in module 'scale_Pipeline_VITIS_LOOP_317_2' (loop 'VITIS_LOOP_317_2'): Unable to schedule 'store' operation ('m_single_V_addr_10_write_ln343', /nethome/skaram7/GNN_Acc/PNA/PNA_HLS_U50/v1/src/PNA_compute.cc:343) of variable 'out_2_buf_scale.V' on array 'm_single_V' due to limited memory ports (II = 11). Please consider using a memory core with more ports or partitioning the array 'm_single_V'.
Resolution: For help on HLS 200-885 see www.xilinx.com/cgi-bin/docs/rdoc?v=2021.1;t=hls+guidance;d=200-885.html
INFO: [v++ 200-1470] Pipelining result : Target II = NA, Final II = 12, Depth = 14, loop 'VITIS_LOOP_317_2'
INFO: [v++ 204-61] Pipelining loop 'VITIS_LOOP_439_2'.
INFO: [v++ 200-1470] Pipelining result : Target II = NA, Final II = 1, Depth = 4, loop 'VITIS_LOOP_439_2'
INFO: [v++ 204-61] Pipelining loop 'BLOCK_OUT_BLOCK_IN'.
INFO: [v++ 200-1470] Pipelining result : Target II = NA, Final II = 4, Depth = 34, loop 'BLOCK_OUT_BLOCK_IN'
INFO: [v++ 204-61] Pipelining loop 'VITIS_LOOP_456_3'.
INFO: [v++ 200-1470] Pipelining result : Target II = NA, Final II = 1, Depth = 3, loop 'VITIS_LOOP_456_3'
INFO: [v++ 204-61] Pipelining loop 'VITIS_LOOP_759_4_VITIS_LOOP_760_5_VITIS_LOOP_762_6'.
INFO: [v++ 200-1470] Pipelining result : Target II = NA, Final II = 1, Depth = 7, loop 'VITIS_LOOP_759_4_VITIS_LOOP_760_5_VITIS_LOOP_762_6'
INFO: [v++ 204-61] Pipelining loop 'VITIS_LOOP_809_7_VITIS_LOOP_810_8'.
INFO: [v++ 200-1470] Pipelining result : Target II = NA, Final II = 1, Depth = 5, loop 'VITIS_LOOP_809_7_VITIS_LOOP_810_8'
INFO: [v++ 204-61] Pipelining loop 'VITIS_LOOP_817_9_VITIS_LOOP_818_10'.
INFO: [v++ 200-1470] Pipelining result : Target II = NA, Final II = 1, Depth = 5, loop 'VITIS_LOOP_817_9_VITIS_LOOP_818_10'
INFO: [v++ 204-61] Pipelining loop 'VITIS_LOOP_824_11_VITIS_LOOP_825_12'.
INFO: [v++ 200-1470] Pipelining result : Target II = NA, Final II = 1, Depth = 5, loop 'VITIS_LOOP_824_11_VITIS_LOOP_825_12'
INFO: [v++ 204-61] Pipelining loop 'VITIS_LOOP_831_13_VITIS_LOOP_832_14'.
INFO: [v++ 200-1470] Pipelining result : Target II = NA, Final II = 1, Depth = 5, loop 'VITIS_LOOP_831_13_VITIS_LOOP_832_14'
INFO: [v++ 204-61] Pipelining loop 'VITIS_LOOP_68_1'.
INFO: [v++ 200-1470] Pipelining result : Target II = NA, Final II = 1, Depth = 1, loop 'VITIS_LOOP_68_1'
INFO: [v++ 204-61] Pipelining loop 'VITIS_LOOP_514_2'.
INFO: [v++ 200-1470] Pipelining result : Target II = NA, Final II = 1, Depth = 3, loop 'VITIS_LOOP_514_2'
INFO: [v++ 204-61] Pipelining loop 'VITIS_LOOP_539_2'.
INFO: [v++ 200-1470] Pipelining result : Target II = NA, Final II = 1, Depth = 5, loop 'VITIS_LOOP_539_2'
INFO: [v++ 204-61] Pipelining loop 'VITIS_LOOP_544_3'.
INFO: [v++ 200-1470] Pipelining result : Target II = NA, Final II = 1, Depth = 24, loop 'VITIS_LOOP_544_3'
INFO: [v++ 204-61] Pipelining loop 'VITIS_LOOP_554_5'.
INFO: [v++ 200-1470] Pipelining result : Target II = NA, Final II = 1, Depth = 5, loop 'VITIS_LOOP_554_5'
INFO: [v++ 200-790] **** Loop Constraint Status: All loop constraints were satisfied.
INFO: [v++ 200-789] **** Estimated Fmax: 411.00 MHz
INFO: [v++ 60-594] Finished kernel compilation
INFO: [v++ 60-244] Generating system estimate report...
INFO: [v++ 60-1092] Generated system estimate report: /nethome/skaram7/GNN_Acc/PNA/PNA_HLS_U50/v1/_x.hw.xilinx_u50_gen3x16_xdma_201920_3/reports/PNA_compute_one_graph/system_estimate_PNA_compute_one_graph.xtxt
WARNING: [v++-17-1525]  
INFO: [v++ 60-586] Created _x.hw.xilinx_u50_gen3x16_xdma_201920_3/PNA_compute_one_graph.xo
INFO: [v++ 60-2343] Use the vitis_analyzer tool to visualize and navigate the relevant reports. Run the following command. 
    vitis_analyzer /nethome/skaram7/GNN_Acc/PNA/PNA_HLS_U50/v1/_x.hw.xilinx_u50_gen3x16_xdma_201920_3/PNA_compute_one_graph.xo.compile_summary 
INFO: [v++ 60-791] Total elapsed time: 0h 13m 22s
INFO: [v++ 60-1653] Closing dispatch client.
