INFO: [v++ 60-1306] Additional information associated with this v++ link can be found at:
	Reports: /nethome/skaram7/GNN_Acc/PNA/PNA_HLS_U50/v1/_x.sw_emu.xilinx_u50_gen3x16_xdma_201920_3/reports/link
	Log files: /nethome/skaram7/GNN_Acc/PNA/PNA_HLS_U50/v1/_x.sw_emu.xilinx_u50_gen3x16_xdma_201920_3/logs/link
INFO: [v++ 60-1548] Creating build summary session with primary output /nethome/skaram7/GNN_Acc/PNA/PNA_HLS_U50/v1/build_dir.sw_emu.xilinx_u50_gen3x16_xdma_201920_3/PNA_compute_one_graph.link.xclbin.link_summary, at Thu Jan  7 12:30:23 2021
INFO: [v++ 60-1316] Initiating connection to rulecheck server, at Thu Jan  7 12:30:23 2021
INFO: [v++ 60-1315] Creating rulecheck session with output '/nethome/skaram7/GNN_Acc/PNA/PNA_HLS_U50/v1/_x.sw_emu.xilinx_u50_gen3x16_xdma_201920_3/reports/link/v++_link_PNA_compute_one_graph.link_guidance.html', at Thu Jan  7 12:30:24 2021
INFO: [v++ 60-895]   Target platform: /opt/xilinx/platforms/xilinx_u50_gen3x16_xdma_201920_3/xilinx_u50_gen3x16_xdma_201920_3.xpfm
INFO: [v++ 60-1578]   This platform contains Xilinx Shell Archive '/opt/xilinx/platforms/xilinx_u50_gen3x16_xdma_201920_3/hw/hw.xsa'
INFO: [v++ 74-78] Compiler Version string: 2021.1
INFO: [v++ 60-1302] Platform 'xilinx_u50_gen3x16_xdma_201920_3.xpfm' has been explicitly enabled for this release.
INFO: [v++ 60-629] Linking for software emulation target
INFO: [v++ 60-423]   Target device: xilinx_u50_gen3x16_xdma_201920_3
INFO: [v++ 60-645] kernel flags are '-g -I /nethome/skaram7/GNN_Acc/PNA/PNA_HLS_U50/v1/src -g'
WARNING: [v++ 60-2336] Parameter compiler.enableSlrComputeUnitDrc was set to true, but no SLRs were specified via the command line.
INFO: [v++ 60-586] Created ./build_dir.sw_emu.xilinx_u50_gen3x16_xdma_201920_3/PNA_compute_one_graph.link.xclbin
INFO: [v++ 60-1307] Run completed. Additional information can be found in:
	Guidance: /nethome/skaram7/GNN_Acc/PNA/PNA_HLS_U50/v1/_x.sw_emu.xilinx_u50_gen3x16_xdma_201920_3/reports/link/v++_link_PNA_compute_one_graph.link_guidance.html
	Steps Log File: /nethome/skaram7/GNN_Acc/PNA/PNA_HLS_U50/v1/_x.sw_emu.xilinx_u50_gen3x16_xdma_201920_3/logs/link/link.steps.log

INFO: [v++ 60-2343] Use the vitis_analyzer tool to visualize and navigate the relevant reports. Run the following command. 
    vitis_analyzer /nethome/skaram7/GNN_Acc/PNA/PNA_HLS_U50/v1/build_dir.sw_emu.xilinx_u50_gen3x16_xdma_201920_3/PNA_compute_one_graph.link.xclbin.link_summary 
INFO: [v++ 60-791] Total elapsed time: 0h 0m 39s
INFO: [v++ 60-1653] Closing dispatch client.
