INFO: [v++ 60-1306] Additional information associated with this v++ compile can be found at:
	Reports: /nethome/skaram7/GNN_Acc/PNA/PNA_HLS_U50/v1/_x.hw.xilinx_u50_gen3x16_xdma_201920_3/reports/PNA_compute_one_graph
	Log files: /nethome/skaram7/GNN_Acc/PNA/PNA_HLS_U50/v1/_x.hw.xilinx_u50_gen3x16_xdma_201920_3/logs/PNA_compute_one_graph
INFO: [v++ 60-1548] Creating build summary session with primary output /nethome/skaram7/GNN_Acc/PNA/PNA_HLS_U50/v1/_x.hw.xilinx_u50_gen3x16_xdma_201920_3/PNA_compute_one_graph.xo.compile_summary, at Sat Jan  9 14:12:03 2021
INFO: [v++ 60-1316] Initiating connection to rulecheck server, at Sat Jan  9 14:12:03 2021
INFO: [v++ 60-1315] Creating rulecheck session with output '/nethome/skaram7/GNN_Acc/PNA/PNA_HLS_U50/v1/_x.hw.xilinx_u50_gen3x16_xdma_201920_3/reports/PNA_compute_one_graph/v++_compile_PNA_compute_one_graph_guidance.html', at Sat Jan  9 14:12:04 2021
INFO: [v++ 60-895]   Target platform: /opt/xilinx/platforms/xilinx_u50_gen3x16_xdma_201920_3/xilinx_u50_gen3x16_xdma_201920_3.xpfm
INFO: [v++ 60-1578]   This platform contains Xilinx Shell Archive '/opt/xilinx/platforms/xilinx_u50_gen3x16_xdma_201920_3/hw/hw.xsa'
INFO: [v++ 74-78] Compiler Version string: 2021.1
INFO: [v++ 60-1302] Platform 'xilinx_u50_gen3x16_xdma_201920_3.xpfm' has been explicitly enabled for this release.
INFO: [v++ 60-585] Compiling for hardware target
INFO: [v++ 60-423]   Target device: xilinx_u50_gen3x16_xdma_201920_3
INFO: [v++ 60-242] Creating kernel: 'PNA_compute_one_graph'

===>The following messages were generated while  performing high-level synthesis for kernel: PNA_compute_one_graph Log file: /nethome/skaram7/GNN_Acc/PNA/PNA_HLS_U50/v1/_x.hw.xilinx_u50_gen3x16_xdma_201920_3/PNA_compute_one_graph/PNA_compute_one_graph/vitis_hls.log :
INFO: [v++ 204-61] Pipelining loop 'VITIS_LOOP_102_1_VITIS_LOOP_103_2'.
INFO: [v++ 200-1470] Pipelining result : Target II = NA, Final II = 1, Depth = 3, loop 'VITIS_LOOP_102_1_VITIS_LOOP_103_2'
INFO: [v++ 204-61] Pipelining loop 'VITIS_LOOP_102_1_VITIS_LOOP_103_2'.
INFO: [v++ 200-1470] Pipelining result : Target II = NA, Final II = 1, Depth = 3, loop 'VITIS_LOOP_102_1_VITIS_LOOP_103_2'
INFO: [v++ 204-61] Pipelining loop 'VITIS_LOOP_102_1_VITIS_LOOP_103_2'.
INFO: [v++ 200-1470] Pipelining result : Target II = NA, Final II = 1, Depth = 3, loop 'VITIS_LOOP_102_1_VITIS_LOOP_103_2'
INFO: [v++ 204-61] Pipelining loop 'VITIS_LOOP_102_1_VITIS_LOOP_103_2'.
INFO: [v++ 200-1470] Pipelining result : Target II = NA, Final II = 1, Depth = 3, loop 'VITIS_LOOP_102_1_VITIS_LOOP_103_2'
INFO: [v++ 204-61] Pipelining loop 'VITIS_LOOP_102_1_VITIS_LOOP_103_2'.
INFO: [v++ 200-1470] Pipelining result : Target II = NA, Final II = 1, Depth = 3, loop 'VITIS_LOOP_102_1_VITIS_LOOP_103_2'
INFO: [v++ 204-61] Pipelining loop 'VITIS_LOOP_102_1_VITIS_LOOP_103_2'.
INFO: [v++ 200-1470] Pipelining result : Target II = NA, Final II = 1, Depth = 3, loop 'VITIS_LOOP_102_1_VITIS_LOOP_103_2'
INFO: [v++ 204-61] Pipelining loop 'VITIS_LOOP_102_1_VITIS_LOOP_103_2'.
INFO: [v++ 200-1470] Pipelining result : Target II = NA, Final II = 1, Depth = 3, loop 'VITIS_LOOP_102_1_VITIS_LOOP_103_2'
INFO: [v++ 204-61] Pipelining loop 'VITIS_LOOP_102_1_VITIS_LOOP_103_2'.
INFO: [v++ 200-1470] Pipelining result : Target II = NA, Final II = 1, Depth = 3, loop 'VITIS_LOOP_102_1_VITIS_LOOP_103_2'
INFO: [v++ 204-61] Pipelining loop 'VITIS_LOOP_102_1_VITIS_LOOP_103_2'.
INFO: [v++ 200-1470] Pipelining result : Target II = NA, Final II = 1, Depth = 3, loop 'VITIS_LOOP_102_1_VITIS_LOOP_103_2'
INFO: [v++ 204-61] Pipelining loop 'VITIS_LOOP_102_1_VITIS_LOOP_103_2'.
INFO: [v++ 200-1470] Pipelining result : Target II = NA, Final II = 1, Depth = 3, loop 'VITIS_LOOP_102_1_VITIS_LOOP_103_2'
INFO: [v++ 204-61] Pipelining loop 'VITIS_LOOP_95_1'.
INFO: [v++ 200-1470] Pipelining result : Target II = NA, Final II = 1, Depth = 73, loop 'VITIS_LOOP_95_1'
INFO: [v++ 204-61] Pipelining loop 'VITIS_LOOP_102_1_VITIS_LOOP_103_2'.
INFO: [v++ 200-1470] Pipelining result : Target II = NA, Final II = 1, Depth = 75, loop 'VITIS_LOOP_102_1_VITIS_LOOP_103_2'
INFO: [v++ 204-61] Pipelining loop 'VITIS_LOOP_95_1'.
INFO: [v++ 200-1470] Pipelining result : Target II = NA, Final II = 1, Depth = 73, loop 'VITIS_LOOP_95_1'
INFO: [v++ 204-61] Pipelining loop 'VITIS_LOOP_103_2'.
INFO: [v++ 200-1470] Pipelining result : Target II = NA, Final II = 1, Depth = 74, loop 'VITIS_LOOP_103_2'
INFO: [v++ 204-61] Pipelining loop 'VITIS_LOOP_111_1_VITIS_LOOP_112_2_VITIS_LOOP_113_3'.
INFO: [v++ 200-1470] Pipelining result : Target II = NA, Final II = 1, Depth = 4, loop 'VITIS_LOOP_111_1_VITIS_LOOP_112_2_VITIS_LOOP_113_3'
INFO: [v++ 204-61] Pipelining loop 'VITIS_LOOP_102_1_VITIS_LOOP_103_2'.
INFO: [v++ 200-1470] Pipelining result : Target II = NA, Final II = 1, Depth = 3, loop 'VITIS_LOOP_102_1_VITIS_LOOP_103_2'
INFO: [v++ 204-61] Pipelining loop 'VITIS_LOOP_577_1_VITIS_LOOP_578_2'.
INFO: [v++ 200-1470] Pipelining result : Target II = NA, Final II = 1, Depth = 76, loop 'VITIS_LOOP_577_1_VITIS_LOOP_578_2'
INFO: [v++ 204-61] Pipelining loop 'VITIS_LOOP_583_3'.
INFO: [v++ 200-1470] Pipelining result : Target II = NA, Final II = 1, Depth = 74, loop 'VITIS_LOOP_583_3'
INFO: [v++ 204-61] Pipelining loop 'VITIS_LOOP_84_1_VITIS_LOOP_85_2_VITIS_LOOP_86_3'.
INFO: [v++ 200-1470] Pipelining result : Target II = NA, Final II = 1, Depth = 4, loop 'VITIS_LOOP_84_1_VITIS_LOOP_85_2_VITIS_LOOP_86_3'
INFO: [v++ 204-61] Pipelining loop 'VITIS_LOOP_75_1_VITIS_LOOP_76_2'.
INFO: [v++ 200-1470] Pipelining result : Target II = NA, Final II = 1, Depth = 3, loop 'VITIS_LOOP_75_1_VITIS_LOOP_76_2'
INFO: [v++ 204-61] Pipelining loop 'VITIS_LOOP_75_1_VITIS_LOOP_76_2'.
INFO: [v++ 200-1470] Pipelining result : Target II = NA, Final II = 1, Depth = 3, loop 'VITIS_LOOP_75_1_VITIS_LOOP_76_2'
INFO: [v++ 204-61] Pipelining loop 'VITIS_LOOP_68_1'.
INFO: [v++ 200-1470] Pipelining result : Target II = NA, Final II = 1, Depth = 1, loop 'VITIS_LOOP_68_1'
INFO: [v++ 204-61] Pipelining loop 'VITIS_LOOP_68_1'.
INFO: [v++ 200-1470] Pipelining result : Target II = NA, Final II = 1, Depth = 1, loop 'VITIS_LOOP_68_1'
INFO: [v++ 204-61] Pipelining loop 'VITIS_LOOP_335_2'.
INFO: [v++ 200-1470] Pipelining result : Target II = NA, Final II = 1, Depth = 3, loop 'VITIS_LOOP_335_2'
INFO: [v++ 204-61] Pipelining loop 'VITIS_LOOP_75_1_VITIS_LOOP_76_2'.
INFO: [v++ 200-1470] Pipelining result : Target II = NA, Final II = 1, Depth = 3, loop 'VITIS_LOOP_75_1_VITIS_LOOP_76_2'
INFO: [v++ 204-61] Pipelining loop 'VITIS_LOOP_75_1_VITIS_LOOP_76_2'.
INFO: [v++ 200-1470] Pipelining result : Target II = NA, Final II = 1, Depth = 3, loop 'VITIS_LOOP_75_1_VITIS_LOOP_76_2'
INFO: [v++ 204-61] Pipelining loop 'VITIS_LOOP_75_1_VITIS_LOOP_76_2'.
INFO: [v++ 200-1470] Pipelining result : Target II = NA, Final II = 1, Depth = 3, loop 'VITIS_LOOP_75_1_VITIS_LOOP_76_2'
INFO: [v++ 204-61] Pipelining loop 'VITIS_LOOP_75_1_VITIS_LOOP_76_2'.
INFO: [v++ 200-1470] Pipelining result : Target II = NA, Final II = 1, Depth = 3, loop 'VITIS_LOOP_75_1_VITIS_LOOP_76_2'
INFO: [v++ 204-61] Pipelining loop 'VITIS_LOOP_123_1_VITIS_LOOP_124_2'.
INFO: [v++ 200-1470] Pipelining result : Target II = NA, Final II = 1, Depth = 6, loop 'VITIS_LOOP_123_1_VITIS_LOOP_124_2'
INFO: [v++ 204-61] Pipelining loop 'VITIS_LOOP_68_1'.
INFO: [v++ 200-1470] Pipelining result : Target II = NA, Final II = 1, Depth = 1, loop 'VITIS_LOOP_68_1'
INFO: [v++ 204-61] Pipelining loop 'VITIS_LOOP_155_1'.
INFO: [v++ 200-1470] Pipelining result : Target II = NA, Final II = 1, Depth = 2, loop 'VITIS_LOOP_155_1'
INFO: [v++ 204-61] Pipelining loop 'VITIS_LOOP_162_3'.
INFO: [v++ 200-1470] Pipelining result : Target II = NA, Final II = 1, Depth = 61, loop 'VITIS_LOOP_162_3'
INFO: [v++ 204-61] Pipelining loop 'VITIS_LOOP_221_1_VITIS_LOOP_224_2'.
INFO: [v++ 200-1470] Pipelining result : Target II = NA, Final II = 1, Depth = 3, loop 'VITIS_LOOP_221_1_VITIS_LOOP_224_2'
INFO: [v++ 204-61] Pipelining loop 'VITIS_LOOP_228_3_VITIS_LOOP_231_4'.
INFO: [v++ 200-1470] Pipelining result : Target II = NA, Final II = 1, Depth = 6, loop 'VITIS_LOOP_228_3_VITIS_LOOP_231_4'
INFO: [v++ 204-61] Pipelining loop 'VITIS_LOOP_200_1_VITIS_LOOP_203_2'.
INFO: [v++ 200-1470] Pipelining result : Target II = NA, Final II = 1, Depth = 3, loop 'VITIS_LOOP_200_1_VITIS_LOOP_203_2'
INFO: [v++ 204-61] Pipelining loop 'VITIS_LOOP_207_3_VITIS_LOOP_210_4'.
INFO: [v++ 200-1470] Pipelining result : Target II = NA, Final II = 1, Depth = 6, loop 'VITIS_LOOP_207_3_VITIS_LOOP_210_4'
INFO: [v++ 204-61] Pipelining loop 'VITIS_LOOP_75_1_VITIS_LOOP_76_2'.
INFO: [v++ 200-1470] Pipelining result : Target II = NA, Final II = 1, Depth = 2, loop 'VITIS_LOOP_75_1_VITIS_LOOP_76_2'
INFO: [v++ 204-61] Pipelining loop 'VITIS_LOOP_178_1_VITIS_LOOP_179_2'.
INFO: [v++ 200-1470] Pipelining result : Target II = NA, Final II = 1, Depth = 6, loop 'VITIS_LOOP_178_1_VITIS_LOOP_179_2'
INFO: [v++ 204-61] Pipelining function 'sqrt_fixed<32, 10>'.
INFO: [v++ 200-1470] Pipelining result : Target II = NA, Final II = 1, Depth = 21, function 'sqrt_fixed<32, 10>'
INFO: [v++ 204-61] Pipelining loop 'VITIS_LOOP_183_3_VITIS_LOOP_186_4'.
INFO: [v++ 200-1470] Pipelining result : Target II = NA, Final II = 1, Depth = 30, loop 'VITIS_LOOP_183_3_VITIS_LOOP_186_4'
INFO: [v++ 204-61] Pipelining loop 'VITIS_LOOP_291_1_VITIS_LOOP_294_2'.
INFO: [v++ 200-1470] Pipelining result : Target II = NA, Final II = 1, Depth = 5, loop 'VITIS_LOOP_291_1_VITIS_LOOP_294_2'
INFO: [v++ 204-61] Pipelining function 'log<33, 11>'.
INFO: [v++ 200-1470] Pipelining result : Target II = NA, Final II = 1, Depth = 19, function 'log<33, 11>'
INFO: [v++ 204-61] Pipelining function 'log<32, 10>'.
INFO: [v++ 200-1470] Pipelining result : Target II = NA, Final II = 1, Depth = 16, function 'log<32, 10>'
INFO: [v++ 204-61] Pipelining loop 'VITIS_LOOP_249_2'.
INFO: [v++ 200-1470] Pipelining result : Target II = NA, Final II = 1, Depth = 5, loop 'VITIS_LOOP_249_2'
INFO: [v++ 204-61] Pipelining loop 'VITIS_LOOP_361_3'.
INFO: [v++ 200-1470] Pipelining result : Target II = NA, Final II = 1, Depth = 7, loop 'VITIS_LOOP_361_3'
INFO: [v++ 204-61] Pipelining loop 'VITIS_LOOP_366_4_VITIS_LOOP_367_5'.
INFO: [v++ 200-1470] Pipelining result : Target II = NA, Final II = 1, Depth = 5, loop 'VITIS_LOOP_366_4_VITIS_LOOP_367_5'
INFO: [v++ 204-61] Pipelining loop 'VITIS_LOOP_593_4_VITIS_LOOP_594_5_VITIS_LOOP_596_6'.
INFO: [v++ 200-1470] Pipelining result : Target II = NA, Final II = 1, Depth = 7, loop 'VITIS_LOOP_593_4_VITIS_LOOP_594_5_VITIS_LOOP_596_6'
INFO: [v++ 204-61] Pipelining loop 'VITIS_LOOP_643_7_VITIS_LOOP_644_8'.
INFO: [v++ 200-1470] Pipelining result : Target II = NA, Final II = 1, Depth = 5, loop 'VITIS_LOOP_643_7_VITIS_LOOP_644_8'
INFO: [v++ 204-61] Pipelining loop 'VITIS_LOOP_651_9_VITIS_LOOP_652_10'.
INFO: [v++ 200-1470] Pipelining result : Target II = NA, Final II = 1, Depth = 5, loop 'VITIS_LOOP_651_9_VITIS_LOOP_652_10'
INFO: [v++ 204-61] Pipelining loop 'VITIS_LOOP_658_11_VITIS_LOOP_659_12'.
INFO: [v++ 200-1470] Pipelining result : Target II = NA, Final II = 1, Depth = 5, loop 'VITIS_LOOP_658_11_VITIS_LOOP_659_12'
INFO: [v++ 204-61] Pipelining loop 'VITIS_LOOP_665_13_VITIS_LOOP_666_14'.
INFO: [v++ 200-1470] Pipelining result : Target II = NA, Final II = 1, Depth = 5, loop 'VITIS_LOOP_665_13_VITIS_LOOP_666_14'
INFO: [v++ 204-61] Pipelining loop 'VITIS_LOOP_68_1'.
INFO: [v++ 200-1470] Pipelining result : Target II = NA, Final II = 1, Depth = 1, loop 'VITIS_LOOP_68_1'
INFO: [v++ 204-61] Pipelining loop 'VITIS_LOOP_424_2'.
INFO: [v++ 200-1470] Pipelining result : Target II = NA, Final II = 1, Depth = 3, loop 'VITIS_LOOP_424_2'
INFO: [v++ 204-61] Pipelining loop 'VITIS_LOOP_449_2'.
INFO: [v++ 200-1470] Pipelining result : Target II = NA, Final II = 1, Depth = 5, loop 'VITIS_LOOP_449_2'
INFO: [v++ 204-61] Pipelining loop 'VITIS_LOOP_454_3'.
INFO: [v++ 200-1470] Pipelining result : Target II = NA, Final II = 1, Depth = 24, loop 'VITIS_LOOP_454_3'
INFO: [v++ 204-61] Pipelining loop 'VITIS_LOOP_464_5'.
INFO: [v++ 200-1470] Pipelining result : Target II = NA, Final II = 1, Depth = 5, loop 'VITIS_LOOP_464_5'
INFO: [v++ 200-790] **** Loop Constraint Status: All loop constraints were satisfied.
INFO: [v++ 200-789] **** Estimated Fmax: 411.00 MHz
INFO: [v++ 60-594] Finished kernel compilation
INFO: [v++ 60-244] Generating system estimate report...
INFO: [v++ 60-1092] Generated system estimate report: /nethome/skaram7/GNN_Acc/PNA/PNA_HLS_U50/v1/_x.hw.xilinx_u50_gen3x16_xdma_201920_3/reports/PNA_compute_one_graph/system_estimate_PNA_compute_one_graph.xtxt
INFO: [v++ 60-586] Created _x.hw.xilinx_u50_gen3x16_xdma_201920_3/PNA_compute_one_graph.xo
INFO: [v++ 60-2343] Use the vitis_analyzer tool to visualize and navigate the relevant reports. Run the following command. 
    vitis_analyzer /nethome/skaram7/GNN_Acc/PNA/PNA_HLS_U50/v1/_x.hw.xilinx_u50_gen3x16_xdma_201920_3/PNA_compute_one_graph.xo.compile_summary 
INFO: [v++ 60-791] Total elapsed time: 0h 13m 6s
INFO: [v++ 60-1653] Closing dispatch client.
