Tue Jan 12 23:15:16 2021: Running xcd server. This server was built by gradle.
Tue Jan 12 23:15:16 2021: Server was asked to start on port: '46615'
Tue Jan 12 23:15:16 2021: Server is using token UUID: '38f2d146-e934-4f63-91a6-785ae7f7b6ed'
Tue Jan 12 23:15:16 2021: SESSION_MGR: creating session with session uuid: '6d04a3e9-ade5-4ab9-8d63-1f78fcd2ec76' and name 'default'
Tue Jan 12 23:15:16 2021: Attempting to start server on port '46615'
Tue Jan 12 23:15:16 2021: XCD main fifo: created main fifo '/tmp/xcdmain38f2d146-e934-4f63-91a6-785ae7f7b6ed', fd read = 14
Tue Jan 12 23:15:16 2021: Running Dispatch Server
Tue Jan 12 23:15:16 2021: Version 2.2.0
Tue Jan 12 23:15:25 2021: Dispatch Server: Accepted socket connection from client
Tue Jan 12 23:15:25 2021: Starting Socket connection
Tue Jan 12 23:15:25 2021: EXCHANGE_TOKEN received, server token: 38f2d146-e934-4f63-91a6-785ae7f7b6ed, passed token: 38f2d146-e934-4f63-91a6-785ae7f7b6ed
Tue Jan 12 23:15:26 2021: DISPATCH_HANDLER: Adding handler from function makeHandler in library libxv_system_diagram
Tue Jan 12 23:15:26 2021: SESSION_MGR: creating session with session uuid: '72b6e528-d9ad-428f-929b-f60e9cc2b82d' and name 'v++_link_PNA_compute_one_graph.link'
Tue Jan 12 23:15:26 2021: KERNEL_SVC: creating session with uuid: '72b6e528-d9ad-428f-929b-f60e9cc2b82d' and name 'v++_link_PNA_compute_one_graph.link'
Tue Jan 12 23:15:26 2021: GUIDANCE_SMGR: creating guidance session with uuid: '72b6e528-d9ad-428f-929b-f60e9cc2b82d' and name 'v++_link_PNA_compute_one_graph.link'
Tue Jan 12 23:15:26 2021: SYSTEM_DIAGRAM_SMGR: creating diagram session with uuid: '72b6e528-d9ad-428f-929b-f60e9cc2b82d' and name 'v++_link_PNA_compute_one_graph.link'
Tue Jan 12 23:15:54 2021: Dispatch Server: Accepted socket connection from client
Tue Jan 12 23:15:54 2021: Starting Socket connection
Tue Jan 12 23:16:30 2021: Dispatch Server: Accepted socket connection from client
Tue Jan 12 23:16:30 2021: Starting Socket connection
Tue Jan 12 23:20:43 2021: Dispatch Server: Accepted socket connection from client
Tue Jan 12 23:20:43 2021: Starting Socket connection
Tue Jan 12 23:20:43 2021: Dispatch Server: Accepted socket connection from client
Tue Jan 12 23:20:43 2021: Starting Socket connection
Tue Jan 12 23:20:43 2021: Dispatch Server: Accepted socket connection from client
Tue Jan 12 23:20:43 2021: Starting Socket connection
Tue Jan 12 23:20:43 2021: Dispatch Server: Accepted socket connection from client
Tue Jan 12 23:20:43 2021: Starting Socket connection
Tue Jan 12 23:20:43 2021: Dispatch Server: Accepted socket connection from client
Tue Jan 12 23:20:43 2021: Starting Socket connection
Tue Jan 12 23:20:43 2021: Dispatch Server: Accepted socket connection from client
Tue Jan 12 23:20:43 2021: Starting Socket connection
Tue Jan 12 23:20:43 2021: Dispatch Server: Accepted socket connection from client
Tue Jan 12 23:20:43 2021: Starting Socket connection
Tue Jan 12 23:20:43 2021: Dispatch Server: Accepted socket connection from client
Tue Jan 12 23:20:43 2021: Starting Socket connection
Tue Jan 12 23:20:43 2021: Dispatch Server: Accepted socket connection from client
Tue Jan 12 23:20:43 2021: Starting Socket connection
Tue Jan 12 23:20:43 2021: Dispatch Server: Accepted socket connection from client
Tue Jan 12 23:20:43 2021: Starting Socket connection
Tue Jan 12 23:20:43 2021: Dispatch Server: Accepted socket connection from client
Tue Jan 12 23:20:43 2021: Starting Socket connection
Tue Jan 12 23:20:43 2021: Dispatch Server: Accepted socket connection from client
Tue Jan 12 23:20:43 2021: Starting Socket connection
Tue Jan 12 23:20:43 2021: Dispatch Server: Accepted socket connection from client
Tue Jan 12 23:20:43 2021: Starting Socket connection
Tue Jan 12 23:20:43 2021: Dispatch Server: Accepted socket connection from client
Tue Jan 12 23:20:43 2021: Starting Socket connection
Tue Jan 12 23:20:43 2021: Dispatch Server: Accepted socket connection from client
Tue Jan 12 23:20:43 2021: Starting Socket connection
Tue Jan 12 23:20:43 2021: Dispatch Server: Accepted socket connection from client
Tue Jan 12 23:20:43 2021: Starting Socket connection
Tue Jan 12 23:20:43 2021: Dispatch Server: Accepted socket connection from client
Tue Jan 12 23:20:43 2021: Starting Socket connection
Tue Jan 12 23:20:43 2021: Dispatch Server: Accepted socket connection from client
Tue Jan 12 23:20:43 2021: Starting Socket connection
Tue Jan 12 23:20:43 2021: Dispatch Server: Accepted socket connection from client
Tue Jan 12 23:20:43 2021: Starting Socket connection
Tue Jan 12 23:20:43 2021: Dispatch Server: Accepted socket connection from client
Tue Jan 12 23:20:43 2021: Starting Socket connection
Tue Jan 12 23:20:43 2021: Dispatch Server: Accepted socket connection from client
Tue Jan 12 23:20:43 2021: Starting Socket connection
Tue Jan 12 23:20:43 2021: Dispatch Server: Accepted socket connection from client
Tue Jan 12 23:20:43 2021: Starting Socket connection
Tue Jan 12 23:20:43 2021: Dispatch Server: Accepted socket connection from client
Tue Jan 12 23:20:43 2021: Starting Socket connection
Tue Jan 12 23:20:43 2021: Dispatch Server: Accepted socket connection from client
Tue Jan 12 23:20:43 2021: Starting Socket connection
Tue Jan 12 23:20:43 2021: Dispatch Server: Accepted socket connection from client
Tue Jan 12 23:20:43 2021: Starting Socket connection
Tue Jan 12 23:20:43 2021: Dispatch Server: Accepted socket connection from client
Tue Jan 12 23:20:43 2021: Starting Socket connection
Tue Jan 12 23:20:43 2021: Dispatch Server: Accepted socket connection from client
Tue Jan 12 23:20:43 2021: Starting Socket connection
Tue Jan 12 23:20:43 2021: Dispatch Server: Accepted socket connection from client
Tue Jan 12 23:20:43 2021: Starting Socket connection
Tue Jan 12 23:20:43 2021: Dispatch Server: Accepted socket connection from client
Tue Jan 12 23:20:43 2021: Starting Socket connection
Tue Jan 12 23:20:43 2021: Dispatch Server: Accepted socket connection from client
Tue Jan 12 23:20:43 2021: Starting Socket connection
Tue Jan 12 23:20:43 2021: Dispatch Server: Accepted socket connection from client
Tue Jan 12 23:20:43 2021: Starting Socket connection
Tue Jan 12 23:20:43 2021: Dispatch Server: Accepted socket connection from client
Tue Jan 12 23:20:43 2021: Starting Socket connection
Tue Jan 12 23:22:10 2021: Dispatch Server: Accepted socket connection from client
Tue Jan 12 23:22:10 2021: Starting Socket connection
Tue Jan 12 23:22:10 2021: Dispatch Server: Accepted socket connection from client
Tue Jan 12 23:22:10 2021: Starting Socket connection
Tue Jan 12 23:22:10 2021: Dispatch Server: Accepted socket connection from client
Tue Jan 12 23:22:10 2021: Starting Socket connection
Tue Jan 12 23:22:10 2021: Dispatch Server: Accepted socket connection from client
Tue Jan 12 23:22:10 2021: Starting Socket connection
Tue Jan 12 23:22:10 2021: Dispatch Server: Accepted socket connection from client
Tue Jan 12 23:22:10 2021: Starting Socket connection
Tue Jan 12 23:22:10 2021: Dispatch Server: Accepted socket connection from client
Tue Jan 12 23:22:10 2021: Starting Socket connection
Tue Jan 12 23:22:10 2021: Dispatch Server: Accepted socket connection from client
Tue Jan 12 23:22:10 2021: Starting Socket connection
Tue Jan 12 23:22:10 2021: Dispatch Server: Accepted socket connection from client
Tue Jan 12 23:22:10 2021: Starting Socket connection
Tue Jan 12 23:22:10 2021: Dispatch Server: Accepted socket connection from client
Tue Jan 12 23:22:10 2021: Starting Socket connection
Tue Jan 12 23:22:11 2021: Dispatch Server: Accepted socket connection from client
Tue Jan 12 23:22:11 2021: Starting Socket connection
Tue Jan 12 23:22:13 2021: Dispatch Server: Accepted socket connection from client
Tue Jan 12 23:22:13 2021: Starting Socket connection
Tue Jan 12 23:22:15 2021: Dispatch Server: Accepted socket connection from client
Tue Jan 12 23:22:15 2021: Starting Socket connection
Tue Jan 12 23:22:15 2021: Dispatch Server: Accepted socket connection from client
Tue Jan 12 23:22:15 2021: Starting Socket connection
Tue Jan 12 23:22:15 2021: Dispatch Server: Accepted socket connection from client
Tue Jan 12 23:22:15 2021: Starting Socket connection
Tue Jan 12 23:22:15 2021: Dispatch Server: Accepted socket connection from client
Tue Jan 12 23:22:15 2021: Starting Socket connection
Tue Jan 12 23:22:15 2021: Dispatch Server: Accepted socket connection from client
Tue Jan 12 23:22:15 2021: Starting Socket connection
Tue Jan 12 23:22:15 2021: Dispatch Server: Accepted socket connection from client
Tue Jan 12 23:22:15 2021: Starting Socket connection
Tue Jan 12 23:22:15 2021: Dispatch Server: Accepted socket connection from client
Tue Jan 12 23:22:15 2021: Starting Socket connection
Tue Jan 12 23:22:15 2021: Dispatch Server: Accepted socket connection from client
Tue Jan 12 23:22:15 2021: Starting Socket connection
Tue Jan 12 23:22:16 2021: Dispatch Server: Accepted socket connection from client
Tue Jan 12 23:22:16 2021: Starting Socket connection
Tue Jan 12 23:22:16 2021: Dispatch Server: Accepted socket connection from client
Tue Jan 12 23:22:16 2021: Starting Socket connection
Tue Jan 12 23:22:16 2021: Dispatch Server: Accepted socket connection from client
Tue Jan 12 23:22:16 2021: Starting Socket connection
Tue Jan 12 23:22:17 2021: Dispatch Server: Accepted socket connection from client
Tue Jan 12 23:22:17 2021: Starting Socket connection
Tue Jan 12 23:22:17 2021: Dispatch Server: Accepted socket connection from client
Tue Jan 12 23:22:17 2021: Starting Socket connection
Tue Jan 12 23:22:18 2021: Dispatch Server: Accepted socket connection from client
Tue Jan 12 23:22:18 2021: Starting Socket connection
Tue Jan 12 23:22:21 2021: Dispatch Server: Accepted socket connection from client
Tue Jan 12 23:22:21 2021: Starting Socket connection
Tue Jan 12 23:22:31 2021: Dispatch Server: Accepted socket connection from client
Tue Jan 12 23:22:31 2021: Starting Socket connection
Tue Jan 12 23:22:44 2021: Dispatch Server: Accepted socket connection from client
Tue Jan 12 23:22:44 2021: Starting Socket connection
Tue Jan 12 23:22:44 2021: Dispatch Server: Accepted socket connection from client
Tue Jan 12 23:22:44 2021: Starting Socket connection
Tue Jan 12 23:22:44 2021: Dispatch Server: Accepted socket connection from client
Tue Jan 12 23:22:44 2021: Starting Socket connection
Tue Jan 12 23:22:44 2021: Dispatch Server: Accepted socket connection from client
Tue Jan 12 23:22:44 2021: Starting Socket connection
Tue Jan 12 23:22:45 2021: Dispatch Server: Accepted socket connection from client
Tue Jan 12 23:22:45 2021: Starting Socket connection
Tue Jan 12 23:22:45 2021: Dispatch Server: Accepted socket connection from client
Tue Jan 12 23:22:45 2021: Starting Socket connection
Tue Jan 12 23:23:05 2021: Dispatch Server: Accepted socket connection from client
Tue Jan 12 23:23:05 2021: Starting Socket connection
Tue Jan 12 23:23:10 2021: Dispatch Server: Accepted socket connection from client
Tue Jan 12 23:23:10 2021: Starting Socket connection
Tue Jan 12 23:23:12 2021: Dispatch Server: Accepted socket connection from client
Tue Jan 12 23:23:12 2021: Starting Socket connection
Tue Jan 12 23:23:16 2021: Dispatch Server: Accepted socket connection from client
Tue Jan 12 23:23:16 2021: Starting Socket connection
Tue Jan 12 23:23:23 2021: Dispatch Server: Accepted socket connection from client
Tue Jan 12 23:23:23 2021: Starting Socket connection
Tue Jan 12 23:23:24 2021: Dispatch Server: Accepted socket connection from client
Tue Jan 12 23:23:24 2021: Starting Socket connection
Tue Jan 12 23:23:24 2021: Dispatch Server: Accepted socket connection from client
Tue Jan 12 23:23:24 2021: Starting Socket connection
Tue Jan 12 23:23:26 2021: Dispatch Server: Accepted socket connection from client
Tue Jan 12 23:23:26 2021: Starting Socket connection
Tue Jan 12 23:23:27 2021: Dispatch Server: Accepted socket connection from client
Tue Jan 12 23:23:27 2021: Starting Socket connection
Tue Jan 12 23:23:29 2021: Dispatch Server: Accepted socket connection from client
Tue Jan 12 23:23:29 2021: Starting Socket connection
Tue Jan 12 23:23:29 2021: Dispatch Server: Accepted socket connection from client
Tue Jan 12 23:23:29 2021: Starting Socket connection
Tue Jan 12 23:23:29 2021: Dispatch Server: Accepted socket connection from client
Tue Jan 12 23:23:29 2021: Starting Socket connection
Tue Jan 12 23:23:30 2021: Dispatch Server: Accepted socket connection from client
Tue Jan 12 23:23:30 2021: Starting Socket connection
Tue Jan 12 23:23:33 2021: Dispatch Server: Accepted socket connection from client
Tue Jan 12 23:23:33 2021: Starting Socket connection
Tue Jan 12 23:23:55 2021: Dispatch Server: Accepted socket connection from client
Tue Jan 12 23:23:55 2021: Starting Socket connection
Tue Jan 12 23:23:55 2021: Dispatch Server: Accepted socket connection from client
Tue Jan 12 23:23:55 2021: Starting Socket connection
Tue Jan 12 23:23:58 2021: Dispatch Server: Accepted socket connection from client
Tue Jan 12 23:23:58 2021: Starting Socket connection
Tue Jan 12 23:23:59 2021: Dispatch Server: Accepted socket connection from client
Tue Jan 12 23:23:59 2021: Starting Socket connection
Tue Jan 12 23:24:36 2021: Dispatch Server: Accepted socket connection from client
Tue Jan 12 23:24:36 2021: Starting Socket connection
Tue Jan 12 23:24:48 2021: Dispatch Server: Accepted socket connection from client
Tue Jan 12 23:24:48 2021: Starting Socket connection
Tue Jan 12 23:36:40 2021: SESSION_MGR: closing session for UUID '72b6e528-d9ad-428f-929b-f60e9cc2b82d' with name 'v++_link_PNA_compute_one_graph.link'
Tue Jan 12 23:36:40 2021: KERNEL_SVC: closing session for UUID '72b6e528-d9ad-428f-929b-f60e9cc2b82d' with name 'v++_link_PNA_compute_one_graph.link'
Tue Jan 12 23:36:40 2021: GUIDANCE_SMGR: closing session for UUID '72b6e528-d9ad-428f-929b-f60e9cc2b82d' with name 'v++_link_PNA_compute_one_graph.link'
Tue Jan 12 23:36:40 2021: SYSTEM_DIAGRAM_SMGR: closing session for UUID '72b6e528-d9ad-428f-929b-f60e9cc2b82d' with name 'v++_link_PNA_compute_one_graph.link'
