

================================================================
== Vitis HLS Report for 'global_graph_prediction'
================================================================
* Date:           Mon Apr 12 19:27:11 2021

* Version:        2020.2 (Build 3064766 on Wed Nov 18 09:12:47 MST 2020)
* Project:        project_1
* Solution:       solution1 (Vivado IP Flow Target)
* Product family: virtexuplus
* Target device:  xcu280-fsvh2892-2L-e


================================================================
== Performance Estimates
================================================================
+ Timing: 
    * Summary: 
    +--------+----------+----------+------------+
    |  Clock |  Target  | Estimated| Uncertainty|
    +--------+----------+----------+------------+
    |ap_clk  |  10.00 ns|  7.300 ns|     2.70 ns|
    +--------+----------+----------+------------+

+ Latency: 
    * Summary: 
    +---------+---------+----------+----------+-----+-----+---------+
    |  Latency (cycles) |  Latency (absolute) |  Interval | Pipeline|
    |   min   |   max   |    min   |    max   | min | max |   Type  |
    +---------+---------+----------+----------+-----+-----+---------+
    |      309|      309|  3.090 us|  3.090 us|  309|  309|     none|
    +---------+---------+----------+----------+-----+-----+---------+

    + Detail: 
        * Instance: 
        N/A

        * Loop: 
        +--------------------+---------+---------+----------+-----------+-----------+------+----------+
        |                    |  Latency (cycles) | Iteration|  Initiation Interval  | Trip |          |
        |      Loop Name     |   min   |   max   |  Latency |  achieved |   target  | Count| Pipelined|
        +--------------------+---------+---------+----------+-----------+-----------+------+----------+
        |- VITIS_LOOP_365_2  |      300|      300|         2|          1|          1|   300|       yes|
        +--------------------+---------+---------+----------+-----------+-----------+------+----------+

============================================================
+ Verbose Summary: Synthesis Manager
============================================================
InlineROM: 1
ExposeGlobal: 0
============================================================
+ Verbose Summary: CDFG Model
============================================================
IsTopModel: 0
ResetActiveHigh: 1
IsCombinational: 0
IsDatapathOnly: 0
HasWiredReturn: 1
HasMFsm: 0
HasVarLatency: 1
IsPipeline: 0
IsRtlPipelined: 0
IsInstanceOverlapped: 0
IsDontTouch: 0
HasImplIP: 0
IsGatedGlobalClock: 0

+ Individual pipeline summary: 
  * Pipeline-0: initiation interval (II) = 1, depth = 2


============================================================
+ Verbose Summary: Schedule
============================================================
* Number of FSM states : 11
* Pipeline : 1
  Pipeline-0 : II = 1, D = 2, States = { 3 4 }
* Dataflow Pipeline: 0

* FSM state transitions: 
1 --> 2 
2 --> 3 
3 --> 5 4 
4 --> 3 
5 --> 6 
6 --> 7 
7 --> 8 
8 --> 9 
9 --> 10 
10 --> 11 
11 --> 

* FSM state operations: 

State 1 <SV = 0> <Delay = 0.69>
ST_1 : Operation 12 [2/2] (0.69ns)   --->   "%graph_pred_bias_V_load = load i32 0" [GIN_compute.cpp:364]   --->   Operation 12 'load' 'graph_pred_bias_V_load' <Predicate = true> <Delay = 0.69> <CoreInst = "RAM">   --->   Core 83 'RAM' <Latency = 1> <II = 1> <Delay = 0.69> <Storage> <Opcode : 'load' 'store'> <Ports = 2> <Width = 32> <Depth = 1> <RAM>

State 2 <SV = 1> <Delay = 0.69>
ST_2 : Operation 13 [1/1] (0.00ns)   --->   "%specmemcore_ln0 = specmemcore void @_ssdm_op_SpecMemCore, i32 %graph_embedding_V, i64 666, i64 22, i64 18446744073709551615"   --->   Operation 13 'specmemcore' 'specmemcore_ln0' <Predicate = true> <Delay = 0.00>
ST_2 : Operation 14 [1/1] (0.00ns)   --->   "%specinterface_ln0 = specinterface void @_ssdm_op_SpecInterface, i32 %mem, void @empty_30, i32 0, i32 0, void @empty_32, i32 0, i32 100000, void @empty_37, void @empty_7, void @empty_32, i32 16, i32 16, i32 16, i32 16, void @empty_32, void @empty_32"   --->   Operation 14 'specinterface' 'specinterface_ln0' <Predicate = true> <Delay = 0.00>
ST_2 : Operation 15 [1/1] (0.00ns)   --->   "%d_out_read = read i64 @_ssdm_op_Read.ap_auto.i64, i64 %d_out" [GIN_compute.cpp:364]   --->   Operation 15 'read' 'd_out_read' <Predicate = true> <Delay = 0.00>
ST_2 : Operation 16 [1/2] (0.69ns)   --->   "%graph_pred_bias_V_load = load i32 0" [GIN_compute.cpp:364]   --->   Operation 16 'load' 'graph_pred_bias_V_load' <Predicate = true> <Delay = 0.69> <CoreInst = "RAM">   --->   Core 83 'RAM' <Latency = 1> <II = 1> <Delay = 0.69> <Storage> <Opcode : 'load' 'store'> <Ports = 2> <Width = 32> <Depth = 1> <RAM>
ST_2 : Operation 17 [1/1] (0.00ns)   --->   "%trunc_ln = partselect i62 @_ssdm_op_PartSelect.i62.i64.i32.i32, i64 %d_out_read, i32 2, i32 63" [GIN_compute.cpp:364]   --->   Operation 17 'partselect' 'trunc_ln' <Predicate = true> <Delay = 0.00>
ST_2 : Operation 18 [1/1] (0.00ns)   --->   "%sext_ln364 = sext i62 %trunc_ln" [GIN_compute.cpp:364]   --->   Operation 18 'sext' 'sext_ln364' <Predicate = true> <Delay = 0.00>
ST_2 : Operation 19 [1/1] (0.00ns)   --->   "%mem_addr = getelementptr i32 %mem, i64 %sext_ln364" [GIN_compute.cpp:364]   --->   Operation 19 'getelementptr' 'mem_addr' <Predicate = true> <Delay = 0.00>
ST_2 : Operation 20 [1/1] (0.38ns)   --->   "%br_ln365 = br void %_ZN13ap_fixed_baseILi65ELi21ELb1EL9ap_q_mode5EL9ap_o_mode3ELi0EEC2ILi32ELi10ELb1ELS0_5ELS1_3ELi0EEERKS_IXT_EXT0_EXT1_EXT2_EXT3_EXT4_EE.exit.i.i" [GIN_compute.cpp:365]   --->   Operation 20 'br' 'br_ln365' <Predicate = true> <Delay = 0.38>

State 3 <SV = 2> <Delay = 1.19>
ST_3 : Operation 21 [1/1] (0.00ns)   --->   "%dim = phi i9 0, void, i9 %add_ln365, void %_ZN13ap_fixed_baseILi65ELi21ELb1EL9ap_q_mode5EL9ap_o_mode3ELi0EEC2ILi32ELi10ELb1ELS0_5ELS1_3ELi0EEERKS_IXT_EXT0_EXT1_EXT2_EXT3_EXT4_EE.exit.i.i.split" [GIN_compute.cpp:365]   --->   Operation 21 'phi' 'dim' <Predicate = true> <Delay = 0.00>
ST_3 : Operation 22 [1/1] (0.00ns)   --->   "%lhs = phi i32 %graph_pred_bias_V_load, void, i32 %trunc_ln4, void %_ZN13ap_fixed_baseILi65ELi21ELb1EL9ap_q_mode5EL9ap_o_mode3ELi0EEC2ILi32ELi10ELb1ELS0_5ELS1_3ELi0EEERKS_IXT_EXT0_EXT1_EXT2_EXT3_EXT4_EE.exit.i.i.split" [GIN_compute.cpp:364]   --->   Operation 22 'phi' 'lhs' <Predicate = true> <Delay = 0.00>
ST_3 : Operation 23 [1/1] (0.71ns)   --->   "%add_ln365 = add i9 %dim, i9 1" [GIN_compute.cpp:365]   --->   Operation 23 'add' 'add_ln365' <Predicate = true> <Delay = 0.71> <CoreInst = "Adder">   --->   Core 1 'Adder' <Latency = 0> <II = 1> <Delay = 1.01> <FuncUnit> <Opcode : 'add' 'sub'> <InPorts = 2> <OutPorts = 1>
ST_3 : Operation 24 [1/1] (0.00ns)   --->   "%specpipeline_ln0 = specpipeline void @_ssdm_op_SpecPipeline, i32 4294967295, i32 0, i32 1, i32 0, void @p_str"   --->   Operation 24 'specpipeline' 'specpipeline_ln0' <Predicate = true> <Delay = 0.00>
ST_3 : Operation 25 [1/1] (0.59ns)   --->   "%icmp_ln365 = icmp_eq  i9 %dim, i9 300" [GIN_compute.cpp:365]   --->   Operation 25 'icmp' 'icmp_ln365' <Predicate = true> <Delay = 0.59> <CoreInst = "Cmp">   --->   Core 9 'Cmp' <Latency = 0> <II = 1> <Delay = 0.59> <FuncUnit> <Opcode : 'icmp'> <InPorts = 2> <OutPorts = 1>
ST_3 : Operation 26 [1/1] (0.00ns)   --->   "%empty = speclooptripcount i32 @_ssdm_op_SpecLoopTripCount, i64 300, i64 300, i64 300"   --->   Operation 26 'speclooptripcount' 'empty' <Predicate = true> <Delay = 0.00>
ST_3 : Operation 27 [1/1] (0.00ns)   --->   "%br_ln365 = br i1 %icmp_ln365, void %_ZN13ap_fixed_baseILi65ELi21ELb1EL9ap_q_mode5EL9ap_o_mode3ELi0EEC2ILi32ELi10ELb1ELS0_5ELS1_3ELi0EEERKS_IXT_EXT0_EXT1_EXT2_EXT3_EXT4_EE.exit.i.i.split, void" [GIN_compute.cpp:365]   --->   Operation 27 'br' 'br_ln365' <Predicate = true> <Delay = 0.00>
ST_3 : Operation 28 [1/1] (0.00ns)   --->   "%dim_cast = zext i9 %dim" [GIN_compute.cpp:365]   --->   Operation 28 'zext' 'dim_cast' <Predicate = (!icmp_ln365)> <Delay = 0.00>
ST_3 : Operation 29 [1/1] (0.00ns)   --->   "%graph_pred_weights_V_addr = getelementptr i32 %graph_pred_weights_V, i64 0, i64 %dim_cast"   --->   Operation 29 'getelementptr' 'graph_pred_weights_V_addr' <Predicate = (!icmp_ln365)> <Delay = 0.00>
ST_3 : Operation 30 [1/1] (0.00ns)   --->   "%graph_embedding_V_addr = getelementptr i32 %graph_embedding_V, i64 0, i64 %dim_cast"   --->   Operation 30 'getelementptr' 'graph_embedding_V_addr' <Predicate = (!icmp_ln365)> <Delay = 0.00>
ST_3 : Operation 31 [2/2] (1.19ns)   --->   "%r_V = load i9 %graph_embedding_V_addr"   --->   Operation 31 'load' 'r_V' <Predicate = (!icmp_ln365)> <Delay = 1.19> <CoreInst = "RAM_2P_BRAM">   --->   Core 94 'RAM_2P_BRAM' <Latency = 1> <II = 1> <Delay = 1.19> <Storage> <Opcode : 'load' 'store'> <Ports = 2> <Width = 32> <Depth = 300> <RAM>
ST_3 : Operation 32 [2/2] (1.19ns)   --->   "%graph_pred_weights_V_load = load i9 %graph_pred_weights_V_addr"   --->   Operation 32 'load' 'graph_pred_weights_V_load' <Predicate = (!icmp_ln365)> <Delay = 1.19> <CoreInst = "RAM">   --->   Core 83 'RAM' <Latency = 1> <II = 1> <Delay = 1.19> <Storage> <Opcode : 'load' 'store'> <Ports = 2> <Width = 32> <Depth = 300> <RAM>

State 4 <SV = 3> <Delay = 5.37>
ST_4 : Operation 33 [1/1] (0.00ns)   --->   "%specloopname_ln365 = specloopname void @_ssdm_op_SpecLoopName, void @empty_43" [GIN_compute.cpp:365]   --->   Operation 33 'specloopname' 'specloopname_ln365' <Predicate = (!icmp_ln365)> <Delay = 0.00>
ST_4 : Operation 34 [1/2] (1.19ns)   --->   "%r_V = load i9 %graph_embedding_V_addr"   --->   Operation 34 'load' 'r_V' <Predicate = (!icmp_ln365)> <Delay = 1.19> <CoreInst = "RAM_2P_BRAM">   --->   Core 94 'RAM_2P_BRAM' <Latency = 1> <II = 1> <Delay = 1.19> <Storage> <Opcode : 'load' 'store'> <Ports = 2> <Width = 32> <Depth = 300> <RAM>
ST_4 : Operation 35 [1/1] (0.00ns)   --->   "%sext_ln1115 = sext i32 %r_V"   --->   Operation 35 'sext' 'sext_ln1115' <Predicate = (!icmp_ln365)> <Delay = 0.00>
ST_4 : Operation 36 [1/2] (1.19ns)   --->   "%graph_pred_weights_V_load = load i9 %graph_pred_weights_V_addr"   --->   Operation 36 'load' 'graph_pred_weights_V_load' <Predicate = (!icmp_ln365)> <Delay = 1.19> <CoreInst = "RAM">   --->   Core 83 'RAM' <Latency = 1> <II = 1> <Delay = 1.19> <Storage> <Opcode : 'load' 'store'> <Ports = 2> <Width = 32> <Depth = 300> <RAM>
ST_4 : Operation 37 [1/1] (0.00ns)   --->   "%sext_ln1118 = sext i32 %graph_pred_weights_V_load"   --->   Operation 37 'sext' 'sext_ln1118' <Predicate = (!icmp_ln365)> <Delay = 0.00>
ST_4 : Operation 38 [1/1] (3.17ns)   --->   "%r_V_1 = mul i54 %sext_ln1118, i54 %sext_ln1115"   --->   Operation 38 'mul' 'r_V_1' <Predicate = (!icmp_ln365)> <Delay = 3.17> <CoreInst = "Multiplier">   --->   Core 3 'Multiplier' <Latency = 0> <II = 1> <Delay = 3.17> <FuncUnit> <Opcode : 'mul'> <InPorts = 2> <OutPorts = 1>
ST_4 : Operation 39 [1/1] (0.00ns)   --->   "%lhs_1 = bitconcatenate i54 @_ssdm_op_BitConcatenate.i54.i32.i22, i32 %lhs, i22 0"   --->   Operation 39 'bitconcatenate' 'lhs_1' <Predicate = (!icmp_ln365)> <Delay = 0.00>
ST_4 : Operation 40 [1/1] (1.01ns)   --->   "%ret_V = add i54 %r_V_1, i54 %lhs_1"   --->   Operation 40 'add' 'ret_V' <Predicate = (!icmp_ln365)> <Delay = 1.01> <CoreInst = "Adder">   --->   Core 1 'Adder' <Latency = 0> <II = 1> <Delay = 1.01> <FuncUnit> <Opcode : 'add' 'sub'> <InPorts = 2> <OutPorts = 1>
ST_4 : Operation 41 [1/1] (0.00ns)   --->   "%trunc_ln4 = partselect i32 @_ssdm_op_PartSelect.i32.i54.i32.i32, i54 %ret_V, i32 22, i32 53"   --->   Operation 41 'partselect' 'trunc_ln4' <Predicate = (!icmp_ln365)> <Delay = 0.00>
ST_4 : Operation 42 [1/1] (0.00ns)   --->   "%br_ln0 = br void %_ZN13ap_fixed_baseILi65ELi21ELb1EL9ap_q_mode5EL9ap_o_mode3ELi0EEC2ILi32ELi10ELb1ELS0_5ELS1_3ELi0EEERKS_IXT_EXT0_EXT1_EXT2_EXT3_EXT4_EE.exit.i.i"   --->   Operation 42 'br' 'br_ln0' <Predicate = (!icmp_ln365)> <Delay = 0.00>

State 5 <SV = 3> <Delay = 7.30>
ST_5 : Operation 43 [1/1] (7.30ns)   --->   "%mem_addr_req = writereq i1 @_ssdm_op_WriteReq.m_axi.i32P1A, i32 %mem_addr, i32 1"   --->   Operation 43 'writereq' 'mem_addr_req' <Predicate = true> <Delay = 7.30> <CoreInst = "m_axi">   --->   Core 121 'm_axi' <Latency = 6> <II = 1> <Delay = 1.00> <Adapter> <Opcode : 'read' 'write' 'readreq' 'writereq' 'writeresp'>

State 6 <SV = 4> <Delay = 7.30>
ST_6 : Operation 44 [1/1] (7.30ns)   --->   "%write_ln727 = write void @_ssdm_op_Write.m_axi.i32P1A, i32 %mem_addr, i32 %lhs, i4 15"   --->   Operation 44 'write' 'write_ln727' <Predicate = true> <Delay = 7.30> <CoreInst = "m_axi">   --->   Core 121 'm_axi' <Latency = 6> <II = 1> <Delay = 1.00> <Adapter> <Opcode : 'read' 'write' 'readreq' 'writereq' 'writeresp'>

State 7 <SV = 5> <Delay = 7.30>
ST_7 : Operation 45 [5/5] (7.30ns)   --->   "%mem_addr_resp = writeresp i1 @_ssdm_op_WriteResp.m_axi.i32P1A, i32 %mem_addr"   --->   Operation 45 'writeresp' 'mem_addr_resp' <Predicate = true> <Delay = 7.30> <CoreInst = "m_axi">   --->   Core 121 'm_axi' <Latency = 6> <II = 1> <Delay = 1.00> <Adapter> <Opcode : 'read' 'write' 'readreq' 'writereq' 'writeresp'>

State 8 <SV = 6> <Delay = 7.30>
ST_8 : Operation 46 [4/5] (7.30ns)   --->   "%mem_addr_resp = writeresp i1 @_ssdm_op_WriteResp.m_axi.i32P1A, i32 %mem_addr"   --->   Operation 46 'writeresp' 'mem_addr_resp' <Predicate = true> <Delay = 7.30> <CoreInst = "m_axi">   --->   Core 121 'm_axi' <Latency = 6> <II = 1> <Delay = 1.00> <Adapter> <Opcode : 'read' 'write' 'readreq' 'writereq' 'writeresp'>

State 9 <SV = 7> <Delay = 7.30>
ST_9 : Operation 47 [3/5] (7.30ns)   --->   "%mem_addr_resp = writeresp i1 @_ssdm_op_WriteResp.m_axi.i32P1A, i32 %mem_addr"   --->   Operation 47 'writeresp' 'mem_addr_resp' <Predicate = true> <Delay = 7.30> <CoreInst = "m_axi">   --->   Core 121 'm_axi' <Latency = 6> <II = 1> <Delay = 1.00> <Adapter> <Opcode : 'read' 'write' 'readreq' 'writereq' 'writeresp'>

State 10 <SV = 8> <Delay = 7.30>
ST_10 : Operation 48 [2/5] (7.30ns)   --->   "%mem_addr_resp = writeresp i1 @_ssdm_op_WriteResp.m_axi.i32P1A, i32 %mem_addr"   --->   Operation 48 'writeresp' 'mem_addr_resp' <Predicate = true> <Delay = 7.30> <CoreInst = "m_axi">   --->   Core 121 'm_axi' <Latency = 6> <II = 1> <Delay = 1.00> <Adapter> <Opcode : 'read' 'write' 'readreq' 'writereq' 'writeresp'>

State 11 <SV = 9> <Delay = 7.30>
ST_11 : Operation 49 [1/5] (7.30ns)   --->   "%mem_addr_resp = writeresp i1 @_ssdm_op_WriteResp.m_axi.i32P1A, i32 %mem_addr"   --->   Operation 49 'writeresp' 'mem_addr_resp' <Predicate = true> <Delay = 7.30> <CoreInst = "m_axi">   --->   Core 121 'm_axi' <Latency = 6> <II = 1> <Delay = 1.00> <Adapter> <Opcode : 'read' 'write' 'readreq' 'writereq' 'writeresp'>
ST_11 : Operation 50 [1/1] (0.00ns)   --->   "%ret_ln369 = ret" [GIN_compute.cpp:369]   --->   Operation 50 'ret' 'ret_ln369' <Predicate = true> <Delay = 0.00>


============================================================
+ Verbose Summary: Binding
============================================================
STG Binding: 
---------------- STG Properties BEGIN ----------------
- Is combinational: 0
- Is one-state seq: 0
- Is datapath-only: 0
- Is pipelined: 0
- Is top level: 0
Port [ Return ] is wired: 1; IO mode=ap_ctrl_hs:ce=0
Port [ mem]:  wired=1; compound=1; hidden=0; nouse=0; global=0; static=0; extern=0; dir=1; type=4; pingpong=0; private_global=0; IO mode=m_axi:ce=0
Port [ d_out]:  wired=1; compound=0; hidden=0; nouse=0; global=0; static=0; extern=0; dir=0; type=0; pingpong=0; private_global=0; IO mode=ap_none:ce=0
Port [ graph_embedding_V]:  wired=1; compound=1; hidden=0; nouse=0; global=1; static=0; extern=0; dir=0; type=1; pingpong=0; private_global=0; MemPort=[13]; IO mode=ap_memory:ce=0
Port [ graph_pred_weights_V]:  wired=1; compound=1; hidden=0; nouse=0; global=1; static=1; extern=0; dir=0; type=1; pingpong=0; private_global=0; MemPort=[13]; IO mode=ap_memory:ce=0
Port [ graph_pred_bias_V]:  wired=1; compound=1; hidden=0; nouse=0; global=1; static=1; extern=0; dir=0; type=1; pingpong=0; private_global=0; MemPort=[13]; IO mode=ap_memory:ce=0
---------------- STG Properties END ------------------

---------------- Datapath Model BEGIN ----------------

<LifeTime>
<method=bitvector/>
specmemcore_ln0           (specmemcore      ) [ 000000000000]
specinterface_ln0         (specinterface    ) [ 000000000000]
d_out_read                (read             ) [ 000000000000]
graph_pred_bias_V_load    (load             ) [ 001110000000]
trunc_ln                  (partselect       ) [ 000000000000]
sext_ln364                (sext             ) [ 000000000000]
mem_addr                  (getelementptr    ) [ 000111111111]
br_ln365                  (br               ) [ 001110000000]
dim                       (phi              ) [ 000100000000]
lhs                       (phi              ) [ 000111100000]
add_ln365                 (add              ) [ 001110000000]
specpipeline_ln0          (specpipeline     ) [ 000000000000]
icmp_ln365                (icmp             ) [ 000110000000]
empty                     (speclooptripcount) [ 000000000000]
br_ln365                  (br               ) [ 000000000000]
dim_cast                  (zext             ) [ 000000000000]
graph_pred_weights_V_addr (getelementptr    ) [ 000110000000]
graph_embedding_V_addr    (getelementptr    ) [ 000110000000]
specloopname_ln365        (specloopname     ) [ 000000000000]
r_V                       (load             ) [ 000000000000]
sext_ln1115               (sext             ) [ 000000000000]
graph_pred_weights_V_load (load             ) [ 000000000000]
sext_ln1118               (sext             ) [ 000000000000]
r_V_1                     (mul              ) [ 000000000000]
lhs_1                     (bitconcatenate   ) [ 000000000000]
ret_V                     (add              ) [ 000000000000]
trunc_ln4                 (partselect       ) [ 001110000000]
br_ln0                    (br               ) [ 001110000000]
mem_addr_req              (writereq         ) [ 000000000000]
write_ln727               (write            ) [ 000000000000]
mem_addr_resp             (writeresp        ) [ 000000000000]
ret_ln369                 (ret              ) [ 000000000000]
</LifeTime>

<model>

<comp_list>
<comp id="0" class="1000" name="mem">
<pin_list>
<pin id="1" dir="1" index="0" bw="1" slack="0"/>
</pin_list>
<bind>
<StgValue><ssdm name="mem"/></StgValue>
</bind>
</comp>

<comp id="2" class="1000" name="d_out">
<pin_list>
<pin id="3" dir="1" index="0" bw="1" slack="0"/>
</pin_list>
<bind>
<StgValue><ssdm name="d_out"/></StgValue>
</bind>
</comp>

<comp id="4" class="1000" name="graph_embedding_V">
<pin_list>
<pin id="5" dir="1" index="0" bw="1" slack="0"/>
</pin_list>
<bind>
<StgValue><ssdm name="graph_embedding_V"/><MemPortTyVec>1 3 </MemPortTyVec>
</StgValue>
</bind>
</comp>

<comp id="6" class="1000" name="graph_pred_weights_V">
<pin_list>
<pin id="7" dir="1" index="0" bw="1" slack="0"/>
</pin_list>
<bind>
<StgValue><ssdm name="graph_pred_weights_V"/><MemPortTyVec>1 3 </MemPortTyVec>
</StgValue>
</bind>
</comp>

<comp id="8" class="1000" name="graph_pred_bias_V">
<pin_list>
<pin id="9" dir="1" index="0" bw="1" slack="2147483647"/>
</pin_list>
<bind>
<StgValue><ssdm name="graph_pred_bias_V"/><MemPortTyVec>1 3 </MemPortTyVec>
</StgValue>
</bind>
</comp>

<comp id="10" class="1001" name="const_10">
<pin_list>
<pin id="11" dir="1" index="0" bw="1" slack="0"/>
</pin_list>
<bind>
<StgValue><ssdm name=""/></StgValue>
</bind>
</comp>

<comp id="12" class="1001" name="const_12">
<pin_list>
<pin id="13" dir="1" index="0" bw="1" slack="2147483647"/>
</pin_list>
<bind>
<StgValue><ssdm name="_ssdm_op_SpecMemCore"/></StgValue>
</bind>
</comp>

<comp id="14" class="1001" name="const_14">
<pin_list>
<pin id="15" dir="1" index="0" bw="1" slack="2147483647"/>
</pin_list>
<bind>
<StgValue><ssdm name=""/></StgValue>
</bind>
</comp>

<comp id="16" class="1001" name="const_16">
<pin_list>
<pin id="17" dir="1" index="0" bw="1" slack="2147483647"/>
</pin_list>
<bind>
<StgValue><ssdm name=""/></StgValue>
</bind>
</comp>

<comp id="18" class="1001" name="const_18">
<pin_list>
<pin id="19" dir="1" index="0" bw="1" slack="2147483647"/>
</pin_list>
<bind>
<StgValue><ssdm name=""/></StgValue>
</bind>
</comp>

<comp id="20" class="1001" name="const_20">
<pin_list>
<pin id="21" dir="1" index="0" bw="1" slack="2147483647"/>
</pin_list>
<bind>
<StgValue><ssdm name="_ssdm_op_SpecInterface"/></StgValue>
</bind>
</comp>

<comp id="22" class="1001" name="const_22">
<pin_list>
<pin id="23" dir="1" index="0" bw="1" slack="2147483647"/>
</pin_list>
<bind>
<StgValue><ssdm name="empty_30"/></StgValue>
</bind>
</comp>

<comp id="24" class="1001" name="const_24">
<pin_list>
<pin id="25" dir="1" index="0" bw="1" slack="2147483647"/>
</pin_list>
<bind>
<StgValue><ssdm name=""/></StgValue>
</bind>
</comp>

<comp id="26" class="1001" name="const_26">
<pin_list>
<pin id="27" dir="1" index="0" bw="1" slack="2147483647"/>
</pin_list>
<bind>
<StgValue><ssdm name="empty_32"/></StgValue>
</bind>
</comp>

<comp id="28" class="1001" name="const_28">
<pin_list>
<pin id="29" dir="1" index="0" bw="1" slack="2147483647"/>
</pin_list>
<bind>
<StgValue><ssdm name=""/></StgValue>
</bind>
</comp>

<comp id="30" class="1001" name="const_30">
<pin_list>
<pin id="31" dir="1" index="0" bw="1" slack="2147483647"/>
</pin_list>
<bind>
<StgValue><ssdm name="empty_37"/></StgValue>
</bind>
</comp>

<comp id="32" class="1001" name="const_32">
<pin_list>
<pin id="33" dir="1" index="0" bw="1" slack="2147483647"/>
</pin_list>
<bind>
<StgValue><ssdm name="empty_7"/></StgValue>
</bind>
</comp>

<comp id="34" class="1001" name="const_34">
<pin_list>
<pin id="35" dir="1" index="0" bw="1" slack="2147483647"/>
</pin_list>
<bind>
<StgValue><ssdm name=""/></StgValue>
</bind>
</comp>

<comp id="36" class="1001" name="const_36">
<pin_list>
<pin id="37" dir="1" index="0" bw="1" slack="0"/>
</pin_list>
<bind>
<StgValue><ssdm name="_ssdm_op_Read.ap_auto.i64"/></StgValue>
</bind>
</comp>

<comp id="38" class="1001" name="const_38">
<pin_list>
<pin id="39" dir="1" index="0" bw="1" slack="0"/>
</pin_list>
<bind>
<StgValue><ssdm name="_ssdm_op_PartSelect.i62.i64.i32.i32"/></StgValue>
</bind>
</comp>

<comp id="40" class="1001" name="const_40">
<pin_list>
<pin id="41" dir="1" index="0" bw="1" slack="0"/>
</pin_list>
<bind>
<StgValue><ssdm name=""/></StgValue>
</bind>
</comp>

<comp id="42" class="1001" name="const_42">
<pin_list>
<pin id="43" dir="1" index="0" bw="1" slack="0"/>
</pin_list>
<bind>
<StgValue><ssdm name=""/></StgValue>
</bind>
</comp>

<comp id="44" class="1001" name="const_44">
<pin_list>
<pin id="45" dir="1" index="0" bw="1" slack="1"/>
</pin_list>
<bind>
<StgValue><ssdm name=""/></StgValue>
</bind>
</comp>

<comp id="46" class="1001" name="const_46">
<pin_list>
<pin id="47" dir="1" index="0" bw="1" slack="0"/>
</pin_list>
<bind>
<StgValue><ssdm name=""/></StgValue>
</bind>
</comp>

<comp id="48" class="1001" name="const_48">
<pin_list>
<pin id="49" dir="1" index="0" bw="1" slack="2147483647"/>
</pin_list>
<bind>
<StgValue><ssdm name="_ssdm_op_SpecPipeline"/></StgValue>
</bind>
</comp>

<comp id="50" class="1001" name="const_50">
<pin_list>
<pin id="51" dir="1" index="0" bw="1" slack="2147483647"/>
</pin_list>
<bind>
<StgValue><ssdm name=""/></StgValue>
</bind>
</comp>

<comp id="52" class="1001" name="const_52">
<pin_list>
<pin id="53" dir="1" index="0" bw="1" slack="0"/>
</pin_list>
<bind>
<StgValue><ssdm name=""/></StgValue>
</bind>
</comp>

<comp id="54" class="1001" name="const_54">
<pin_list>
<pin id="55" dir="1" index="0" bw="1" slack="2147483647"/>
</pin_list>
<bind>
<StgValue><ssdm name="p_str"/></StgValue>
</bind>
</comp>

<comp id="56" class="1001" name="const_56">
<pin_list>
<pin id="57" dir="1" index="0" bw="1" slack="0"/>
</pin_list>
<bind>
<StgValue><ssdm name=""/></StgValue>
</bind>
</comp>

<comp id="58" class="1001" name="const_58">
<pin_list>
<pin id="59" dir="1" index="0" bw="1" slack="2147483647"/>
</pin_list>
<bind>
<StgValue><ssdm name="_ssdm_op_SpecLoopTripCount"/></StgValue>
</bind>
</comp>

<comp id="60" class="1001" name="const_60">
<pin_list>
<pin id="61" dir="1" index="0" bw="1" slack="2147483647"/>
</pin_list>
<bind>
<StgValue><ssdm name=""/></StgValue>
</bind>
</comp>

<comp id="62" class="1001" name="const_62">
<pin_list>
<pin id="63" dir="1" index="0" bw="1" slack="0"/>
</pin_list>
<bind>
<StgValue><ssdm name=""/></StgValue>
</bind>
</comp>

<comp id="64" class="1001" name="const_64">
<pin_list>
<pin id="65" dir="1" index="0" bw="1" slack="2147483647"/>
</pin_list>
<bind>
<StgValue><ssdm name="_ssdm_op_SpecLoopName"/></StgValue>
</bind>
</comp>

<comp id="66" class="1001" name="const_66">
<pin_list>
<pin id="67" dir="1" index="0" bw="1" slack="2147483647"/>
</pin_list>
<bind>
<StgValue><ssdm name="empty_43"/></StgValue>
</bind>
</comp>

<comp id="68" class="1001" name="const_68">
<pin_list>
<pin id="69" dir="1" index="0" bw="1" slack="0"/>
</pin_list>
<bind>
<StgValue><ssdm name="_ssdm_op_BitConcatenate.i54.i32.i22"/></StgValue>
</bind>
</comp>

<comp id="70" class="1001" name="const_70">
<pin_list>
<pin id="71" dir="1" index="0" bw="1" slack="0"/>
</pin_list>
<bind>
<StgValue><ssdm name=""/></StgValue>
</bind>
</comp>

<comp id="72" class="1001" name="const_72">
<pin_list>
<pin id="73" dir="1" index="0" bw="1" slack="0"/>
</pin_list>
<bind>
<StgValue><ssdm name="_ssdm_op_PartSelect.i32.i54.i32.i32"/></StgValue>
</bind>
</comp>

<comp id="74" class="1001" name="const_74">
<pin_list>
<pin id="75" dir="1" index="0" bw="1" slack="0"/>
</pin_list>
<bind>
<StgValue><ssdm name=""/></StgValue>
</bind>
</comp>

<comp id="76" class="1001" name="const_76">
<pin_list>
<pin id="77" dir="1" index="0" bw="1" slack="0"/>
</pin_list>
<bind>
<StgValue><ssdm name=""/></StgValue>
</bind>
</comp>

<comp id="78" class="1001" name="const_78">
<pin_list>
<pin id="79" dir="1" index="0" bw="1" slack="0"/>
</pin_list>
<bind>
<StgValue><ssdm name="_ssdm_op_WriteReq.m_axi.i32P1A"/></StgValue>
</bind>
</comp>

<comp id="80" class="1001" name="const_80">
<pin_list>
<pin id="81" dir="1" index="0" bw="1" slack="0"/>
</pin_list>
<bind>
<StgValue><ssdm name="_ssdm_op_Write.m_axi.i32P1A"/></StgValue>
</bind>
</comp>

<comp id="82" class="1001" name="const_82">
<pin_list>
<pin id="83" dir="1" index="0" bw="1" slack="0"/>
</pin_list>
<bind>
<StgValue><ssdm name=""/></StgValue>
</bind>
</comp>

<comp id="84" class="1001" name="const_84">
<pin_list>
<pin id="85" dir="1" index="0" bw="1" slack="0"/>
</pin_list>
<bind>
<StgValue><ssdm name="_ssdm_op_WriteResp.m_axi.i32P1A"/></StgValue>
</bind>
</comp>

<comp id="86" class="1004" name="d_out_read_read_fu_86">
<pin_list>
<pin id="87" dir="0" index="0" bw="64" slack="0"/>
<pin id="88" dir="0" index="1" bw="64" slack="0"/>
<pin id="89" dir="1" index="2" bw="64" slack="0"/>
</pin_list>
<bind>
<opcode="read(1150) " fcode="read"/>
<opset="d_out_read/2 "/>
</bind>
</comp>

<comp id="92" class="1004" name="grp_writeresp_fu_92">
<pin_list>
<pin id="93" dir="0" index="0" bw="1" slack="0"/>
<pin id="94" dir="0" index="1" bw="32" slack="2"/>
<pin id="95" dir="0" index="2" bw="1" slack="0"/>
<pin id="96" dir="1" index="3" bw="1" slack="2147483647"/>
</pin_list>
<bind>
<opcode="writereq(1155) writeresp(1158) " fcode="writeresp"/>
<opset="mem_addr_req/5 mem_addr_resp/7 "/>
</bind>
</comp>

<comp id="99" class="1004" name="write_ln727_write_fu_99">
<pin_list>
<pin id="100" dir="0" index="0" bw="0" slack="0"/>
<pin id="101" dir="0" index="1" bw="32" slack="3"/>
<pin id="102" dir="0" index="2" bw="32" slack="2"/>
<pin id="103" dir="0" index="3" bw="1" slack="0"/>
<pin id="104" dir="1" index="4" bw="0" slack="2147483647"/>
</pin_list>
<bind>
<opcode="write(1151) " fcode="write"/>
<opset="write_ln727/6 "/>
</bind>
</comp>

<comp id="108" class="1004" name="grp_access_fu_108">
<pin_list>
<pin id="109" dir="0" index="0" bw="32" slack="0"/>
<pin id="110" dir="0" index="1" bw="32" slack="2147483647"/>
<pin id="111" dir="0" index="2" bw="0" slack="2147483647"/>
<pin id="112" dir="1" index="3" bw="32" slack="1"/>
</pin_list>
<bind>
<opcode="load(27) " fcode="load"/>
<opset="graph_pred_bias_V_load/1 "/>
</bind>
</comp>

<comp id="114" class="1004" name="graph_pred_weights_V_addr_gep_fu_114">
<pin_list>
<pin id="115" dir="0" index="0" bw="32" slack="0"/>
<pin id="116" dir="0" index="1" bw="1" slack="0"/>
<pin id="117" dir="0" index="2" bw="9" slack="0"/>
<pin id="118" dir="1" index="3" bw="9" slack="0"/>
</pin_list>
<bind>
<opcode="getelementptr(29) " fcode="getelementptr"/>
<opset="graph_pred_weights_V_addr/3 "/>
</bind>
</comp>

<comp id="121" class="1004" name="graph_embedding_V_addr_gep_fu_121">
<pin_list>
<pin id="122" dir="0" index="0" bw="32" slack="0"/>
<pin id="123" dir="0" index="1" bw="1" slack="0"/>
<pin id="124" dir="0" index="2" bw="9" slack="0"/>
<pin id="125" dir="1" index="3" bw="9" slack="0"/>
</pin_list>
<bind>
<opcode="getelementptr(29) " fcode="getelementptr"/>
<opset="graph_embedding_V_addr/3 "/>
</bind>
</comp>

<comp id="128" class="1004" name="grp_access_fu_128">
<pin_list>
<pin id="129" dir="0" index="0" bw="9" slack="0"/>
<pin id="130" dir="0" index="1" bw="32" slack="2147483647"/>
<pin id="131" dir="0" index="2" bw="0" slack="2147483647"/>
<pin id="132" dir="1" index="3" bw="32" slack="0"/>
</pin_list>
<bind>
<opcode="load(27) " fcode="load"/>
<opset="r_V/3 "/>
</bind>
</comp>

<comp id="134" class="1004" name="grp_access_fu_134">
<pin_list>
<pin id="135" dir="0" index="0" bw="9" slack="0"/>
<pin id="136" dir="0" index="1" bw="32" slack="2147483647"/>
<pin id="137" dir="0" index="2" bw="0" slack="2147483647"/>
<pin id="138" dir="1" index="3" bw="32" slack="0"/>
</pin_list>
<bind>
<opcode="load(27) " fcode="load"/>
<opset="graph_pred_weights_V_load/3 "/>
</bind>
</comp>

<comp id="140" class="1005" name="dim_reg_140">
<pin_list>
<pin id="141" dir="0" index="0" bw="9" slack="1"/>
<pin id="142" dir="1" index="1" bw="9" slack="1"/>
</pin_list>
<bind>
<opset="dim (phireg) "/>
</bind>
</comp>

<comp id="144" class="1004" name="dim_phi_fu_144">
<pin_list>
<pin id="145" dir="0" index="0" bw="1" slack="1"/>
<pin id="146" dir="0" index="1" bw="0" slack="2147483647"/>
<pin id="147" dir="0" index="2" bw="9" slack="0"/>
<pin id="148" dir="0" index="3" bw="0" slack="2147483647"/>
<pin id="149" dir="1" index="4" bw="9" slack="0"/>
</pin_list>
<bind>
<opcode="phi(47) " fcode="phi"/>
<opset="dim/3 "/>
</bind>
</comp>

<comp id="151" class="1005" name="lhs_reg_151">
<pin_list>
<pin id="152" dir="0" index="0" bw="32" slack="1"/>
<pin id="153" dir="1" index="1" bw="32" slack="1"/>
</pin_list>
<bind>
<opset="lhs (phireg) "/>
</bind>
</comp>

<comp id="155" class="1004" name="lhs_phi_fu_155">
<pin_list>
<pin id="156" dir="0" index="0" bw="32" slack="1"/>
<pin id="157" dir="0" index="1" bw="0" slack="2147483647"/>
<pin id="158" dir="0" index="2" bw="32" slack="1"/>
<pin id="159" dir="0" index="3" bw="0" slack="2147483647"/>
<pin id="160" dir="1" index="4" bw="32" slack="1"/>
</pin_list>
<bind>
<opcode="phi(47) " fcode="phi"/>
<opset="lhs/3 "/>
</bind>
</comp>

<comp id="162" class="1004" name="trunc_ln_fu_162">
<pin_list>
<pin id="163" dir="0" index="0" bw="62" slack="0"/>
<pin id="164" dir="0" index="1" bw="64" slack="0"/>
<pin id="165" dir="0" index="2" bw="3" slack="0"/>
<pin id="166" dir="0" index="3" bw="7" slack="0"/>
<pin id="167" dir="1" index="4" bw="62" slack="0"/>
</pin_list>
<bind>
<opcode="partselect(1002) " fcode="partselect"/>
<opset="trunc_ln/2 "/>
</bind>
</comp>

<comp id="172" class="1004" name="sext_ln364_fu_172">
<pin_list>
<pin id="173" dir="0" index="0" bw="62" slack="0"/>
<pin id="174" dir="1" index="1" bw="64" slack="0"/>
</pin_list>
<bind>
<opcode="sext(35) " fcode="sext"/>
<opset="sext_ln364/2 "/>
</bind>
</comp>

<comp id="176" class="1004" name="mem_addr_fu_176">
<pin_list>
<pin id="177" dir="0" index="0" bw="32" slack="0"/>
<pin id="178" dir="0" index="1" bw="62" slack="0"/>
<pin id="179" dir="1" index="2" bw="32" slack="2"/>
</pin_list>
<bind>
<opcode="getelementptr(29) " fcode="getelementptr"/>
<opset="mem_addr/2 "/>
</bind>
</comp>

<comp id="182" class="1004" name="add_ln365_fu_182">
<pin_list>
<pin id="183" dir="0" index="0" bw="9" slack="0"/>
<pin id="184" dir="0" index="1" bw="1" slack="0"/>
<pin id="185" dir="1" index="2" bw="9" slack="0"/>
</pin_list>
<bind>
<opcode="add(8) " fcode="add"/>
<opset="add_ln365/3 "/>
</bind>
</comp>

<comp id="188" class="1004" name="icmp_ln365_fu_188">
<pin_list>
<pin id="189" dir="0" index="0" bw="9" slack="0"/>
<pin id="190" dir="0" index="1" bw="9" slack="0"/>
<pin id="191" dir="1" index="2" bw="1" slack="1"/>
</pin_list>
<bind>
<opcode="icmp(45) " fcode="icmp"/>
<opset="icmp_ln365/3 "/>
</bind>
</comp>

<comp id="194" class="1004" name="dim_cast_fu_194">
<pin_list>
<pin id="195" dir="0" index="0" bw="9" slack="0"/>
<pin id="196" dir="1" index="1" bw="64" slack="0"/>
</pin_list>
<bind>
<opcode="zext(34) " fcode="zext"/>
<opset="dim_cast/3 "/>
</bind>
</comp>

<comp id="200" class="1004" name="sext_ln1115_fu_200">
<pin_list>
<pin id="201" dir="0" index="0" bw="32" slack="0"/>
<pin id="202" dir="1" index="1" bw="54" slack="0"/>
</pin_list>
<bind>
<opcode="sext(35) " fcode="sext"/>
<opset="sext_ln1115/4 "/>
</bind>
</comp>

<comp id="204" class="1004" name="sext_ln1118_fu_204">
<pin_list>
<pin id="205" dir="0" index="0" bw="32" slack="0"/>
<pin id="206" dir="1" index="1" bw="54" slack="0"/>
</pin_list>
<bind>
<opcode="sext(35) " fcode="sext"/>
<opset="sext_ln1118/4 "/>
</bind>
</comp>

<comp id="208" class="1004" name="r_V_1_fu_208">
<pin_list>
<pin id="209" dir="0" index="0" bw="32" slack="0"/>
<pin id="210" dir="0" index="1" bw="32" slack="0"/>
<pin id="211" dir="1" index="2" bw="54" slack="0"/>
</pin_list>
<bind>
<opcode="mul(12) " fcode="mul"/>
<opset="r_V_1/4 "/>
</bind>
</comp>

<comp id="214" class="1004" name="lhs_1_fu_214">
<pin_list>
<pin id="215" dir="0" index="0" bw="54" slack="0"/>
<pin id="216" dir="0" index="1" bw="32" slack="1"/>
<pin id="217" dir="0" index="2" bw="1" slack="0"/>
<pin id="218" dir="1" index="3" bw="54" slack="0"/>
</pin_list>
<bind>
<opcode="bitconcatenate(1004) " fcode="bitconcatenate"/>
<opset="lhs_1/4 "/>
</bind>
</comp>

<comp id="222" class="1004" name="ret_V_fu_222">
<pin_list>
<pin id="223" dir="0" index="0" bw="54" slack="0"/>
<pin id="224" dir="0" index="1" bw="54" slack="0"/>
<pin id="225" dir="1" index="2" bw="54" slack="0"/>
</pin_list>
<bind>
<opcode="add(8) " fcode="add"/>
<opset="ret_V/4 "/>
</bind>
</comp>

<comp id="228" class="1004" name="trunc_ln4_fu_228">
<pin_list>
<pin id="229" dir="0" index="0" bw="32" slack="0"/>
<pin id="230" dir="0" index="1" bw="54" slack="0"/>
<pin id="231" dir="0" index="2" bw="6" slack="0"/>
<pin id="232" dir="0" index="3" bw="7" slack="0"/>
<pin id="233" dir="1" index="4" bw="32" slack="1"/>
</pin_list>
<bind>
<opcode="partselect(1002) " fcode="partselect"/>
<opset="trunc_ln4/4 "/>
</bind>
</comp>

<comp id="238" class="1005" name="graph_pred_bias_V_load_reg_238">
<pin_list>
<pin id="239" dir="0" index="0" bw="32" slack="1"/>
<pin id="240" dir="1" index="1" bw="32" slack="1"/>
</pin_list>
<bind>
<opset="graph_pred_bias_V_load "/>
</bind>
</comp>

<comp id="243" class="1005" name="mem_addr_reg_243">
<pin_list>
<pin id="244" dir="0" index="0" bw="32" slack="2"/>
<pin id="245" dir="1" index="1" bw="32" slack="2"/>
</pin_list>
<bind>
<opset="mem_addr "/>
</bind>
</comp>

<comp id="249" class="1005" name="add_ln365_reg_249">
<pin_list>
<pin id="250" dir="0" index="0" bw="9" slack="0"/>
<pin id="251" dir="1" index="1" bw="9" slack="0"/>
</pin_list>
<bind>
<opset="add_ln365 "/>
</bind>
</comp>

<comp id="254" class="1005" name="icmp_ln365_reg_254">
<pin_list>
<pin id="255" dir="0" index="0" bw="1" slack="1"/>
<pin id="256" dir="1" index="1" bw="1" slack="2147483647"/>
</pin_list>
<bind>
<opset="icmp_ln365 "/>
</bind>
</comp>

<comp id="258" class="1005" name="graph_pred_weights_V_addr_reg_258">
<pin_list>
<pin id="259" dir="0" index="0" bw="9" slack="1"/>
<pin id="260" dir="1" index="1" bw="9" slack="1"/>
</pin_list>
<bind>
<opset="graph_pred_weights_V_addr "/>
</bind>
</comp>

<comp id="263" class="1005" name="graph_embedding_V_addr_reg_263">
<pin_list>
<pin id="264" dir="0" index="0" bw="9" slack="1"/>
<pin id="265" dir="1" index="1" bw="9" slack="1"/>
</pin_list>
<bind>
<opset="graph_embedding_V_addr "/>
</bind>
</comp>

<comp id="268" class="1005" name="trunc_ln4_reg_268">
<pin_list>
<pin id="269" dir="0" index="0" bw="32" slack="1"/>
<pin id="270" dir="1" index="1" bw="32" slack="1"/>
</pin_list>
<bind>
<opset="trunc_ln4 "/>
</bind>
</comp>

</comp_list>

<net_list>
<net id="90"><net_src comp="36" pin="0"/><net_sink comp="86" pin=0"/></net>

<net id="91"><net_src comp="2" pin="0"/><net_sink comp="86" pin=1"/></net>

<net id="97"><net_src comp="78" pin="0"/><net_sink comp="92" pin=0"/></net>

<net id="98"><net_src comp="52" pin="0"/><net_sink comp="92" pin=2"/></net>

<net id="105"><net_src comp="80" pin="0"/><net_sink comp="99" pin=0"/></net>

<net id="106"><net_src comp="82" pin="0"/><net_sink comp="99" pin=3"/></net>

<net id="107"><net_src comp="84" pin="0"/><net_sink comp="92" pin=0"/></net>

<net id="113"><net_src comp="10" pin="0"/><net_sink comp="108" pin=0"/></net>

<net id="119"><net_src comp="6" pin="0"/><net_sink comp="114" pin=0"/></net>

<net id="120"><net_src comp="62" pin="0"/><net_sink comp="114" pin=1"/></net>

<net id="126"><net_src comp="4" pin="0"/><net_sink comp="121" pin=0"/></net>

<net id="127"><net_src comp="62" pin="0"/><net_sink comp="121" pin=1"/></net>

<net id="133"><net_src comp="121" pin="3"/><net_sink comp="128" pin=0"/></net>

<net id="139"><net_src comp="114" pin="3"/><net_sink comp="134" pin=0"/></net>

<net id="143"><net_src comp="44" pin="0"/><net_sink comp="140" pin=0"/></net>

<net id="150"><net_src comp="140" pin="1"/><net_sink comp="144" pin=0"/></net>

<net id="154"><net_src comp="151" pin="1"/><net_sink comp="99" pin=2"/></net>

<net id="161"><net_src comp="155" pin="4"/><net_sink comp="151" pin=0"/></net>

<net id="168"><net_src comp="38" pin="0"/><net_sink comp="162" pin=0"/></net>

<net id="169"><net_src comp="86" pin="2"/><net_sink comp="162" pin=1"/></net>

<net id="170"><net_src comp="40" pin="0"/><net_sink comp="162" pin=2"/></net>

<net id="171"><net_src comp="42" pin="0"/><net_sink comp="162" pin=3"/></net>

<net id="175"><net_src comp="162" pin="4"/><net_sink comp="172" pin=0"/></net>

<net id="180"><net_src comp="0" pin="0"/><net_sink comp="176" pin=0"/></net>

<net id="181"><net_src comp="172" pin="1"/><net_sink comp="176" pin=1"/></net>

<net id="186"><net_src comp="144" pin="4"/><net_sink comp="182" pin=0"/></net>

<net id="187"><net_src comp="46" pin="0"/><net_sink comp="182" pin=1"/></net>

<net id="192"><net_src comp="144" pin="4"/><net_sink comp="188" pin=0"/></net>

<net id="193"><net_src comp="56" pin="0"/><net_sink comp="188" pin=1"/></net>

<net id="197"><net_src comp="144" pin="4"/><net_sink comp="194" pin=0"/></net>

<net id="198"><net_src comp="194" pin="1"/><net_sink comp="114" pin=2"/></net>

<net id="199"><net_src comp="194" pin="1"/><net_sink comp="121" pin=2"/></net>

<net id="203"><net_src comp="128" pin="3"/><net_sink comp="200" pin=0"/></net>

<net id="207"><net_src comp="134" pin="3"/><net_sink comp="204" pin=0"/></net>

<net id="212"><net_src comp="204" pin="1"/><net_sink comp="208" pin=0"/></net>

<net id="213"><net_src comp="200" pin="1"/><net_sink comp="208" pin=1"/></net>

<net id="219"><net_src comp="68" pin="0"/><net_sink comp="214" pin=0"/></net>

<net id="220"><net_src comp="151" pin="1"/><net_sink comp="214" pin=1"/></net>

<net id="221"><net_src comp="70" pin="0"/><net_sink comp="214" pin=2"/></net>

<net id="226"><net_src comp="208" pin="2"/><net_sink comp="222" pin=0"/></net>

<net id="227"><net_src comp="214" pin="3"/><net_sink comp="222" pin=1"/></net>

<net id="234"><net_src comp="72" pin="0"/><net_sink comp="228" pin=0"/></net>

<net id="235"><net_src comp="222" pin="2"/><net_sink comp="228" pin=1"/></net>

<net id="236"><net_src comp="74" pin="0"/><net_sink comp="228" pin=2"/></net>

<net id="237"><net_src comp="76" pin="0"/><net_sink comp="228" pin=3"/></net>

<net id="241"><net_src comp="108" pin="3"/><net_sink comp="238" pin=0"/></net>

<net id="242"><net_src comp="238" pin="1"/><net_sink comp="155" pin=0"/></net>

<net id="246"><net_src comp="176" pin="2"/><net_sink comp="243" pin=0"/></net>

<net id="247"><net_src comp="243" pin="1"/><net_sink comp="92" pin=1"/></net>

<net id="248"><net_src comp="243" pin="1"/><net_sink comp="99" pin=1"/></net>

<net id="252"><net_src comp="182" pin="2"/><net_sink comp="249" pin=0"/></net>

<net id="253"><net_src comp="249" pin="1"/><net_sink comp="144" pin=2"/></net>

<net id="257"><net_src comp="188" pin="2"/><net_sink comp="254" pin=0"/></net>

<net id="261"><net_src comp="114" pin="3"/><net_sink comp="258" pin=0"/></net>

<net id="262"><net_src comp="258" pin="1"/><net_sink comp="134" pin=0"/></net>

<net id="266"><net_src comp="121" pin="3"/><net_sink comp="263" pin=0"/></net>

<net id="267"><net_src comp="263" pin="1"/><net_sink comp="128" pin=0"/></net>

<net id="271"><net_src comp="228" pin="4"/><net_sink comp="268" pin=0"/></net>

<net id="272"><net_src comp="268" pin="1"/><net_sink comp="155" pin=2"/></net>

</net_list>

</model> 
---------------- Datapath Model END ------------------

* FSMD analyzer results:
  - Output states:
	Port: mem | {5 6 7 8 9 10 11 }
 - Input state : 
	Port: global_graph_prediction : d_out | {2 }
	Port: global_graph_prediction : graph_embedding_V | {3 4 }
	Port: global_graph_prediction : graph_pred_weights_V | {3 4 }
	Port: global_graph_prediction : graph_pred_bias_V | {1 2 }
  - Chain level:
	State 1
	State 2
		sext_ln364 : 1
		mem_addr : 2
	State 3
		add_ln365 : 1
		icmp_ln365 : 1
		br_ln365 : 2
		dim_cast : 1
		graph_pred_weights_V_addr : 2
		graph_embedding_V_addr : 2
		r_V : 3
		graph_pred_weights_V_load : 3
	State 4
		sext_ln1115 : 1
		sext_ln1118 : 1
		r_V_1 : 2
		ret_V : 3
		trunc_ln4 : 4
	State 5
	State 6
	State 7
	State 8
	State 9
	State 10
	State 11


============================================================
+ Verbose Summary: Datapath Resource usage 
============================================================

* Functional unit list:
|----------|-------------------------|---------|---------|---------|
| Operation|     Functional Unit     |   DSP   |    FF   |   LUT   |
|----------|-------------------------|---------|---------|---------|
|    add   |     add_ln365_fu_182    |    0    |    0    |    16   |
|          |       ret_V_fu_222      |    0    |    0    |    61   |
|----------|-------------------------|---------|---------|---------|
|    mul   |       r_V_1_fu_208      |    0    |    0    |    20   |
|----------|-------------------------|---------|---------|---------|
|   icmp   |    icmp_ln365_fu_188    |    0    |    0    |    11   |
|----------|-------------------------|---------|---------|---------|
|   read   |  d_out_read_read_fu_86  |    0    |    0    |    0    |
|----------|-------------------------|---------|---------|---------|
| writeresp|   grp_writeresp_fu_92   |    0    |    0    |    0    |
|----------|-------------------------|---------|---------|---------|
|   write  | write_ln727_write_fu_99 |    0    |    0    |    0    |
|----------|-------------------------|---------|---------|---------|
|partselect|     trunc_ln_fu_162     |    0    |    0    |    0    |
|          |     trunc_ln4_fu_228    |    0    |    0    |    0    |
|----------|-------------------------|---------|---------|---------|
|          |    sext_ln364_fu_172    |    0    |    0    |    0    |
|   sext   |    sext_ln1115_fu_200   |    0    |    0    |    0    |
|          |    sext_ln1118_fu_204   |    0    |    0    |    0    |
|----------|-------------------------|---------|---------|---------|
|   zext   |     dim_cast_fu_194     |    0    |    0    |    0    |
|----------|-------------------------|---------|---------|---------|
|bitconcatenate|       lhs_1_fu_214      |    0    |    0    |    0    |
|----------|-------------------------|---------|---------|---------|
|   Total  |                         |    0    |    0    |   108   |
|----------|-------------------------|---------|---------|---------|

Memories:
N/A

* Register list:
+---------------------------------+--------+
|                                 |   FF   |
+---------------------------------+--------+
|        add_ln365_reg_249        |    9   |
|           dim_reg_140           |    9   |
|  graph_embedding_V_addr_reg_263 |    9   |
|  graph_pred_bias_V_load_reg_238 |   32   |
|graph_pred_weights_V_addr_reg_258|    9   |
|        icmp_ln365_reg_254       |    1   |
|           lhs_reg_151           |   32   |
|         mem_addr_reg_243        |   32   |
|        trunc_ln4_reg_268        |   32   |
+---------------------------------+--------+
|              Total              |   165  |
+---------------------------------+--------+

* Multiplexer (MUX) list: 
|---------------------|------|------|------|--------||---------||---------|
|         Comp        |  Pin | Size |  BW  | S x BW ||  Delay  ||   LUT   |
|---------------------|------|------|------|--------||---------||---------|
| grp_writeresp_fu_92 |  p0  |   2  |   1  |    2   |
|  grp_access_fu_128  |  p0  |   2  |   9  |   18   ||    9    |
|  grp_access_fu_134  |  p0  |   2  |   9  |   18   ||    9    |
|---------------------|------|------|------|--------||---------||---------|
|        Total        |      |      |      |   38   ||  1.161  ||    18   |
|---------------------|------|------|------|--------||---------||---------|



* Summary:
+-----------+--------+--------+--------+--------+
|           |   DSP  |  Delay |   FF   |   LUT  |
+-----------+--------+--------+--------+--------+
|  Function |    0   |    -   |    0   |   108  |
|   Memory  |    -   |    -   |    -   |    -   |
|Multiplexer|    -   |    1   |    -   |   18   |
|  Register |    -   |    -   |   165  |    -   |
+-----------+--------+--------+--------+--------+
|   Total   |    0   |    1   |   165  |   126  |
+-----------+--------+--------+--------+--------+
