

================================================================
== Vitis HLS Report for 'MLP_PE_300_600_57'
================================================================
* Date:           Mon Apr 12 19:27:24 2021

* Version:        2020.2 (Build 3064766 on Wed Nov 18 09:12:47 MST 2020)
* Project:        project_1
* Solution:       solution1 (Vivado IP Flow Target)
* Product family: virtexuplus
* Target device:  xcu280-fsvh2892-2L-e


================================================================
== Performance Estimates
================================================================
+ Timing: 
    * Summary: 
    +--------+----------+----------+------------+
    |  Clock |  Target  | Estimated| Uncertainty|
    +--------+----------+----------+------------+
    |ap_clk  |  10.00 ns|  5.580 ns|     2.70 ns|
    +--------+----------+----------+------------+

+ Latency: 
    * Summary: 
    +---------+---------+----------+----------+-----+-----+---------+
    |  Latency (cycles) |  Latency (absolute) |  Interval | Pipeline|
    |   min   |   max   |    min   |    max   | min | max |   Type  |
    +---------+---------+----------+----------+-----+-----+---------+
    |      302|      302|  3.020 us|  3.020 us|  302|  302|     none|
    +---------+---------+----------+----------+-----+-----+---------+

    + Detail: 
        * Instance: 
        N/A

        * Loop: 
        +-------------------+---------+---------+----------+-----------+-----------+------+----------+
        |                   |  Latency (cycles) | Iteration|  Initiation Interval  | Trip |          |
        |     Loop Name     |   min   |   max   |  Latency |  achieved |   target  | Count| Pipelined|
        +-------------------+---------+---------+----------+-----------+-----------+------+----------+
        |- VITIS_LOOP_86_1  |      300|      300|         2|          1|          1|   300|       yes|
        +-------------------+---------+---------+----------+-----------+-----------+------+----------+



================================================================
== Utilization Estimates
================================================================
* Summary: 
+---------------------+---------+------+---------+---------+-----+
|         Name        | BRAM_18K|  DSP |    FF   |   LUT   | URAM|
+---------------------+---------+------+---------+---------+-----+
|DSP                  |        -|     -|        -|        -|    -|
|Expression           |        -|     -|        0|      129|    -|
|FIFO                 |        -|     -|        -|        -|    -|
|Instance             |        -|     0|        0|       20|    -|
|Memory               |        -|     -|        -|        -|    -|
|Multiplexer          |        -|     -|        -|       88|    -|
|Register             |        -|     -|       58|        -|    -|
+---------------------+---------+------+---------+---------+-----+
|Total                |        0|     0|       58|      237|    0|
+---------------------+---------+------+---------+---------+-----+
|Available SLR        |     1344|  3008|   869120|   434560|  320|
+---------------------+---------+------+---------+---------+-----+
|Utilization SLR (%)  |        0|     0|       ~0|       ~0|    0|
+---------------------+---------+------+---------+---------+-----+
|Available            |     4032|  9024|  2607360|  1303680|  960|
+---------------------+---------+------+---------+---------+-----+
|Utilization (%)      |        0|     0|       ~0|       ~0|    0|
+---------------------+---------+------+---------+---------+-----+

+ Detail: 
    * Instance: 
    +-------------------------+--------------------+---------+----+---+----+-----+
    |         Instance        |       Module       | BRAM_18K| DSP| FF| LUT| URAM|
    +-------------------------+--------------------+---------+----+---+----+-----+
    |mul_32s_32s_54_1_1_U207  |mul_32s_32s_54_1_1  |        0|   0|  0|  20|    0|
    +-------------------------+--------------------+---------+----+---+----+-----+
    |Total                    |                    |        0|   0|  0|  20|    0|
    +-------------------------+--------------------+---------+----+---+----+-----+

    * DSP: 
    N/A

    * Memory: 
    N/A

    * FIFO: 
    N/A

    * Expression: 
    +----------------------------------+----------+----+---+----+------------+------------+
    |           Variable Name          | Operation| DSP| FF| LUT| Bitwidth P0| Bitwidth P1|
    +----------------------------------+----------+----+---+----+------------+------------+
    |add_ln86_fu_137_p2                |         +|   0|  0|  16|           9|           1|
    |ret_V_fu_176_p2                   |         +|   0|  0|  61|          54|          54|
    |ap_block_pp0_stage0_11001         |       and|   0|  0|   2|           1|           1|
    |ap_block_state3_pp0_stage0_iter1  |       and|   0|  0|   2|           1|           1|
    |icmp_ln86_fu_143_p2               |      icmp|   0|  0|  11|           9|           9|
    |ap_block_state1                   |        or|   0|  0|   2|           1|           1|
    |mlp_out_local30_d0                |    select|   0|  0|  31|           1|           1|
    |ap_enable_pp0                     |       xor|   0|  0|   2|           1|           2|
    |ap_enable_reg_pp0_iter1           |       xor|   0|  0|   2|           2|           1|
    +----------------------------------+----------+----+---+----+------------+------------+
    |Total                             |          |   0|  0| 129|          79|          71|
    +----------------------------------+----------+----+---+----+------------+------------+

    * Multiplexer: 
    +------------------------------+----+-----------+-----+-----------+
    |             Name             | LUT| Input Size| Bits| Total Bits|
    +------------------------------+----+-----------+-----+-----------+
    |ap_NS_fsm                     |  20|          4|    1|          4|
    |ap_done                       |   9|          2|    1|          2|
    |ap_enable_reg_pp0_iter1       |  14|          3|    1|          3|
    |d_out_blk_n                   |   9|          2|    1|          2|
    |i_reg_111                     |   9|          2|    9|         18|
    |lhs_reg_122                   |   9|          2|   32|         64|
    |mlp_1_bias_V_load_loc_blk_n   |   9|          2|    1|          2|
    |mlp_weight_fifo_15_V_V_blk_n  |   9|          2|    1|          2|
    +------------------------------+----+-----------+-----+-----------+
    |Total                         |  88|         19|   47|         97|
    +------------------------------+----+-----------+-----+-----------+

    * Register: 
    +------------------------------+----+----+-----+-----------+
    |             Name             | FF | LUT| Bits| Const Bits|
    +------------------------------+----+----+-----+-----------+
    |ap_CS_fsm                     |   3|   0|    3|          0|
    |ap_done_reg                   |   1|   0|    1|          0|
    |ap_enable_reg_pp0_iter0       |   1|   0|    1|          0|
    |ap_enable_reg_pp0_iter1       |   1|   0|    1|          0|
    |i_reg_111                     |   9|   0|    9|          0|
    |icmp_ln86_reg_228             |   1|   0|    1|          0|
    |lhs_reg_122                   |  32|   0|   32|          0|
    |mlp_out_local30_addr_reg_218  |  10|   0|   10|          0|
    +------------------------------+----+----+-----+-----------+
    |Total                         |  58|   0|   58|          0|
    +------------------------------+----+----+-----+-----------+



================================================================
== Interface
================================================================
* Summary: 
+--------------------------------+-----+-----+------------+------------------------+--------------+
|            RTL Ports           | Dir | Bits|  Protocol  |      Source Object     |    C Type    |
+--------------------------------+-----+-----+------------+------------------------+--------------+
|ap_clk                          |   in|    1|  ap_ctrl_hs|      MLP_PE<300, 600>57|  return value|
|ap_rst                          |   in|    1|  ap_ctrl_hs|      MLP_PE<300, 600>57|  return value|
|ap_start                        |   in|    1|  ap_ctrl_hs|      MLP_PE<300, 600>57|  return value|
|ap_done                         |  out|    1|  ap_ctrl_hs|      MLP_PE<300, 600>57|  return value|
|ap_continue                     |   in|    1|  ap_ctrl_hs|      MLP_PE<300, 600>57|  return value|
|ap_idle                         |  out|    1|  ap_ctrl_hs|      MLP_PE<300, 600>57|  return value|
|ap_ready                        |  out|    1|  ap_ctrl_hs|      MLP_PE<300, 600>57|  return value|
|mlp_weight_fifo_15_V_V_dout     |   in|   32|     ap_fifo|  mlp_weight_fifo_15_V_V|       pointer|
|mlp_weight_fifo_15_V_V_empty_n  |   in|    1|     ap_fifo|  mlp_weight_fifo_15_V_V|       pointer|
|mlp_weight_fifo_15_V_V_read     |  out|    1|     ap_fifo|  mlp_weight_fifo_15_V_V|       pointer|
|mlp_1_bias_V_load_loc_dout      |   in|   32|     ap_fifo|   mlp_1_bias_V_load_loc|       pointer|
|mlp_1_bias_V_load_loc_empty_n   |   in|    1|     ap_fifo|   mlp_1_bias_V_load_loc|       pointer|
|mlp_1_bias_V_load_loc_read      |  out|    1|     ap_fifo|   mlp_1_bias_V_load_loc|       pointer|
|mlp_in_local15_address0         |  out|    9|   ap_memory|          mlp_in_local15|         array|
|mlp_in_local15_ce0              |  out|    1|   ap_memory|          mlp_in_local15|         array|
|mlp_in_local15_q0               |   in|   32|   ap_memory|          mlp_in_local15|         array|
|mlp_out_local30_address0        |  out|   10|   ap_memory|         mlp_out_local30|         array|
|mlp_out_local30_ce0             |  out|    1|   ap_memory|         mlp_out_local30|         array|
|mlp_out_local30_we0             |  out|    1|   ap_memory|         mlp_out_local30|         array|
|mlp_out_local30_d0              |  out|   31|   ap_memory|         mlp_out_local30|         array|
|d_out_dout                      |   in|   10|     ap_fifo|                   d_out|       pointer|
|d_out_empty_n                   |   in|    1|     ap_fifo|                   d_out|       pointer|
|d_out_read                      |  out|    1|     ap_fifo|                   d_out|       pointer|
+--------------------------------+-----+-----+------------+------------------------+--------------+

============================================================
+ Verbose Summary: Synthesis Manager
============================================================
InlineROM: 1
ExposeGlobal: 0
============================================================
+ Verbose Summary: CDFG Model
============================================================
IsTopModel: 0
ResetActiveHigh: 1
IsCombinational: 2
IsDatapathOnly: 0
HasWiredReturn: 1
HasMFsm: 0
HasVarLatency: 1
IsPipeline: 0
IsRtlPipelined: 0
IsInstanceOverlapped: 0
IsDontTouch: 0
HasImplIP: 0
IsGatedGlobalClock: 0

+ Individual pipeline summary: 
  * Pipeline-0: initiation interval (II) = 1, depth = 2


============================================================
+ Verbose Summary: Schedule
============================================================
* Number of FSM states : 4
* Pipeline : 1
  Pipeline-0 : II = 1, D = 2, States = { 2 3 }
* Dataflow Pipeline: 0

* FSM state transitions: 
1 --> 2 
2 --> 4 3 
3 --> 2 
4 --> 

* FSM state operations: 

State 1 <SV = 0> <Delay = 1.39>
ST_1 : Operation 5 [1/1] (0.00ns)   --->   "%specinterface_ln0 = specinterface void @_ssdm_op_SpecInterface, i32 %mlp_weight_fifo_15_V_V, void @ap_fifo_str, i32 0, i32 0, void @p_str, i32 0, i32 0, void @p_str, void @p_str, void @p_str, i32 2, i32 2, i32 16, i32 16, void @p_str, void @p_str"   --->   Operation 5 'specinterface' 'specinterface_ln0' <Predicate = true> <Delay = 0.00>
ST_1 : Operation 6 [1/1] (0.00ns)   --->   "%specinterface_ln0 = specinterface void @_ssdm_op_SpecInterface, i10 %d_out, void @ap_fifo_str, i32 0, i32 0, void @p_str, i32 0, i32 0, void @p_str, void @p_str, void @p_str, i32 2, i32 2, i32 16, i32 16, void @p_str, void @ScalarProp_str"   --->   Operation 6 'specinterface' 'specinterface_ln0' <Predicate = true> <Delay = 0.00>
ST_1 : Operation 7 [1/1] (0.00ns)   --->   "%specinterface_ln0 = specinterface void @_ssdm_op_SpecInterface, i32 %mlp_1_bias_V_load_loc, void @ap_fifo_str, i32 0, i32 0, void @p_str, i32 0, i32 0, void @p_str, void @p_str, void @p_str, i32 2, i32 2, i32 16, i32 16, void @p_str, void @ScalarProp_str"   --->   Operation 7 'specinterface' 'specinterface_ln0' <Predicate = true> <Delay = 0.00>
ST_1 : Operation 8 [1/1] (1.34ns)   --->   "%d_out_read = read i10 @_ssdm_op_Read.ap_fifo.i10P0A, i10 %d_out" [GIN_compute.cpp:85->GIN_compute.cpp:113]   --->   Operation 8 'read' 'd_out_read' <Predicate = true> <Delay = 1.34> <CoreInst = "FIFO_SRL">   --->   Core 81 'FIFO_SRL' <Latency = 0> <II = 1> <Delay = 1.34> <Storage> <Opcode : 'read' 'write' 'nbread' 'nbwrite'> <Ports = 0> <Width = 10> <Depth = 2> <FIFO>
ST_1 : Operation 9 [1/1] (0.00ns)   --->   "%specinterface_ln0 = specinterface void @_ssdm_op_SpecInterface, i32 %mlp_weight_fifo_15_V_V, void @ap_fifo_str, i32 0, i32 0, void @p_str, i32 0, i32 0, void @p_str, void @p_str, void @p_str, i32 2, i32 2, i32 16, i32 16, void @p_str, void @p_str"   --->   Operation 9 'specinterface' 'specinterface_ln0' <Predicate = true> <Delay = 0.00>
ST_1 : Operation 10 [1/1] (1.39ns)   --->   "%mlp_1_bias_V_load_loc_read = read i32 @_ssdm_op_Read.ap_fifo.i32P0A, i32 %mlp_1_bias_V_load_loc"   --->   Operation 10 'read' 'mlp_1_bias_V_load_loc_read' <Predicate = true> <Delay = 1.39> <CoreInst = "FIFO_SRL">   --->   Core 81 'FIFO_SRL' <Latency = 0> <II = 1> <Delay = 1.39> <Storage> <Opcode : 'read' 'write' 'nbread' 'nbwrite'> <Ports = 0> <Width = 32> <Depth = 2> <FIFO>
ST_1 : Operation 11 [1/1] (0.00ns)   --->   "%zext_ln85 = zext i10 %d_out_read" [GIN_compute.cpp:85->GIN_compute.cpp:113->GIN_compute.cpp:113]   --->   Operation 11 'zext' 'zext_ln85' <Predicate = true> <Delay = 0.00>
ST_1 : Operation 12 [1/1] (0.00ns)   --->   "%mlp_out_local30_addr = getelementptr i31 %mlp_out_local30, i64 0, i64 %zext_ln85" [GIN_compute.cpp:85->GIN_compute.cpp:113->GIN_compute.cpp:113]   --->   Operation 12 'getelementptr' 'mlp_out_local30_addr' <Predicate = true> <Delay = 0.00>
ST_1 : Operation 13 [1/1] (0.38ns)   --->   "%br_ln86 = br void %_ZN13ap_fixed_baseILi65ELi21ELb1EL9ap_q_mode5EL9ap_o_mode3ELi0EEC2ILi32ELi10ELb1ELS0_5ELS1_3ELi0EEERKS_IXT_EXT0_EXT1_EXT2_EXT3_EXT4_EE.exit.i.i.i.i" [GIN_compute.cpp:86->GIN_compute.cpp:113->GIN_compute.cpp:113]   --->   Operation 13 'br' 'br_ln86' <Predicate = true> <Delay = 0.38>

State 2 <SV = 1> <Delay = 1.19>
ST_2 : Operation 14 [1/1] (0.00ns)   --->   "%i = phi i9 0, void %entry, i9 %add_ln86, void %_ZN13ap_fixed_baseILi65ELi21ELb1EL9ap_q_mode5EL9ap_o_mode3ELi0EEC2ILi32ELi10ELb1ELS0_5ELS1_3ELi0EEERKS_IXT_EXT0_EXT1_EXT2_EXT3_EXT4_EE.exit.i.i.split.i.i" [GIN_compute.cpp:86->GIN_compute.cpp:113->GIN_compute.cpp:113]   --->   Operation 14 'phi' 'i' <Predicate = true> <Delay = 0.00>
ST_2 : Operation 15 [1/1] (0.00ns)   --->   "%lhs = phi i32 %mlp_1_bias_V_load_loc_read, void %entry, i32 %trunc_ln5, void %_ZN13ap_fixed_baseILi65ELi21ELb1EL9ap_q_mode5EL9ap_o_mode3ELi0EEC2ILi32ELi10ELb1ELS0_5ELS1_3ELi0EEERKS_IXT_EXT0_EXT1_EXT2_EXT3_EXT4_EE.exit.i.i.split.i.i" [GIN_compute.cpp:113]   --->   Operation 15 'phi' 'lhs' <Predicate = true> <Delay = 0.00>
ST_2 : Operation 16 [1/1] (0.71ns)   --->   "%add_ln86 = add i9 %i, i9 1" [GIN_compute.cpp:86->GIN_compute.cpp:113->GIN_compute.cpp:113]   --->   Operation 16 'add' 'add_ln86' <Predicate = true> <Delay = 0.71> <CoreInst = "Adder">   --->   Core 1 'Adder' <Latency = 0> <II = 1> <Delay = 1.01> <FuncUnit> <Opcode : 'add' 'sub'> <InPorts = 2> <OutPorts = 1>
ST_2 : Operation 17 [1/1] (0.59ns)   --->   "%icmp_ln86 = icmp_eq  i9 %i, i9 300" [GIN_compute.cpp:86->GIN_compute.cpp:113->GIN_compute.cpp:113]   --->   Operation 17 'icmp' 'icmp_ln86' <Predicate = true> <Delay = 0.59> <CoreInst = "Cmp">   --->   Core 9 'Cmp' <Latency = 0> <II = 1> <Delay = 0.59> <FuncUnit> <Opcode : 'icmp'> <InPorts = 2> <OutPorts = 1>
ST_2 : Operation 18 [1/1] (0.00ns)   --->   "%empty = speclooptripcount i32 @_ssdm_op_SpecLoopTripCount, i64 300, i64 300, i64 300"   --->   Operation 18 'speclooptripcount' 'empty' <Predicate = true> <Delay = 0.00>
ST_2 : Operation 19 [1/1] (0.00ns)   --->   "%br_ln86 = br i1 %icmp_ln86, void %_ZN13ap_fixed_baseILi65ELi21ELb1EL9ap_q_mode5EL9ap_o_mode3ELi0EEC2ILi32ELi10ELb1ELS0_5ELS1_3ELi0EEERKS_IXT_EXT0_EXT1_EXT2_EXT3_EXT4_EE.exit.i.i.split.i.i, void %.exit" [GIN_compute.cpp:86->GIN_compute.cpp:113->GIN_compute.cpp:113]   --->   Operation 19 'br' 'br_ln86' <Predicate = true> <Delay = 0.00>
ST_2 : Operation 20 [1/1] (0.00ns)   --->   "%zext_ln86 = zext i9 %i" [GIN_compute.cpp:86->GIN_compute.cpp:113->GIN_compute.cpp:113]   --->   Operation 20 'zext' 'zext_ln86' <Predicate = (!icmp_ln86)> <Delay = 0.00>
ST_2 : Operation 21 [1/1] (0.00ns)   --->   "%mlp_in_local15_addr = getelementptr i32 %mlp_in_local15, i64 0, i64 %zext_ln86" [GIN_compute.cpp:113]   --->   Operation 21 'getelementptr' 'mlp_in_local15_addr' <Predicate = (!icmp_ln86)> <Delay = 0.00>
ST_2 : Operation 22 [2/2] (1.19ns)   --->   "%mlp_in_local15_load = load i9 %mlp_in_local15_addr" [GIN_compute.cpp:113]   --->   Operation 22 'load' 'mlp_in_local15_load' <Predicate = (!icmp_ln86)> <Delay = 1.19> <CoreInst = "RAM">   --->   Core 83 'RAM' <Latency = 1> <II = 1> <Delay = 1.19> <Storage> <Opcode : 'load' 'store'> <Ports = 2> <Width = 32> <Depth = 300> <RAM>

State 3 <SV = 2> <Delay = 5.58>
ST_3 : Operation 23 [1/1] (0.00ns)   --->   "%specpipeline_ln86 = specpipeline void @_ssdm_op_SpecPipeline, i32 4294967295, i32 0, i32 0, i32 0, void @empty_32" [GIN_compute.cpp:86->GIN_compute.cpp:113->GIN_compute.cpp:113]   --->   Operation 23 'specpipeline' 'specpipeline_ln86' <Predicate = (!icmp_ln86)> <Delay = 0.00>
ST_3 : Operation 24 [1/1] (0.00ns)   --->   "%specloopname_ln86 = specloopname void @_ssdm_op_SpecLoopName, void @empty_35" [GIN_compute.cpp:86->GIN_compute.cpp:113->GIN_compute.cpp:113]   --->   Operation 24 'specloopname' 'specloopname_ln86' <Predicate = (!icmp_ln86)> <Delay = 0.00>
ST_3 : Operation 25 [1/1] (1.39ns)   --->   "%w_V = read i32 @_ssdm_op_Read.ap_fifo.volatile.i32P0A, i32 %mlp_weight_fifo_15_V_V" [/tools/reconfig/xilinx/Vitis_HLS/2020.2/common/technology/autopilot/hls_stream_39.h:145->GIN_compute.cpp:113]   --->   Operation 25 'read' 'w_V' <Predicate = (!icmp_ln86)> <Delay = 1.39> <CoreInst = "FIFO_SRL">   --->   Core 81 'FIFO_SRL' <Latency = 0> <II = 1> <Delay = 1.39> <Storage> <Opcode : 'read' 'write' 'nbread' 'nbwrite'> <Ports = 0> <Width = 32> <Depth = 2> <FIFO>
ST_3 : Operation 26 [1/1] (0.00ns)   --->   "%sext_ln1115 = sext i32 %w_V" [GIN_compute.cpp:113]   --->   Operation 26 'sext' 'sext_ln1115' <Predicate = (!icmp_ln86)> <Delay = 0.00>
ST_3 : Operation 27 [1/2] (1.19ns)   --->   "%mlp_in_local15_load = load i9 %mlp_in_local15_addr" [GIN_compute.cpp:113]   --->   Operation 27 'load' 'mlp_in_local15_load' <Predicate = (!icmp_ln86)> <Delay = 1.19> <CoreInst = "RAM">   --->   Core 83 'RAM' <Latency = 1> <II = 1> <Delay = 1.19> <Storage> <Opcode : 'load' 'store'> <Ports = 2> <Width = 32> <Depth = 300> <RAM>
ST_3 : Operation 28 [1/1] (0.00ns)   --->   "%sext_ln1118 = sext i32 %mlp_in_local15_load" [GIN_compute.cpp:113]   --->   Operation 28 'sext' 'sext_ln1118' <Predicate = (!icmp_ln86)> <Delay = 0.00>
ST_3 : Operation 29 [1/1] (3.17ns)   --->   "%r_V_18 = mul i54 %sext_ln1118, i54 %sext_ln1115" [GIN_compute.cpp:113]   --->   Operation 29 'mul' 'r_V_18' <Predicate = (!icmp_ln86)> <Delay = 3.17> <CoreInst = "Multiplier">   --->   Core 3 'Multiplier' <Latency = 0> <II = 1> <Delay = 3.17> <FuncUnit> <Opcode : 'mul'> <InPorts = 2> <OutPorts = 1>
ST_3 : Operation 30 [1/1] (0.00ns)   --->   "%lhs_18 = bitconcatenate i54 @_ssdm_op_BitConcatenate.i54.i32.i22, i32 %lhs, i22 0" [GIN_compute.cpp:113]   --->   Operation 30 'bitconcatenate' 'lhs_18' <Predicate = (!icmp_ln86)> <Delay = 0.00>
ST_3 : Operation 31 [1/1] (1.01ns)   --->   "%ret_V = add i54 %r_V_18, i54 %lhs_18" [GIN_compute.cpp:113]   --->   Operation 31 'add' 'ret_V' <Predicate = (!icmp_ln86)> <Delay = 1.01> <CoreInst = "Adder">   --->   Core 1 'Adder' <Latency = 0> <II = 1> <Delay = 1.01> <FuncUnit> <Opcode : 'add' 'sub'> <InPorts = 2> <OutPorts = 1>
ST_3 : Operation 32 [1/1] (0.00ns)   --->   "%trunc_ln5 = partselect i32 @_ssdm_op_PartSelect.i32.i54.i32.i32, i54 %ret_V, i32 22, i32 53" [GIN_compute.cpp:113]   --->   Operation 32 'partselect' 'trunc_ln5' <Predicate = (!icmp_ln86)> <Delay = 0.00>
ST_3 : Operation 33 [1/1] (0.00ns)   --->   "%br_ln0 = br void %_ZN13ap_fixed_baseILi65ELi21ELb1EL9ap_q_mode5EL9ap_o_mode3ELi0EEC2ILi32ELi10ELb1ELS0_5ELS1_3ELi0EEERKS_IXT_EXT0_EXT1_EXT2_EXT3_EXT4_EE.exit.i.i.i.i"   --->   Operation 33 'br' 'br_ln0' <Predicate = (!icmp_ln86)> <Delay = 0.00>

State 4 <SV = 2> <Delay = 1.45>
ST_4 : Operation 34 [1/1] (0.00ns)   --->   "%trunc_ln86 = trunc i32 %lhs" [GIN_compute.cpp:86->GIN_compute.cpp:113->GIN_compute.cpp:113]   --->   Operation 34 'trunc' 'trunc_ln86' <Predicate = true> <Delay = 0.00>
ST_4 : Operation 35 [1/1] (0.00ns)   --->   "%tmp = bitselect i1 @_ssdm_op_BitSelect.i1.i32.i32, i32 %lhs, i32 31" [GIN_compute.cpp:113]   --->   Operation 35 'bitselect' 'tmp' <Predicate = true> <Delay = 0.00>
ST_4 : Operation 36 [1/1] (0.25ns)   --->   "%select_ln92 = select i1 %tmp, i31 0, i31 %trunc_ln86" [GIN_compute.cpp:92->GIN_compute.cpp:113->GIN_compute.cpp:113]   --->   Operation 36 'select' 'select_ln92' <Predicate = true> <Delay = 0.25> <CoreInst = "Sel">   --->   Core 73 'Sel' <Latency = 0> <II = 1> <Delay = 0.25> <FuncUnit> <Opcode : 'select'> <InPorts = 3> <OutPorts = 1>
ST_4 : Operation 37 [1/1] (1.20ns)   --->   "%store_ln92 = store i31 %select_ln92, i10 %mlp_out_local30_addr" [GIN_compute.cpp:92->GIN_compute.cpp:113->GIN_compute.cpp:113]   --->   Operation 37 'store' 'store_ln92' <Predicate = true> <Delay = 1.20> <CoreInst = "RAM">   --->   Core 83 'RAM' <Latency = 1> <II = 1> <Delay = 1.20> <Storage> <Opcode : 'load' 'store'> <Ports = 2> <Width = 31> <Depth = 600> <RAM>
ST_4 : Operation 38 [1/1] (0.00ns)   --->   "%ret_ln113 = ret" [GIN_compute.cpp:113]   --->   Operation 38 'ret' 'ret_ln113' <Predicate = true> <Delay = 0.00>


============================================================
+ Verbose Summary: Binding
============================================================
STG Binding: 
---------------- STG Properties BEGIN ----------------
- Is combinational: 0
- Is one-state seq: 0
- Is datapath-only: 0
- Is pipelined: 0
- Is top level: 0
Port [ Return ] is wired: 1; IO mode=ap_ctrl_hs:ce=0
Port [ mlp_weight_fifo_15_V_V]:  wired=1; compound=1; hidden=0; nouse=0; global=0; static=0; extern=0; dir=0; type=3; pingpong=0; private_global=0; IO mode=ap_fifo:ce=0
Port [ mlp_1_bias_V_load_loc]:  wired=1; compound=1; hidden=0; nouse=0; global=0; static=0; extern=0; dir=0; type=3; pingpong=0; private_global=0; IO mode=ap_fifo:ce=0
Port [ mlp_in_local15]:  wired=1; compound=1; hidden=0; nouse=0; global=0; static=0; extern=0; dir=0; type=1; pingpong=0; private_global=0; MemPort=[13]; IO mode=ap_memory:ce=0
Port [ mlp_out_local30]:  wired=1; compound=1; hidden=0; nouse=0; global=0; static=0; extern=0; dir=1; type=1; pingpong=0; private_global=0; MemPort=[03]; IO mode=ap_memory:ce=0
Port [ d_out]:  wired=1; compound=1; hidden=0; nouse=0; global=0; static=0; extern=0; dir=0; type=3; pingpong=0; private_global=0; IO mode=ap_fifo:ce=0
---------------- STG Properties END ------------------

---------------- Datapath Model BEGIN ----------------

<LifeTime>
<method=bitvector/>
specinterface_ln0          (specinterface    ) [ 00000]
specinterface_ln0          (specinterface    ) [ 00000]
specinterface_ln0          (specinterface    ) [ 00000]
d_out_read                 (read             ) [ 00000]
specinterface_ln0          (specinterface    ) [ 00000]
mlp_1_bias_V_load_loc_read (read             ) [ 01110]
zext_ln85                  (zext             ) [ 00000]
mlp_out_local30_addr       (getelementptr    ) [ 00111]
br_ln86                    (br               ) [ 01110]
i                          (phi              ) [ 00100]
lhs                        (phi              ) [ 00111]
add_ln86                   (add              ) [ 01110]
icmp_ln86                  (icmp             ) [ 00110]
empty                      (speclooptripcount) [ 00000]
br_ln86                    (br               ) [ 00000]
zext_ln86                  (zext             ) [ 00000]
mlp_in_local15_addr        (getelementptr    ) [ 00110]
specpipeline_ln86          (specpipeline     ) [ 00000]
specloopname_ln86          (specloopname     ) [ 00000]
w_V                        (read             ) [ 00000]
sext_ln1115                (sext             ) [ 00000]
mlp_in_local15_load        (load             ) [ 00000]
sext_ln1118                (sext             ) [ 00000]
r_V_18                     (mul              ) [ 00000]
lhs_18                     (bitconcatenate   ) [ 00000]
ret_V                      (add              ) [ 00000]
trunc_ln5                  (partselect       ) [ 01110]
br_ln0                     (br               ) [ 01110]
trunc_ln86                 (trunc            ) [ 00000]
tmp                        (bitselect        ) [ 00000]
select_ln92                (select           ) [ 00000]
store_ln92                 (store            ) [ 00000]
ret_ln113                  (ret              ) [ 00000]
</LifeTime>

<model>

<comp_list>
<comp id="0" class="1000" name="mlp_weight_fifo_15_V_V">
<pin_list>
<pin id="1" dir="1" index="0" bw="1" slack="0"/>
</pin_list>
<bind>
<StgValue><ssdm name="mlp_weight_fifo_15_V_V"/></StgValue>
</bind>
</comp>

<comp id="2" class="1000" name="mlp_1_bias_V_load_loc">
<pin_list>
<pin id="3" dir="1" index="0" bw="1" slack="0"/>
</pin_list>
<bind>
<StgValue><ssdm name="mlp_1_bias_V_load_loc"/></StgValue>
</bind>
</comp>

<comp id="4" class="1000" name="mlp_in_local15">
<pin_list>
<pin id="5" dir="1" index="0" bw="1" slack="0"/>
</pin_list>
<bind>
<StgValue><ssdm name="mlp_in_local15"/><MemPortTyVec>1 3 </MemPortTyVec>
</StgValue>
</bind>
</comp>

<comp id="6" class="1000" name="mlp_out_local30">
<pin_list>
<pin id="7" dir="1" index="0" bw="1" slack="0"/>
</pin_list>
<bind>
<StgValue><ssdm name="mlp_out_local30"/><MemPortTyVec>0 3 </MemPortTyVec>
</StgValue>
</bind>
</comp>

<comp id="8" class="1000" name="d_out">
<pin_list>
<pin id="9" dir="1" index="0" bw="1" slack="0"/>
</pin_list>
<bind>
<StgValue><ssdm name="d_out"/></StgValue>
</bind>
</comp>

<comp id="10" class="1001" name="const_10">
<pin_list>
<pin id="11" dir="1" index="0" bw="1" slack="2147483647"/>
</pin_list>
<bind>
<StgValue><ssdm name="_ssdm_op_SpecInterface"/></StgValue>
</bind>
</comp>

<comp id="12" class="1001" name="const_12">
<pin_list>
<pin id="13" dir="1" index="0" bw="1" slack="2147483647"/>
</pin_list>
<bind>
<StgValue><ssdm name="ap_fifo_str"/></StgValue>
</bind>
</comp>

<comp id="14" class="1001" name="const_14">
<pin_list>
<pin id="15" dir="1" index="0" bw="1" slack="2147483647"/>
</pin_list>
<bind>
<StgValue><ssdm name=""/></StgValue>
</bind>
</comp>

<comp id="16" class="1001" name="const_16">
<pin_list>
<pin id="17" dir="1" index="0" bw="1" slack="2147483647"/>
</pin_list>
<bind>
<StgValue><ssdm name="p_str"/></StgValue>
</bind>
</comp>

<comp id="18" class="1001" name="const_18">
<pin_list>
<pin id="19" dir="1" index="0" bw="1" slack="2147483647"/>
</pin_list>
<bind>
<StgValue><ssdm name=""/></StgValue>
</bind>
</comp>

<comp id="20" class="1001" name="const_20">
<pin_list>
<pin id="21" dir="1" index="0" bw="1" slack="2147483647"/>
</pin_list>
<bind>
<StgValue><ssdm name=""/></StgValue>
</bind>
</comp>

<comp id="22" class="1001" name="const_22">
<pin_list>
<pin id="23" dir="1" index="0" bw="1" slack="2147483647"/>
</pin_list>
<bind>
<StgValue><ssdm name="ScalarProp_str"/></StgValue>
</bind>
</comp>

<comp id="24" class="1001" name="const_24">
<pin_list>
<pin id="25" dir="1" index="0" bw="1" slack="0"/>
</pin_list>
<bind>
<StgValue><ssdm name="_ssdm_op_Read.ap_fifo.i10P0A"/></StgValue>
</bind>
</comp>

<comp id="26" class="1001" name="const_26">
<pin_list>
<pin id="27" dir="1" index="0" bw="1" slack="0"/>
</pin_list>
<bind>
<StgValue><ssdm name="_ssdm_op_Read.ap_fifo.i32P0A"/></StgValue>
</bind>
</comp>

<comp id="28" class="1001" name="const_28">
<pin_list>
<pin id="29" dir="1" index="0" bw="1" slack="0"/>
</pin_list>
<bind>
<StgValue><ssdm name=""/></StgValue>
</bind>
</comp>

<comp id="30" class="1001" name="const_30">
<pin_list>
<pin id="31" dir="1" index="0" bw="1" slack="1"/>
</pin_list>
<bind>
<StgValue><ssdm name=""/></StgValue>
</bind>
</comp>

<comp id="32" class="1001" name="const_32">
<pin_list>
<pin id="33" dir="1" index="0" bw="1" slack="0"/>
</pin_list>
<bind>
<StgValue><ssdm name=""/></StgValue>
</bind>
</comp>

<comp id="34" class="1001" name="const_34">
<pin_list>
<pin id="35" dir="1" index="0" bw="1" slack="0"/>
</pin_list>
<bind>
<StgValue><ssdm name=""/></StgValue>
</bind>
</comp>

<comp id="36" class="1001" name="const_36">
<pin_list>
<pin id="37" dir="1" index="0" bw="1" slack="2147483647"/>
</pin_list>
<bind>
<StgValue><ssdm name="_ssdm_op_SpecLoopTripCount"/></StgValue>
</bind>
</comp>

<comp id="38" class="1001" name="const_38">
<pin_list>
<pin id="39" dir="1" index="0" bw="1" slack="2147483647"/>
</pin_list>
<bind>
<StgValue><ssdm name=""/></StgValue>
</bind>
</comp>

<comp id="40" class="1001" name="const_40">
<pin_list>
<pin id="41" dir="1" index="0" bw="1" slack="2147483647"/>
</pin_list>
<bind>
<StgValue><ssdm name="_ssdm_op_SpecPipeline"/></StgValue>
</bind>
</comp>

<comp id="42" class="1001" name="const_42">
<pin_list>
<pin id="43" dir="1" index="0" bw="1" slack="2147483647"/>
</pin_list>
<bind>
<StgValue><ssdm name=""/></StgValue>
</bind>
</comp>

<comp id="44" class="1001" name="const_44">
<pin_list>
<pin id="45" dir="1" index="0" bw="1" slack="2147483647"/>
</pin_list>
<bind>
<StgValue><ssdm name="empty_32"/></StgValue>
</bind>
</comp>

<comp id="46" class="1001" name="const_46">
<pin_list>
<pin id="47" dir="1" index="0" bw="1" slack="2147483647"/>
</pin_list>
<bind>
<StgValue><ssdm name="_ssdm_op_SpecLoopName"/></StgValue>
</bind>
</comp>

<comp id="48" class="1001" name="const_48">
<pin_list>
<pin id="49" dir="1" index="0" bw="1" slack="2147483647"/>
</pin_list>
<bind>
<StgValue><ssdm name="empty_35"/></StgValue>
</bind>
</comp>

<comp id="50" class="1001" name="const_50">
<pin_list>
<pin id="51" dir="1" index="0" bw="1" slack="0"/>
</pin_list>
<bind>
<StgValue><ssdm name="_ssdm_op_Read.ap_fifo.volatile.i32P0A"/></StgValue>
</bind>
</comp>

<comp id="52" class="1001" name="const_52">
<pin_list>
<pin id="53" dir="1" index="0" bw="1" slack="0"/>
</pin_list>
<bind>
<StgValue><ssdm name="_ssdm_op_BitConcatenate.i54.i32.i22"/></StgValue>
</bind>
</comp>

<comp id="54" class="1001" name="const_54">
<pin_list>
<pin id="55" dir="1" index="0" bw="1" slack="0"/>
</pin_list>
<bind>
<StgValue><ssdm name=""/></StgValue>
</bind>
</comp>

<comp id="56" class="1001" name="const_56">
<pin_list>
<pin id="57" dir="1" index="0" bw="1" slack="0"/>
</pin_list>
<bind>
<StgValue><ssdm name="_ssdm_op_PartSelect.i32.i54.i32.i32"/></StgValue>
</bind>
</comp>

<comp id="58" class="1001" name="const_58">
<pin_list>
<pin id="59" dir="1" index="0" bw="1" slack="0"/>
</pin_list>
<bind>
<StgValue><ssdm name=""/></StgValue>
</bind>
</comp>

<comp id="60" class="1001" name="const_60">
<pin_list>
<pin id="61" dir="1" index="0" bw="1" slack="0"/>
</pin_list>
<bind>
<StgValue><ssdm name=""/></StgValue>
</bind>
</comp>

<comp id="62" class="1001" name="const_62">
<pin_list>
<pin id="63" dir="1" index="0" bw="1" slack="0"/>
</pin_list>
<bind>
<StgValue><ssdm name="_ssdm_op_BitSelect.i1.i32.i32"/></StgValue>
</bind>
</comp>

<comp id="64" class="1001" name="const_64">
<pin_list>
<pin id="65" dir="1" index="0" bw="1" slack="0"/>
</pin_list>
<bind>
<StgValue><ssdm name=""/></StgValue>
</bind>
</comp>

<comp id="66" class="1001" name="const_66">
<pin_list>
<pin id="67" dir="1" index="0" bw="1" slack="0"/>
</pin_list>
<bind>
<StgValue><ssdm name=""/></StgValue>
</bind>
</comp>

<comp id="68" class="1004" name="d_out_read_read_fu_68">
<pin_list>
<pin id="69" dir="0" index="0" bw="10" slack="0"/>
<pin id="70" dir="0" index="1" bw="10" slack="0"/>
<pin id="71" dir="1" index="2" bw="10" slack="0"/>
</pin_list>
<bind>
<opcode="read(1150) " fcode="read"/>
<opset="d_out_read/1 "/>
</bind>
</comp>

<comp id="74" class="1004" name="mlp_1_bias_V_load_loc_read_read_fu_74">
<pin_list>
<pin id="75" dir="0" index="0" bw="32" slack="0"/>
<pin id="76" dir="0" index="1" bw="32" slack="0"/>
<pin id="77" dir="1" index="2" bw="32" slack="1"/>
</pin_list>
<bind>
<opcode="read(1150) " fcode="read"/>
<opset="mlp_1_bias_V_load_loc_read/1 "/>
</bind>
</comp>

<comp id="80" class="1004" name="w_V_read_fu_80">
<pin_list>
<pin id="81" dir="0" index="0" bw="32" slack="0"/>
<pin id="82" dir="0" index="1" bw="32" slack="0"/>
<pin id="83" dir="1" index="2" bw="32" slack="0"/>
</pin_list>
<bind>
<opcode="read(1150) " fcode="read"/>
<opset="w_V/3 "/>
</bind>
</comp>

<comp id="86" class="1004" name="mlp_out_local30_addr_gep_fu_86">
<pin_list>
<pin id="87" dir="0" index="0" bw="31" slack="0"/>
<pin id="88" dir="0" index="1" bw="1" slack="0"/>
<pin id="89" dir="0" index="2" bw="10" slack="0"/>
<pin id="90" dir="1" index="3" bw="10" slack="2"/>
</pin_list>
<bind>
<opcode="getelementptr(29) " fcode="getelementptr"/>
<opset="mlp_out_local30_addr/1 "/>
</bind>
</comp>

<comp id="93" class="1004" name="mlp_in_local15_addr_gep_fu_93">
<pin_list>
<pin id="94" dir="0" index="0" bw="32" slack="0"/>
<pin id="95" dir="0" index="1" bw="1" slack="0"/>
<pin id="96" dir="0" index="2" bw="9" slack="0"/>
<pin id="97" dir="1" index="3" bw="9" slack="0"/>
</pin_list>
<bind>
<opcode="getelementptr(29) " fcode="getelementptr"/>
<opset="mlp_in_local15_addr/2 "/>
</bind>
</comp>

<comp id="100" class="1004" name="grp_access_fu_100">
<pin_list>
<pin id="101" dir="0" index="0" bw="9" slack="0"/>
<pin id="102" dir="0" index="1" bw="32" slack="2147483647"/>
<pin id="103" dir="0" index="2" bw="0" slack="2147483647"/>
<pin id="104" dir="1" index="3" bw="32" slack="0"/>
</pin_list>
<bind>
<opcode="load(27) " fcode="load"/>
<opset="mlp_in_local15_load/2 "/>
</bind>
</comp>

<comp id="106" class="1004" name="store_ln92_access_fu_106">
<pin_list>
<pin id="107" dir="0" index="0" bw="10" slack="2"/>
<pin id="108" dir="0" index="1" bw="31" slack="0"/>
<pin id="109" dir="0" index="2" bw="0" slack="2147483647"/>
<pin id="110" dir="1" index="3" bw="31" slack="2147483647"/>
</pin_list>
<bind>
<opcode="store(28) " fcode="store"/>
<opset="store_ln92/4 "/>
</bind>
</comp>

<comp id="111" class="1005" name="i_reg_111">
<pin_list>
<pin id="112" dir="0" index="0" bw="9" slack="1"/>
<pin id="113" dir="1" index="1" bw="9" slack="1"/>
</pin_list>
<bind>
<opset="i (phireg) "/>
</bind>
</comp>

<comp id="115" class="1004" name="i_phi_fu_115">
<pin_list>
<pin id="116" dir="0" index="0" bw="1" slack="1"/>
<pin id="117" dir="0" index="1" bw="0" slack="2147483647"/>
<pin id="118" dir="0" index="2" bw="9" slack="0"/>
<pin id="119" dir="0" index="3" bw="0" slack="2147483647"/>
<pin id="120" dir="1" index="4" bw="9" slack="0"/>
</pin_list>
<bind>
<opcode="phi(47) " fcode="phi"/>
<opset="i/2 "/>
</bind>
</comp>

<comp id="122" class="1005" name="lhs_reg_122">
<pin_list>
<pin id="123" dir="0" index="0" bw="32" slack="1"/>
<pin id="124" dir="1" index="1" bw="32" slack="1"/>
</pin_list>
<bind>
<opset="lhs (phireg) "/>
</bind>
</comp>

<comp id="125" class="1004" name="lhs_phi_fu_125">
<pin_list>
<pin id="126" dir="0" index="0" bw="32" slack="1"/>
<pin id="127" dir="0" index="1" bw="0" slack="2147483647"/>
<pin id="128" dir="0" index="2" bw="32" slack="1"/>
<pin id="129" dir="0" index="3" bw="0" slack="2147483647"/>
<pin id="130" dir="1" index="4" bw="32" slack="1"/>
</pin_list>
<bind>
<opcode="phi(47) " fcode="phi"/>
<opset="lhs/2 "/>
</bind>
</comp>

<comp id="132" class="1004" name="zext_ln85_fu_132">
<pin_list>
<pin id="133" dir="0" index="0" bw="10" slack="0"/>
<pin id="134" dir="1" index="1" bw="64" slack="0"/>
</pin_list>
<bind>
<opcode="zext(34) " fcode="zext"/>
<opset="zext_ln85/1 "/>
</bind>
</comp>

<comp id="137" class="1004" name="add_ln86_fu_137">
<pin_list>
<pin id="138" dir="0" index="0" bw="9" slack="0"/>
<pin id="139" dir="0" index="1" bw="1" slack="0"/>
<pin id="140" dir="1" index="2" bw="9" slack="0"/>
</pin_list>
<bind>
<opcode="add(8) " fcode="add"/>
<opset="add_ln86/2 "/>
</bind>
</comp>

<comp id="143" class="1004" name="icmp_ln86_fu_143">
<pin_list>
<pin id="144" dir="0" index="0" bw="9" slack="0"/>
<pin id="145" dir="0" index="1" bw="9" slack="0"/>
<pin id="146" dir="1" index="2" bw="1" slack="1"/>
</pin_list>
<bind>
<opcode="icmp(45) " fcode="icmp"/>
<opset="icmp_ln86/2 "/>
</bind>
</comp>

<comp id="149" class="1004" name="zext_ln86_fu_149">
<pin_list>
<pin id="150" dir="0" index="0" bw="9" slack="0"/>
<pin id="151" dir="1" index="1" bw="64" slack="0"/>
</pin_list>
<bind>
<opcode="zext(34) " fcode="zext"/>
<opset="zext_ln86/2 "/>
</bind>
</comp>

<comp id="154" class="1004" name="sext_ln1115_fu_154">
<pin_list>
<pin id="155" dir="0" index="0" bw="32" slack="0"/>
<pin id="156" dir="1" index="1" bw="54" slack="0"/>
</pin_list>
<bind>
<opcode="sext(35) " fcode="sext"/>
<opset="sext_ln1115/3 "/>
</bind>
</comp>

<comp id="158" class="1004" name="sext_ln1118_fu_158">
<pin_list>
<pin id="159" dir="0" index="0" bw="32" slack="0"/>
<pin id="160" dir="1" index="1" bw="54" slack="0"/>
</pin_list>
<bind>
<opcode="sext(35) " fcode="sext"/>
<opset="sext_ln1118/3 "/>
</bind>
</comp>

<comp id="162" class="1004" name="r_V_18_fu_162">
<pin_list>
<pin id="163" dir="0" index="0" bw="32" slack="0"/>
<pin id="164" dir="0" index="1" bw="32" slack="0"/>
<pin id="165" dir="1" index="2" bw="54" slack="0"/>
</pin_list>
<bind>
<opcode="mul(12) " fcode="mul"/>
<opset="r_V_18/3 "/>
</bind>
</comp>

<comp id="168" class="1004" name="lhs_18_fu_168">
<pin_list>
<pin id="169" dir="0" index="0" bw="54" slack="0"/>
<pin id="170" dir="0" index="1" bw="32" slack="1"/>
<pin id="171" dir="0" index="2" bw="1" slack="0"/>
<pin id="172" dir="1" index="3" bw="54" slack="0"/>
</pin_list>
<bind>
<opcode="bitconcatenate(1004) " fcode="bitconcatenate"/>
<opset="lhs_18/3 "/>
</bind>
</comp>

<comp id="176" class="1004" name="ret_V_fu_176">
<pin_list>
<pin id="177" dir="0" index="0" bw="54" slack="0"/>
<pin id="178" dir="0" index="1" bw="54" slack="0"/>
<pin id="179" dir="1" index="2" bw="54" slack="0"/>
</pin_list>
<bind>
<opcode="add(8) " fcode="add"/>
<opset="ret_V/3 "/>
</bind>
</comp>

<comp id="182" class="1004" name="trunc_ln5_fu_182">
<pin_list>
<pin id="183" dir="0" index="0" bw="32" slack="0"/>
<pin id="184" dir="0" index="1" bw="54" slack="0"/>
<pin id="185" dir="0" index="2" bw="6" slack="0"/>
<pin id="186" dir="0" index="3" bw="7" slack="0"/>
<pin id="187" dir="1" index="4" bw="32" slack="1"/>
</pin_list>
<bind>
<opcode="partselect(1002) " fcode="partselect"/>
<opset="trunc_ln5/3 "/>
</bind>
</comp>

<comp id="192" class="1004" name="trunc_ln86_fu_192">
<pin_list>
<pin id="193" dir="0" index="0" bw="32" slack="1"/>
<pin id="194" dir="1" index="1" bw="31" slack="0"/>
</pin_list>
<bind>
<opcode="trunc(33) " fcode="trunc"/>
<opset="trunc_ln86/4 "/>
</bind>
</comp>

<comp id="196" class="1004" name="tmp_fu_196">
<pin_list>
<pin id="197" dir="0" index="0" bw="1" slack="0"/>
<pin id="198" dir="0" index="1" bw="32" slack="1"/>
<pin id="199" dir="0" index="2" bw="6" slack="0"/>
<pin id="200" dir="1" index="3" bw="1" slack="0"/>
</pin_list>
<bind>
<opcode="bitselect(1000) " fcode="bitselect"/>
<opset="tmp/4 "/>
</bind>
</comp>

<comp id="204" class="1004" name="select_ln92_fu_204">
<pin_list>
<pin id="205" dir="0" index="0" bw="1" slack="0"/>
<pin id="206" dir="0" index="1" bw="31" slack="0"/>
<pin id="207" dir="0" index="2" bw="31" slack="0"/>
<pin id="208" dir="1" index="3" bw="31" slack="0"/>
</pin_list>
<bind>
<opcode="select(49) " fcode="select"/>
<opset="select_ln92/4 "/>
</bind>
</comp>

<comp id="213" class="1005" name="mlp_1_bias_V_load_loc_read_reg_213">
<pin_list>
<pin id="214" dir="0" index="0" bw="32" slack="1"/>
<pin id="215" dir="1" index="1" bw="32" slack="1"/>
</pin_list>
<bind>
<opset="mlp_1_bias_V_load_loc_read "/>
</bind>
</comp>

<comp id="218" class="1005" name="mlp_out_local30_addr_reg_218">
<pin_list>
<pin id="219" dir="0" index="0" bw="10" slack="2"/>
<pin id="220" dir="1" index="1" bw="10" slack="2"/>
</pin_list>
<bind>
<opset="mlp_out_local30_addr "/>
</bind>
</comp>

<comp id="223" class="1005" name="add_ln86_reg_223">
<pin_list>
<pin id="224" dir="0" index="0" bw="9" slack="0"/>
<pin id="225" dir="1" index="1" bw="9" slack="0"/>
</pin_list>
<bind>
<opset="add_ln86 "/>
</bind>
</comp>

<comp id="228" class="1005" name="icmp_ln86_reg_228">
<pin_list>
<pin id="229" dir="0" index="0" bw="1" slack="1"/>
<pin id="230" dir="1" index="1" bw="1" slack="2147483647"/>
</pin_list>
<bind>
<opset="icmp_ln86 "/>
</bind>
</comp>

<comp id="232" class="1005" name="mlp_in_local15_addr_reg_232">
<pin_list>
<pin id="233" dir="0" index="0" bw="9" slack="1"/>
<pin id="234" dir="1" index="1" bw="9" slack="1"/>
</pin_list>
<bind>
<opset="mlp_in_local15_addr "/>
</bind>
</comp>

<comp id="237" class="1005" name="trunc_ln5_reg_237">
<pin_list>
<pin id="238" dir="0" index="0" bw="32" slack="1"/>
<pin id="239" dir="1" index="1" bw="32" slack="1"/>
</pin_list>
<bind>
<opset="trunc_ln5 "/>
</bind>
</comp>

</comp_list>

<net_list>
<net id="72"><net_src comp="24" pin="0"/><net_sink comp="68" pin=0"/></net>

<net id="73"><net_src comp="8" pin="0"/><net_sink comp="68" pin=1"/></net>

<net id="78"><net_src comp="26" pin="0"/><net_sink comp="74" pin=0"/></net>

<net id="79"><net_src comp="2" pin="0"/><net_sink comp="74" pin=1"/></net>

<net id="84"><net_src comp="50" pin="0"/><net_sink comp="80" pin=0"/></net>

<net id="85"><net_src comp="0" pin="0"/><net_sink comp="80" pin=1"/></net>

<net id="91"><net_src comp="6" pin="0"/><net_sink comp="86" pin=0"/></net>

<net id="92"><net_src comp="28" pin="0"/><net_sink comp="86" pin=1"/></net>

<net id="98"><net_src comp="4" pin="0"/><net_sink comp="93" pin=0"/></net>

<net id="99"><net_src comp="28" pin="0"/><net_sink comp="93" pin=1"/></net>

<net id="105"><net_src comp="93" pin="3"/><net_sink comp="100" pin=0"/></net>

<net id="114"><net_src comp="30" pin="0"/><net_sink comp="111" pin=0"/></net>

<net id="121"><net_src comp="111" pin="1"/><net_sink comp="115" pin=0"/></net>

<net id="131"><net_src comp="125" pin="4"/><net_sink comp="122" pin=0"/></net>

<net id="135"><net_src comp="68" pin="2"/><net_sink comp="132" pin=0"/></net>

<net id="136"><net_src comp="132" pin="1"/><net_sink comp="86" pin=2"/></net>

<net id="141"><net_src comp="115" pin="4"/><net_sink comp="137" pin=0"/></net>

<net id="142"><net_src comp="32" pin="0"/><net_sink comp="137" pin=1"/></net>

<net id="147"><net_src comp="115" pin="4"/><net_sink comp="143" pin=0"/></net>

<net id="148"><net_src comp="34" pin="0"/><net_sink comp="143" pin=1"/></net>

<net id="152"><net_src comp="115" pin="4"/><net_sink comp="149" pin=0"/></net>

<net id="153"><net_src comp="149" pin="1"/><net_sink comp="93" pin=2"/></net>

<net id="157"><net_src comp="80" pin="2"/><net_sink comp="154" pin=0"/></net>

<net id="161"><net_src comp="100" pin="3"/><net_sink comp="158" pin=0"/></net>

<net id="166"><net_src comp="158" pin="1"/><net_sink comp="162" pin=0"/></net>

<net id="167"><net_src comp="154" pin="1"/><net_sink comp="162" pin=1"/></net>

<net id="173"><net_src comp="52" pin="0"/><net_sink comp="168" pin=0"/></net>

<net id="174"><net_src comp="122" pin="1"/><net_sink comp="168" pin=1"/></net>

<net id="175"><net_src comp="54" pin="0"/><net_sink comp="168" pin=2"/></net>

<net id="180"><net_src comp="162" pin="2"/><net_sink comp="176" pin=0"/></net>

<net id="181"><net_src comp="168" pin="3"/><net_sink comp="176" pin=1"/></net>

<net id="188"><net_src comp="56" pin="0"/><net_sink comp="182" pin=0"/></net>

<net id="189"><net_src comp="176" pin="2"/><net_sink comp="182" pin=1"/></net>

<net id="190"><net_src comp="58" pin="0"/><net_sink comp="182" pin=2"/></net>

<net id="191"><net_src comp="60" pin="0"/><net_sink comp="182" pin=3"/></net>

<net id="195"><net_src comp="122" pin="1"/><net_sink comp="192" pin=0"/></net>

<net id="201"><net_src comp="62" pin="0"/><net_sink comp="196" pin=0"/></net>

<net id="202"><net_src comp="122" pin="1"/><net_sink comp="196" pin=1"/></net>

<net id="203"><net_src comp="64" pin="0"/><net_sink comp="196" pin=2"/></net>

<net id="209"><net_src comp="196" pin="3"/><net_sink comp="204" pin=0"/></net>

<net id="210"><net_src comp="66" pin="0"/><net_sink comp="204" pin=1"/></net>

<net id="211"><net_src comp="192" pin="1"/><net_sink comp="204" pin=2"/></net>

<net id="212"><net_src comp="204" pin="3"/><net_sink comp="106" pin=1"/></net>

<net id="216"><net_src comp="74" pin="2"/><net_sink comp="213" pin=0"/></net>

<net id="217"><net_src comp="213" pin="1"/><net_sink comp="125" pin=0"/></net>

<net id="221"><net_src comp="86" pin="3"/><net_sink comp="218" pin=0"/></net>

<net id="222"><net_src comp="218" pin="1"/><net_sink comp="106" pin=0"/></net>

<net id="226"><net_src comp="137" pin="2"/><net_sink comp="223" pin=0"/></net>

<net id="227"><net_src comp="223" pin="1"/><net_sink comp="115" pin=2"/></net>

<net id="231"><net_src comp="143" pin="2"/><net_sink comp="228" pin=0"/></net>

<net id="235"><net_src comp="93" pin="3"/><net_sink comp="232" pin=0"/></net>

<net id="236"><net_src comp="232" pin="1"/><net_sink comp="100" pin=0"/></net>

<net id="240"><net_src comp="182" pin="4"/><net_sink comp="237" pin=0"/></net>

<net id="241"><net_src comp="237" pin="1"/><net_sink comp="125" pin=2"/></net>

</net_list>

</model> 
---------------- Datapath Model END ------------------

* FSMD analyzer results:
  - Output states:
	Port: mlp_in_local15 | {}
	Port: mlp_out_local30 | {4 }
 - Input state : 
	Port: MLP_PE<300, 600>57 : mlp_weight_fifo_15_V_V | {3 }
	Port: MLP_PE<300, 600>57 : mlp_1_bias_V_load_loc | {1 }
	Port: MLP_PE<300, 600>57 : mlp_in_local15 | {2 3 }
	Port: MLP_PE<300, 600>57 : mlp_out_local30 | {}
	Port: MLP_PE<300, 600>57 : d_out | {1 }
  - Chain level:
	State 1
		mlp_out_local30_addr : 1
	State 2
		add_ln86 : 1
		icmp_ln86 : 1
		br_ln86 : 2
		zext_ln86 : 1
		mlp_in_local15_addr : 2
		mlp_in_local15_load : 3
	State 3
		sext_ln1118 : 1
		r_V_18 : 2
		ret_V : 3
		trunc_ln5 : 4
	State 4
		select_ln92 : 1
		store_ln92 : 2


============================================================
+ Verbose Summary: Datapath Resource usage 
============================================================

* Functional unit list:
|----------|---------------------------------------|---------|---------|---------|
| Operation|            Functional Unit            |   DSP   |    FF   |   LUT   |
|----------|---------------------------------------|---------|---------|---------|
|    add   |            add_ln86_fu_137            |    0    |    0    |    16   |
|          |              ret_V_fu_176             |    0    |    0    |    61   |
|----------|---------------------------------------|---------|---------|---------|
|  select  |           select_ln92_fu_204          |    0    |    0    |    31   |
|----------|---------------------------------------|---------|---------|---------|
|    mul   |             r_V_18_fu_162             |    0    |    0    |    20   |
|----------|---------------------------------------|---------|---------|---------|
|   icmp   |            icmp_ln86_fu_143           |    0    |    0    |    11   |
|----------|---------------------------------------|---------|---------|---------|
|          |         d_out_read_read_fu_68         |    0    |    0    |    0    |
|   read   | mlp_1_bias_V_load_loc_read_read_fu_74 |    0    |    0    |    0    |
|          |             w_V_read_fu_80            |    0    |    0    |    0    |
|----------|---------------------------------------|---------|---------|---------|
|   zext   |            zext_ln85_fu_132           |    0    |    0    |    0    |
|          |            zext_ln86_fu_149           |    0    |    0    |    0    |
|----------|---------------------------------------|---------|---------|---------|
|   sext   |           sext_ln1115_fu_154          |    0    |    0    |    0    |
|          |           sext_ln1118_fu_158          |    0    |    0    |    0    |
|----------|---------------------------------------|---------|---------|---------|
|bitconcatenate|             lhs_18_fu_168             |    0    |    0    |    0    |
|----------|---------------------------------------|---------|---------|---------|
|partselect|            trunc_ln5_fu_182           |    0    |    0    |    0    |
|----------|---------------------------------------|---------|---------|---------|
|   trunc  |           trunc_ln86_fu_192           |    0    |    0    |    0    |
|----------|---------------------------------------|---------|---------|---------|
| bitselect|               tmp_fu_196              |    0    |    0    |    0    |
|----------|---------------------------------------|---------|---------|---------|
|   Total  |                                       |    0    |    0    |   139   |
|----------|---------------------------------------|---------|---------|---------|

Memories:
N/A

* Register list:
+----------------------------------+--------+
|                                  |   FF   |
+----------------------------------+--------+
|         add_ln86_reg_223         |    9   |
|             i_reg_111            |    9   |
|         icmp_ln86_reg_228        |    1   |
|            lhs_reg_122           |   32   |
|mlp_1_bias_V_load_loc_read_reg_213|   32   |
|    mlp_in_local15_addr_reg_232   |    9   |
|   mlp_out_local30_addr_reg_218   |   10   |
|         trunc_ln5_reg_237        |   32   |
+----------------------------------+--------+
|               Total              |   134  |
+----------------------------------+--------+

* Multiplexer (MUX) list: 
|-------------------|------|------|------|--------||---------||---------|
|        Comp       |  Pin | Size |  BW  | S x BW ||  Delay  ||   LUT   |
|-------------------|------|------|------|--------||---------||---------|
| grp_access_fu_100 |  p0  |   2  |   9  |   18   ||    9    |
|-------------------|------|------|------|--------||---------||---------|
|       Total       |      |      |      |   18   ||  0.387  ||    9    |
|-------------------|------|------|------|--------||---------||---------|



* Summary:
+-----------+--------+--------+--------+--------+
|           |   DSP  |  Delay |   FF   |   LUT  |
+-----------+--------+--------+--------+--------+
|  Function |    0   |    -   |    0   |   139  |
|   Memory  |    -   |    -   |    -   |    -   |
|Multiplexer|    -   |    0   |    -   |    9   |
|  Register |    -   |    -   |   134  |    -   |
+-----------+--------+--------+--------+--------+
|   Total   |    0   |    0   |   134  |   148  |
+-----------+--------+--------+--------+--------+
