

================================================================
== Vitis HLS Report for 'MLP_PE_300_600_55'
================================================================
* Date:           Mon Apr 12 19:26:51 2021

* Version:        2020.2 (Build 3064766 on Wed Nov 18 09:12:47 MST 2020)
* Project:        project_1
* Solution:       solution1 (Vivado IP Flow Target)
* Product family: virtexuplus
* Target device:  xcu280-fsvh2892-2L-e


================================================================
== Performance Estimates
================================================================
+ Timing: 
    * Summary: 
    +--------+----------+----------+------------+
    |  Clock |  Target  | Estimated| Uncertainty|
    +--------+----------+----------+------------+
    |ap_clk  |  10.00 ns|  5.580 ns|     2.70 ns|
    +--------+----------+----------+------------+

+ Latency: 
    * Summary: 
    +---------+---------+----------+----------+-----+-----+---------+
    |  Latency (cycles) |  Latency (absolute) |  Interval | Pipeline|
    |   min   |   max   |    min   |    max   | min | max |   Type  |
    +---------+---------+----------+----------+-----+-----+---------+
    |      302|      302|  3.020 us|  3.020 us|  302|  302|     none|
    +---------+---------+----------+----------+-----+-----+---------+

    + Detail: 
        * Instance: 
        N/A

        * Loop: 
        +-------------------+---------+---------+----------+-----------+-----------+------+----------+
        |                   |  Latency (cycles) | Iteration|  Initiation Interval  | Trip |          |
        |     Loop Name     |   min   |   max   |  Latency |  achieved |   target  | Count| Pipelined|
        +-------------------+---------+---------+----------+-----------+-----------+------+----------+
        |- VITIS_LOOP_86_1  |      300|      300|         2|          1|          1|   300|       yes|
        +-------------------+---------+---------+----------+-----------+-----------+------+----------+

============================================================
+ Verbose Summary: Synthesis Manager
============================================================
InlineROM: 1
ExposeGlobal: 0
============================================================
+ Verbose Summary: CDFG Model
============================================================
IsTopModel: 0
ResetActiveHigh: 1
IsCombinational: 2
IsDatapathOnly: 0
HasWiredReturn: 1
HasMFsm: 0
HasVarLatency: 1
IsPipeline: 0
IsRtlPipelined: 0
IsInstanceOverlapped: 0
IsDontTouch: 0
HasImplIP: 0
IsGatedGlobalClock: 0

+ Individual pipeline summary: 
  * Pipeline-0: initiation interval (II) = 1, depth = 2


============================================================
+ Verbose Summary: Schedule
============================================================
* Number of FSM states : 4
* Pipeline : 1
  Pipeline-0 : II = 1, D = 2, States = { 2 3 }
* Dataflow Pipeline: 0

* FSM state transitions: 
1 --> 2 
2 --> 4 3 
3 --> 2 
4 --> 

* FSM state operations: 

State 1 <SV = 0> <Delay = 2.79>
ST_1 : Operation 5 [1/1] (0.00ns)   --->   "%specinterface_ln0 = specinterface void @_ssdm_op_SpecInterface, i32 %mlp_weight_fifo_13_V_V, void @ap_fifo_str, i32 0, i32 0, void @p_str, i32 0, i32 0, void @p_str, void @p_str, void @p_str, i32 2, i32 2, i32 16, i32 16, void @p_str, void @p_str"   --->   Operation 5 'specinterface' 'specinterface_ln0' <Predicate = true> <Delay = 0.00>
ST_1 : Operation 6 [1/1] (0.00ns)   --->   "%specinterface_ln0 = specinterface void @_ssdm_op_SpecInterface, i32 %mlp_weight_fifo_14_V_V, void @ap_fifo_str, i32 0, i32 0, void @p_str, i32 0, i32 0, void @p_str, void @p_str, void @p_str, i32 2, i32 2, i32 16, i32 16, void @p_str, void @p_str"   --->   Operation 6 'specinterface' 'specinterface_ln0' <Predicate = true> <Delay = 0.00>
ST_1 : Operation 7 [1/1] (0.00ns)   --->   "%specinterface_ln0 = specinterface void @_ssdm_op_SpecInterface, i10 %d_out, void @ap_fifo_str, i32 0, i32 0, void @p_str, i32 0, i32 0, void @p_str, void @p_str, void @p_str, i32 2, i32 2, i32 16, i32 16, void @p_str, void @ScalarProp_str"   --->   Operation 7 'specinterface' 'specinterface_ln0' <Predicate = true> <Delay = 0.00>
ST_1 : Operation 8 [1/1] (0.00ns)   --->   "%specinterface_ln0 = specinterface void @_ssdm_op_SpecInterface, i32 %mlp_1_bias_V_load_loc, void @ap_fifo_str, i32 0, i32 0, void @p_str, i32 0, i32 0, void @p_str, void @p_str, void @p_str, i32 2, i32 2, i32 16, i32 16, void @p_str, void @ScalarProp_str"   --->   Operation 8 'specinterface' 'specinterface_ln0' <Predicate = true> <Delay = 0.00>
ST_1 : Operation 9 [1/1] (1.39ns)   --->   "%mlp_1_bias_V_load_loc_read = read i32 @_ssdm_op_Read.ap_fifo.i32P0A, i32 %mlp_1_bias_V_load_loc"   --->   Operation 9 'read' 'mlp_1_bias_V_load_loc_read' <Predicate = true> <Delay = 1.39> <CoreInst = "FIFO_SRL">   --->   Core 81 'FIFO_SRL' <Latency = 0> <II = 1> <Delay = 1.39> <Storage> <Opcode : 'read' 'write' 'nbread' 'nbwrite'> <Ports = 0> <Width = 32> <Depth = 2> <FIFO>
ST_1 : Operation 10 [1/1] (1.34ns)   --->   "%d_out_read = read i10 @_ssdm_op_Read.ap_fifo.i10P0A, i10 %d_out" [GIN_compute.cpp:85->GIN_compute.cpp:113]   --->   Operation 10 'read' 'd_out_read' <Predicate = true> <Delay = 1.34> <CoreInst = "FIFO_SRL">   --->   Core 81 'FIFO_SRL' <Latency = 0> <II = 1> <Delay = 1.34> <Storage> <Opcode : 'read' 'write' 'nbread' 'nbwrite'> <Ports = 0> <Width = 10> <Depth = 2> <FIFO>
ST_1 : Operation 11 [1/1] (0.00ns)   --->   "%specinterface_ln0 = specinterface void @_ssdm_op_SpecInterface, i32 %mlp_1_bias_V_load_loc_out, void @ap_fifo_str, i32 0, i32 0, void @p_str, i32 0, i32 0, void @p_str, void @p_str, void @p_str, i32 2, i32 2, i32 16, i32 16, void @p_str, void @ScalarProp_str"   --->   Operation 11 'specinterface' 'specinterface_ln0' <Predicate = true> <Delay = 0.00>
ST_1 : Operation 12 [1/1] (1.39ns)   --->   "%write_ln113 = write void @_ssdm_op_Write.ap_fifo.i32P0A, i32 %mlp_1_bias_V_load_loc_out, i32 %mlp_1_bias_V_load_loc_read" [GIN_compute.cpp:113]   --->   Operation 12 'write' 'write_ln113' <Predicate = true> <Delay = 1.39> <CoreInst = "FIFO_SRL">   --->   Core 81 'FIFO_SRL' <Latency = 0> <II = 1> <Delay = 1.39> <Storage> <Opcode : 'read' 'write' 'nbread' 'nbwrite'> <Ports = 0> <Width = 32> <Depth = 2> <FIFO>
ST_1 : Operation 13 [1/1] (0.00ns)   --->   "%specinterface_ln0 = specinterface void @_ssdm_op_SpecInterface, i10 %d_out_out, void @ap_fifo_str, i32 0, i32 0, void @p_str, i32 0, i32 0, void @p_str, void @p_str, void @p_str, i32 2, i32 2, i32 16, i32 16, void @p_str, void @ScalarProp_str"   --->   Operation 13 'specinterface' 'specinterface_ln0' <Predicate = true> <Delay = 0.00>
ST_1 : Operation 14 [1/1] (1.34ns)   --->   "%write_ln113 = write void @_ssdm_op_Write.ap_fifo.i10P0A, i10 %d_out_out, i10 %d_out_read" [GIN_compute.cpp:113]   --->   Operation 14 'write' 'write_ln113' <Predicate = true> <Delay = 1.34> <CoreInst = "FIFO_SRL">   --->   Core 81 'FIFO_SRL' <Latency = 0> <II = 1> <Delay = 1.34> <Storage> <Opcode : 'read' 'write' 'nbread' 'nbwrite'> <Ports = 0> <Width = 10> <Depth = 2> <FIFO>
ST_1 : Operation 15 [1/1] (0.00ns)   --->   "%specinterface_ln0 = specinterface void @_ssdm_op_SpecInterface, i32 %mlp_weight_fifo_14_V_V, void @ap_fifo_str, i32 0, i32 0, void @p_str, i32 0, i32 0, void @p_str, void @p_str, void @p_str, i32 2, i32 2, i32 16, i32 16, void @p_str, void @p_str"   --->   Operation 15 'specinterface' 'specinterface_ln0' <Predicate = true> <Delay = 0.00>
ST_1 : Operation 16 [1/1] (0.00ns)   --->   "%specinterface_ln0 = specinterface void @_ssdm_op_SpecInterface, i32 %mlp_weight_fifo_13_V_V, void @ap_fifo_str, i32 0, i32 0, void @p_str, i32 0, i32 0, void @p_str, void @p_str, void @p_str, i32 2, i32 2, i32 16, i32 16, void @p_str, void @p_str"   --->   Operation 16 'specinterface' 'specinterface_ln0' <Predicate = true> <Delay = 0.00>
ST_1 : Operation 17 [1/1] (0.00ns)   --->   "%zext_ln85 = zext i10 %d_out_read" [GIN_compute.cpp:85->GIN_compute.cpp:113->GIN_compute.cpp:113]   --->   Operation 17 'zext' 'zext_ln85' <Predicate = true> <Delay = 0.00>
ST_1 : Operation 18 [1/1] (0.00ns)   --->   "%mlp_out_local28_addr = getelementptr i31 %mlp_out_local28, i64 0, i64 %zext_ln85" [GIN_compute.cpp:85->GIN_compute.cpp:113->GIN_compute.cpp:113]   --->   Operation 18 'getelementptr' 'mlp_out_local28_addr' <Predicate = true> <Delay = 0.00>
ST_1 : Operation 19 [1/1] (0.38ns)   --->   "%br_ln86 = br void %_ZN13ap_fixed_baseILi65ELi21ELb1EL9ap_q_mode5EL9ap_o_mode3ELi0EEC2ILi32ELi10ELb1ELS0_5ELS1_3ELi0EEERKS_IXT_EXT0_EXT1_EXT2_EXT3_EXT4_EE.exit.i.i.i.i" [GIN_compute.cpp:86->GIN_compute.cpp:113->GIN_compute.cpp:113]   --->   Operation 19 'br' 'br_ln86' <Predicate = true> <Delay = 0.38>

State 2 <SV = 1> <Delay = 1.19>
ST_2 : Operation 20 [1/1] (0.00ns)   --->   "%i = phi i9 0, void %entry, i9 %add_ln86, void %_ZN13ap_fixed_baseILi65ELi21ELb1EL9ap_q_mode5EL9ap_o_mode3ELi0EEC2ILi32ELi10ELb1ELS0_5ELS1_3ELi0EEERKS_IXT_EXT0_EXT1_EXT2_EXT3_EXT4_EE.exit.i.i.split.i.i" [GIN_compute.cpp:86->GIN_compute.cpp:113->GIN_compute.cpp:113]   --->   Operation 20 'phi' 'i' <Predicate = true> <Delay = 0.00>
ST_2 : Operation 21 [1/1] (0.00ns)   --->   "%lhs = phi i32 %mlp_1_bias_V_load_loc_read, void %entry, i32 %trunc_ln7, void %_ZN13ap_fixed_baseILi65ELi21ELb1EL9ap_q_mode5EL9ap_o_mode3ELi0EEC2ILi32ELi10ELb1ELS0_5ELS1_3ELi0EEERKS_IXT_EXT0_EXT1_EXT2_EXT3_EXT4_EE.exit.i.i.split.i.i" [GIN_compute.cpp:113]   --->   Operation 21 'phi' 'lhs' <Predicate = true> <Delay = 0.00>
ST_2 : Operation 22 [1/1] (0.71ns)   --->   "%add_ln86 = add i9 %i, i9 1" [GIN_compute.cpp:86->GIN_compute.cpp:113->GIN_compute.cpp:113]   --->   Operation 22 'add' 'add_ln86' <Predicate = true> <Delay = 0.71> <CoreInst = "Adder">   --->   Core 1 'Adder' <Latency = 0> <II = 1> <Delay = 1.01> <FuncUnit> <Opcode : 'add' 'sub'> <InPorts = 2> <OutPorts = 1>
ST_2 : Operation 23 [1/1] (0.59ns)   --->   "%icmp_ln86 = icmp_eq  i9 %i, i9 300" [GIN_compute.cpp:86->GIN_compute.cpp:113->GIN_compute.cpp:113]   --->   Operation 23 'icmp' 'icmp_ln86' <Predicate = true> <Delay = 0.59> <CoreInst = "Cmp">   --->   Core 9 'Cmp' <Latency = 0> <II = 1> <Delay = 0.59> <FuncUnit> <Opcode : 'icmp'> <InPorts = 2> <OutPorts = 1>
ST_2 : Operation 24 [1/1] (0.00ns)   --->   "%empty = speclooptripcount i32 @_ssdm_op_SpecLoopTripCount, i64 300, i64 300, i64 300"   --->   Operation 24 'speclooptripcount' 'empty' <Predicate = true> <Delay = 0.00>
ST_2 : Operation 25 [1/1] (0.00ns)   --->   "%br_ln86 = br i1 %icmp_ln86, void %_ZN13ap_fixed_baseILi65ELi21ELb1EL9ap_q_mode5EL9ap_o_mode3ELi0EEC2ILi32ELi10ELb1ELS0_5ELS1_3ELi0EEERKS_IXT_EXT0_EXT1_EXT2_EXT3_EXT4_EE.exit.i.i.split.i.i, void %.exit" [GIN_compute.cpp:86->GIN_compute.cpp:113->GIN_compute.cpp:113]   --->   Operation 25 'br' 'br_ln86' <Predicate = true> <Delay = 0.00>
ST_2 : Operation 26 [1/1] (0.00ns)   --->   "%zext_ln86 = zext i9 %i" [GIN_compute.cpp:86->GIN_compute.cpp:113->GIN_compute.cpp:113]   --->   Operation 26 'zext' 'zext_ln86' <Predicate = (!icmp_ln86)> <Delay = 0.00>
ST_2 : Operation 27 [1/1] (0.00ns)   --->   "%mlp_in_local13_addr = getelementptr i32 %mlp_in_local13, i64 0, i64 %zext_ln86" [GIN_compute.cpp:113]   --->   Operation 27 'getelementptr' 'mlp_in_local13_addr' <Predicate = (!icmp_ln86)> <Delay = 0.00>
ST_2 : Operation 28 [2/2] (1.19ns)   --->   "%mlp_in_local13_load = load i9 %mlp_in_local13_addr" [GIN_compute.cpp:113]   --->   Operation 28 'load' 'mlp_in_local13_load' <Predicate = (!icmp_ln86)> <Delay = 1.19> <CoreInst = "RAM">   --->   Core 83 'RAM' <Latency = 1> <II = 1> <Delay = 1.19> <Storage> <Opcode : 'load' 'store'> <Ports = 2> <Width = 32> <Depth = 300> <RAM>

State 3 <SV = 2> <Delay = 5.58>
ST_3 : Operation 29 [1/1] (0.00ns)   --->   "%specpipeline_ln86 = specpipeline void @_ssdm_op_SpecPipeline, i32 4294967295, i32 0, i32 0, i32 0, void @empty_32" [GIN_compute.cpp:86->GIN_compute.cpp:113->GIN_compute.cpp:113]   --->   Operation 29 'specpipeline' 'specpipeline_ln86' <Predicate = (!icmp_ln86)> <Delay = 0.00>
ST_3 : Operation 30 [1/1] (0.00ns)   --->   "%specloopname_ln86 = specloopname void @_ssdm_op_SpecLoopName, void @empty_35" [GIN_compute.cpp:86->GIN_compute.cpp:113->GIN_compute.cpp:113]   --->   Operation 30 'specloopname' 'specloopname_ln86' <Predicate = (!icmp_ln86)> <Delay = 0.00>
ST_3 : Operation 31 [1/1] (1.39ns)   --->   "%w_V = read i32 @_ssdm_op_Read.ap_fifo.volatile.i32P0A, i32 %mlp_weight_fifo_13_V_V" [/tools/reconfig/xilinx/Vitis_HLS/2020.2/common/technology/autopilot/hls_stream_39.h:145->GIN_compute.cpp:113]   --->   Operation 31 'read' 'w_V' <Predicate = (!icmp_ln86)> <Delay = 1.39> <CoreInst = "FIFO_SRL">   --->   Core 81 'FIFO_SRL' <Latency = 0> <II = 1> <Delay = 1.39> <Storage> <Opcode : 'read' 'write' 'nbread' 'nbwrite'> <Ports = 0> <Width = 32> <Depth = 2> <FIFO>
ST_3 : Operation 32 [1/1] (0.00ns)   --->   "%sext_ln1115 = sext i32 %w_V" [GIN_compute.cpp:113]   --->   Operation 32 'sext' 'sext_ln1115' <Predicate = (!icmp_ln86)> <Delay = 0.00>
ST_3 : Operation 33 [1/2] (1.19ns)   --->   "%mlp_in_local13_load = load i9 %mlp_in_local13_addr" [GIN_compute.cpp:113]   --->   Operation 33 'load' 'mlp_in_local13_load' <Predicate = (!icmp_ln86)> <Delay = 1.19> <CoreInst = "RAM">   --->   Core 83 'RAM' <Latency = 1> <II = 1> <Delay = 1.19> <Storage> <Opcode : 'load' 'store'> <Ports = 2> <Width = 32> <Depth = 300> <RAM>
ST_3 : Operation 34 [1/1] (0.00ns)   --->   "%sext_ln1118 = sext i32 %mlp_in_local13_load" [GIN_compute.cpp:113]   --->   Operation 34 'sext' 'sext_ln1118' <Predicate = (!icmp_ln86)> <Delay = 0.00>
ST_3 : Operation 35 [1/1] (3.17ns)   --->   "%r_V_20 = mul i54 %sext_ln1118, i54 %sext_ln1115" [GIN_compute.cpp:113]   --->   Operation 35 'mul' 'r_V_20' <Predicate = (!icmp_ln86)> <Delay = 3.17> <CoreInst = "Multiplier">   --->   Core 3 'Multiplier' <Latency = 0> <II = 1> <Delay = 3.17> <FuncUnit> <Opcode : 'mul'> <InPorts = 2> <OutPorts = 1>
ST_3 : Operation 36 [1/1] (0.00ns)   --->   "%lhs_20 = bitconcatenate i54 @_ssdm_op_BitConcatenate.i54.i32.i22, i32 %lhs, i22 0" [GIN_compute.cpp:113]   --->   Operation 36 'bitconcatenate' 'lhs_20' <Predicate = (!icmp_ln86)> <Delay = 0.00>
ST_3 : Operation 37 [1/1] (1.01ns)   --->   "%ret_V = add i54 %r_V_20, i54 %lhs_20" [GIN_compute.cpp:113]   --->   Operation 37 'add' 'ret_V' <Predicate = (!icmp_ln86)> <Delay = 1.01> <CoreInst = "Adder">   --->   Core 1 'Adder' <Latency = 0> <II = 1> <Delay = 1.01> <FuncUnit> <Opcode : 'add' 'sub'> <InPorts = 2> <OutPorts = 1>
ST_3 : Operation 38 [1/1] (0.00ns)   --->   "%trunc_ln7 = partselect i32 @_ssdm_op_PartSelect.i32.i54.i32.i32, i54 %ret_V, i32 22, i32 53" [GIN_compute.cpp:113]   --->   Operation 38 'partselect' 'trunc_ln7' <Predicate = (!icmp_ln86)> <Delay = 0.00>
ST_3 : Operation 39 [1/1] (1.39ns)   --->   "%write_ln174 = write void @_ssdm_op_Write.ap_fifo.volatile.i32P0A, i32 %mlp_weight_fifo_14_V_V, i32 %w_V" [/tools/reconfig/xilinx/Vitis_HLS/2020.2/common/technology/autopilot/hls_stream_39.h:174->GIN_compute.cpp:113]   --->   Operation 39 'write' 'write_ln174' <Predicate = (!icmp_ln86)> <Delay = 1.39> <CoreInst = "FIFO_SRL">   --->   Core 81 'FIFO_SRL' <Latency = 0> <II = 1> <Delay = 1.39> <Storage> <Opcode : 'read' 'write' 'nbread' 'nbwrite'> <Ports = 0> <Width = 32> <Depth = 2> <FIFO>
ST_3 : Operation 40 [1/1] (0.00ns)   --->   "%br_ln0 = br void %_ZN13ap_fixed_baseILi65ELi21ELb1EL9ap_q_mode5EL9ap_o_mode3ELi0EEC2ILi32ELi10ELb1ELS0_5ELS1_3ELi0EEERKS_IXT_EXT0_EXT1_EXT2_EXT3_EXT4_EE.exit.i.i.i.i"   --->   Operation 40 'br' 'br_ln0' <Predicate = (!icmp_ln86)> <Delay = 0.00>

State 4 <SV = 2> <Delay = 1.45>
ST_4 : Operation 41 [1/1] (0.00ns)   --->   "%trunc_ln86 = trunc i32 %lhs" [GIN_compute.cpp:86->GIN_compute.cpp:113->GIN_compute.cpp:113]   --->   Operation 41 'trunc' 'trunc_ln86' <Predicate = true> <Delay = 0.00>
ST_4 : Operation 42 [1/1] (0.00ns)   --->   "%tmp = bitselect i1 @_ssdm_op_BitSelect.i1.i32.i32, i32 %lhs, i32 31" [GIN_compute.cpp:113]   --->   Operation 42 'bitselect' 'tmp' <Predicate = true> <Delay = 0.00>
ST_4 : Operation 43 [1/1] (0.25ns)   --->   "%select_ln92 = select i1 %tmp, i31 0, i31 %trunc_ln86" [GIN_compute.cpp:92->GIN_compute.cpp:113->GIN_compute.cpp:113]   --->   Operation 43 'select' 'select_ln92' <Predicate = true> <Delay = 0.25> <CoreInst = "Sel">   --->   Core 73 'Sel' <Latency = 0> <II = 1> <Delay = 0.25> <FuncUnit> <Opcode : 'select'> <InPorts = 3> <OutPorts = 1>
ST_4 : Operation 44 [1/1] (1.20ns)   --->   "%store_ln92 = store i31 %select_ln92, i10 %mlp_out_local28_addr" [GIN_compute.cpp:92->GIN_compute.cpp:113->GIN_compute.cpp:113]   --->   Operation 44 'store' 'store_ln92' <Predicate = true> <Delay = 1.20> <CoreInst = "RAM">   --->   Core 83 'RAM' <Latency = 1> <II = 1> <Delay = 1.20> <Storage> <Opcode : 'load' 'store'> <Ports = 2> <Width = 31> <Depth = 600> <RAM>
ST_4 : Operation 45 [1/1] (0.00ns)   --->   "%ret_ln113 = ret" [GIN_compute.cpp:113]   --->   Operation 45 'ret' 'ret_ln113' <Predicate = true> <Delay = 0.00>


============================================================
+ Verbose Summary: Binding
============================================================
STG Binding: 
---------------- STG Properties BEGIN ----------------
- Is combinational: 0
- Is one-state seq: 0
- Is datapath-only: 0
- Is pipelined: 0
- Is top level: 0
Port [ Return ] is wired: 1; IO mode=ap_ctrl_hs:ce=0
Port [ mlp_weight_fifo_13_V_V]:  wired=1; compound=1; hidden=0; nouse=0; global=0; static=0; extern=0; dir=0; type=3; pingpong=0; private_global=0; IO mode=ap_fifo:ce=0
Port [ mlp_weight_fifo_14_V_V]:  wired=1; compound=1; hidden=0; nouse=0; global=0; static=0; extern=0; dir=1; type=3; pingpong=0; private_global=0; IO mode=ap_fifo:ce=0
Port [ mlp_1_bias_V_load_loc]:  wired=1; compound=1; hidden=0; nouse=0; global=0; static=0; extern=0; dir=0; type=3; pingpong=0; private_global=0; IO mode=ap_fifo:ce=0
Port [ mlp_in_local13]:  wired=1; compound=1; hidden=0; nouse=0; global=0; static=0; extern=0; dir=0; type=1; pingpong=0; private_global=0; MemPort=[13]; IO mode=ap_memory:ce=0
Port [ mlp_out_local28]:  wired=1; compound=1; hidden=0; nouse=0; global=0; static=0; extern=0; dir=1; type=1; pingpong=0; private_global=0; MemPort=[03]; IO mode=ap_memory:ce=0
Port [ d_out]:  wired=1; compound=1; hidden=0; nouse=0; global=0; static=0; extern=0; dir=0; type=3; pingpong=0; private_global=0; IO mode=ap_fifo:ce=0
Port [ mlp_1_bias_V_load_loc_out]:  wired=1; compound=1; hidden=0; nouse=0; global=0; static=0; extern=0; dir=1; type=3; pingpong=0; private_global=0; IO mode=ap_fifo:ce=0
Port [ d_out_out]:  wired=1; compound=1; hidden=0; nouse=0; global=0; static=0; extern=0; dir=1; type=3; pingpong=0; private_global=0; IO mode=ap_fifo:ce=0
---------------- STG Properties END ------------------

---------------- Datapath Model BEGIN ----------------

<LifeTime>
<method=bitvector/>
specinterface_ln0          (specinterface    ) [ 00000]
specinterface_ln0          (specinterface    ) [ 00000]
specinterface_ln0          (specinterface    ) [ 00000]
specinterface_ln0          (specinterface    ) [ 00000]
mlp_1_bias_V_load_loc_read (read             ) [ 01110]
d_out_read                 (read             ) [ 00000]
specinterface_ln0          (specinterface    ) [ 00000]
write_ln113                (write            ) [ 00000]
specinterface_ln0          (specinterface    ) [ 00000]
write_ln113                (write            ) [ 00000]
specinterface_ln0          (specinterface    ) [ 00000]
specinterface_ln0          (specinterface    ) [ 00000]
zext_ln85                  (zext             ) [ 00000]
mlp_out_local28_addr       (getelementptr    ) [ 00111]
br_ln86                    (br               ) [ 01110]
i                          (phi              ) [ 00100]
lhs                        (phi              ) [ 00111]
add_ln86                   (add              ) [ 01110]
icmp_ln86                  (icmp             ) [ 00110]
empty                      (speclooptripcount) [ 00000]
br_ln86                    (br               ) [ 00000]
zext_ln86                  (zext             ) [ 00000]
mlp_in_local13_addr        (getelementptr    ) [ 00110]
specpipeline_ln86          (specpipeline     ) [ 00000]
specloopname_ln86          (specloopname     ) [ 00000]
w_V                        (read             ) [ 00000]
sext_ln1115                (sext             ) [ 00000]
mlp_in_local13_load        (load             ) [ 00000]
sext_ln1118                (sext             ) [ 00000]
r_V_20                     (mul              ) [ 00000]
lhs_20                     (bitconcatenate   ) [ 00000]
ret_V                      (add              ) [ 00000]
trunc_ln7                  (partselect       ) [ 01110]
write_ln174                (write            ) [ 00000]
br_ln0                     (br               ) [ 01110]
trunc_ln86                 (trunc            ) [ 00000]
tmp                        (bitselect        ) [ 00000]
select_ln92                (select           ) [ 00000]
store_ln92                 (store            ) [ 00000]
ret_ln113                  (ret              ) [ 00000]
</LifeTime>

<model>

<comp_list>
<comp id="0" class="1000" name="mlp_weight_fifo_13_V_V">
<pin_list>
<pin id="1" dir="1" index="0" bw="1" slack="0"/>
</pin_list>
<bind>
<StgValue><ssdm name="mlp_weight_fifo_13_V_V"/></StgValue>
</bind>
</comp>

<comp id="2" class="1000" name="mlp_weight_fifo_14_V_V">
<pin_list>
<pin id="3" dir="1" index="0" bw="1" slack="0"/>
</pin_list>
<bind>
<StgValue><ssdm name="mlp_weight_fifo_14_V_V"/></StgValue>
</bind>
</comp>

<comp id="4" class="1000" name="mlp_1_bias_V_load_loc">
<pin_list>
<pin id="5" dir="1" index="0" bw="1" slack="0"/>
</pin_list>
<bind>
<StgValue><ssdm name="mlp_1_bias_V_load_loc"/></StgValue>
</bind>
</comp>

<comp id="6" class="1000" name="mlp_in_local13">
<pin_list>
<pin id="7" dir="1" index="0" bw="1" slack="0"/>
</pin_list>
<bind>
<StgValue><ssdm name="mlp_in_local13"/><MemPortTyVec>1 3 </MemPortTyVec>
</StgValue>
</bind>
</comp>

<comp id="8" class="1000" name="mlp_out_local28">
<pin_list>
<pin id="9" dir="1" index="0" bw="1" slack="0"/>
</pin_list>
<bind>
<StgValue><ssdm name="mlp_out_local28"/><MemPortTyVec>0 3 </MemPortTyVec>
</StgValue>
</bind>
</comp>

<comp id="10" class="1000" name="d_out">
<pin_list>
<pin id="11" dir="1" index="0" bw="1" slack="0"/>
</pin_list>
<bind>
<StgValue><ssdm name="d_out"/></StgValue>
</bind>
</comp>

<comp id="12" class="1000" name="mlp_1_bias_V_load_loc_out">
<pin_list>
<pin id="13" dir="1" index="0" bw="1" slack="0"/>
</pin_list>
<bind>
<StgValue><ssdm name="mlp_1_bias_V_load_loc_out"/></StgValue>
</bind>
</comp>

<comp id="14" class="1000" name="d_out_out">
<pin_list>
<pin id="15" dir="1" index="0" bw="1" slack="0"/>
</pin_list>
<bind>
<StgValue><ssdm name="d_out_out"/></StgValue>
</bind>
</comp>

<comp id="16" class="1001" name="const_16">
<pin_list>
<pin id="17" dir="1" index="0" bw="1" slack="2147483647"/>
</pin_list>
<bind>
<StgValue><ssdm name="_ssdm_op_SpecInterface"/></StgValue>
</bind>
</comp>

<comp id="18" class="1001" name="const_18">
<pin_list>
<pin id="19" dir="1" index="0" bw="1" slack="2147483647"/>
</pin_list>
<bind>
<StgValue><ssdm name="ap_fifo_str"/></StgValue>
</bind>
</comp>

<comp id="20" class="1001" name="const_20">
<pin_list>
<pin id="21" dir="1" index="0" bw="1" slack="2147483647"/>
</pin_list>
<bind>
<StgValue><ssdm name=""/></StgValue>
</bind>
</comp>

<comp id="22" class="1001" name="const_22">
<pin_list>
<pin id="23" dir="1" index="0" bw="1" slack="2147483647"/>
</pin_list>
<bind>
<StgValue><ssdm name="p_str"/></StgValue>
</bind>
</comp>

<comp id="24" class="1001" name="const_24">
<pin_list>
<pin id="25" dir="1" index="0" bw="1" slack="2147483647"/>
</pin_list>
<bind>
<StgValue><ssdm name=""/></StgValue>
</bind>
</comp>

<comp id="26" class="1001" name="const_26">
<pin_list>
<pin id="27" dir="1" index="0" bw="1" slack="2147483647"/>
</pin_list>
<bind>
<StgValue><ssdm name=""/></StgValue>
</bind>
</comp>

<comp id="28" class="1001" name="const_28">
<pin_list>
<pin id="29" dir="1" index="0" bw="1" slack="2147483647"/>
</pin_list>
<bind>
<StgValue><ssdm name="ScalarProp_str"/></StgValue>
</bind>
</comp>

<comp id="30" class="1001" name="const_30">
<pin_list>
<pin id="31" dir="1" index="0" bw="1" slack="0"/>
</pin_list>
<bind>
<StgValue><ssdm name="_ssdm_op_Read.ap_fifo.i32P0A"/></StgValue>
</bind>
</comp>

<comp id="32" class="1001" name="const_32">
<pin_list>
<pin id="33" dir="1" index="0" bw="1" slack="0"/>
</pin_list>
<bind>
<StgValue><ssdm name="_ssdm_op_Read.ap_fifo.i10P0A"/></StgValue>
</bind>
</comp>

<comp id="34" class="1001" name="const_34">
<pin_list>
<pin id="35" dir="1" index="0" bw="1" slack="0"/>
</pin_list>
<bind>
<StgValue><ssdm name="_ssdm_op_Write.ap_fifo.i32P0A"/></StgValue>
</bind>
</comp>

<comp id="36" class="1001" name="const_36">
<pin_list>
<pin id="37" dir="1" index="0" bw="1" slack="0"/>
</pin_list>
<bind>
<StgValue><ssdm name="_ssdm_op_Write.ap_fifo.i10P0A"/></StgValue>
</bind>
</comp>

<comp id="38" class="1001" name="const_38">
<pin_list>
<pin id="39" dir="1" index="0" bw="1" slack="0"/>
</pin_list>
<bind>
<StgValue><ssdm name=""/></StgValue>
</bind>
</comp>

<comp id="40" class="1001" name="const_40">
<pin_list>
<pin id="41" dir="1" index="0" bw="1" slack="1"/>
</pin_list>
<bind>
<StgValue><ssdm name=""/></StgValue>
</bind>
</comp>

<comp id="42" class="1001" name="const_42">
<pin_list>
<pin id="43" dir="1" index="0" bw="1" slack="0"/>
</pin_list>
<bind>
<StgValue><ssdm name=""/></StgValue>
</bind>
</comp>

<comp id="44" class="1001" name="const_44">
<pin_list>
<pin id="45" dir="1" index="0" bw="1" slack="0"/>
</pin_list>
<bind>
<StgValue><ssdm name=""/></StgValue>
</bind>
</comp>

<comp id="46" class="1001" name="const_46">
<pin_list>
<pin id="47" dir="1" index="0" bw="1" slack="2147483647"/>
</pin_list>
<bind>
<StgValue><ssdm name="_ssdm_op_SpecLoopTripCount"/></StgValue>
</bind>
</comp>

<comp id="48" class="1001" name="const_48">
<pin_list>
<pin id="49" dir="1" index="0" bw="1" slack="2147483647"/>
</pin_list>
<bind>
<StgValue><ssdm name=""/></StgValue>
</bind>
</comp>

<comp id="50" class="1001" name="const_50">
<pin_list>
<pin id="51" dir="1" index="0" bw="1" slack="2147483647"/>
</pin_list>
<bind>
<StgValue><ssdm name="_ssdm_op_SpecPipeline"/></StgValue>
</bind>
</comp>

<comp id="52" class="1001" name="const_52">
<pin_list>
<pin id="53" dir="1" index="0" bw="1" slack="2147483647"/>
</pin_list>
<bind>
<StgValue><ssdm name=""/></StgValue>
</bind>
</comp>

<comp id="54" class="1001" name="const_54">
<pin_list>
<pin id="55" dir="1" index="0" bw="1" slack="2147483647"/>
</pin_list>
<bind>
<StgValue><ssdm name="empty_32"/></StgValue>
</bind>
</comp>

<comp id="56" class="1001" name="const_56">
<pin_list>
<pin id="57" dir="1" index="0" bw="1" slack="2147483647"/>
</pin_list>
<bind>
<StgValue><ssdm name="_ssdm_op_SpecLoopName"/></StgValue>
</bind>
</comp>

<comp id="58" class="1001" name="const_58">
<pin_list>
<pin id="59" dir="1" index="0" bw="1" slack="2147483647"/>
</pin_list>
<bind>
<StgValue><ssdm name="empty_35"/></StgValue>
</bind>
</comp>

<comp id="60" class="1001" name="const_60">
<pin_list>
<pin id="61" dir="1" index="0" bw="1" slack="0"/>
</pin_list>
<bind>
<StgValue><ssdm name="_ssdm_op_Read.ap_fifo.volatile.i32P0A"/></StgValue>
</bind>
</comp>

<comp id="62" class="1001" name="const_62">
<pin_list>
<pin id="63" dir="1" index="0" bw="1" slack="0"/>
</pin_list>
<bind>
<StgValue><ssdm name="_ssdm_op_BitConcatenate.i54.i32.i22"/></StgValue>
</bind>
</comp>

<comp id="64" class="1001" name="const_64">
<pin_list>
<pin id="65" dir="1" index="0" bw="1" slack="0"/>
</pin_list>
<bind>
<StgValue><ssdm name=""/></StgValue>
</bind>
</comp>

<comp id="66" class="1001" name="const_66">
<pin_list>
<pin id="67" dir="1" index="0" bw="1" slack="0"/>
</pin_list>
<bind>
<StgValue><ssdm name="_ssdm_op_PartSelect.i32.i54.i32.i32"/></StgValue>
</bind>
</comp>

<comp id="68" class="1001" name="const_68">
<pin_list>
<pin id="69" dir="1" index="0" bw="1" slack="0"/>
</pin_list>
<bind>
<StgValue><ssdm name=""/></StgValue>
</bind>
</comp>

<comp id="70" class="1001" name="const_70">
<pin_list>
<pin id="71" dir="1" index="0" bw="1" slack="0"/>
</pin_list>
<bind>
<StgValue><ssdm name=""/></StgValue>
</bind>
</comp>

<comp id="72" class="1001" name="const_72">
<pin_list>
<pin id="73" dir="1" index="0" bw="1" slack="0"/>
</pin_list>
<bind>
<StgValue><ssdm name="_ssdm_op_Write.ap_fifo.volatile.i32P0A"/></StgValue>
</bind>
</comp>

<comp id="74" class="1001" name="const_74">
<pin_list>
<pin id="75" dir="1" index="0" bw="1" slack="0"/>
</pin_list>
<bind>
<StgValue><ssdm name="_ssdm_op_BitSelect.i1.i32.i32"/></StgValue>
</bind>
</comp>

<comp id="76" class="1001" name="const_76">
<pin_list>
<pin id="77" dir="1" index="0" bw="1" slack="0"/>
</pin_list>
<bind>
<StgValue><ssdm name=""/></StgValue>
</bind>
</comp>

<comp id="78" class="1001" name="const_78">
<pin_list>
<pin id="79" dir="1" index="0" bw="1" slack="0"/>
</pin_list>
<bind>
<StgValue><ssdm name=""/></StgValue>
</bind>
</comp>

<comp id="80" class="1004" name="mlp_1_bias_V_load_loc_read_read_fu_80">
<pin_list>
<pin id="81" dir="0" index="0" bw="32" slack="0"/>
<pin id="82" dir="0" index="1" bw="32" slack="0"/>
<pin id="83" dir="1" index="2" bw="32" slack="0"/>
</pin_list>
<bind>
<opcode="read(1150) " fcode="read"/>
<opset="mlp_1_bias_V_load_loc_read/1 "/>
</bind>
</comp>

<comp id="86" class="1004" name="d_out_read_read_fu_86">
<pin_list>
<pin id="87" dir="0" index="0" bw="10" slack="0"/>
<pin id="88" dir="0" index="1" bw="10" slack="0"/>
<pin id="89" dir="1" index="2" bw="10" slack="0"/>
</pin_list>
<bind>
<opcode="read(1150) " fcode="read"/>
<opset="d_out_read/1 "/>
</bind>
</comp>

<comp id="92" class="1004" name="write_ln113_write_fu_92">
<pin_list>
<pin id="93" dir="0" index="0" bw="0" slack="0"/>
<pin id="94" dir="0" index="1" bw="32" slack="0"/>
<pin id="95" dir="0" index="2" bw="32" slack="0"/>
<pin id="96" dir="1" index="3" bw="0" slack="2147483647"/>
</pin_list>
<bind>
<opcode="write(1151) " fcode="write"/>
<opset="write_ln113/1 "/>
</bind>
</comp>

<comp id="100" class="1004" name="write_ln113_write_fu_100">
<pin_list>
<pin id="101" dir="0" index="0" bw="0" slack="0"/>
<pin id="102" dir="0" index="1" bw="10" slack="0"/>
<pin id="103" dir="0" index="2" bw="10" slack="0"/>
<pin id="104" dir="1" index="3" bw="0" slack="2147483647"/>
</pin_list>
<bind>
<opcode="write(1151) " fcode="write"/>
<opset="write_ln113/1 "/>
</bind>
</comp>

<comp id="108" class="1004" name="w_V_read_fu_108">
<pin_list>
<pin id="109" dir="0" index="0" bw="32" slack="0"/>
<pin id="110" dir="0" index="1" bw="32" slack="0"/>
<pin id="111" dir="1" index="2" bw="32" slack="0"/>
</pin_list>
<bind>
<opcode="read(1150) " fcode="read"/>
<opset="w_V/3 "/>
</bind>
</comp>

<comp id="114" class="1004" name="write_ln174_write_fu_114">
<pin_list>
<pin id="115" dir="0" index="0" bw="0" slack="0"/>
<pin id="116" dir="0" index="1" bw="32" slack="0"/>
<pin id="117" dir="0" index="2" bw="32" slack="0"/>
<pin id="118" dir="1" index="3" bw="0" slack="2147483647"/>
</pin_list>
<bind>
<opcode="write(1151) " fcode="write"/>
<opset="write_ln174/3 "/>
</bind>
</comp>

<comp id="122" class="1004" name="mlp_out_local28_addr_gep_fu_122">
<pin_list>
<pin id="123" dir="0" index="0" bw="31" slack="0"/>
<pin id="124" dir="0" index="1" bw="1" slack="0"/>
<pin id="125" dir="0" index="2" bw="10" slack="0"/>
<pin id="126" dir="1" index="3" bw="10" slack="2"/>
</pin_list>
<bind>
<opcode="getelementptr(29) " fcode="getelementptr"/>
<opset="mlp_out_local28_addr/1 "/>
</bind>
</comp>

<comp id="129" class="1004" name="mlp_in_local13_addr_gep_fu_129">
<pin_list>
<pin id="130" dir="0" index="0" bw="32" slack="0"/>
<pin id="131" dir="0" index="1" bw="1" slack="0"/>
<pin id="132" dir="0" index="2" bw="9" slack="0"/>
<pin id="133" dir="1" index="3" bw="9" slack="0"/>
</pin_list>
<bind>
<opcode="getelementptr(29) " fcode="getelementptr"/>
<opset="mlp_in_local13_addr/2 "/>
</bind>
</comp>

<comp id="136" class="1004" name="grp_access_fu_136">
<pin_list>
<pin id="137" dir="0" index="0" bw="9" slack="0"/>
<pin id="138" dir="0" index="1" bw="32" slack="2147483647"/>
<pin id="139" dir="0" index="2" bw="0" slack="2147483647"/>
<pin id="140" dir="1" index="3" bw="32" slack="0"/>
</pin_list>
<bind>
<opcode="load(27) " fcode="load"/>
<opset="mlp_in_local13_load/2 "/>
</bind>
</comp>

<comp id="142" class="1004" name="store_ln92_access_fu_142">
<pin_list>
<pin id="143" dir="0" index="0" bw="10" slack="2"/>
<pin id="144" dir="0" index="1" bw="31" slack="0"/>
<pin id="145" dir="0" index="2" bw="0" slack="2147483647"/>
<pin id="146" dir="1" index="3" bw="31" slack="2147483647"/>
</pin_list>
<bind>
<opcode="store(28) " fcode="store"/>
<opset="store_ln92/4 "/>
</bind>
</comp>

<comp id="147" class="1005" name="i_reg_147">
<pin_list>
<pin id="148" dir="0" index="0" bw="9" slack="1"/>
<pin id="149" dir="1" index="1" bw="9" slack="1"/>
</pin_list>
<bind>
<opset="i (phireg) "/>
</bind>
</comp>

<comp id="151" class="1004" name="i_phi_fu_151">
<pin_list>
<pin id="152" dir="0" index="0" bw="1" slack="1"/>
<pin id="153" dir="0" index="1" bw="0" slack="2147483647"/>
<pin id="154" dir="0" index="2" bw="9" slack="0"/>
<pin id="155" dir="0" index="3" bw="0" slack="2147483647"/>
<pin id="156" dir="1" index="4" bw="9" slack="0"/>
</pin_list>
<bind>
<opcode="phi(47) " fcode="phi"/>
<opset="i/2 "/>
</bind>
</comp>

<comp id="158" class="1005" name="lhs_reg_158">
<pin_list>
<pin id="159" dir="0" index="0" bw="32" slack="1"/>
<pin id="160" dir="1" index="1" bw="32" slack="1"/>
</pin_list>
<bind>
<opset="lhs (phireg) "/>
</bind>
</comp>

<comp id="161" class="1004" name="lhs_phi_fu_161">
<pin_list>
<pin id="162" dir="0" index="0" bw="32" slack="1"/>
<pin id="163" dir="0" index="1" bw="0" slack="2147483647"/>
<pin id="164" dir="0" index="2" bw="32" slack="1"/>
<pin id="165" dir="0" index="3" bw="0" slack="2147483647"/>
<pin id="166" dir="1" index="4" bw="32" slack="1"/>
</pin_list>
<bind>
<opcode="phi(47) " fcode="phi"/>
<opset="lhs/2 "/>
</bind>
</comp>

<comp id="168" class="1004" name="zext_ln85_fu_168">
<pin_list>
<pin id="169" dir="0" index="0" bw="10" slack="0"/>
<pin id="170" dir="1" index="1" bw="64" slack="0"/>
</pin_list>
<bind>
<opcode="zext(34) " fcode="zext"/>
<opset="zext_ln85/1 "/>
</bind>
</comp>

<comp id="173" class="1004" name="add_ln86_fu_173">
<pin_list>
<pin id="174" dir="0" index="0" bw="9" slack="0"/>
<pin id="175" dir="0" index="1" bw="1" slack="0"/>
<pin id="176" dir="1" index="2" bw="9" slack="0"/>
</pin_list>
<bind>
<opcode="add(8) " fcode="add"/>
<opset="add_ln86/2 "/>
</bind>
</comp>

<comp id="179" class="1004" name="icmp_ln86_fu_179">
<pin_list>
<pin id="180" dir="0" index="0" bw="9" slack="0"/>
<pin id="181" dir="0" index="1" bw="9" slack="0"/>
<pin id="182" dir="1" index="2" bw="1" slack="1"/>
</pin_list>
<bind>
<opcode="icmp(45) " fcode="icmp"/>
<opset="icmp_ln86/2 "/>
</bind>
</comp>

<comp id="185" class="1004" name="zext_ln86_fu_185">
<pin_list>
<pin id="186" dir="0" index="0" bw="9" slack="0"/>
<pin id="187" dir="1" index="1" bw="64" slack="0"/>
</pin_list>
<bind>
<opcode="zext(34) " fcode="zext"/>
<opset="zext_ln86/2 "/>
</bind>
</comp>

<comp id="190" class="1004" name="sext_ln1115_fu_190">
<pin_list>
<pin id="191" dir="0" index="0" bw="32" slack="0"/>
<pin id="192" dir="1" index="1" bw="54" slack="0"/>
</pin_list>
<bind>
<opcode="sext(35) " fcode="sext"/>
<opset="sext_ln1115/3 "/>
</bind>
</comp>

<comp id="194" class="1004" name="sext_ln1118_fu_194">
<pin_list>
<pin id="195" dir="0" index="0" bw="32" slack="0"/>
<pin id="196" dir="1" index="1" bw="54" slack="0"/>
</pin_list>
<bind>
<opcode="sext(35) " fcode="sext"/>
<opset="sext_ln1118/3 "/>
</bind>
</comp>

<comp id="198" class="1004" name="r_V_20_fu_198">
<pin_list>
<pin id="199" dir="0" index="0" bw="32" slack="0"/>
<pin id="200" dir="0" index="1" bw="32" slack="0"/>
<pin id="201" dir="1" index="2" bw="54" slack="0"/>
</pin_list>
<bind>
<opcode="mul(12) " fcode="mul"/>
<opset="r_V_20/3 "/>
</bind>
</comp>

<comp id="204" class="1004" name="lhs_20_fu_204">
<pin_list>
<pin id="205" dir="0" index="0" bw="54" slack="0"/>
<pin id="206" dir="0" index="1" bw="32" slack="1"/>
<pin id="207" dir="0" index="2" bw="1" slack="0"/>
<pin id="208" dir="1" index="3" bw="54" slack="0"/>
</pin_list>
<bind>
<opcode="bitconcatenate(1004) " fcode="bitconcatenate"/>
<opset="lhs_20/3 "/>
</bind>
</comp>

<comp id="212" class="1004" name="ret_V_fu_212">
<pin_list>
<pin id="213" dir="0" index="0" bw="54" slack="0"/>
<pin id="214" dir="0" index="1" bw="54" slack="0"/>
<pin id="215" dir="1" index="2" bw="54" slack="0"/>
</pin_list>
<bind>
<opcode="add(8) " fcode="add"/>
<opset="ret_V/3 "/>
</bind>
</comp>

<comp id="218" class="1004" name="trunc_ln7_fu_218">
<pin_list>
<pin id="219" dir="0" index="0" bw="32" slack="0"/>
<pin id="220" dir="0" index="1" bw="54" slack="0"/>
<pin id="221" dir="0" index="2" bw="6" slack="0"/>
<pin id="222" dir="0" index="3" bw="7" slack="0"/>
<pin id="223" dir="1" index="4" bw="32" slack="1"/>
</pin_list>
<bind>
<opcode="partselect(1002) " fcode="partselect"/>
<opset="trunc_ln7/3 "/>
</bind>
</comp>

<comp id="228" class="1004" name="trunc_ln86_fu_228">
<pin_list>
<pin id="229" dir="0" index="0" bw="32" slack="1"/>
<pin id="230" dir="1" index="1" bw="31" slack="0"/>
</pin_list>
<bind>
<opcode="trunc(33) " fcode="trunc"/>
<opset="trunc_ln86/4 "/>
</bind>
</comp>

<comp id="232" class="1004" name="tmp_fu_232">
<pin_list>
<pin id="233" dir="0" index="0" bw="1" slack="0"/>
<pin id="234" dir="0" index="1" bw="32" slack="1"/>
<pin id="235" dir="0" index="2" bw="6" slack="0"/>
<pin id="236" dir="1" index="3" bw="1" slack="0"/>
</pin_list>
<bind>
<opcode="bitselect(1000) " fcode="bitselect"/>
<opset="tmp/4 "/>
</bind>
</comp>

<comp id="240" class="1004" name="select_ln92_fu_240">
<pin_list>
<pin id="241" dir="0" index="0" bw="1" slack="0"/>
<pin id="242" dir="0" index="1" bw="1" slack="0"/>
<pin id="243" dir="0" index="2" bw="31" slack="0"/>
<pin id="244" dir="1" index="3" bw="31" slack="0"/>
</pin_list>
<bind>
<opcode="select(49) " fcode="select"/>
<opset="select_ln92/4 "/>
</bind>
</comp>

<comp id="249" class="1005" name="mlp_1_bias_V_load_loc_read_reg_249">
<pin_list>
<pin id="250" dir="0" index="0" bw="32" slack="1"/>
<pin id="251" dir="1" index="1" bw="32" slack="1"/>
</pin_list>
<bind>
<opset="mlp_1_bias_V_load_loc_read "/>
</bind>
</comp>

<comp id="254" class="1005" name="mlp_out_local28_addr_reg_254">
<pin_list>
<pin id="255" dir="0" index="0" bw="10" slack="2"/>
<pin id="256" dir="1" index="1" bw="10" slack="2"/>
</pin_list>
<bind>
<opset="mlp_out_local28_addr "/>
</bind>
</comp>

<comp id="259" class="1005" name="add_ln86_reg_259">
<pin_list>
<pin id="260" dir="0" index="0" bw="9" slack="0"/>
<pin id="261" dir="1" index="1" bw="9" slack="0"/>
</pin_list>
<bind>
<opset="add_ln86 "/>
</bind>
</comp>

<comp id="264" class="1005" name="icmp_ln86_reg_264">
<pin_list>
<pin id="265" dir="0" index="0" bw="1" slack="1"/>
<pin id="266" dir="1" index="1" bw="1" slack="2147483647"/>
</pin_list>
<bind>
<opset="icmp_ln86 "/>
</bind>
</comp>

<comp id="268" class="1005" name="mlp_in_local13_addr_reg_268">
<pin_list>
<pin id="269" dir="0" index="0" bw="9" slack="1"/>
<pin id="270" dir="1" index="1" bw="9" slack="1"/>
</pin_list>
<bind>
<opset="mlp_in_local13_addr "/>
</bind>
</comp>

<comp id="273" class="1005" name="trunc_ln7_reg_273">
<pin_list>
<pin id="274" dir="0" index="0" bw="32" slack="1"/>
<pin id="275" dir="1" index="1" bw="32" slack="1"/>
</pin_list>
<bind>
<opset="trunc_ln7 "/>
</bind>
</comp>

</comp_list>

<net_list>
<net id="84"><net_src comp="30" pin="0"/><net_sink comp="80" pin=0"/></net>

<net id="85"><net_src comp="4" pin="0"/><net_sink comp="80" pin=1"/></net>

<net id="90"><net_src comp="32" pin="0"/><net_sink comp="86" pin=0"/></net>

<net id="91"><net_src comp="10" pin="0"/><net_sink comp="86" pin=1"/></net>

<net id="97"><net_src comp="34" pin="0"/><net_sink comp="92" pin=0"/></net>

<net id="98"><net_src comp="12" pin="0"/><net_sink comp="92" pin=1"/></net>

<net id="99"><net_src comp="80" pin="2"/><net_sink comp="92" pin=2"/></net>

<net id="105"><net_src comp="36" pin="0"/><net_sink comp="100" pin=0"/></net>

<net id="106"><net_src comp="14" pin="0"/><net_sink comp="100" pin=1"/></net>

<net id="107"><net_src comp="86" pin="2"/><net_sink comp="100" pin=2"/></net>

<net id="112"><net_src comp="60" pin="0"/><net_sink comp="108" pin=0"/></net>

<net id="113"><net_src comp="0" pin="0"/><net_sink comp="108" pin=1"/></net>

<net id="119"><net_src comp="72" pin="0"/><net_sink comp="114" pin=0"/></net>

<net id="120"><net_src comp="2" pin="0"/><net_sink comp="114" pin=1"/></net>

<net id="121"><net_src comp="108" pin="2"/><net_sink comp="114" pin=2"/></net>

<net id="127"><net_src comp="8" pin="0"/><net_sink comp="122" pin=0"/></net>

<net id="128"><net_src comp="38" pin="0"/><net_sink comp="122" pin=1"/></net>

<net id="134"><net_src comp="6" pin="0"/><net_sink comp="129" pin=0"/></net>

<net id="135"><net_src comp="38" pin="0"/><net_sink comp="129" pin=1"/></net>

<net id="141"><net_src comp="129" pin="3"/><net_sink comp="136" pin=0"/></net>

<net id="150"><net_src comp="40" pin="0"/><net_sink comp="147" pin=0"/></net>

<net id="157"><net_src comp="147" pin="1"/><net_sink comp="151" pin=0"/></net>

<net id="167"><net_src comp="161" pin="4"/><net_sink comp="158" pin=0"/></net>

<net id="171"><net_src comp="86" pin="2"/><net_sink comp="168" pin=0"/></net>

<net id="172"><net_src comp="168" pin="1"/><net_sink comp="122" pin=2"/></net>

<net id="177"><net_src comp="151" pin="4"/><net_sink comp="173" pin=0"/></net>

<net id="178"><net_src comp="42" pin="0"/><net_sink comp="173" pin=1"/></net>

<net id="183"><net_src comp="151" pin="4"/><net_sink comp="179" pin=0"/></net>

<net id="184"><net_src comp="44" pin="0"/><net_sink comp="179" pin=1"/></net>

<net id="188"><net_src comp="151" pin="4"/><net_sink comp="185" pin=0"/></net>

<net id="189"><net_src comp="185" pin="1"/><net_sink comp="129" pin=2"/></net>

<net id="193"><net_src comp="108" pin="2"/><net_sink comp="190" pin=0"/></net>

<net id="197"><net_src comp="136" pin="3"/><net_sink comp="194" pin=0"/></net>

<net id="202"><net_src comp="194" pin="1"/><net_sink comp="198" pin=0"/></net>

<net id="203"><net_src comp="190" pin="1"/><net_sink comp="198" pin=1"/></net>

<net id="209"><net_src comp="62" pin="0"/><net_sink comp="204" pin=0"/></net>

<net id="210"><net_src comp="158" pin="1"/><net_sink comp="204" pin=1"/></net>

<net id="211"><net_src comp="64" pin="0"/><net_sink comp="204" pin=2"/></net>

<net id="216"><net_src comp="198" pin="2"/><net_sink comp="212" pin=0"/></net>

<net id="217"><net_src comp="204" pin="3"/><net_sink comp="212" pin=1"/></net>

<net id="224"><net_src comp="66" pin="0"/><net_sink comp="218" pin=0"/></net>

<net id="225"><net_src comp="212" pin="2"/><net_sink comp="218" pin=1"/></net>

<net id="226"><net_src comp="68" pin="0"/><net_sink comp="218" pin=2"/></net>

<net id="227"><net_src comp="70" pin="0"/><net_sink comp="218" pin=3"/></net>

<net id="231"><net_src comp="158" pin="1"/><net_sink comp="228" pin=0"/></net>

<net id="237"><net_src comp="74" pin="0"/><net_sink comp="232" pin=0"/></net>

<net id="238"><net_src comp="158" pin="1"/><net_sink comp="232" pin=1"/></net>

<net id="239"><net_src comp="76" pin="0"/><net_sink comp="232" pin=2"/></net>

<net id="245"><net_src comp="232" pin="3"/><net_sink comp="240" pin=0"/></net>

<net id="246"><net_src comp="78" pin="0"/><net_sink comp="240" pin=1"/></net>

<net id="247"><net_src comp="228" pin="1"/><net_sink comp="240" pin=2"/></net>

<net id="248"><net_src comp="240" pin="3"/><net_sink comp="142" pin=1"/></net>

<net id="252"><net_src comp="80" pin="2"/><net_sink comp="249" pin=0"/></net>

<net id="253"><net_src comp="249" pin="1"/><net_sink comp="161" pin=0"/></net>

<net id="257"><net_src comp="122" pin="3"/><net_sink comp="254" pin=0"/></net>

<net id="258"><net_src comp="254" pin="1"/><net_sink comp="142" pin=0"/></net>

<net id="262"><net_src comp="173" pin="2"/><net_sink comp="259" pin=0"/></net>

<net id="263"><net_src comp="259" pin="1"/><net_sink comp="151" pin=2"/></net>

<net id="267"><net_src comp="179" pin="2"/><net_sink comp="264" pin=0"/></net>

<net id="271"><net_src comp="129" pin="3"/><net_sink comp="268" pin=0"/></net>

<net id="272"><net_src comp="268" pin="1"/><net_sink comp="136" pin=0"/></net>

<net id="276"><net_src comp="218" pin="4"/><net_sink comp="273" pin=0"/></net>

<net id="277"><net_src comp="273" pin="1"/><net_sink comp="161" pin=2"/></net>

</net_list>

</model> 
---------------- Datapath Model END ------------------

* FSMD analyzer results:
  - Output states:
	Port: mlp_weight_fifo_14_V_V | {3 }
	Port: mlp_out_local28 | {4 }
	Port: mlp_1_bias_V_load_loc_out | {1 }
	Port: d_out_out | {1 }
 - Input state : 
	Port: MLP_PE<300, 600>55 : mlp_weight_fifo_13_V_V | {3 }
	Port: MLP_PE<300, 600>55 : mlp_1_bias_V_load_loc | {1 }
	Port: MLP_PE<300, 600>55 : mlp_in_local13 | {2 3 }
	Port: MLP_PE<300, 600>55 : d_out | {1 }
  - Chain level:
	State 1
		mlp_out_local28_addr : 1
	State 2
		add_ln86 : 1
		icmp_ln86 : 1
		br_ln86 : 2
		zext_ln86 : 1
		mlp_in_local13_addr : 2
		mlp_in_local13_load : 3
	State 3
		sext_ln1118 : 1
		r_V_20 : 2
		ret_V : 3
		trunc_ln7 : 4
	State 4
		select_ln92 : 1
		store_ln92 : 2


============================================================
+ Verbose Summary: Datapath Resource usage 
============================================================

* Functional unit list:
|----------|---------------------------------------|---------|---------|---------|
| Operation|            Functional Unit            |   DSP   |    FF   |   LUT   |
|----------|---------------------------------------|---------|---------|---------|
|    add   |            add_ln86_fu_173            |    0    |    0    |    16   |
|          |              ret_V_fu_212             |    0    |    0    |    61   |
|----------|---------------------------------------|---------|---------|---------|
|  select  |           select_ln92_fu_240          |    0    |    0    |    31   |
|----------|---------------------------------------|---------|---------|---------|
|    mul   |             r_V_20_fu_198             |    0    |    0    |    20   |
|----------|---------------------------------------|---------|---------|---------|
|   icmp   |            icmp_ln86_fu_179           |    0    |    0    |    11   |
|----------|---------------------------------------|---------|---------|---------|
|          | mlp_1_bias_V_load_loc_read_read_fu_80 |    0    |    0    |    0    |
|   read   |         d_out_read_read_fu_86         |    0    |    0    |    0    |
|          |            w_V_read_fu_108            |    0    |    0    |    0    |
|----------|---------------------------------------|---------|---------|---------|
|          |        write_ln113_write_fu_92        |    0    |    0    |    0    |
|   write  |        write_ln113_write_fu_100       |    0    |    0    |    0    |
|          |        write_ln174_write_fu_114       |    0    |    0    |    0    |
|----------|---------------------------------------|---------|---------|---------|
|   zext   |            zext_ln85_fu_168           |    0    |    0    |    0    |
|          |            zext_ln86_fu_185           |    0    |    0    |    0    |
|----------|---------------------------------------|---------|---------|---------|
|   sext   |           sext_ln1115_fu_190          |    0    |    0    |    0    |
|          |           sext_ln1118_fu_194          |    0    |    0    |    0    |
|----------|---------------------------------------|---------|---------|---------|
|bitconcatenate|             lhs_20_fu_204             |    0    |    0    |    0    |
|----------|---------------------------------------|---------|---------|---------|
|partselect|            trunc_ln7_fu_218           |    0    |    0    |    0    |
|----------|---------------------------------------|---------|---------|---------|
|   trunc  |           trunc_ln86_fu_228           |    0    |    0    |    0    |
|----------|---------------------------------------|---------|---------|---------|
| bitselect|               tmp_fu_232              |    0    |    0    |    0    |
|----------|---------------------------------------|---------|---------|---------|
|   Total  |                                       |    0    |    0    |   139   |
|----------|---------------------------------------|---------|---------|---------|

Memories:
N/A

* Register list:
+----------------------------------+--------+
|                                  |   FF   |
+----------------------------------+--------+
|         add_ln86_reg_259         |    9   |
|             i_reg_147            |    9   |
|         icmp_ln86_reg_264        |    1   |
|            lhs_reg_158           |   32   |
|mlp_1_bias_V_load_loc_read_reg_249|   32   |
|    mlp_in_local13_addr_reg_268   |    9   |
|   mlp_out_local28_addr_reg_254   |   10   |
|         trunc_ln7_reg_273        |   32   |
+----------------------------------+--------+
|               Total              |   134  |
+----------------------------------+--------+

* Multiplexer (MUX) list: 
|-------------------|------|------|------|--------||---------||---------|
|        Comp       |  Pin | Size |  BW  | S x BW ||  Delay  ||   LUT   |
|-------------------|------|------|------|--------||---------||---------|
| grp_access_fu_136 |  p0  |   2  |   9  |   18   ||    9    |
|-------------------|------|------|------|--------||---------||---------|
|       Total       |      |      |      |   18   ||  0.387  ||    9    |
|-------------------|------|------|------|--------||---------||---------|



* Summary:
+-----------+--------+--------+--------+--------+
|           |   DSP  |  Delay |   FF   |   LUT  |
+-----------+--------+--------+--------+--------+
|  Function |    0   |    -   |    0   |   139  |
|   Memory  |    -   |    -   |    -   |    -   |
|Multiplexer|    -   |    0   |    -   |    9   |
|  Register |    -   |    -   |   134  |    -   |
+-----------+--------+--------+--------+--------+
|   Total   |    0   |    0   |   134  |   148  |
+-----------+--------+--------+--------+--------+
