

================================================================
== Vitis HLS Report for 'MLP_PE_300_600_48'
================================================================
* Date:           Mon Apr 12 19:26:48 2021

* Version:        2020.2 (Build 3064766 on Wed Nov 18 09:12:47 MST 2020)
* Project:        project_1
* Solution:       solution1 (Vivado IP Flow Target)
* Product family: virtexuplus
* Target device:  xcu280-fsvh2892-2L-e


================================================================
== Performance Estimates
================================================================
+ Timing: 
    * Summary: 
    +--------+----------+----------+------------+
    |  Clock |  Target  | Estimated| Uncertainty|
    +--------+----------+----------+------------+
    |ap_clk  |  10.00 ns|  5.580 ns|     2.70 ns|
    +--------+----------+----------+------------+

+ Latency: 
    * Summary: 
    +---------+---------+----------+----------+-----+-----+---------+
    |  Latency (cycles) |  Latency (absolute) |  Interval | Pipeline|
    |   min   |   max   |    min   |    max   | min | max |   Type  |
    +---------+---------+----------+----------+-----+-----+---------+
    |      302|      302|  3.020 us|  3.020 us|  302|  302|     none|
    +---------+---------+----------+----------+-----+-----+---------+

    + Detail: 
        * Instance: 
        N/A

        * Loop: 
        +-------------------+---------+---------+----------+-----------+-----------+------+----------+
        |                   |  Latency (cycles) | Iteration|  Initiation Interval  | Trip |          |
        |     Loop Name     |   min   |   max   |  Latency |  achieved |   target  | Count| Pipelined|
        +-------------------+---------+---------+----------+-----------+-----------+------+----------+
        |- VITIS_LOOP_86_1  |      300|      300|         2|          1|          1|   300|       yes|
        +-------------------+---------+---------+----------+-----------+-----------+------+----------+

============================================================
+ Verbose Summary: Synthesis Manager
============================================================
InlineROM: 1
ExposeGlobal: 0
============================================================
+ Verbose Summary: CDFG Model
============================================================
IsTopModel: 0
ResetActiveHigh: 1
IsCombinational: 2
IsDatapathOnly: 0
HasWiredReturn: 1
HasMFsm: 0
HasVarLatency: 1
IsPipeline: 0
IsRtlPipelined: 0
IsInstanceOverlapped: 0
IsDontTouch: 0
HasImplIP: 0
IsGatedGlobalClock: 0

+ Individual pipeline summary: 
  * Pipeline-0: initiation interval (II) = 1, depth = 2


============================================================
+ Verbose Summary: Schedule
============================================================
* Number of FSM states : 4
* Pipeline : 1
  Pipeline-0 : II = 1, D = 2, States = { 2 3 }
* Dataflow Pipeline: 0

* FSM state transitions: 
1 --> 2 
2 --> 4 3 
3 --> 2 
4 --> 

* FSM state operations: 

State 1 <SV = 0> <Delay = 2.79>
ST_1 : Operation 5 [1/1] (0.00ns)   --->   "%specinterface_ln0 = specinterface void @_ssdm_op_SpecInterface, i32 %mlp_weight_fifo_6_V_V, void @ap_fifo_str, i32 0, i32 0, void @p_str, i32 0, i32 0, void @p_str, void @p_str, void @p_str, i32 2, i32 2, i32 16, i32 16, void @p_str, void @p_str"   --->   Operation 5 'specinterface' 'specinterface_ln0' <Predicate = true> <Delay = 0.00>
ST_1 : Operation 6 [1/1] (0.00ns)   --->   "%specinterface_ln0 = specinterface void @_ssdm_op_SpecInterface, i32 %mlp_weight_fifo_7_V_V, void @ap_fifo_str, i32 0, i32 0, void @p_str, i32 0, i32 0, void @p_str, void @p_str, void @p_str, i32 2, i32 2, i32 16, i32 16, void @p_str, void @p_str"   --->   Operation 6 'specinterface' 'specinterface_ln0' <Predicate = true> <Delay = 0.00>
ST_1 : Operation 7 [1/1] (0.00ns)   --->   "%specinterface_ln0 = specinterface void @_ssdm_op_SpecInterface, i10 %d_out, void @ap_fifo_str, i32 0, i32 0, void @p_str, i32 0, i32 0, void @p_str, void @p_str, void @p_str, i32 2, i32 2, i32 16, i32 16, void @p_str, void @ScalarProp_str"   --->   Operation 7 'specinterface' 'specinterface_ln0' <Predicate = true> <Delay = 0.00>
ST_1 : Operation 8 [1/1] (0.00ns)   --->   "%specinterface_ln0 = specinterface void @_ssdm_op_SpecInterface, i32 %mlp_1_bias_V_load_loc, void @ap_fifo_str, i32 0, i32 0, void @p_str, i32 0, i32 0, void @p_str, void @p_str, void @p_str, i32 2, i32 2, i32 16, i32 16, void @p_str, void @ScalarProp_str"   --->   Operation 8 'specinterface' 'specinterface_ln0' <Predicate = true> <Delay = 0.00>
ST_1 : Operation 9 [1/1] (1.39ns)   --->   "%mlp_1_bias_V_load_loc_read = read i32 @_ssdm_op_Read.ap_fifo.i32P0A, i32 %mlp_1_bias_V_load_loc"   --->   Operation 9 'read' 'mlp_1_bias_V_load_loc_read' <Predicate = true> <Delay = 1.39> <CoreInst = "FIFO_SRL">   --->   Core 81 'FIFO_SRL' <Latency = 0> <II = 1> <Delay = 1.39> <Storage> <Opcode : 'read' 'write' 'nbread' 'nbwrite'> <Ports = 0> <Width = 32> <Depth = 2> <FIFO>
ST_1 : Operation 10 [1/1] (1.34ns)   --->   "%d_out_read = read i10 @_ssdm_op_Read.ap_fifo.i10P0A, i10 %d_out" [GIN_compute.cpp:85->GIN_compute.cpp:113]   --->   Operation 10 'read' 'd_out_read' <Predicate = true> <Delay = 1.34> <CoreInst = "FIFO_SRL">   --->   Core 81 'FIFO_SRL' <Latency = 0> <II = 1> <Delay = 1.34> <Storage> <Opcode : 'read' 'write' 'nbread' 'nbwrite'> <Ports = 0> <Width = 10> <Depth = 2> <FIFO>
ST_1 : Operation 11 [1/1] (0.00ns)   --->   "%specinterface_ln0 = specinterface void @_ssdm_op_SpecInterface, i32 %mlp_1_bias_V_load_loc_out, void @ap_fifo_str, i32 0, i32 0, void @p_str, i32 0, i32 0, void @p_str, void @p_str, void @p_str, i32 2, i32 2, i32 16, i32 16, void @p_str, void @ScalarProp_str"   --->   Operation 11 'specinterface' 'specinterface_ln0' <Predicate = true> <Delay = 0.00>
ST_1 : Operation 12 [1/1] (1.39ns)   --->   "%write_ln113 = write void @_ssdm_op_Write.ap_fifo.i32P0A, i32 %mlp_1_bias_V_load_loc_out, i32 %mlp_1_bias_V_load_loc_read" [GIN_compute.cpp:113]   --->   Operation 12 'write' 'write_ln113' <Predicate = true> <Delay = 1.39> <CoreInst = "FIFO_SRL">   --->   Core 81 'FIFO_SRL' <Latency = 0> <II = 1> <Delay = 1.39> <Storage> <Opcode : 'read' 'write' 'nbread' 'nbwrite'> <Ports = 0> <Width = 32> <Depth = 2> <FIFO>
ST_1 : Operation 13 [1/1] (0.00ns)   --->   "%specinterface_ln0 = specinterface void @_ssdm_op_SpecInterface, i10 %d_out_out, void @ap_fifo_str, i32 0, i32 0, void @p_str, i32 0, i32 0, void @p_str, void @p_str, void @p_str, i32 2, i32 2, i32 16, i32 16, void @p_str, void @ScalarProp_str"   --->   Operation 13 'specinterface' 'specinterface_ln0' <Predicate = true> <Delay = 0.00>
ST_1 : Operation 14 [1/1] (1.34ns)   --->   "%write_ln113 = write void @_ssdm_op_Write.ap_fifo.i10P0A, i10 %d_out_out, i10 %d_out_read" [GIN_compute.cpp:113]   --->   Operation 14 'write' 'write_ln113' <Predicate = true> <Delay = 1.34> <CoreInst = "FIFO_SRL">   --->   Core 81 'FIFO_SRL' <Latency = 0> <II = 1> <Delay = 1.34> <Storage> <Opcode : 'read' 'write' 'nbread' 'nbwrite'> <Ports = 0> <Width = 10> <Depth = 2> <FIFO>
ST_1 : Operation 15 [1/1] (0.00ns)   --->   "%specinterface_ln0 = specinterface void @_ssdm_op_SpecInterface, i32 %mlp_weight_fifo_7_V_V, void @ap_fifo_str, i32 0, i32 0, void @p_str, i32 0, i32 0, void @p_str, void @p_str, void @p_str, i32 2, i32 2, i32 16, i32 16, void @p_str, void @p_str"   --->   Operation 15 'specinterface' 'specinterface_ln0' <Predicate = true> <Delay = 0.00>
ST_1 : Operation 16 [1/1] (0.00ns)   --->   "%specinterface_ln0 = specinterface void @_ssdm_op_SpecInterface, i32 %mlp_weight_fifo_6_V_V, void @ap_fifo_str, i32 0, i32 0, void @p_str, i32 0, i32 0, void @p_str, void @p_str, void @p_str, i32 2, i32 2, i32 16, i32 16, void @p_str, void @p_str"   --->   Operation 16 'specinterface' 'specinterface_ln0' <Predicate = true> <Delay = 0.00>
ST_1 : Operation 17 [1/1] (0.00ns)   --->   "%zext_ln85 = zext i10 %d_out_read" [GIN_compute.cpp:85->GIN_compute.cpp:113->GIN_compute.cpp:113]   --->   Operation 17 'zext' 'zext_ln85' <Predicate = true> <Delay = 0.00>
ST_1 : Operation 18 [1/1] (0.00ns)   --->   "%mlp_out_local21_addr = getelementptr i31 %mlp_out_local21, i64 0, i64 %zext_ln85" [GIN_compute.cpp:85->GIN_compute.cpp:113->GIN_compute.cpp:113]   --->   Operation 18 'getelementptr' 'mlp_out_local21_addr' <Predicate = true> <Delay = 0.00>
ST_1 : Operation 19 [1/1] (0.38ns)   --->   "%br_ln86 = br void %_ZN13ap_fixed_baseILi65ELi21ELb1EL9ap_q_mode5EL9ap_o_mode3ELi0EEC2ILi32ELi10ELb1ELS0_5ELS1_3ELi0EEERKS_IXT_EXT0_EXT1_EXT2_EXT3_EXT4_EE.exit.i.i.i.i" [GIN_compute.cpp:86->GIN_compute.cpp:113->GIN_compute.cpp:113]   --->   Operation 19 'br' 'br_ln86' <Predicate = true> <Delay = 0.38>

State 2 <SV = 1> <Delay = 1.19>
ST_2 : Operation 20 [1/1] (0.00ns)   --->   "%i = phi i9 0, void %entry, i9 %add_ln86, void %_ZN13ap_fixed_baseILi65ELi21ELb1EL9ap_q_mode5EL9ap_o_mode3ELi0EEC2ILi32ELi10ELb1ELS0_5ELS1_3ELi0EEERKS_IXT_EXT0_EXT1_EXT2_EXT3_EXT4_EE.exit.i.i.split.i.i" [GIN_compute.cpp:86->GIN_compute.cpp:113->GIN_compute.cpp:113]   --->   Operation 20 'phi' 'i' <Predicate = true> <Delay = 0.00>
ST_2 : Operation 21 [1/1] (0.00ns)   --->   "%lhs = phi i32 %mlp_1_bias_V_load_loc_read, void %entry, i32 %trunc_ln, void %_ZN13ap_fixed_baseILi65ELi21ELb1EL9ap_q_mode5EL9ap_o_mode3ELi0EEC2ILi32ELi10ELb1ELS0_5ELS1_3ELi0EEERKS_IXT_EXT0_EXT1_EXT2_EXT3_EXT4_EE.exit.i.i.split.i.i" [GIN_compute.cpp:113]   --->   Operation 21 'phi' 'lhs' <Predicate = true> <Delay = 0.00>
ST_2 : Operation 22 [1/1] (0.71ns)   --->   "%add_ln86 = add i9 %i, i9 1" [GIN_compute.cpp:86->GIN_compute.cpp:113->GIN_compute.cpp:113]   --->   Operation 22 'add' 'add_ln86' <Predicate = true> <Delay = 0.71> <CoreInst = "Adder">   --->   Core 1 'Adder' <Latency = 0> <II = 1> <Delay = 1.01> <FuncUnit> <Opcode : 'add' 'sub'> <InPorts = 2> <OutPorts = 1>
ST_2 : Operation 23 [1/1] (0.59ns)   --->   "%icmp_ln86 = icmp_eq  i9 %i, i9 300" [GIN_compute.cpp:86->GIN_compute.cpp:113->GIN_compute.cpp:113]   --->   Operation 23 'icmp' 'icmp_ln86' <Predicate = true> <Delay = 0.59> <CoreInst = "Cmp">   --->   Core 9 'Cmp' <Latency = 0> <II = 1> <Delay = 0.59> <FuncUnit> <Opcode : 'icmp'> <InPorts = 2> <OutPorts = 1>
ST_2 : Operation 24 [1/1] (0.00ns)   --->   "%empty = speclooptripcount i32 @_ssdm_op_SpecLoopTripCount, i64 300, i64 300, i64 300"   --->   Operation 24 'speclooptripcount' 'empty' <Predicate = true> <Delay = 0.00>
ST_2 : Operation 25 [1/1] (0.00ns)   --->   "%br_ln86 = br i1 %icmp_ln86, void %_ZN13ap_fixed_baseILi65ELi21ELb1EL9ap_q_mode5EL9ap_o_mode3ELi0EEC2ILi32ELi10ELb1ELS0_5ELS1_3ELi0EEERKS_IXT_EXT0_EXT1_EXT2_EXT3_EXT4_EE.exit.i.i.split.i.i, void %.exit" [GIN_compute.cpp:86->GIN_compute.cpp:113->GIN_compute.cpp:113]   --->   Operation 25 'br' 'br_ln86' <Predicate = true> <Delay = 0.00>
ST_2 : Operation 26 [1/1] (0.00ns)   --->   "%zext_ln86 = zext i9 %i" [GIN_compute.cpp:86->GIN_compute.cpp:113->GIN_compute.cpp:113]   --->   Operation 26 'zext' 'zext_ln86' <Predicate = (!icmp_ln86)> <Delay = 0.00>
ST_2 : Operation 27 [1/1] (0.00ns)   --->   "%mlp_in_local6_addr = getelementptr i32 %mlp_in_local6, i64 0, i64 %zext_ln86" [GIN_compute.cpp:113]   --->   Operation 27 'getelementptr' 'mlp_in_local6_addr' <Predicate = (!icmp_ln86)> <Delay = 0.00>
ST_2 : Operation 28 [2/2] (1.19ns)   --->   "%mlp_in_local6_load = load i9 %mlp_in_local6_addr" [GIN_compute.cpp:113]   --->   Operation 28 'load' 'mlp_in_local6_load' <Predicate = (!icmp_ln86)> <Delay = 1.19> <CoreInst = "RAM">   --->   Core 83 'RAM' <Latency = 1> <II = 1> <Delay = 1.19> <Storage> <Opcode : 'load' 'store'> <Ports = 2> <Width = 32> <Depth = 300> <RAM>

State 3 <SV = 2> <Delay = 5.58>
ST_3 : Operation 29 [1/1] (0.00ns)   --->   "%specpipeline_ln86 = specpipeline void @_ssdm_op_SpecPipeline, i32 4294967295, i32 0, i32 0, i32 0, void @empty_32" [GIN_compute.cpp:86->GIN_compute.cpp:113->GIN_compute.cpp:113]   --->   Operation 29 'specpipeline' 'specpipeline_ln86' <Predicate = (!icmp_ln86)> <Delay = 0.00>
ST_3 : Operation 30 [1/1] (0.00ns)   --->   "%specloopname_ln86 = specloopname void @_ssdm_op_SpecLoopName, void @empty_35" [GIN_compute.cpp:86->GIN_compute.cpp:113->GIN_compute.cpp:113]   --->   Operation 30 'specloopname' 'specloopname_ln86' <Predicate = (!icmp_ln86)> <Delay = 0.00>
ST_3 : Operation 31 [1/1] (1.39ns)   --->   "%w_V = read i32 @_ssdm_op_Read.ap_fifo.volatile.i32P0A, i32 %mlp_weight_fifo_6_V_V" [/tools/reconfig/xilinx/Vitis_HLS/2020.2/common/technology/autopilot/hls_stream_39.h:145->GIN_compute.cpp:113]   --->   Operation 31 'read' 'w_V' <Predicate = (!icmp_ln86)> <Delay = 1.39> <CoreInst = "FIFO_SRL">   --->   Core 81 'FIFO_SRL' <Latency = 0> <II = 1> <Delay = 1.39> <Storage> <Opcode : 'read' 'write' 'nbread' 'nbwrite'> <Ports = 0> <Width = 32> <Depth = 2> <FIFO>
ST_3 : Operation 32 [1/1] (0.00ns)   --->   "%sext_ln1115 = sext i32 %w_V" [GIN_compute.cpp:113]   --->   Operation 32 'sext' 'sext_ln1115' <Predicate = (!icmp_ln86)> <Delay = 0.00>
ST_3 : Operation 33 [1/2] (1.19ns)   --->   "%mlp_in_local6_load = load i9 %mlp_in_local6_addr" [GIN_compute.cpp:113]   --->   Operation 33 'load' 'mlp_in_local6_load' <Predicate = (!icmp_ln86)> <Delay = 1.19> <CoreInst = "RAM">   --->   Core 83 'RAM' <Latency = 1> <II = 1> <Delay = 1.19> <Storage> <Opcode : 'load' 'store'> <Ports = 2> <Width = 32> <Depth = 300> <RAM>
ST_3 : Operation 34 [1/1] (0.00ns)   --->   "%sext_ln1118 = sext i32 %mlp_in_local6_load" [GIN_compute.cpp:113]   --->   Operation 34 'sext' 'sext_ln1118' <Predicate = (!icmp_ln86)> <Delay = 0.00>
ST_3 : Operation 35 [1/1] (3.17ns)   --->   "%r_V_27 = mul i54 %sext_ln1118, i54 %sext_ln1115" [GIN_compute.cpp:113]   --->   Operation 35 'mul' 'r_V_27' <Predicate = (!icmp_ln86)> <Delay = 3.17> <CoreInst = "Multiplier">   --->   Core 3 'Multiplier' <Latency = 0> <II = 1> <Delay = 3.17> <FuncUnit> <Opcode : 'mul'> <InPorts = 2> <OutPorts = 1>
ST_3 : Operation 36 [1/1] (0.00ns)   --->   "%lhs_27 = bitconcatenate i54 @_ssdm_op_BitConcatenate.i54.i32.i22, i32 %lhs, i22 0" [GIN_compute.cpp:113]   --->   Operation 36 'bitconcatenate' 'lhs_27' <Predicate = (!icmp_ln86)> <Delay = 0.00>
ST_3 : Operation 37 [1/1] (1.01ns)   --->   "%ret_V = add i54 %r_V_27, i54 %lhs_27" [GIN_compute.cpp:113]   --->   Operation 37 'add' 'ret_V' <Predicate = (!icmp_ln86)> <Delay = 1.01> <CoreInst = "Adder">   --->   Core 1 'Adder' <Latency = 0> <II = 1> <Delay = 1.01> <FuncUnit> <Opcode : 'add' 'sub'> <InPorts = 2> <OutPorts = 1>
ST_3 : Operation 38 [1/1] (0.00ns)   --->   "%trunc_ln = partselect i32 @_ssdm_op_PartSelect.i32.i54.i32.i32, i54 %ret_V, i32 22, i32 53" [GIN_compute.cpp:113]   --->   Operation 38 'partselect' 'trunc_ln' <Predicate = (!icmp_ln86)> <Delay = 0.00>
ST_3 : Operation 39 [1/1] (1.39ns)   --->   "%write_ln174 = write void @_ssdm_op_Write.ap_fifo.volatile.i32P0A, i32 %mlp_weight_fifo_7_V_V, i32 %w_V" [/tools/reconfig/xilinx/Vitis_HLS/2020.2/common/technology/autopilot/hls_stream_39.h:174->GIN_compute.cpp:113]   --->   Operation 39 'write' 'write_ln174' <Predicate = (!icmp_ln86)> <Delay = 1.39> <CoreInst = "FIFO_SRL">   --->   Core 81 'FIFO_SRL' <Latency = 0> <II = 1> <Delay = 1.39> <Storage> <Opcode : 'read' 'write' 'nbread' 'nbwrite'> <Ports = 0> <Width = 32> <Depth = 2> <FIFO>
ST_3 : Operation 40 [1/1] (0.00ns)   --->   "%br_ln0 = br void %_ZN13ap_fixed_baseILi65ELi21ELb1EL9ap_q_mode5EL9ap_o_mode3ELi0EEC2ILi32ELi10ELb1ELS0_5ELS1_3ELi0EEERKS_IXT_EXT0_EXT1_EXT2_EXT3_EXT4_EE.exit.i.i.i.i"   --->   Operation 40 'br' 'br_ln0' <Predicate = (!icmp_ln86)> <Delay = 0.00>

State 4 <SV = 2> <Delay = 1.45>
ST_4 : Operation 41 [1/1] (0.00ns)   --->   "%trunc_ln86 = trunc i32 %lhs" [GIN_compute.cpp:86->GIN_compute.cpp:113->GIN_compute.cpp:113]   --->   Operation 41 'trunc' 'trunc_ln86' <Predicate = true> <Delay = 0.00>
ST_4 : Operation 42 [1/1] (0.00ns)   --->   "%tmp = bitselect i1 @_ssdm_op_BitSelect.i1.i32.i32, i32 %lhs, i32 31" [GIN_compute.cpp:113]   --->   Operation 42 'bitselect' 'tmp' <Predicate = true> <Delay = 0.00>
ST_4 : Operation 43 [1/1] (0.25ns)   --->   "%select_ln92 = select i1 %tmp, i31 0, i31 %trunc_ln86" [GIN_compute.cpp:92->GIN_compute.cpp:113->GIN_compute.cpp:113]   --->   Operation 43 'select' 'select_ln92' <Predicate = true> <Delay = 0.25> <CoreInst = "Sel">   --->   Core 73 'Sel' <Latency = 0> <II = 1> <Delay = 0.25> <FuncUnit> <Opcode : 'select'> <InPorts = 3> <OutPorts = 1>
ST_4 : Operation 44 [1/1] (1.20ns)   --->   "%store_ln92 = store i31 %select_ln92, i10 %mlp_out_local21_addr" [GIN_compute.cpp:92->GIN_compute.cpp:113->GIN_compute.cpp:113]   --->   Operation 44 'store' 'store_ln92' <Predicate = true> <Delay = 1.20> <CoreInst = "RAM">   --->   Core 83 'RAM' <Latency = 1> <II = 1> <Delay = 1.20> <Storage> <Opcode : 'load' 'store'> <Ports = 2> <Width = 31> <Depth = 600> <RAM>
ST_4 : Operation 45 [1/1] (0.00ns)   --->   "%ret_ln113 = ret" [GIN_compute.cpp:113]   --->   Operation 45 'ret' 'ret_ln113' <Predicate = true> <Delay = 0.00>


============================================================
+ Verbose Summary: Timing violations
============================================================
Target clock period: 10ns, clock uncertainty: 2.7ns.

 <State 1>: 2.8ns
The critical path consists of the following:
	fifo read on port 'mlp_1_bias_V_load_loc' [13]  (1.4 ns)
	fifo write on port 'mlp_1_bias_V_load_loc_out' (GIN_compute.cpp:113) [16]  (1.4 ns)

 <State 2>: 1.2ns
The critical path consists of the following:
	'phi' operation ('i', GIN_compute.cpp:86->GIN_compute.cpp:113->GIN_compute.cpp:113) with incoming values : ('add_ln86', GIN_compute.cpp:86->GIN_compute.cpp:113->GIN_compute.cpp:113) [25]  (0 ns)
	'getelementptr' operation ('mlp_in_local6_addr', GIN_compute.cpp:113) [37]  (0 ns)
	'load' operation ('mlp_in_local6_load', GIN_compute.cpp:113) on array 'mlp_in_local6' [38]  (1.2 ns)

 <State 3>: 5.58ns
The critical path consists of the following:
	fifo read on port 'mlp_weight_fifo_6_V_V' (/tools/reconfig/xilinx/Vitis_HLS/2020.2/common/technology/autopilot/hls_stream_39.h:145->GIN_compute.cpp:113) [35]  (1.4 ns)
	'mul' operation ('r.V', GIN_compute.cpp:113) [40]  (3.17 ns)
	'add' operation ('ret.V', GIN_compute.cpp:113) [42]  (1.01 ns)

 <State 4>: 1.45ns
The critical path consists of the following:
	'select' operation ('select_ln92', GIN_compute.cpp:92->GIN_compute.cpp:113->GIN_compute.cpp:113) [49]  (0.251 ns)
	'store' operation ('store_ln92', GIN_compute.cpp:92->GIN_compute.cpp:113->GIN_compute.cpp:113) of variable 'select_ln92', GIN_compute.cpp:92->GIN_compute.cpp:113->GIN_compute.cpp:113 on array 'mlp_out_local21' [50]  (1.2 ns)


============================================================
+ Verbose Summary: Binding
============================================================
N/A
* FSMD analyzer results:
  - Output states:
 - Input state : 
  - Chain level:
	State 1
	State 2
	State 3
	State 4


============================================================
+ Verbose Summary: Datapath Resource usage 
============================================================
N/A
