

================================================================
== Vitis HLS Report for 'MLP_1_batch_nodes'
================================================================
* Date:           Mon Apr 12 16:03:25 2021

* Version:        2020.2 (Build 3064766 on Wed Nov 18 09:12:47 MST 2020)
* Project:        project_1
* Solution:       solution1 (Vivado IP Flow Target)
* Product family: virtexuplus
* Target device:  xcu280-fsvh2892-2L-e


================================================================
== Performance Estimates
================================================================
+ Timing: 
    * Summary: 
    +--------+----------+----------+------------+
    |  Clock |  Target  | Estimated| Uncertainty|
    +--------+----------+----------+------------+
    |ap_clk  |  10.00 ns|  5.580 ns|     2.70 ns|
    +--------+----------+----------+------------+

+ Latency: 
    * Summary: 
    +---------+---------+----------+----------+-----+-----+----------+
    |  Latency (cycles) |  Latency (absolute) |  Interval | Pipeline |
    |   min   |   max   |    min   |    max   | min | max |   Type   |
    +---------+---------+----------+----------+-----+-----+----------+
    |      323|      323|  3.230 us|  3.230 us|  318|  318|  dataflow|
    +---------+---------+----------+----------+-----+-----+----------+

    + Detail: 
        * Instance: 
        N/A

        * Loop: 
        N/A

============================================================
+ Verbose Summary: Synthesis Manager
============================================================
InlineROM: 1
ExposeGlobal: 0
============================================================
+ Verbose Summary: CDFG Model
============================================================
IsTopModel: 0
ResetActiveHigh: 1
IsCombinational: 2
IsDatapathOnly: 0
HasWiredReturn: 1
HasMFsm: 0
HasVarLatency: 1
IsPipeline: 0
IsRtlPipelined: 0
IsInstanceOverlapped: 0
IsDontTouch: 0
HasImplIP: 0
IsGatedGlobalClock: 0


============================================================
+ Verbose Summary: Schedule
============================================================
* Number of FSM states : 11
* Pipeline : 0
* Dataflow Pipeline: 1
  DF-Pipeline-0: Size = 11, States = { 1 2 3 4 5 6 7 8 9 10 11 }

* FSM state transitions: 
1 --> 2 
2 --> 3 
3 --> 4 
4 --> 5 
5 --> 6 
6 --> 7 
7 --> 8 
8 --> 9 
9 --> 10 
10 --> 11 
11 --> 

* FSM state operations: 

State 1 <SV = 0> <Delay = 1.34>
ST_1 : Operation 12 [1/1] (0.00ns)   --->   "%d_out_read = read i10 @_ssdm_op_Read.ap_auto.i10, i10 %d_out"   --->   Operation 12 'read' 'd_out_read' <Predicate = true> <Delay = 0.00>
ST_1 : Operation 13 [1/1] (0.00ns)   --->   "%mlp_1_bias_V_load_loc_c17 = alloca i64 1"   --->   Operation 13 'alloca' 'mlp_1_bias_V_load_loc_c17' <Predicate = true> <Delay = 0.00> <CoreInst = "FIFO_SRL">   --->   Core 81 'FIFO_SRL' <Latency = 0> <II = 1> <Delay = 1.39> <Storage> <Opcode : 'read' 'write' 'nbread' 'nbwrite'> <Ports = 0> <Width = 32> <Depth = 2> <FIFO>
ST_1 : Operation 14 [1/1] (0.00ns)   --->   "%mlp_1_bias_V_load_loc_c16 = alloca i64 1"   --->   Operation 14 'alloca' 'mlp_1_bias_V_load_loc_c16' <Predicate = true> <Delay = 0.00> <CoreInst = "FIFO_SRL">   --->   Core 81 'FIFO_SRL' <Latency = 0> <II = 1> <Delay = 1.39> <Storage> <Opcode : 'read' 'write' 'nbread' 'nbwrite'> <Ports = 0> <Width = 32> <Depth = 2> <FIFO>
ST_1 : Operation 15 [1/1] (0.00ns)   --->   "%mlp_1_bias_V_load_loc_c15 = alloca i64 1"   --->   Operation 15 'alloca' 'mlp_1_bias_V_load_loc_c15' <Predicate = true> <Delay = 0.00> <CoreInst = "FIFO_SRL">   --->   Core 81 'FIFO_SRL' <Latency = 0> <II = 1> <Delay = 1.39> <Storage> <Opcode : 'read' 'write' 'nbread' 'nbwrite'> <Ports = 0> <Width = 32> <Depth = 2> <FIFO>
ST_1 : Operation 16 [1/1] (0.00ns)   --->   "%mlp_1_bias_V_load_loc_c = alloca i64 1"   --->   Operation 16 'alloca' 'mlp_1_bias_V_load_loc_c' <Predicate = true> <Delay = 0.00> <CoreInst = "FIFO_SRL">   --->   Core 81 'FIFO_SRL' <Latency = 0> <II = 1> <Delay = 1.39> <Storage> <Opcode : 'read' 'write' 'nbread' 'nbwrite'> <Ports = 0> <Width = 32> <Depth = 2> <FIFO>
ST_1 : Operation 17 [1/1] (0.00ns)   --->   "%d_out_c14 = alloca i64 1" [GIN_compute.cpp:108]   --->   Operation 17 'alloca' 'd_out_c14' <Predicate = true> <Delay = 0.00> <CoreInst = "FIFO_SRL">   --->   Core 81 'FIFO_SRL' <Latency = 0> <II = 1> <Delay = 1.34> <Storage> <Opcode : 'read' 'write' 'nbread' 'nbwrite'> <Ports = 0> <Width = 10> <Depth = 2> <FIFO>
ST_1 : Operation 18 [1/1] (0.00ns)   --->   "%d_out_c = alloca i64 1" [GIN_compute.cpp:108]   --->   Operation 18 'alloca' 'd_out_c' <Predicate = true> <Delay = 0.00> <CoreInst = "FIFO_SRL">   --->   Core 81 'FIFO_SRL' <Latency = 0> <II = 1> <Delay = 1.34> <Storage> <Opcode : 'read' 'write' 'nbread' 'nbwrite'> <Ports = 0> <Width = 10> <Depth = 2> <FIFO>
ST_1 : Operation 19 [1/1] (0.00ns)   --->   "%mlp_1_weight_fifo_0_V_V = alloca i64 1" [GIN_compute.cpp:106]   --->   Operation 19 'alloca' 'mlp_1_weight_fifo_0_V_V' <Predicate = true> <Delay = 0.00> <CoreInst = "FIFO_SRL">   --->   Core 81 'FIFO_SRL' <Latency = 0> <II = 1> <Delay = 1.39> <Storage> <Opcode : 'read' 'write' 'nbread' 'nbwrite'> <Ports = 0> <Width = 32> <Depth = 2> <FIFO>
ST_1 : Operation 20 [1/1] (0.00ns)   --->   "%mlp_1_weight_fifo_1_V_V = alloca i64 1" [GIN_compute.cpp:106]   --->   Operation 20 'alloca' 'mlp_1_weight_fifo_1_V_V' <Predicate = true> <Delay = 0.00> <CoreInst = "FIFO_SRL">   --->   Core 81 'FIFO_SRL' <Latency = 0> <II = 1> <Delay = 1.39> <Storage> <Opcode : 'read' 'write' 'nbread' 'nbwrite'> <Ports = 0> <Width = 32> <Depth = 2> <FIFO>
ST_1 : Operation 21 [1/1] (0.00ns)   --->   "%mlp_1_weight_fifo_2_V_V = alloca i64 1" [GIN_compute.cpp:106]   --->   Operation 21 'alloca' 'mlp_1_weight_fifo_2_V_V' <Predicate = true> <Delay = 0.00> <CoreInst = "FIFO_SRL">   --->   Core 81 'FIFO_SRL' <Latency = 0> <II = 1> <Delay = 1.39> <Storage> <Opcode : 'read' 'write' 'nbread' 'nbwrite'> <Ports = 0> <Width = 32> <Depth = 2> <FIFO>
ST_1 : Operation 22 [1/1] (0.00ns)   --->   "%mlp_1_weight_fifo_3_V_V = alloca i64 1" [GIN_compute.cpp:106]   --->   Operation 22 'alloca' 'mlp_1_weight_fifo_3_V_V' <Predicate = true> <Delay = 0.00> <CoreInst = "FIFO_SRL">   --->   Core 81 'FIFO_SRL' <Latency = 0> <II = 1> <Delay = 1.39> <Storage> <Opcode : 'read' 'write' 'nbread' 'nbwrite'> <Ports = 0> <Width = 32> <Depth = 2> <FIFO>
ST_1 : Operation 23 [1/1] (1.34ns)   --->   "%call_ln108 = call void @MLP_1_batch_nodes.entry59, i10 %d_out_read, i10 %d_out_c, i10 %d_out_c14" [GIN_compute.cpp:108]   --->   Operation 23 'call' 'call_ln108' <Predicate = true> <Delay = 1.34> <CoreType = "Generic">   --->   Core 0 '' <Latency = 0> <II = 1> <Delay = 1.00> <Generic> <Opcode : >

State 2 <SV = 1> <Delay = 0.00>
ST_2 : Operation 24 [2/2] (0.00ns)   --->   "%call_ln108 = call void @load_mlp_weight_vector, i32 %mlp_1_weight_fifo_0_V_V, i10 %d_out_c, i32 %mlp_1_weights_V" [GIN_compute.cpp:108]   --->   Operation 24 'call' 'call_ln108' <Predicate = true> <Delay = 0.00> <CoreType = "Generic">   --->   Core 0 '' <Latency = 0> <II = 1> <Delay = 1.00> <Generic> <Opcode : >
ST_2 : Operation 25 [2/2] (0.00ns)   --->   "%call_ln108 = call void @MLP_1_batch_nodes_Block_.split13_proc, i10 %d_out_c14, i32 %mlp_1_bias_V_load_loc_c, i32 %mlp_1_bias_V" [GIN_compute.cpp:108]   --->   Operation 25 'call' 'call_ln108' <Predicate = true> <Delay = 0.00> <CoreType = "Generic">   --->   Core 0 '' <Latency = 0> <II = 1> <Delay = 1.00> <Generic> <Opcode : >

State 3 <SV = 2> <Delay = 0.00>
ST_3 : Operation 26 [1/2] (0.00ns)   --->   "%call_ln108 = call void @load_mlp_weight_vector, i32 %mlp_1_weight_fifo_0_V_V, i10 %d_out_c, i32 %mlp_1_weights_V" [GIN_compute.cpp:108]   --->   Operation 26 'call' 'call_ln108' <Predicate = true> <Delay = 0.00> <CoreType = "Generic">   --->   Core 0 '' <Latency = 0> <II = 1> <Delay = 1.00> <Generic> <Opcode : >
ST_3 : Operation 27 [1/2] (0.00ns)   --->   "%call_ln108 = call void @MLP_1_batch_nodes_Block_.split13_proc, i10 %d_out_c14, i32 %mlp_1_bias_V_load_loc_c, i32 %mlp_1_bias_V" [GIN_compute.cpp:108]   --->   Operation 27 'call' 'call_ln108' <Predicate = true> <Delay = 0.00> <CoreType = "Generic">   --->   Core 0 '' <Latency = 0> <II = 1> <Delay = 1.00> <Generic> <Opcode : >

State 4 <SV = 3> <Delay = 0.00>
ST_4 : Operation 28 [2/2] (0.00ns)   --->   "%call_ln113 = call void @MLP_PE45, i32 %mlp_in_local, i32 %mlp_1_weight_fifo_0_V_V, i32 %mlp_1_weight_fifo_1_V_V, i32 %mlp_1_bias_V_load_loc_c, i31 %mlp_out_local, i32 %mlp_1_bias_V_load_loc_c15" [GIN_compute.cpp:113]   --->   Operation 28 'call' 'call_ln113' <Predicate = true> <Delay = 0.00> <CoreType = "Generic">   --->   Core 0 '' <Latency = 0> <II = 1> <Delay = 1.00> <Generic> <Opcode : >

State 5 <SV = 4> <Delay = 0.25>
ST_5 : Operation 29 [1/2] (0.25ns)   --->   "%call_ln113 = call void @MLP_PE45, i32 %mlp_in_local, i32 %mlp_1_weight_fifo_0_V_V, i32 %mlp_1_weight_fifo_1_V_V, i32 %mlp_1_bias_V_load_loc_c, i31 %mlp_out_local, i32 %mlp_1_bias_V_load_loc_c15" [GIN_compute.cpp:113]   --->   Operation 29 'call' 'call_ln113' <Predicate = true> <Delay = 0.25> <CoreType = "Generic">   --->   Core 0 '' <Latency = 0> <II = 1> <Delay = 1.00> <Generic> <Opcode : >

State 6 <SV = 5> <Delay = 0.00>
ST_6 : Operation 30 [2/2] (0.00ns)   --->   "%call_ln113 = call void @MLP_PE.146, i32 %mlp_in_local1, i32 %mlp_1_weight_fifo_1_V_V, i32 %mlp_1_weight_fifo_2_V_V, i32 %mlp_1_bias_V_load_loc_c15, i31 %mlp_out_local4, i32 %mlp_1_bias_V_load_loc_c16" [GIN_compute.cpp:113]   --->   Operation 30 'call' 'call_ln113' <Predicate = true> <Delay = 0.00> <CoreType = "Generic">   --->   Core 0 '' <Latency = 0> <II = 1> <Delay = 1.00> <Generic> <Opcode : >

State 7 <SV = 6> <Delay = 0.25>
ST_7 : Operation 31 [1/2] (0.25ns)   --->   "%call_ln113 = call void @MLP_PE.146, i32 %mlp_in_local1, i32 %mlp_1_weight_fifo_1_V_V, i32 %mlp_1_weight_fifo_2_V_V, i32 %mlp_1_bias_V_load_loc_c15, i31 %mlp_out_local4, i32 %mlp_1_bias_V_load_loc_c16" [GIN_compute.cpp:113]   --->   Operation 31 'call' 'call_ln113' <Predicate = true> <Delay = 0.25> <CoreType = "Generic">   --->   Core 0 '' <Latency = 0> <II = 1> <Delay = 1.00> <Generic> <Opcode : >

State 8 <SV = 7> <Delay = 0.00>
ST_8 : Operation 32 [2/2] (0.00ns)   --->   "%call_ln113 = call void @MLP_PE.147, i32 %mlp_in_local2, i32 %mlp_1_weight_fifo_2_V_V, i32 %mlp_1_weight_fifo_3_V_V, i32 %mlp_1_bias_V_load_loc_c16, i31 %mlp_out_local5, i32 %mlp_1_bias_V_load_loc_c17" [GIN_compute.cpp:113]   --->   Operation 32 'call' 'call_ln113' <Predicate = true> <Delay = 0.00> <CoreType = "Generic">   --->   Core 0 '' <Latency = 0> <II = 1> <Delay = 1.00> <Generic> <Opcode : >

State 9 <SV = 8> <Delay = 0.25>
ST_9 : Operation 33 [1/2] (0.25ns)   --->   "%call_ln113 = call void @MLP_PE.147, i32 %mlp_in_local2, i32 %mlp_1_weight_fifo_2_V_V, i32 %mlp_1_weight_fifo_3_V_V, i32 %mlp_1_bias_V_load_loc_c16, i31 %mlp_out_local5, i32 %mlp_1_bias_V_load_loc_c17" [GIN_compute.cpp:113]   --->   Operation 33 'call' 'call_ln113' <Predicate = true> <Delay = 0.25> <CoreType = "Generic">   --->   Core 0 '' <Latency = 0> <II = 1> <Delay = 1.00> <Generic> <Opcode : >

State 10 <SV = 9> <Delay = 0.00>
ST_10 : Operation 34 [2/2] (0.00ns)   --->   "%call_ln113 = call void @MLP_PE.148, i32 %mlp_in_local3, i32 %mlp_1_weight_fifo_3_V_V, i32 %mlp_1_bias_V_load_loc_c17, i31 %mlp_out_local6" [GIN_compute.cpp:113]   --->   Operation 34 'call' 'call_ln113' <Predicate = true> <Delay = 0.00> <CoreType = "Generic">   --->   Core 0 '' <Latency = 0> <II = 1> <Delay = 1.00> <Generic> <Opcode : >

State 11 <SV = 10> <Delay = 0.25>
ST_11 : Operation 35 [1/1] (0.00ns)   --->   "%specdataflowpipeline_ln0 = specdataflowpipeline void @_ssdm_op_SpecDataflowPipeline, i32 4294967295, i32 0, void @empty_11"   --->   Operation 35 'specdataflowpipeline' 'specdataflowpipeline_ln0' <Predicate = true> <Delay = 0.00>
ST_11 : Operation 36 [1/1] (0.00ns)   --->   "%empty = specchannel i32 @_ssdm_op_SpecChannel, void @mlp_1_weight_fifo_LF_0_NF_OC_V_OC_V_str, i32 1, void @p_str, void @p_str, i32 2, i32 2, i32 %mlp_1_weight_fifo_0_V_V, i32 %mlp_1_weight_fifo_0_V_V"   --->   Operation 36 'specchannel' 'empty' <Predicate = true> <Delay = 0.00>
ST_11 : Operation 37 [1/1] (0.00ns)   --->   "%specinterface_ln0 = specinterface void @_ssdm_op_SpecInterface, i32 %mlp_1_weight_fifo_0_V_V, void @ap_fifo_str, i32 0, i32 0, void @p_str, i32 0, i32 0, void @p_str, void @p_str, void @p_str, i32 2, i32 2, i32 16, i32 16, void @p_str, void @p_str"   --->   Operation 37 'specinterface' 'specinterface_ln0' <Predicate = true> <Delay = 0.00>
ST_11 : Operation 38 [1/1] (0.00ns)   --->   "%empty_154 = specchannel i32 @_ssdm_op_SpecChannel, void @mlp_1_weight_fifo_LF_1_NF_OC_V_OC_V_str, i32 1, void @p_str, void @p_str, i32 2, i32 2, i32 %mlp_1_weight_fifo_1_V_V, i32 %mlp_1_weight_fifo_1_V_V"   --->   Operation 38 'specchannel' 'empty_154' <Predicate = true> <Delay = 0.00>
ST_11 : Operation 39 [1/1] (0.00ns)   --->   "%specinterface_ln0 = specinterface void @_ssdm_op_SpecInterface, i32 %mlp_1_weight_fifo_1_V_V, void @ap_fifo_str, i32 0, i32 0, void @p_str, i32 0, i32 0, void @p_str, void @p_str, void @p_str, i32 2, i32 2, i32 16, i32 16, void @p_str, void @p_str"   --->   Operation 39 'specinterface' 'specinterface_ln0' <Predicate = true> <Delay = 0.00>
ST_11 : Operation 40 [1/1] (0.00ns)   --->   "%empty_155 = specchannel i32 @_ssdm_op_SpecChannel, void @mlp_1_weight_fifo_LF_2_NF_OC_V_OC_V_str, i32 1, void @p_str, void @p_str, i32 2, i32 2, i32 %mlp_1_weight_fifo_2_V_V, i32 %mlp_1_weight_fifo_2_V_V"   --->   Operation 40 'specchannel' 'empty_155' <Predicate = true> <Delay = 0.00>
ST_11 : Operation 41 [1/1] (0.00ns)   --->   "%specinterface_ln0 = specinterface void @_ssdm_op_SpecInterface, i32 %mlp_1_weight_fifo_2_V_V, void @ap_fifo_str, i32 0, i32 0, void @p_str, i32 0, i32 0, void @p_str, void @p_str, void @p_str, i32 2, i32 2, i32 16, i32 16, void @p_str, void @p_str"   --->   Operation 41 'specinterface' 'specinterface_ln0' <Predicate = true> <Delay = 0.00>
ST_11 : Operation 42 [1/1] (0.00ns)   --->   "%empty_156 = specchannel i32 @_ssdm_op_SpecChannel, void @mlp_1_weight_fifo_LF_3_NF_OC_V_OC_V_str, i32 1, void @p_str, void @p_str, i32 2, i32 2, i32 %mlp_1_weight_fifo_3_V_V, i32 %mlp_1_weight_fifo_3_V_V"   --->   Operation 42 'specchannel' 'empty_156' <Predicate = true> <Delay = 0.00>
ST_11 : Operation 43 [1/1] (0.00ns)   --->   "%specinterface_ln0 = specinterface void @_ssdm_op_SpecInterface, i32 %mlp_1_weight_fifo_3_V_V, void @ap_fifo_str, i32 0, i32 0, void @p_str, i32 0, i32 0, void @p_str, void @p_str, void @p_str, i32 2, i32 2, i32 16, i32 16, void @p_str, void @p_str"   --->   Operation 43 'specinterface' 'specinterface_ln0' <Predicate = true> <Delay = 0.00>
ST_11 : Operation 44 [1/1] (0.00ns)   --->   "%empty_157 = specchannel i32 @_ssdm_op_SpecChannel, void @d_out_c_str, i32 1, void @p_str, void @p_str, i32 2, i32 0, i10 %d_out_c, i10 %d_out_c" [GIN_compute.cpp:108]   --->   Operation 44 'specchannel' 'empty_157' <Predicate = true> <Delay = 0.00>
ST_11 : Operation 45 [1/1] (0.00ns)   --->   "%specinterface_ln108 = specinterface void @_ssdm_op_SpecInterface, i10 %d_out_c, void @ap_fifo_str, i32 0, i32 0, void @p_str, i32 0, i32 0, void @p_str, void @p_str, void @p_str, i32 2, i32 2, i32 16, i32 16, void @p_str, void @p_str" [GIN_compute.cpp:108]   --->   Operation 45 'specinterface' 'specinterface_ln108' <Predicate = true> <Delay = 0.00>
ST_11 : Operation 46 [1/1] (0.00ns)   --->   "%empty_158 = specchannel i32 @_ssdm_op_SpecChannel, void @d_out_c14_str, i32 1, void @p_str, void @p_str, i32 2, i32 0, i10 %d_out_c14, i10 %d_out_c14" [GIN_compute.cpp:108]   --->   Operation 46 'specchannel' 'empty_158' <Predicate = true> <Delay = 0.00>
ST_11 : Operation 47 [1/1] (0.00ns)   --->   "%specinterface_ln108 = specinterface void @_ssdm_op_SpecInterface, i10 %d_out_c14, void @ap_fifo_str, i32 0, i32 0, void @p_str, i32 0, i32 0, void @p_str, void @p_str, void @p_str, i32 2, i32 2, i32 16, i32 16, void @p_str, void @p_str" [GIN_compute.cpp:108]   --->   Operation 47 'specinterface' 'specinterface_ln108' <Predicate = true> <Delay = 0.00>
ST_11 : Operation 48 [1/1] (0.00ns)   --->   "%empty_159 = specchannel i32 @_ssdm_op_SpecChannel, void @mlp_1_bias_OC_V_OC_load_OC_loc_c_str, i32 1, void @p_str, void @p_str, i32 2, i32 0, i32 %mlp_1_bias_V_load_loc_c, i32 %mlp_1_bias_V_load_loc_c"   --->   Operation 48 'specchannel' 'empty_159' <Predicate = true> <Delay = 0.00>
ST_11 : Operation 49 [1/1] (0.00ns)   --->   "%specinterface_ln0 = specinterface void @_ssdm_op_SpecInterface, i32 %mlp_1_bias_V_load_loc_c, void @ap_fifo_str, i32 0, i32 0, void @p_str, i32 0, i32 0, void @p_str, void @p_str, void @p_str, i32 2, i32 2, i32 16, i32 16, void @p_str, void @p_str"   --->   Operation 49 'specinterface' 'specinterface_ln0' <Predicate = true> <Delay = 0.00>
ST_11 : Operation 50 [1/1] (0.00ns)   --->   "%empty_160 = specchannel i32 @_ssdm_op_SpecChannel, void @mlp_1_bias_OC_V_OC_load_OC_loc_c15_str, i32 1, void @p_str, void @p_str, i32 2, i32 0, i32 %mlp_1_bias_V_load_loc_c15, i32 %mlp_1_bias_V_load_loc_c15"   --->   Operation 50 'specchannel' 'empty_160' <Predicate = true> <Delay = 0.00>
ST_11 : Operation 51 [1/1] (0.00ns)   --->   "%specinterface_ln0 = specinterface void @_ssdm_op_SpecInterface, i32 %mlp_1_bias_V_load_loc_c15, void @ap_fifo_str, i32 0, i32 0, void @p_str, i32 0, i32 0, void @p_str, void @p_str, void @p_str, i32 2, i32 2, i32 16, i32 16, void @p_str, void @p_str"   --->   Operation 51 'specinterface' 'specinterface_ln0' <Predicate = true> <Delay = 0.00>
ST_11 : Operation 52 [1/1] (0.00ns)   --->   "%empty_161 = specchannel i32 @_ssdm_op_SpecChannel, void @mlp_1_bias_OC_V_OC_load_OC_loc_c16_str, i32 1, void @p_str, void @p_str, i32 2, i32 0, i32 %mlp_1_bias_V_load_loc_c16, i32 %mlp_1_bias_V_load_loc_c16"   --->   Operation 52 'specchannel' 'empty_161' <Predicate = true> <Delay = 0.00>
ST_11 : Operation 53 [1/1] (0.00ns)   --->   "%specinterface_ln0 = specinterface void @_ssdm_op_SpecInterface, i32 %mlp_1_bias_V_load_loc_c16, void @ap_fifo_str, i32 0, i32 0, void @p_str, i32 0, i32 0, void @p_str, void @p_str, void @p_str, i32 2, i32 2, i32 16, i32 16, void @p_str, void @p_str"   --->   Operation 53 'specinterface' 'specinterface_ln0' <Predicate = true> <Delay = 0.00>
ST_11 : Operation 54 [1/1] (0.00ns)   --->   "%empty_162 = specchannel i32 @_ssdm_op_SpecChannel, void @mlp_1_bias_OC_V_OC_load_OC_loc_c17_str, i32 1, void @p_str, void @p_str, i32 2, i32 0, i32 %mlp_1_bias_V_load_loc_c17, i32 %mlp_1_bias_V_load_loc_c17"   --->   Operation 54 'specchannel' 'empty_162' <Predicate = true> <Delay = 0.00>
ST_11 : Operation 55 [1/1] (0.00ns)   --->   "%specinterface_ln0 = specinterface void @_ssdm_op_SpecInterface, i32 %mlp_1_bias_V_load_loc_c17, void @ap_fifo_str, i32 0, i32 0, void @p_str, i32 0, i32 0, void @p_str, void @p_str, void @p_str, i32 2, i32 2, i32 16, i32 16, void @p_str, void @p_str"   --->   Operation 55 'specinterface' 'specinterface_ln0' <Predicate = true> <Delay = 0.00>
ST_11 : Operation 56 [1/2] (0.25ns)   --->   "%call_ln113 = call void @MLP_PE.148, i32 %mlp_in_local3, i32 %mlp_1_weight_fifo_3_V_V, i32 %mlp_1_bias_V_load_loc_c17, i31 %mlp_out_local6" [GIN_compute.cpp:113]   --->   Operation 56 'call' 'call_ln113' <Predicate = true> <Delay = 0.25> <CoreType = "Generic">   --->   Core 0 '' <Latency = 0> <II = 1> <Delay = 1.00> <Generic> <Opcode : >
ST_11 : Operation 57 [1/1] (0.00ns)   --->   "%ret_ln115 = ret" [GIN_compute.cpp:115]   --->   Operation 57 'ret' 'ret_ln115' <Predicate = true> <Delay = 0.00>


============================================================
+ Verbose Summary: Timing violations
============================================================
Target clock period: 10ns, clock uncertainty: 2.7ns.

 <State 1>: 1.35ns
The critical path consists of the following:
	wire read on port 'd_out' [14]  (0 ns)
	'call' operation ('call_ln108', GIN_compute.cpp:108) to 'MLP_1_batch_nodes.entry59' [38]  (1.35 ns)

 <State 2>: 0ns
The critical path consists of the following:

 <State 3>: 0ns
The critical path consists of the following:

 <State 4>: 0ns
The critical path consists of the following:

 <State 5>: 0.251ns
The critical path consists of the following:
	'call' operation ('call_ln113', GIN_compute.cpp:113) to 'MLP_PE45' [45]  (0.251 ns)

 <State 6>: 0ns
The critical path consists of the following:

 <State 7>: 0.251ns
The critical path consists of the following:
	'call' operation ('call_ln113', GIN_compute.cpp:113) to 'MLP_PE.146' [48]  (0.251 ns)

 <State 8>: 0ns
The critical path consists of the following:

 <State 9>: 0.251ns
The critical path consists of the following:
	'call' operation ('call_ln113', GIN_compute.cpp:113) to 'MLP_PE.147' [51]  (0.251 ns)

 <State 10>: 0ns
The critical path consists of the following:

 <State 11>: 0.251ns
The critical path consists of the following:
	'call' operation ('call_ln113', GIN_compute.cpp:113) to 'MLP_PE.148' [52]  (0.251 ns)


============================================================
+ Verbose Summary: Binding
============================================================
N/A
* FSMD analyzer results:
  - Output states:
 - Input state : 
  - Chain level:
	State 1
	State 2
	State 3
	State 4
	State 5
	State 6
	State 7
	State 8
	State 9
	State 10
	State 11


============================================================
+ Verbose Summary: Datapath Resource usage 
============================================================
N/A
