

================================================================
== Vitis HLS Report for 'MLP_PE_146'
================================================================
* Date:           Mon Apr 12 16:03:24 2021

* Version:        2020.2 (Build 3064766 on Wed Nov 18 09:12:47 MST 2020)
* Project:        project_1
* Solution:       solution1 (Vivado IP Flow Target)
* Product family: virtexuplus
* Target device:  xcu280-fsvh2892-2L-e


================================================================
== Performance Estimates
================================================================
+ Timing: 
    * Summary: 
    +--------+----------+----------+------------+
    |  Clock |  Target  | Estimated| Uncertainty|
    +--------+----------+----------+------------+
    |ap_clk  |  10.00 ns|  5.580 ns|     2.70 ns|
    +--------+----------+----------+------------+

+ Latency: 
    * Summary: 
    +---------+---------+----------+----------+-----+-----+---------+
    |  Latency (cycles) |  Latency (absolute) |  Interval | Pipeline|
    |   min   |   max   |    min   |    max   | min | max |   Type  |
    +---------+---------+----------+----------+-----+-----+---------+
    |      302|      302|  3.020 us|  3.020 us|  302|  302|     none|
    +---------+---------+----------+----------+-----+-----+---------+

    + Detail: 
        * Instance: 
        N/A

        * Loop: 
        +-------------------+---------+---------+----------+-----------+-----------+------+----------+
        |                   |  Latency (cycles) | Iteration|  Initiation Interval  | Trip |          |
        |     Loop Name     |   min   |   max   |  Latency |  achieved |   target  | Count| Pipelined|
        +-------------------+---------+---------+----------+-----------+-----------+------+----------+
        |- VITIS_LOOP_86_1  |      300|      300|         2|          1|          1|   300|       yes|
        +-------------------+---------+---------+----------+-----------+-----------+------+----------+

============================================================
+ Verbose Summary: Synthesis Manager
============================================================
InlineROM: 1
ExposeGlobal: 0
============================================================
+ Verbose Summary: CDFG Model
============================================================
IsTopModel: 0
ResetActiveHigh: 1
IsCombinational: 2
IsDatapathOnly: 0
HasWiredReturn: 1
HasMFsm: 0
HasVarLatency: 1
IsPipeline: 0
IsRtlPipelined: 0
IsInstanceOverlapped: 0
IsDontTouch: 0
HasImplIP: 0
IsGatedGlobalClock: 0

+ Individual pipeline summary: 
  * Pipeline-0: initiation interval (II) = 1, depth = 2


============================================================
+ Verbose Summary: Schedule
============================================================
* Number of FSM states : 4
* Pipeline : 1
  Pipeline-0 : II = 1, D = 2, States = { 2 3 }
* Dataflow Pipeline: 0

* FSM state transitions: 
1 --> 2 
2 --> 4 3 
3 --> 2 
4 --> 

* FSM state operations: 

State 1 <SV = 0> <Delay = 2.79>
ST_1 : Operation 5 [1/1] (0.00ns)   --->   "%specinterface_ln0 = specinterface void @_ssdm_op_SpecInterface, i32 %mlp_1_weight_fifo_1_V_V, void @ap_fifo_str, i32 0, i32 0, void @p_str, i32 0, i32 0, void @p_str, void @p_str, void @p_str, i32 2, i32 2, i32 16, i32 16, void @p_str, void @p_str"   --->   Operation 5 'specinterface' 'specinterface_ln0' <Predicate = true> <Delay = 0.00>
ST_1 : Operation 6 [1/1] (0.00ns)   --->   "%specinterface_ln0 = specinterface void @_ssdm_op_SpecInterface, i32 %mlp_1_weight_fifo_2_V_V, void @ap_fifo_str, i32 0, i32 0, void @p_str, i32 0, i32 0, void @p_str, void @p_str, void @p_str, i32 2, i32 2, i32 16, i32 16, void @p_str, void @p_str"   --->   Operation 6 'specinterface' 'specinterface_ln0' <Predicate = true> <Delay = 0.00>
ST_1 : Operation 7 [1/1] (0.00ns)   --->   "%specinterface_ln0 = specinterface void @_ssdm_op_SpecInterface, i32 %mlp_1_bias_V_load_loc, void @ap_fifo_str, i32 0, i32 0, void @p_str, i32 0, i32 0, void @p_str, void @p_str, void @p_str, i32 2, i32 2, i32 16, i32 16, void @p_str, void @ScalarProp_str"   --->   Operation 7 'specinterface' 'specinterface_ln0' <Predicate = true> <Delay = 0.00>
ST_1 : Operation 8 [1/1] (1.39ns)   --->   "%mlp_1_bias_V_load_loc_read = read i32 @_ssdm_op_Read.ap_fifo.i32P0A, i32 %mlp_1_bias_V_load_loc"   --->   Operation 8 'read' 'mlp_1_bias_V_load_loc_read' <Predicate = true> <Delay = 1.39> <CoreInst = "FIFO_SRL">   --->   Core 81 'FIFO_SRL' <Latency = 0> <II = 1> <Delay = 1.39> <Storage> <Opcode : 'read' 'write' 'nbread' 'nbwrite'> <Ports = 0> <Width = 32> <Depth = 2> <FIFO>
ST_1 : Operation 9 [1/1] (0.00ns)   --->   "%specinterface_ln0 = specinterface void @_ssdm_op_SpecInterface, i32 %mlp_1_bias_V_load_loc_out, void @ap_fifo_str, i32 0, i32 0, void @p_str, i32 0, i32 0, void @p_str, void @p_str, void @p_str, i32 2, i32 2, i32 16, i32 16, void @p_str, void @ScalarProp_str"   --->   Operation 9 'specinterface' 'specinterface_ln0' <Predicate = true> <Delay = 0.00>
ST_1 : Operation 10 [1/1] (1.39ns)   --->   "%write_ln0 = write void @_ssdm_op_Write.ap_fifo.i32P0A, i32 %mlp_1_bias_V_load_loc_out, i32 %mlp_1_bias_V_load_loc_read"   --->   Operation 10 'write' 'write_ln0' <Predicate = true> <Delay = 1.39> <CoreInst = "FIFO_SRL">   --->   Core 81 'FIFO_SRL' <Latency = 0> <II = 1> <Delay = 1.39> <Storage> <Opcode : 'read' 'write' 'nbread' 'nbwrite'> <Ports = 0> <Width = 32> <Depth = 2> <FIFO>
ST_1 : Operation 11 [1/1] (0.00ns)   --->   "%specinterface_ln0 = specinterface void @_ssdm_op_SpecInterface, i32 %mlp_1_weight_fifo_2_V_V, void @ap_fifo_str, i32 0, i32 0, void @p_str, i32 0, i32 0, void @p_str, void @p_str, void @p_str, i32 2, i32 2, i32 16, i32 16, void @p_str, void @p_str"   --->   Operation 11 'specinterface' 'specinterface_ln0' <Predicate = true> <Delay = 0.00>
ST_1 : Operation 12 [1/1] (0.00ns)   --->   "%specinterface_ln0 = specinterface void @_ssdm_op_SpecInterface, i32 %mlp_1_weight_fifo_1_V_V, void @ap_fifo_str, i32 0, i32 0, void @p_str, i32 0, i32 0, void @p_str, void @p_str, void @p_str, i32 2, i32 2, i32 16, i32 16, void @p_str, void @p_str"   --->   Operation 12 'specinterface' 'specinterface_ln0' <Predicate = true> <Delay = 0.00>
ST_1 : Operation 13 [1/1] (0.38ns)   --->   "%br_ln86 = br void %_ZN13ap_fixed_baseILi65ELi21ELb1EL9ap_q_mode5EL9ap_o_mode3ELi0EEC2ILi32ELi10ELb1ELS0_5ELS1_3ELi0EEERKS_IXT_EXT0_EXT1_EXT2_EXT3_EXT4_EE.exit.i.i.i.i" [GIN_compute.cpp:86->GIN_compute.cpp:113]   --->   Operation 13 'br' 'br_ln86' <Predicate = true> <Delay = 0.38>

State 2 <SV = 1> <Delay = 2.97>
ST_2 : Operation 14 [1/1] (0.00ns)   --->   "%i = phi i9 0, void %entry, i9 %add_ln86, void %_ZN13ap_fixed_baseILi65ELi21ELb1EL9ap_q_mode5EL9ap_o_mode3ELi0EEC2ILi32ELi10ELb1ELS0_5ELS1_3ELi0EEERKS_IXT_EXT0_EXT1_EXT2_EXT3_EXT4_EE.exit.i.i.split.i.i" [GIN_compute.cpp:86->GIN_compute.cpp:113]   --->   Operation 14 'phi' 'i' <Predicate = true> <Delay = 0.00>
ST_2 : Operation 15 [1/1] (0.00ns)   --->   "%lhs = phi i32 %mlp_1_bias_V_load_loc_read, void %entry, i32 %trunc_ln1, void %_ZN13ap_fixed_baseILi65ELi21ELb1EL9ap_q_mode5EL9ap_o_mode3ELi0EEC2ILi32ELi10ELb1ELS0_5ELS1_3ELi0EEERKS_IXT_EXT0_EXT1_EXT2_EXT3_EXT4_EE.exit.i.i.split.i.i"   --->   Operation 15 'phi' 'lhs' <Predicate = true> <Delay = 0.00>
ST_2 : Operation 16 [1/1] (0.71ns)   --->   "%add_ln86 = add i9 %i, i9 1" [GIN_compute.cpp:86->GIN_compute.cpp:113]   --->   Operation 16 'add' 'add_ln86' <Predicate = true> <Delay = 0.71> <CoreInst = "Adder">   --->   Core 1 'Adder' <Latency = 0> <II = 1> <Delay = 1.01> <FuncUnit> <Opcode : 'add' 'sub'> <InPorts = 2> <OutPorts = 1>
ST_2 : Operation 17 [1/1] (0.59ns)   --->   "%icmp_ln86 = icmp_eq  i9 %i, i9 300" [GIN_compute.cpp:86->GIN_compute.cpp:113]   --->   Operation 17 'icmp' 'icmp_ln86' <Predicate = true> <Delay = 0.59> <CoreInst = "Cmp">   --->   Core 9 'Cmp' <Latency = 0> <II = 1> <Delay = 0.60> <FuncUnit> <Opcode : 'icmp'> <InPorts = 2> <OutPorts = 1>
ST_2 : Operation 18 [1/1] (0.00ns)   --->   "%empty = speclooptripcount i32 @_ssdm_op_SpecLoopTripCount, i64 300, i64 300, i64 300"   --->   Operation 18 'speclooptripcount' 'empty' <Predicate = true> <Delay = 0.00>
ST_2 : Operation 19 [1/1] (0.00ns)   --->   "%br_ln86 = br i1 %icmp_ln86, void %_ZN13ap_fixed_baseILi65ELi21ELb1EL9ap_q_mode5EL9ap_o_mode3ELi0EEC2ILi32ELi10ELb1ELS0_5ELS1_3ELi0EEERKS_IXT_EXT0_EXT1_EXT2_EXT3_EXT4_EE.exit.i.i.split.i.i, void %.exit" [GIN_compute.cpp:86->GIN_compute.cpp:113]   --->   Operation 19 'br' 'br_ln86' <Predicate = true> <Delay = 0.00>
ST_2 : Operation 20 [1/1] (0.00ns)   --->   "%shl_ln = bitconcatenate i11 @_ssdm_op_BitConcatenate.i11.i9.i2, i9 %i, i2 0"   --->   Operation 20 'bitconcatenate' 'shl_ln' <Predicate = (!icmp_ln86)> <Delay = 0.00>
ST_2 : Operation 21 [1/1] (0.00ns)   --->   "%zext_ln1118 = zext i11 %shl_ln"   --->   Operation 21 'zext' 'zext_ln1118' <Predicate = (!icmp_ln86)> <Delay = 0.00>
ST_2 : Operation 22 [1/1] (0.74ns)   --->   "%add_ln1118 = add i12 %zext_ln1118, i12 2400"   --->   Operation 22 'add' 'add_ln1118' <Predicate = (!icmp_ln86)> <Delay = 0.74> <CoreInst = "Adder">   --->   Core 1 'Adder' <Latency = 0> <II = 1> <Delay = 1.01> <FuncUnit> <Opcode : 'add' 'sub'> <InPorts = 2> <OutPorts = 1>
ST_2 : Operation 23 [1/1] (0.00ns)   --->   "%trunc_ln = partselect i10 @_ssdm_op_PartSelect.i10.i12.i32.i32, i12 %add_ln1118, i32 2, i32 11"   --->   Operation 23 'partselect' 'trunc_ln' <Predicate = (!icmp_ln86)> <Delay = 0.00>
ST_2 : Operation 24 [1/1] (0.60ns)   --->   "%icmp_ln1118 = icmp_ult  i10 %trunc_ln, i10 600"   --->   Operation 24 'icmp' 'icmp_ln1118' <Predicate = (!icmp_ln86)> <Delay = 0.60> <CoreInst = "Cmp">   --->   Core 9 'Cmp' <Latency = 0> <II = 1> <Delay = 0.60> <FuncUnit> <Opcode : 'icmp'> <InPorts = 2> <OutPorts = 1>
ST_2 : Operation 25 [1/1] (0.72ns)   --->   "%add_ln1118_1 = add i10 %trunc_ln, i10 424"   --->   Operation 25 'add' 'add_ln1118_1' <Predicate = (!icmp_ln86)> <Delay = 0.72> <CoreInst = "Adder">   --->   Core 1 'Adder' <Latency = 0> <II = 1> <Delay = 1.01> <FuncUnit> <Opcode : 'add' 'sub'> <InPorts = 2> <OutPorts = 1>
ST_2 : Operation 26 [1/1] (0.30ns)   --->   "%select_ln1118 = select i1 %icmp_ln1118, i10 %trunc_ln, i10 %add_ln1118_1"   --->   Operation 26 'select' 'select_ln1118' <Predicate = (!icmp_ln86)> <Delay = 0.30> <CoreInst = "Sel">   --->   Core 73 'Sel' <Latency = 0> <II = 1> <Delay = 0.25> <FuncUnit> <Opcode : 'select'> <InPorts = 3> <OutPorts = 1>
ST_2 : Operation 27 [1/1] (0.00ns)   --->   "%zext_ln1118_3 = zext i10 %select_ln1118"   --->   Operation 27 'zext' 'zext_ln1118_3' <Predicate = (!icmp_ln86)> <Delay = 0.00>
ST_2 : Operation 28 [1/1] (0.00ns)   --->   "%mlp_in_local1_addr = getelementptr i32 %mlp_in_local1, i64 0, i64 %zext_ln1118_3"   --->   Operation 28 'getelementptr' 'mlp_in_local1_addr' <Predicate = (!icmp_ln86)> <Delay = 0.00>
ST_2 : Operation 29 [2/2] (1.20ns)   --->   "%mlp_in_local1_load = load i10 %mlp_in_local1_addr"   --->   Operation 29 'load' 'mlp_in_local1_load' <Predicate = (!icmp_ln86)> <Delay = 1.20> <CoreInst = "RAM">   --->   Core 83 'RAM' <Latency = 1> <II = 1> <Delay = 1.20> <Storage> <Opcode : 'load' 'store'> <Ports = 2> <Width = 32> <Depth = 600> <RAM>

State 3 <SV = 2> <Delay = 5.58>
ST_3 : Operation 30 [1/1] (0.00ns)   --->   "%specpipeline_ln0 = specpipeline void @_ssdm_op_SpecPipeline, i32 4294967295, i32 0, i32 0, i32 0, void @empty_11" [/tools/reconfig/xilinx/Vitis_HLS/2020.2/common/technology/autopilot/hls_stream_39.h:0]   --->   Operation 30 'specpipeline' 'specpipeline_ln0' <Predicate = (!icmp_ln86)> <Delay = 0.00>
ST_3 : Operation 31 [1/1] (0.00ns)   --->   "%specloopname_ln0 = specloopname void @_ssdm_op_SpecLoopName, void @empty_35" [/tools/reconfig/xilinx/Vitis_HLS/2020.2/common/technology/autopilot/hls_stream_39.h:0]   --->   Operation 31 'specloopname' 'specloopname_ln0' <Predicate = (!icmp_ln86)> <Delay = 0.00>
ST_3 : Operation 32 [1/1] (1.39ns)   --->   "%w_V = read i32 @_ssdm_op_Read.ap_fifo.volatile.i32P0A, i32 %mlp_1_weight_fifo_1_V_V" [/tools/reconfig/xilinx/Vitis_HLS/2020.2/common/technology/autopilot/hls_stream_39.h:145]   --->   Operation 32 'read' 'w_V' <Predicate = (!icmp_ln86)> <Delay = 1.39> <CoreInst = "FIFO_SRL">   --->   Core 81 'FIFO_SRL' <Latency = 0> <II = 1> <Delay = 1.39> <Storage> <Opcode : 'read' 'write' 'nbread' 'nbwrite'> <Ports = 0> <Width = 32> <Depth = 2> <FIFO>
ST_3 : Operation 33 [1/1] (0.00ns)   --->   "%sext_ln1115 = sext i32 %w_V"   --->   Operation 33 'sext' 'sext_ln1115' <Predicate = (!icmp_ln86)> <Delay = 0.00>
ST_3 : Operation 34 [1/2] (1.20ns)   --->   "%mlp_in_local1_load = load i10 %mlp_in_local1_addr"   --->   Operation 34 'load' 'mlp_in_local1_load' <Predicate = (!icmp_ln86)> <Delay = 1.20> <CoreInst = "RAM">   --->   Core 83 'RAM' <Latency = 1> <II = 1> <Delay = 1.20> <Storage> <Opcode : 'load' 'store'> <Ports = 2> <Width = 32> <Depth = 600> <RAM>
ST_3 : Operation 35 [1/1] (0.00ns)   --->   "%sext_ln1118 = sext i32 %mlp_in_local1_load"   --->   Operation 35 'sext' 'sext_ln1118' <Predicate = (!icmp_ln86)> <Delay = 0.00>
ST_3 : Operation 36 [1/1] (3.17ns)   --->   "%r_V_5 = mul i54 %sext_ln1118, i54 %sext_ln1115"   --->   Operation 36 'mul' 'r_V_5' <Predicate = (!icmp_ln86)> <Delay = 3.17> <CoreInst = "Multiplier">   --->   Core 3 'Multiplier' <Latency = 0> <II = 1> <Delay = 3.17> <FuncUnit> <Opcode : 'mul'> <InPorts = 2> <OutPorts = 1>
ST_3 : Operation 37 [1/1] (0.00ns)   --->   "%lhs_5 = bitconcatenate i54 @_ssdm_op_BitConcatenate.i54.i32.i22, i32 %lhs, i22 0"   --->   Operation 37 'bitconcatenate' 'lhs_5' <Predicate = (!icmp_ln86)> <Delay = 0.00>
ST_3 : Operation 38 [1/1] (1.01ns)   --->   "%ret_V = add i54 %r_V_5, i54 %lhs_5"   --->   Operation 38 'add' 'ret_V' <Predicate = (!icmp_ln86)> <Delay = 1.01> <CoreInst = "Adder">   --->   Core 1 'Adder' <Latency = 0> <II = 1> <Delay = 1.01> <FuncUnit> <Opcode : 'add' 'sub'> <InPorts = 2> <OutPorts = 1>
ST_3 : Operation 39 [1/1] (0.00ns)   --->   "%trunc_ln1 = partselect i32 @_ssdm_op_PartSelect.i32.i54.i32.i32, i54 %ret_V, i32 22, i32 53"   --->   Operation 39 'partselect' 'trunc_ln1' <Predicate = (!icmp_ln86)> <Delay = 0.00>
ST_3 : Operation 40 [1/1] (1.39ns)   --->   "%write_ln174 = write void @_ssdm_op_Write.ap_fifo.volatile.i32P0A, i32 %mlp_1_weight_fifo_2_V_V, i32 %w_V" [/tools/reconfig/xilinx/Vitis_HLS/2020.2/common/technology/autopilot/hls_stream_39.h:174]   --->   Operation 40 'write' 'write_ln174' <Predicate = (!icmp_ln86)> <Delay = 1.39> <CoreInst = "FIFO_SRL">   --->   Core 81 'FIFO_SRL' <Latency = 0> <II = 1> <Delay = 1.39> <Storage> <Opcode : 'read' 'write' 'nbread' 'nbwrite'> <Ports = 0> <Width = 32> <Depth = 2> <FIFO>
ST_3 : Operation 41 [1/1] (0.00ns)   --->   "%br_ln0 = br void %_ZN13ap_fixed_baseILi65ELi21ELb1EL9ap_q_mode5EL9ap_o_mode3ELi0EEC2ILi32ELi10ELb1ELS0_5ELS1_3ELi0EEERKS_IXT_EXT0_EXT1_EXT2_EXT3_EXT4_EE.exit.i.i.i.i"   --->   Operation 41 'br' 'br_ln0' <Predicate = (!icmp_ln86)> <Delay = 0.00>

State 4 <SV = 2> <Delay = 0.25>
ST_4 : Operation 42 [1/1] (0.00ns)   --->   "%trunc_ln86 = trunc i32 %lhs" [GIN_compute.cpp:86->GIN_compute.cpp:113]   --->   Operation 42 'trunc' 'trunc_ln86' <Predicate = true> <Delay = 0.00>
ST_4 : Operation 43 [1/1] (0.00ns)   --->   "%tmp = bitselect i1 @_ssdm_op_BitSelect.i1.i32.i32, i32 %lhs, i32 31"   --->   Operation 43 'bitselect' 'tmp' <Predicate = true> <Delay = 0.00>
ST_4 : Operation 44 [1/1] (0.25ns)   --->   "%select_ln92 = select i1 %tmp, i31 0, i31 %trunc_ln86" [GIN_compute.cpp:92->GIN_compute.cpp:113]   --->   Operation 44 'select' 'select_ln92' <Predicate = true> <Delay = 0.25> <CoreInst = "Sel">   --->   Core 73 'Sel' <Latency = 0> <II = 1> <Delay = 0.25> <FuncUnit> <Opcode : 'select'> <InPorts = 3> <OutPorts = 1>
ST_4 : Operation 45 [1/1] (0.00ns)   --->   "%write_ln92 = write void @_ssdm_op_Write.ap_auto.i31P0A, i31 %mlp_out_local4, i31 %select_ln92" [GIN_compute.cpp:92->GIN_compute.cpp:113]   --->   Operation 45 'write' 'write_ln92' <Predicate = true> <Delay = 0.00>
ST_4 : Operation 46 [1/1] (0.00ns)   --->   "%ret_ln0 = ret"   --->   Operation 46 'ret' 'ret_ln0' <Predicate = true> <Delay = 0.00>


============================================================
+ Verbose Summary: Binding
============================================================
STG Binding: 
---------------- STG Properties BEGIN ----------------
- Is combinational: 0
- Is one-state seq: 0
- Is datapath-only: 0
- Is pipelined: 0
- Is top level: 0
Port [ Return ] is wired: 1; IO mode=ap_ctrl_hs:ce=0
Port [ mlp_in_local1]:  wired=1; compound=1; hidden=0; nouse=0; global=0; static=0; extern=0; dir=0; type=1; pingpong=0; private_global=0; MemPort=[13]; IO mode=ap_memory:ce=0
Port [ mlp_1_weight_fifo_1_V_V]:  wired=1; compound=1; hidden=0; nouse=0; global=0; static=0; extern=0; dir=0; type=3; pingpong=0; private_global=0; IO mode=ap_fifo:ce=0
Port [ mlp_1_weight_fifo_2_V_V]:  wired=1; compound=1; hidden=0; nouse=0; global=0; static=0; extern=0; dir=1; type=3; pingpong=0; private_global=0; IO mode=ap_fifo:ce=0
Port [ mlp_1_bias_V_load_loc]:  wired=1; compound=1; hidden=0; nouse=0; global=0; static=0; extern=0; dir=0; type=3; pingpong=0; private_global=0; IO mode=ap_fifo:ce=0
Port [ mlp_out_local4]:  wired=1; compound=0; hidden=0; nouse=0; global=0; static=0; extern=0; dir=1; type=0; pingpong=0; private_global=0; IO mode=ap_vld:ce=0
Port [ mlp_1_bias_V_load_loc_out]:  wired=1; compound=1; hidden=0; nouse=0; global=0; static=0; extern=0; dir=1; type=3; pingpong=0; private_global=0; IO mode=ap_fifo:ce=0
---------------- STG Properties END ------------------

---------------- Datapath Model BEGIN ----------------

<LifeTime>
<method=bitvector/>
specinterface_ln0          (specinterface    ) [ 00000]
specinterface_ln0          (specinterface    ) [ 00000]
specinterface_ln0          (specinterface    ) [ 00000]
mlp_1_bias_V_load_loc_read (read             ) [ 01110]
specinterface_ln0          (specinterface    ) [ 00000]
write_ln0                  (write            ) [ 00000]
specinterface_ln0          (specinterface    ) [ 00000]
specinterface_ln0          (specinterface    ) [ 00000]
br_ln86                    (br               ) [ 01110]
i                          (phi              ) [ 00100]
lhs                        (phi              ) [ 00111]
add_ln86                   (add              ) [ 01110]
icmp_ln86                  (icmp             ) [ 00110]
empty                      (speclooptripcount) [ 00000]
br_ln86                    (br               ) [ 00000]
shl_ln                     (bitconcatenate   ) [ 00000]
zext_ln1118                (zext             ) [ 00000]
add_ln1118                 (add              ) [ 00000]
trunc_ln                   (partselect       ) [ 00000]
icmp_ln1118                (icmp             ) [ 00000]
add_ln1118_1               (add              ) [ 00000]
select_ln1118              (select           ) [ 00000]
zext_ln1118_3              (zext             ) [ 00000]
mlp_in_local1_addr         (getelementptr    ) [ 00110]
specpipeline_ln0           (specpipeline     ) [ 00000]
specloopname_ln0           (specloopname     ) [ 00000]
w_V                        (read             ) [ 00000]
sext_ln1115                (sext             ) [ 00000]
mlp_in_local1_load         (load             ) [ 00000]
sext_ln1118                (sext             ) [ 00000]
r_V_5                      (mul              ) [ 00000]
lhs_5                      (bitconcatenate   ) [ 00000]
ret_V                      (add              ) [ 00000]
trunc_ln1                  (partselect       ) [ 01110]
write_ln174                (write            ) [ 00000]
br_ln0                     (br               ) [ 01110]
trunc_ln86                 (trunc            ) [ 00000]
tmp                        (bitselect        ) [ 00000]
select_ln92                (select           ) [ 00000]
write_ln92                 (write            ) [ 00000]
ret_ln0                    (ret              ) [ 00000]
</LifeTime>

<model>

<comp_list>
<comp id="0" class="1000" name="mlp_in_local1">
<pin_list>
<pin id="1" dir="1" index="0" bw="1" slack="0"/>
</pin_list>
<bind>
<StgValue><ssdm name="mlp_in_local1"/><MemPortTyVec>1 3 </MemPortTyVec>
</StgValue>
</bind>
</comp>

<comp id="2" class="1000" name="mlp_1_weight_fifo_1_V_V">
<pin_list>
<pin id="3" dir="1" index="0" bw="1" slack="0"/>
</pin_list>
<bind>
<StgValue><ssdm name="mlp_1_weight_fifo_1_V_V"/></StgValue>
</bind>
</comp>

<comp id="4" class="1000" name="mlp_1_weight_fifo_2_V_V">
<pin_list>
<pin id="5" dir="1" index="0" bw="1" slack="0"/>
</pin_list>
<bind>
<StgValue><ssdm name="mlp_1_weight_fifo_2_V_V"/></StgValue>
</bind>
</comp>

<comp id="6" class="1000" name="mlp_1_bias_V_load_loc">
<pin_list>
<pin id="7" dir="1" index="0" bw="1" slack="0"/>
</pin_list>
<bind>
<StgValue><ssdm name="mlp_1_bias_V_load_loc"/></StgValue>
</bind>
</comp>

<comp id="8" class="1000" name="mlp_out_local4">
<pin_list>
<pin id="9" dir="1" index="0" bw="1" slack="0"/>
</pin_list>
<bind>
<StgValue><ssdm name="mlp_out_local4"/></StgValue>
</bind>
</comp>

<comp id="10" class="1000" name="mlp_1_bias_V_load_loc_out">
<pin_list>
<pin id="11" dir="1" index="0" bw="1" slack="0"/>
</pin_list>
<bind>
<StgValue><ssdm name="mlp_1_bias_V_load_loc_out"/></StgValue>
</bind>
</comp>

<comp id="12" class="1001" name="const_12">
<pin_list>
<pin id="13" dir="1" index="0" bw="1" slack="2147483647"/>
</pin_list>
<bind>
<StgValue><ssdm name="_ssdm_op_SpecInterface"/></StgValue>
</bind>
</comp>

<comp id="14" class="1001" name="const_14">
<pin_list>
<pin id="15" dir="1" index="0" bw="1" slack="2147483647"/>
</pin_list>
<bind>
<StgValue><ssdm name="ap_fifo_str"/></StgValue>
</bind>
</comp>

<comp id="16" class="1001" name="const_16">
<pin_list>
<pin id="17" dir="1" index="0" bw="1" slack="2147483647"/>
</pin_list>
<bind>
<StgValue><ssdm name=""/></StgValue>
</bind>
</comp>

<comp id="18" class="1001" name="const_18">
<pin_list>
<pin id="19" dir="1" index="0" bw="1" slack="2147483647"/>
</pin_list>
<bind>
<StgValue><ssdm name="p_str"/></StgValue>
</bind>
</comp>

<comp id="20" class="1001" name="const_20">
<pin_list>
<pin id="21" dir="1" index="0" bw="1" slack="0"/>
</pin_list>
<bind>
<StgValue><ssdm name=""/></StgValue>
</bind>
</comp>

<comp id="22" class="1001" name="const_22">
<pin_list>
<pin id="23" dir="1" index="0" bw="1" slack="2147483647"/>
</pin_list>
<bind>
<StgValue><ssdm name=""/></StgValue>
</bind>
</comp>

<comp id="24" class="1001" name="const_24">
<pin_list>
<pin id="25" dir="1" index="0" bw="1" slack="2147483647"/>
</pin_list>
<bind>
<StgValue><ssdm name="ScalarProp_str"/></StgValue>
</bind>
</comp>

<comp id="26" class="1001" name="const_26">
<pin_list>
<pin id="27" dir="1" index="0" bw="1" slack="0"/>
</pin_list>
<bind>
<StgValue><ssdm name="_ssdm_op_Read.ap_fifo.i32P0A"/></StgValue>
</bind>
</comp>

<comp id="28" class="1001" name="const_28">
<pin_list>
<pin id="29" dir="1" index="0" bw="1" slack="0"/>
</pin_list>
<bind>
<StgValue><ssdm name="_ssdm_op_Write.ap_fifo.i32P0A"/></StgValue>
</bind>
</comp>

<comp id="30" class="1001" name="const_30">
<pin_list>
<pin id="31" dir="1" index="0" bw="1" slack="1"/>
</pin_list>
<bind>
<StgValue><ssdm name=""/></StgValue>
</bind>
</comp>

<comp id="32" class="1001" name="const_32">
<pin_list>
<pin id="33" dir="1" index="0" bw="1" slack="0"/>
</pin_list>
<bind>
<StgValue><ssdm name=""/></StgValue>
</bind>
</comp>

<comp id="34" class="1001" name="const_34">
<pin_list>
<pin id="35" dir="1" index="0" bw="1" slack="0"/>
</pin_list>
<bind>
<StgValue><ssdm name=""/></StgValue>
</bind>
</comp>

<comp id="36" class="1001" name="const_36">
<pin_list>
<pin id="37" dir="1" index="0" bw="1" slack="2147483647"/>
</pin_list>
<bind>
<StgValue><ssdm name="_ssdm_op_SpecLoopTripCount"/></StgValue>
</bind>
</comp>

<comp id="38" class="1001" name="const_38">
<pin_list>
<pin id="39" dir="1" index="0" bw="1" slack="2147483647"/>
</pin_list>
<bind>
<StgValue><ssdm name=""/></StgValue>
</bind>
</comp>

<comp id="40" class="1001" name="const_40">
<pin_list>
<pin id="41" dir="1" index="0" bw="1" slack="0"/>
</pin_list>
<bind>
<StgValue><ssdm name="_ssdm_op_BitConcatenate.i11.i9.i2"/></StgValue>
</bind>
</comp>

<comp id="42" class="1001" name="const_42">
<pin_list>
<pin id="43" dir="1" index="0" bw="1" slack="0"/>
</pin_list>
<bind>
<StgValue><ssdm name=""/></StgValue>
</bind>
</comp>

<comp id="44" class="1001" name="const_44">
<pin_list>
<pin id="45" dir="1" index="0" bw="1" slack="0"/>
</pin_list>
<bind>
<StgValue><ssdm name=""/></StgValue>
</bind>
</comp>

<comp id="46" class="1001" name="const_46">
<pin_list>
<pin id="47" dir="1" index="0" bw="1" slack="0"/>
</pin_list>
<bind>
<StgValue><ssdm name="_ssdm_op_PartSelect.i10.i12.i32.i32"/></StgValue>
</bind>
</comp>

<comp id="48" class="1001" name="const_48">
<pin_list>
<pin id="49" dir="1" index="0" bw="1" slack="0"/>
</pin_list>
<bind>
<StgValue><ssdm name=""/></StgValue>
</bind>
</comp>

<comp id="50" class="1001" name="const_50">
<pin_list>
<pin id="51" dir="1" index="0" bw="1" slack="0"/>
</pin_list>
<bind>
<StgValue><ssdm name=""/></StgValue>
</bind>
</comp>

<comp id="52" class="1001" name="const_52">
<pin_list>
<pin id="53" dir="1" index="0" bw="1" slack="0"/>
</pin_list>
<bind>
<StgValue><ssdm name=""/></StgValue>
</bind>
</comp>

<comp id="54" class="1001" name="const_54">
<pin_list>
<pin id="55" dir="1" index="0" bw="1" slack="0"/>
</pin_list>
<bind>
<StgValue><ssdm name=""/></StgValue>
</bind>
</comp>

<comp id="56" class="1001" name="const_56">
<pin_list>
<pin id="57" dir="1" index="0" bw="1" slack="2147483647"/>
</pin_list>
<bind>
<StgValue><ssdm name="_ssdm_op_SpecPipeline"/></StgValue>
</bind>
</comp>

<comp id="58" class="1001" name="const_58">
<pin_list>
<pin id="59" dir="1" index="0" bw="1" slack="2147483647"/>
</pin_list>
<bind>
<StgValue><ssdm name=""/></StgValue>
</bind>
</comp>

<comp id="60" class="1001" name="const_60">
<pin_list>
<pin id="61" dir="1" index="0" bw="1" slack="2147483647"/>
</pin_list>
<bind>
<StgValue><ssdm name="empty_11"/></StgValue>
</bind>
</comp>

<comp id="62" class="1001" name="const_62">
<pin_list>
<pin id="63" dir="1" index="0" bw="1" slack="2147483647"/>
</pin_list>
<bind>
<StgValue><ssdm name="_ssdm_op_SpecLoopName"/></StgValue>
</bind>
</comp>

<comp id="64" class="1001" name="const_64">
<pin_list>
<pin id="65" dir="1" index="0" bw="1" slack="2147483647"/>
</pin_list>
<bind>
<StgValue><ssdm name="empty_35"/></StgValue>
</bind>
</comp>

<comp id="66" class="1001" name="const_66">
<pin_list>
<pin id="67" dir="1" index="0" bw="1" slack="0"/>
</pin_list>
<bind>
<StgValue><ssdm name="_ssdm_op_Read.ap_fifo.volatile.i32P0A"/></StgValue>
</bind>
</comp>

<comp id="68" class="1001" name="const_68">
<pin_list>
<pin id="69" dir="1" index="0" bw="1" slack="0"/>
</pin_list>
<bind>
<StgValue><ssdm name="_ssdm_op_BitConcatenate.i54.i32.i22"/></StgValue>
</bind>
</comp>

<comp id="70" class="1001" name="const_70">
<pin_list>
<pin id="71" dir="1" index="0" bw="1" slack="0"/>
</pin_list>
<bind>
<StgValue><ssdm name=""/></StgValue>
</bind>
</comp>

<comp id="72" class="1001" name="const_72">
<pin_list>
<pin id="73" dir="1" index="0" bw="1" slack="0"/>
</pin_list>
<bind>
<StgValue><ssdm name="_ssdm_op_PartSelect.i32.i54.i32.i32"/></StgValue>
</bind>
</comp>

<comp id="74" class="1001" name="const_74">
<pin_list>
<pin id="75" dir="1" index="0" bw="1" slack="0"/>
</pin_list>
<bind>
<StgValue><ssdm name=""/></StgValue>
</bind>
</comp>

<comp id="76" class="1001" name="const_76">
<pin_list>
<pin id="77" dir="1" index="0" bw="1" slack="0"/>
</pin_list>
<bind>
<StgValue><ssdm name=""/></StgValue>
</bind>
</comp>

<comp id="78" class="1001" name="const_78">
<pin_list>
<pin id="79" dir="1" index="0" bw="1" slack="0"/>
</pin_list>
<bind>
<StgValue><ssdm name="_ssdm_op_Write.ap_fifo.volatile.i32P0A"/></StgValue>
</bind>
</comp>

<comp id="80" class="1001" name="const_80">
<pin_list>
<pin id="81" dir="1" index="0" bw="1" slack="0"/>
</pin_list>
<bind>
<StgValue><ssdm name="_ssdm_op_BitSelect.i1.i32.i32"/></StgValue>
</bind>
</comp>

<comp id="82" class="1001" name="const_82">
<pin_list>
<pin id="83" dir="1" index="0" bw="1" slack="0"/>
</pin_list>
<bind>
<StgValue><ssdm name=""/></StgValue>
</bind>
</comp>

<comp id="84" class="1001" name="const_84">
<pin_list>
<pin id="85" dir="1" index="0" bw="1" slack="0"/>
</pin_list>
<bind>
<StgValue><ssdm name=""/></StgValue>
</bind>
</comp>

<comp id="86" class="1001" name="const_86">
<pin_list>
<pin id="87" dir="1" index="0" bw="1" slack="0"/>
</pin_list>
<bind>
<StgValue><ssdm name="_ssdm_op_Write.ap_auto.i31P0A"/></StgValue>
</bind>
</comp>

<comp id="88" class="1004" name="mlp_1_bias_V_load_loc_read_read_fu_88">
<pin_list>
<pin id="89" dir="0" index="0" bw="32" slack="0"/>
<pin id="90" dir="0" index="1" bw="32" slack="0"/>
<pin id="91" dir="1" index="2" bw="32" slack="0"/>
</pin_list>
<bind>
<opcode="read(1150) " fcode="read"/>
<opset="mlp_1_bias_V_load_loc_read/1 "/>
</bind>
</comp>

<comp id="94" class="1004" name="write_ln0_write_fu_94">
<pin_list>
<pin id="95" dir="0" index="0" bw="0" slack="0"/>
<pin id="96" dir="0" index="1" bw="32" slack="0"/>
<pin id="97" dir="0" index="2" bw="32" slack="0"/>
<pin id="98" dir="1" index="3" bw="0" slack="2147483647"/>
</pin_list>
<bind>
<opcode="write(1151) " fcode="write"/>
<opset="write_ln0/1 "/>
</bind>
</comp>

<comp id="102" class="1004" name="w_V_read_fu_102">
<pin_list>
<pin id="103" dir="0" index="0" bw="32" slack="0"/>
<pin id="104" dir="0" index="1" bw="32" slack="0"/>
<pin id="105" dir="1" index="2" bw="32" slack="0"/>
</pin_list>
<bind>
<opcode="read(1150) " fcode="read"/>
<opset="w_V/3 "/>
</bind>
</comp>

<comp id="108" class="1004" name="write_ln174_write_fu_108">
<pin_list>
<pin id="109" dir="0" index="0" bw="0" slack="0"/>
<pin id="110" dir="0" index="1" bw="32" slack="0"/>
<pin id="111" dir="0" index="2" bw="32" slack="0"/>
<pin id="112" dir="1" index="3" bw="0" slack="2147483647"/>
</pin_list>
<bind>
<opcode="write(1151) " fcode="write"/>
<opset="write_ln174/3 "/>
</bind>
</comp>

<comp id="116" class="1004" name="write_ln92_write_fu_116">
<pin_list>
<pin id="117" dir="0" index="0" bw="0" slack="0"/>
<pin id="118" dir="0" index="1" bw="31" slack="0"/>
<pin id="119" dir="0" index="2" bw="31" slack="0"/>
<pin id="120" dir="1" index="3" bw="0" slack="2147483647"/>
</pin_list>
<bind>
<opcode="write(1151) " fcode="write"/>
<opset="write_ln92/4 "/>
</bind>
</comp>

<comp id="123" class="1004" name="mlp_in_local1_addr_gep_fu_123">
<pin_list>
<pin id="124" dir="0" index="0" bw="32" slack="0"/>
<pin id="125" dir="0" index="1" bw="1" slack="0"/>
<pin id="126" dir="0" index="2" bw="10" slack="0"/>
<pin id="127" dir="1" index="3" bw="10" slack="0"/>
</pin_list>
<bind>
<opcode="getelementptr(29) " fcode="getelementptr"/>
<opset="mlp_in_local1_addr/2 "/>
</bind>
</comp>

<comp id="130" class="1004" name="grp_access_fu_130">
<pin_list>
<pin id="131" dir="0" index="0" bw="10" slack="0"/>
<pin id="132" dir="0" index="1" bw="32" slack="2147483647"/>
<pin id="133" dir="0" index="2" bw="0" slack="2147483647"/>
<pin id="134" dir="1" index="3" bw="32" slack="0"/>
</pin_list>
<bind>
<opcode="load(27) " fcode="load"/>
<opset="mlp_in_local1_load/2 "/>
</bind>
</comp>

<comp id="136" class="1005" name="i_reg_136">
<pin_list>
<pin id="137" dir="0" index="0" bw="9" slack="1"/>
<pin id="138" dir="1" index="1" bw="9" slack="1"/>
</pin_list>
<bind>
<opset="i (phireg) "/>
</bind>
</comp>

<comp id="140" class="1004" name="i_phi_fu_140">
<pin_list>
<pin id="141" dir="0" index="0" bw="1" slack="1"/>
<pin id="142" dir="0" index="1" bw="0" slack="2147483647"/>
<pin id="143" dir="0" index="2" bw="9" slack="0"/>
<pin id="144" dir="0" index="3" bw="0" slack="2147483647"/>
<pin id="145" dir="1" index="4" bw="9" slack="0"/>
</pin_list>
<bind>
<opcode="phi(47) " fcode="phi"/>
<opset="i/2 "/>
</bind>
</comp>

<comp id="147" class="1005" name="lhs_reg_147">
<pin_list>
<pin id="148" dir="0" index="0" bw="32" slack="1"/>
<pin id="149" dir="1" index="1" bw="32" slack="1"/>
</pin_list>
<bind>
<opset="lhs (phireg) "/>
</bind>
</comp>

<comp id="150" class="1004" name="lhs_phi_fu_150">
<pin_list>
<pin id="151" dir="0" index="0" bw="32" slack="1"/>
<pin id="152" dir="0" index="1" bw="0" slack="2147483647"/>
<pin id="153" dir="0" index="2" bw="32" slack="1"/>
<pin id="154" dir="0" index="3" bw="0" slack="2147483647"/>
<pin id="155" dir="1" index="4" bw="32" slack="1"/>
</pin_list>
<bind>
<opcode="phi(47) " fcode="phi"/>
<opset="lhs/2 "/>
</bind>
</comp>

<comp id="157" class="1004" name="add_ln86_fu_157">
<pin_list>
<pin id="158" dir="0" index="0" bw="9" slack="0"/>
<pin id="159" dir="0" index="1" bw="1" slack="0"/>
<pin id="160" dir="1" index="2" bw="9" slack="0"/>
</pin_list>
<bind>
<opcode="add(8) " fcode="add"/>
<opset="add_ln86/2 "/>
</bind>
</comp>

<comp id="163" class="1004" name="icmp_ln86_fu_163">
<pin_list>
<pin id="164" dir="0" index="0" bw="9" slack="0"/>
<pin id="165" dir="0" index="1" bw="9" slack="0"/>
<pin id="166" dir="1" index="2" bw="1" slack="1"/>
</pin_list>
<bind>
<opcode="icmp(45) " fcode="icmp"/>
<opset="icmp_ln86/2 "/>
</bind>
</comp>

<comp id="169" class="1004" name="shl_ln_fu_169">
<pin_list>
<pin id="170" dir="0" index="0" bw="11" slack="0"/>
<pin id="171" dir="0" index="1" bw="9" slack="0"/>
<pin id="172" dir="0" index="2" bw="1" slack="0"/>
<pin id="173" dir="1" index="3" bw="11" slack="0"/>
</pin_list>
<bind>
<opcode="bitconcatenate(1004) " fcode="bitconcatenate"/>
<opset="shl_ln/2 "/>
</bind>
</comp>

<comp id="177" class="1004" name="zext_ln1118_fu_177">
<pin_list>
<pin id="178" dir="0" index="0" bw="11" slack="0"/>
<pin id="179" dir="1" index="1" bw="12" slack="0"/>
</pin_list>
<bind>
<opcode="zext(34) " fcode="zext"/>
<opset="zext_ln1118/2 "/>
</bind>
</comp>

<comp id="181" class="1004" name="add_ln1118_fu_181">
<pin_list>
<pin id="182" dir="0" index="0" bw="11" slack="0"/>
<pin id="183" dir="0" index="1" bw="12" slack="0"/>
<pin id="184" dir="1" index="2" bw="12" slack="0"/>
</pin_list>
<bind>
<opcode="add(8) " fcode="add"/>
<opset="add_ln1118/2 "/>
</bind>
</comp>

<comp id="187" class="1004" name="trunc_ln_fu_187">
<pin_list>
<pin id="188" dir="0" index="0" bw="10" slack="0"/>
<pin id="189" dir="0" index="1" bw="12" slack="0"/>
<pin id="190" dir="0" index="2" bw="3" slack="0"/>
<pin id="191" dir="0" index="3" bw="5" slack="0"/>
<pin id="192" dir="1" index="4" bw="10" slack="0"/>
</pin_list>
<bind>
<opcode="partselect(1002) " fcode="partselect"/>
<opset="trunc_ln/2 "/>
</bind>
</comp>

<comp id="197" class="1004" name="icmp_ln1118_fu_197">
<pin_list>
<pin id="198" dir="0" index="0" bw="10" slack="0"/>
<pin id="199" dir="0" index="1" bw="10" slack="0"/>
<pin id="200" dir="1" index="2" bw="1" slack="0"/>
</pin_list>
<bind>
<opcode="icmp(45) " fcode="icmp"/>
<opset="icmp_ln1118/2 "/>
</bind>
</comp>

<comp id="203" class="1004" name="add_ln1118_1_fu_203">
<pin_list>
<pin id="204" dir="0" index="0" bw="10" slack="0"/>
<pin id="205" dir="0" index="1" bw="10" slack="0"/>
<pin id="206" dir="1" index="2" bw="10" slack="0"/>
</pin_list>
<bind>
<opcode="add(8) " fcode="add"/>
<opset="add_ln1118_1/2 "/>
</bind>
</comp>

<comp id="209" class="1004" name="select_ln1118_fu_209">
<pin_list>
<pin id="210" dir="0" index="0" bw="1" slack="0"/>
<pin id="211" dir="0" index="1" bw="10" slack="0"/>
<pin id="212" dir="0" index="2" bw="10" slack="0"/>
<pin id="213" dir="1" index="3" bw="10" slack="0"/>
</pin_list>
<bind>
<opcode="select(49) " fcode="select"/>
<opset="select_ln1118/2 "/>
</bind>
</comp>

<comp id="217" class="1004" name="zext_ln1118_3_fu_217">
<pin_list>
<pin id="218" dir="0" index="0" bw="10" slack="0"/>
<pin id="219" dir="1" index="1" bw="64" slack="0"/>
</pin_list>
<bind>
<opcode="zext(34) " fcode="zext"/>
<opset="zext_ln1118_3/2 "/>
</bind>
</comp>

<comp id="222" class="1004" name="sext_ln1115_fu_222">
<pin_list>
<pin id="223" dir="0" index="0" bw="32" slack="0"/>
<pin id="224" dir="1" index="1" bw="54" slack="0"/>
</pin_list>
<bind>
<opcode="sext(35) " fcode="sext"/>
<opset="sext_ln1115/3 "/>
</bind>
</comp>

<comp id="226" class="1004" name="sext_ln1118_fu_226">
<pin_list>
<pin id="227" dir="0" index="0" bw="32" slack="0"/>
<pin id="228" dir="1" index="1" bw="54" slack="0"/>
</pin_list>
<bind>
<opcode="sext(35) " fcode="sext"/>
<opset="sext_ln1118/3 "/>
</bind>
</comp>

<comp id="230" class="1004" name="r_V_5_fu_230">
<pin_list>
<pin id="231" dir="0" index="0" bw="32" slack="0"/>
<pin id="232" dir="0" index="1" bw="32" slack="0"/>
<pin id="233" dir="1" index="2" bw="54" slack="0"/>
</pin_list>
<bind>
<opcode="mul(12) " fcode="mul"/>
<opset="r_V_5/3 "/>
</bind>
</comp>

<comp id="236" class="1004" name="lhs_5_fu_236">
<pin_list>
<pin id="237" dir="0" index="0" bw="54" slack="0"/>
<pin id="238" dir="0" index="1" bw="32" slack="1"/>
<pin id="239" dir="0" index="2" bw="1" slack="0"/>
<pin id="240" dir="1" index="3" bw="54" slack="0"/>
</pin_list>
<bind>
<opcode="bitconcatenate(1004) " fcode="bitconcatenate"/>
<opset="lhs_5/3 "/>
</bind>
</comp>

<comp id="244" class="1004" name="ret_V_fu_244">
<pin_list>
<pin id="245" dir="0" index="0" bw="54" slack="0"/>
<pin id="246" dir="0" index="1" bw="54" slack="0"/>
<pin id="247" dir="1" index="2" bw="54" slack="0"/>
</pin_list>
<bind>
<opcode="add(8) " fcode="add"/>
<opset="ret_V/3 "/>
</bind>
</comp>

<comp id="250" class="1004" name="trunc_ln1_fu_250">
<pin_list>
<pin id="251" dir="0" index="0" bw="32" slack="0"/>
<pin id="252" dir="0" index="1" bw="54" slack="0"/>
<pin id="253" dir="0" index="2" bw="6" slack="0"/>
<pin id="254" dir="0" index="3" bw="7" slack="0"/>
<pin id="255" dir="1" index="4" bw="32" slack="1"/>
</pin_list>
<bind>
<opcode="partselect(1002) " fcode="partselect"/>
<opset="trunc_ln1/3 "/>
</bind>
</comp>

<comp id="260" class="1004" name="trunc_ln86_fu_260">
<pin_list>
<pin id="261" dir="0" index="0" bw="32" slack="1"/>
<pin id="262" dir="1" index="1" bw="31" slack="0"/>
</pin_list>
<bind>
<opcode="trunc(33) " fcode="trunc"/>
<opset="trunc_ln86/4 "/>
</bind>
</comp>

<comp id="264" class="1004" name="tmp_fu_264">
<pin_list>
<pin id="265" dir="0" index="0" bw="1" slack="0"/>
<pin id="266" dir="0" index="1" bw="32" slack="1"/>
<pin id="267" dir="0" index="2" bw="6" slack="0"/>
<pin id="268" dir="1" index="3" bw="1" slack="0"/>
</pin_list>
<bind>
<opcode="bitselect(1000) " fcode="bitselect"/>
<opset="tmp/4 "/>
</bind>
</comp>

<comp id="272" class="1004" name="select_ln92_fu_272">
<pin_list>
<pin id="273" dir="0" index="0" bw="1" slack="0"/>
<pin id="274" dir="0" index="1" bw="1" slack="0"/>
<pin id="275" dir="0" index="2" bw="31" slack="0"/>
<pin id="276" dir="1" index="3" bw="31" slack="0"/>
</pin_list>
<bind>
<opcode="select(49) " fcode="select"/>
<opset="select_ln92/4 "/>
</bind>
</comp>

<comp id="281" class="1005" name="mlp_1_bias_V_load_loc_read_reg_281">
<pin_list>
<pin id="282" dir="0" index="0" bw="32" slack="1"/>
<pin id="283" dir="1" index="1" bw="32" slack="1"/>
</pin_list>
<bind>
<opset="mlp_1_bias_V_load_loc_read "/>
</bind>
</comp>

<comp id="286" class="1005" name="add_ln86_reg_286">
<pin_list>
<pin id="287" dir="0" index="0" bw="9" slack="0"/>
<pin id="288" dir="1" index="1" bw="9" slack="0"/>
</pin_list>
<bind>
<opset="add_ln86 "/>
</bind>
</comp>

<comp id="291" class="1005" name="icmp_ln86_reg_291">
<pin_list>
<pin id="292" dir="0" index="0" bw="1" slack="1"/>
<pin id="293" dir="1" index="1" bw="1" slack="2147483647"/>
</pin_list>
<bind>
<opset="icmp_ln86 "/>
</bind>
</comp>

<comp id="295" class="1005" name="mlp_in_local1_addr_reg_295">
<pin_list>
<pin id="296" dir="0" index="0" bw="10" slack="1"/>
<pin id="297" dir="1" index="1" bw="10" slack="1"/>
</pin_list>
<bind>
<opset="mlp_in_local1_addr "/>
</bind>
</comp>

<comp id="300" class="1005" name="trunc_ln1_reg_300">
<pin_list>
<pin id="301" dir="0" index="0" bw="32" slack="1"/>
<pin id="302" dir="1" index="1" bw="32" slack="1"/>
</pin_list>
<bind>
<opset="trunc_ln1 "/>
</bind>
</comp>

</comp_list>

<net_list>
<net id="92"><net_src comp="26" pin="0"/><net_sink comp="88" pin=0"/></net>

<net id="93"><net_src comp="6" pin="0"/><net_sink comp="88" pin=1"/></net>

<net id="99"><net_src comp="28" pin="0"/><net_sink comp="94" pin=0"/></net>

<net id="100"><net_src comp="10" pin="0"/><net_sink comp="94" pin=1"/></net>

<net id="101"><net_src comp="88" pin="2"/><net_sink comp="94" pin=2"/></net>

<net id="106"><net_src comp="66" pin="0"/><net_sink comp="102" pin=0"/></net>

<net id="107"><net_src comp="2" pin="0"/><net_sink comp="102" pin=1"/></net>

<net id="113"><net_src comp="78" pin="0"/><net_sink comp="108" pin=0"/></net>

<net id="114"><net_src comp="4" pin="0"/><net_sink comp="108" pin=1"/></net>

<net id="115"><net_src comp="102" pin="2"/><net_sink comp="108" pin=2"/></net>

<net id="121"><net_src comp="86" pin="0"/><net_sink comp="116" pin=0"/></net>

<net id="122"><net_src comp="8" pin="0"/><net_sink comp="116" pin=1"/></net>

<net id="128"><net_src comp="0" pin="0"/><net_sink comp="123" pin=0"/></net>

<net id="129"><net_src comp="54" pin="0"/><net_sink comp="123" pin=1"/></net>

<net id="135"><net_src comp="123" pin="3"/><net_sink comp="130" pin=0"/></net>

<net id="139"><net_src comp="30" pin="0"/><net_sink comp="136" pin=0"/></net>

<net id="146"><net_src comp="136" pin="1"/><net_sink comp="140" pin=0"/></net>

<net id="156"><net_src comp="150" pin="4"/><net_sink comp="147" pin=0"/></net>

<net id="161"><net_src comp="140" pin="4"/><net_sink comp="157" pin=0"/></net>

<net id="162"><net_src comp="32" pin="0"/><net_sink comp="157" pin=1"/></net>

<net id="167"><net_src comp="140" pin="4"/><net_sink comp="163" pin=0"/></net>

<net id="168"><net_src comp="34" pin="0"/><net_sink comp="163" pin=1"/></net>

<net id="174"><net_src comp="40" pin="0"/><net_sink comp="169" pin=0"/></net>

<net id="175"><net_src comp="140" pin="4"/><net_sink comp="169" pin=1"/></net>

<net id="176"><net_src comp="42" pin="0"/><net_sink comp="169" pin=2"/></net>

<net id="180"><net_src comp="169" pin="3"/><net_sink comp="177" pin=0"/></net>

<net id="185"><net_src comp="177" pin="1"/><net_sink comp="181" pin=0"/></net>

<net id="186"><net_src comp="44" pin="0"/><net_sink comp="181" pin=1"/></net>

<net id="193"><net_src comp="46" pin="0"/><net_sink comp="187" pin=0"/></net>

<net id="194"><net_src comp="181" pin="2"/><net_sink comp="187" pin=1"/></net>

<net id="195"><net_src comp="20" pin="0"/><net_sink comp="187" pin=2"/></net>

<net id="196"><net_src comp="48" pin="0"/><net_sink comp="187" pin=3"/></net>

<net id="201"><net_src comp="187" pin="4"/><net_sink comp="197" pin=0"/></net>

<net id="202"><net_src comp="50" pin="0"/><net_sink comp="197" pin=1"/></net>

<net id="207"><net_src comp="187" pin="4"/><net_sink comp="203" pin=0"/></net>

<net id="208"><net_src comp="52" pin="0"/><net_sink comp="203" pin=1"/></net>

<net id="214"><net_src comp="197" pin="2"/><net_sink comp="209" pin=0"/></net>

<net id="215"><net_src comp="187" pin="4"/><net_sink comp="209" pin=1"/></net>

<net id="216"><net_src comp="203" pin="2"/><net_sink comp="209" pin=2"/></net>

<net id="220"><net_src comp="209" pin="3"/><net_sink comp="217" pin=0"/></net>

<net id="221"><net_src comp="217" pin="1"/><net_sink comp="123" pin=2"/></net>

<net id="225"><net_src comp="102" pin="2"/><net_sink comp="222" pin=0"/></net>

<net id="229"><net_src comp="130" pin="3"/><net_sink comp="226" pin=0"/></net>

<net id="234"><net_src comp="226" pin="1"/><net_sink comp="230" pin=0"/></net>

<net id="235"><net_src comp="222" pin="1"/><net_sink comp="230" pin=1"/></net>

<net id="241"><net_src comp="68" pin="0"/><net_sink comp="236" pin=0"/></net>

<net id="242"><net_src comp="147" pin="1"/><net_sink comp="236" pin=1"/></net>

<net id="243"><net_src comp="70" pin="0"/><net_sink comp="236" pin=2"/></net>

<net id="248"><net_src comp="230" pin="2"/><net_sink comp="244" pin=0"/></net>

<net id="249"><net_src comp="236" pin="3"/><net_sink comp="244" pin=1"/></net>

<net id="256"><net_src comp="72" pin="0"/><net_sink comp="250" pin=0"/></net>

<net id="257"><net_src comp="244" pin="2"/><net_sink comp="250" pin=1"/></net>

<net id="258"><net_src comp="74" pin="0"/><net_sink comp="250" pin=2"/></net>

<net id="259"><net_src comp="76" pin="0"/><net_sink comp="250" pin=3"/></net>

<net id="263"><net_src comp="147" pin="1"/><net_sink comp="260" pin=0"/></net>

<net id="269"><net_src comp="80" pin="0"/><net_sink comp="264" pin=0"/></net>

<net id="270"><net_src comp="147" pin="1"/><net_sink comp="264" pin=1"/></net>

<net id="271"><net_src comp="82" pin="0"/><net_sink comp="264" pin=2"/></net>

<net id="277"><net_src comp="264" pin="3"/><net_sink comp="272" pin=0"/></net>

<net id="278"><net_src comp="84" pin="0"/><net_sink comp="272" pin=1"/></net>

<net id="279"><net_src comp="260" pin="1"/><net_sink comp="272" pin=2"/></net>

<net id="280"><net_src comp="272" pin="3"/><net_sink comp="116" pin=2"/></net>

<net id="284"><net_src comp="88" pin="2"/><net_sink comp="281" pin=0"/></net>

<net id="285"><net_src comp="281" pin="1"/><net_sink comp="150" pin=0"/></net>

<net id="289"><net_src comp="157" pin="2"/><net_sink comp="286" pin=0"/></net>

<net id="290"><net_src comp="286" pin="1"/><net_sink comp="140" pin=2"/></net>

<net id="294"><net_src comp="163" pin="2"/><net_sink comp="291" pin=0"/></net>

<net id="298"><net_src comp="123" pin="3"/><net_sink comp="295" pin=0"/></net>

<net id="299"><net_src comp="295" pin="1"/><net_sink comp="130" pin=0"/></net>

<net id="303"><net_src comp="250" pin="4"/><net_sink comp="300" pin=0"/></net>

<net id="304"><net_src comp="300" pin="1"/><net_sink comp="150" pin=2"/></net>

</net_list>

</model> 
---------------- Datapath Model END ------------------

* FSMD analyzer results:
  - Output states:
	Port: mlp_1_weight_fifo_2_V_V | {3 }
	Port: mlp_out_local4 | {4 }
	Port: mlp_1_bias_V_load_loc_out | {1 }
 - Input state : 
	Port: MLP_PE.146 : mlp_in_local1 | {2 3 }
	Port: MLP_PE.146 : mlp_1_weight_fifo_1_V_V | {3 }
	Port: MLP_PE.146 : mlp_1_bias_V_load_loc | {1 }
  - Chain level:
	State 1
	State 2
		add_ln86 : 1
		icmp_ln86 : 1
		br_ln86 : 2
		shl_ln : 1
		zext_ln1118 : 2
		add_ln1118 : 3
		trunc_ln : 4
		icmp_ln1118 : 5
		add_ln1118_1 : 5
		select_ln1118 : 6
		zext_ln1118_3 : 7
		mlp_in_local1_addr : 8
		mlp_in_local1_load : 9
	State 3
		sext_ln1118 : 1
		r_V_5 : 2
		ret_V : 3
		trunc_ln1 : 4
	State 4
		select_ln92 : 1
		write_ln92 : 2


============================================================
+ Verbose Summary: Datapath Resource usage 
============================================================

* Functional unit list:
|----------|---------------------------------------|---------|---------|---------|
| Operation|            Functional Unit            |   DSP   |    FF   |   LUT   |
|----------|---------------------------------------|---------|---------|---------|
|          |            add_ln86_fu_157            |    0    |    0    |    16   |
|    add   |           add_ln1118_fu_181           |    0    |    0    |    19   |
|          |          add_ln1118_1_fu_203          |    0    |    0    |    17   |
|          |              ret_V_fu_244             |    0    |    0    |    61   |
|----------|---------------------------------------|---------|---------|---------|
|  select  |          select_ln1118_fu_209         |    0    |    0    |    10   |
|          |           select_ln92_fu_272          |    0    |    0    |    31   |
|----------|---------------------------------------|---------|---------|---------|
|   icmp   |            icmp_ln86_fu_163           |    0    |    0    |    11   |
|          |           icmp_ln1118_fu_197          |    0    |    0    |    11   |
|----------|---------------------------------------|---------|---------|---------|
|    mul   |              r_V_5_fu_230             |    0    |    0    |    20   |
|----------|---------------------------------------|---------|---------|---------|
|   read   | mlp_1_bias_V_load_loc_read_read_fu_88 |    0    |    0    |    0    |
|          |            w_V_read_fu_102            |    0    |    0    |    0    |
|----------|---------------------------------------|---------|---------|---------|
|          |         write_ln0_write_fu_94         |    0    |    0    |    0    |
|   write  |        write_ln174_write_fu_108       |    0    |    0    |    0    |
|          |        write_ln92_write_fu_116        |    0    |    0    |    0    |
|----------|---------------------------------------|---------|---------|---------|
|bitconcatenate|             shl_ln_fu_169             |    0    |    0    |    0    |
|          |              lhs_5_fu_236             |    0    |    0    |    0    |
|----------|---------------------------------------|---------|---------|---------|
|   zext   |           zext_ln1118_fu_177          |    0    |    0    |    0    |
|          |          zext_ln1118_3_fu_217         |    0    |    0    |    0    |
|----------|---------------------------------------|---------|---------|---------|
|partselect|            trunc_ln_fu_187            |    0    |    0    |    0    |
|          |            trunc_ln1_fu_250           |    0    |    0    |    0    |
|----------|---------------------------------------|---------|---------|---------|
|   sext   |           sext_ln1115_fu_222          |    0    |    0    |    0    |
|          |           sext_ln1118_fu_226          |    0    |    0    |    0    |
|----------|---------------------------------------|---------|---------|---------|
|   trunc  |           trunc_ln86_fu_260           |    0    |    0    |    0    |
|----------|---------------------------------------|---------|---------|---------|
| bitselect|               tmp_fu_264              |    0    |    0    |    0    |
|----------|---------------------------------------|---------|---------|---------|
|   Total  |                                       |    0    |    0    |   196   |
|----------|---------------------------------------|---------|---------|---------|

Memories:
N/A

* Register list:
+----------------------------------+--------+
|                                  |   FF   |
+----------------------------------+--------+
|         add_ln86_reg_286         |    9   |
|             i_reg_136            |    9   |
|         icmp_ln86_reg_291        |    1   |
|            lhs_reg_147           |   32   |
|mlp_1_bias_V_load_loc_read_reg_281|   32   |
|    mlp_in_local1_addr_reg_295    |   10   |
|         trunc_ln1_reg_300        |   32   |
+----------------------------------+--------+
|               Total              |   125  |
+----------------------------------+--------+

* Multiplexer (MUX) list: 
|-------------------|------|------|------|--------||---------||---------|
|        Comp       |  Pin | Size |  BW  | S x BW ||  Delay  ||   LUT   |
|-------------------|------|------|------|--------||---------||---------|
| grp_access_fu_130 |  p0  |   2  |  10  |   20   ||    9    |
|-------------------|------|------|------|--------||---------||---------|
|       Total       |      |      |      |   20   ||  0.387  ||    9    |
|-------------------|------|------|------|--------||---------||---------|



* Summary:
+-----------+--------+--------+--------+--------+
|           |   DSP  |  Delay |   FF   |   LUT  |
+-----------+--------+--------+--------+--------+
|  Function |    0   |    -   |    0   |   196  |
|   Memory  |    -   |    -   |    -   |    -   |
|Multiplexer|    -   |    0   |    -   |    9   |
|  Register |    -   |    -   |   125  |    -   |
+-----------+--------+--------+--------+--------+
|   Total   |    0   |    0   |   125  |   205  |
+-----------+--------+--------+--------+--------+
