

================================================================
== Vitis HLS Report for 'compute_node_embedding'
================================================================
* Date:           Sat Apr 24 00:01:53 2021

* Version:        2020.2 (Build 3064766 on Wed Nov 18 09:12:47 MST 2020)
* Project:        project_1
* Solution:       solution1 (Vivado IP Flow Target)
* Product family: virtexuplus
* Target device:  xcu280-fsvh2892-2L-e


================================================================
== Performance Estimates
================================================================
+ Timing: 
    * Summary: 
    +--------+----------+----------+------------+
    |  Clock |  Target  | Estimated| Uncertainty|
    +--------+----------+----------+------------+
    |ap_clk  |  10.00 ns|  2.226 ns|     2.70 ns|
    +--------+----------+----------+------------+

+ Latency: 
    * Summary: 
    +---------+---------+-----------+-----------+------+------+---------+
    |  Latency (cycles) |   Latency (absolute)  |   Interval  | Pipeline|
    |   min   |   max   |    min    |    max    |  min |  max |   Type  |
    +---------+---------+-----------+-----------+------+------+---------+
    |     1902|     1902|  19.020 us|  19.020 us|  1902|  1902|     none|
    +---------+---------+-----------+-----------+------+------+---------+

    + Detail: 
        * Instance: 
        N/A

        * Loop: 
        +-------------------------------------+---------+---------+----------+-----------+-----------+------+----------+
        |                                     |  Latency (cycles) | Iteration|  Initiation Interval  | Trip |          |
        |              Loop Name              |   min   |   max   |  Latency |  achieved |   target  | Count| Pipelined|
        +-------------------------------------+---------+---------+----------+-----------+-----------+------+----------+
        |- VITIS_LOOP_198_1_VITIS_LOOP_199_2  |     1900|     1900|         1|          1|          1|  1900|       yes|
        +-------------------------------------+---------+---------+----------+-----------+-----------+------+----------+



================================================================
== Utilization Estimates
================================================================
* Summary: 
+---------------------+---------+------+---------+---------+-----+
|         Name        | BRAM_18K|  DSP |    FF   |   LUT   | URAM|
+---------------------+---------+------+---------+---------+-----+
|DSP                  |        -|     -|        -|        -|    -|
|Expression           |        -|     -|        0|       77|    -|
|FIFO                 |        -|     -|        -|        -|    -|
|Instance             |        -|     -|        -|        -|    -|
|Memory               |        -|     -|        -|        -|    -|
|Multiplexer          |        -|     -|        -|       47|    -|
|Register             |        -|     -|       26|        -|    -|
+---------------------+---------+------+---------+---------+-----+
|Total                |        0|     0|       26|      124|    0|
+---------------------+---------+------+---------+---------+-----+
|Available SLR        |     1344|  3008|   869120|   434560|  320|
+---------------------+---------+------+---------+---------+-----+
|Utilization SLR (%)  |        0|     0|       ~0|       ~0|    0|
+---------------------+---------+------+---------+---------+-----+
|Available            |     4032|  9024|  2607360|  1303680|  960|
+---------------------+---------+------+---------+---------+-----+
|Utilization (%)      |        0|     0|       ~0|       ~0|    0|
+---------------------+---------+------+---------+---------+-----+

+ Detail: 
    * Instance: 
    N/A

    * DSP: 
    N/A

    * Memory: 
    N/A

    * FIFO: 
    N/A

    * Expression: 
    +---------------------------+----------+----+---+----+------------+------------+
    |       Variable Name       | Operation| DSP| FF| LUT| Bitwidth P0| Bitwidth P1|
    +---------------------------+----------+----+---+----+------------+------------+
    |add_ln198_1_fu_2277_p2     |         +|   0|  0|  18|          11|           1|
    |add_ln198_fu_2289_p2       |         +|   0|  0|  12|           5|           1|
    |add_ln199_fu_2421_p2       |         +|   0|  0|  14|           7|           1|
    |icmp_ln198_fu_2283_p2      |      icmp|   0|  0|  11|          11|           9|
    |icmp_ln199_fu_2295_p2      |      icmp|   0|  0|  10|           7|           6|
    |select_ln198_1_fu_2309_p3  |    select|   0|  0|   5|           1|           5|
    |select_ln198_fu_2301_p3    |    select|   0|  0|   7|           1|           1|
    +---------------------------+----------+----+---+----+------------+------------+
    |Total                      |          |   0|  0|  77|          43|          24|
    +---------------------------+----------+----+---+----+------------+------------+

    * Multiplexer: 
    +-------------------------+----+-----------+-----+-----------+
    |           Name          | LUT| Input Size| Bits| Total Bits|
    +-------------------------+----+-----------+-----+-----------+
    |ap_NS_fsm                |  20|          4|    1|          4|
    |dim_reg_2266             |   9|          2|    7|         14|
    |indvar_flatten_reg_2244  |   9|          2|   11|         22|
    |nd_reg_2255              |   9|          2|    5|         10|
    +-------------------------+----+-----------+-----+-----------+
    |Total                    |  47|         10|   24|         50|
    +-------------------------+----+-----------+-----+-----------+

    * Register: 
    +-------------------------+----+----+-----+-----------+
    |           Name          | FF | LUT| Bits| Const Bits|
    +-------------------------+----+----+-----+-----------+
    |ap_CS_fsm                |   3|   0|    3|          0|
    |dim_reg_2266             |   7|   0|    7|          0|
    |indvar_flatten_reg_2244  |  11|   0|   11|          0|
    |nd_reg_2255              |   5|   0|    5|          0|
    +-------------------------+----+----+-----+-----------+
    |Total                    |  26|   0|   26|          0|
    +-------------------------+----+----+-----+-----------+



================================================================
== Interface
================================================================
* Summary: 
+------------------------------+-----+-----+------------+------------------------+--------------+
|           RTL Ports          | Dir | Bits|  Protocol  |      Source Object     |    C Type    |
+------------------------------+-----+-----+------------+------------------------+--------------+
|ap_clk                        |   in|    1|  ap_ctrl_hs|  compute_node_embedding|  return value|
|ap_rst                        |   in|    1|  ap_ctrl_hs|  compute_node_embedding|  return value|
|ap_start                      |   in|    1|  ap_ctrl_hs|  compute_node_embedding|  return value|
|ap_done                       |  out|    1|  ap_ctrl_hs|  compute_node_embedding|  return value|
|ap_idle                       |  out|    1|  ap_ctrl_hs|  compute_node_embedding|  return value|
|ap_ready                      |  out|    1|  ap_ctrl_hs|  compute_node_embedding|  return value|
|node_embedding_V_0_address1   |  out|    8|   ap_memory|      node_embedding_V_0|         array|
|node_embedding_V_0_ce1        |  out|    1|   ap_memory|      node_embedding_V_0|         array|
|node_embedding_V_0_we1        |  out|    1|   ap_memory|      node_embedding_V_0|         array|
|node_embedding_V_0_d1         |  out|   28|   ap_memory|      node_embedding_V_0|         array|
|node_embedding_V_1_address1   |  out|    8|   ap_memory|      node_embedding_V_1|         array|
|node_embedding_V_1_ce1        |  out|    1|   ap_memory|      node_embedding_V_1|         array|
|node_embedding_V_1_we1        |  out|    1|   ap_memory|      node_embedding_V_1|         array|
|node_embedding_V_1_d1         |  out|   28|   ap_memory|      node_embedding_V_1|         array|
|node_embedding_V_2_address1   |  out|    8|   ap_memory|      node_embedding_V_2|         array|
|node_embedding_V_2_ce1        |  out|    1|   ap_memory|      node_embedding_V_2|         array|
|node_embedding_V_2_we1        |  out|    1|   ap_memory|      node_embedding_V_2|         array|
|node_embedding_V_2_d1         |  out|   28|   ap_memory|      node_embedding_V_2|         array|
|node_embedding_V_3_address1   |  out|    8|   ap_memory|      node_embedding_V_3|         array|
|node_embedding_V_3_ce1        |  out|    1|   ap_memory|      node_embedding_V_3|         array|
|node_embedding_V_3_we1        |  out|    1|   ap_memory|      node_embedding_V_3|         array|
|node_embedding_V_3_d1         |  out|   28|   ap_memory|      node_embedding_V_3|         array|
|node_embedding_V_4_address1   |  out|    8|   ap_memory|      node_embedding_V_4|         array|
|node_embedding_V_4_ce1        |  out|    1|   ap_memory|      node_embedding_V_4|         array|
|node_embedding_V_4_we1        |  out|    1|   ap_memory|      node_embedding_V_4|         array|
|node_embedding_V_4_d1         |  out|   28|   ap_memory|      node_embedding_V_4|         array|
|node_embedding_V_5_address1   |  out|    8|   ap_memory|      node_embedding_V_5|         array|
|node_embedding_V_5_ce1        |  out|    1|   ap_memory|      node_embedding_V_5|         array|
|node_embedding_V_5_we1        |  out|    1|   ap_memory|      node_embedding_V_5|         array|
|node_embedding_V_5_d1         |  out|   28|   ap_memory|      node_embedding_V_5|         array|
|node_embedding_V_6_address1   |  out|    8|   ap_memory|      node_embedding_V_6|         array|
|node_embedding_V_6_ce1        |  out|    1|   ap_memory|      node_embedding_V_6|         array|
|node_embedding_V_6_we1        |  out|    1|   ap_memory|      node_embedding_V_6|         array|
|node_embedding_V_6_d1         |  out|   28|   ap_memory|      node_embedding_V_6|         array|
|node_embedding_V_7_address1   |  out|    8|   ap_memory|      node_embedding_V_7|         array|
|node_embedding_V_7_ce1        |  out|    1|   ap_memory|      node_embedding_V_7|         array|
|node_embedding_V_7_we1        |  out|    1|   ap_memory|      node_embedding_V_7|         array|
|node_embedding_V_7_d1         |  out|   28|   ap_memory|      node_embedding_V_7|         array|
|node_embedding_V_8_address1   |  out|    8|   ap_memory|      node_embedding_V_8|         array|
|node_embedding_V_8_ce1        |  out|    1|   ap_memory|      node_embedding_V_8|         array|
|node_embedding_V_8_we1        |  out|    1|   ap_memory|      node_embedding_V_8|         array|
|node_embedding_V_8_d1         |  out|   28|   ap_memory|      node_embedding_V_8|         array|
|node_embedding_V_9_address1   |  out|    8|   ap_memory|      node_embedding_V_9|         array|
|node_embedding_V_9_ce1        |  out|    1|   ap_memory|      node_embedding_V_9|         array|
|node_embedding_V_9_we1        |  out|    1|   ap_memory|      node_embedding_V_9|         array|
|node_embedding_V_9_d1         |  out|   28|   ap_memory|      node_embedding_V_9|         array|
|node_embedding_V_10_address1  |  out|    8|   ap_memory|     node_embedding_V_10|         array|
|node_embedding_V_10_ce1       |  out|    1|   ap_memory|     node_embedding_V_10|         array|
|node_embedding_V_10_we1       |  out|    1|   ap_memory|     node_embedding_V_10|         array|
|node_embedding_V_10_d1        |  out|   28|   ap_memory|     node_embedding_V_10|         array|
|node_embedding_V_11_address1  |  out|    8|   ap_memory|     node_embedding_V_11|         array|
|node_embedding_V_11_ce1       |  out|    1|   ap_memory|     node_embedding_V_11|         array|
|node_embedding_V_11_we1       |  out|    1|   ap_memory|     node_embedding_V_11|         array|
|node_embedding_V_11_d1        |  out|   28|   ap_memory|     node_embedding_V_11|         array|
|node_embedding_V_12_address1  |  out|    8|   ap_memory|     node_embedding_V_12|         array|
|node_embedding_V_12_ce1       |  out|    1|   ap_memory|     node_embedding_V_12|         array|
|node_embedding_V_12_we1       |  out|    1|   ap_memory|     node_embedding_V_12|         array|
|node_embedding_V_12_d1        |  out|   28|   ap_memory|     node_embedding_V_12|         array|
|node_embedding_V_13_address1  |  out|    8|   ap_memory|     node_embedding_V_13|         array|
|node_embedding_V_13_ce1       |  out|    1|   ap_memory|     node_embedding_V_13|         array|
|node_embedding_V_13_we1       |  out|    1|   ap_memory|     node_embedding_V_13|         array|
|node_embedding_V_13_d1        |  out|   28|   ap_memory|     node_embedding_V_13|         array|
|node_embedding_V_14_address1  |  out|    8|   ap_memory|     node_embedding_V_14|         array|
|node_embedding_V_14_ce1       |  out|    1|   ap_memory|     node_embedding_V_14|         array|
|node_embedding_V_14_we1       |  out|    1|   ap_memory|     node_embedding_V_14|         array|
|node_embedding_V_14_d1        |  out|   28|   ap_memory|     node_embedding_V_14|         array|
|node_embedding_V_15_address1  |  out|    8|   ap_memory|     node_embedding_V_15|         array|
|node_embedding_V_15_ce1       |  out|    1|   ap_memory|     node_embedding_V_15|         array|
|node_embedding_V_15_we1       |  out|    1|   ap_memory|     node_embedding_V_15|         array|
|node_embedding_V_15_d1        |  out|   28|   ap_memory|     node_embedding_V_15|         array|
|node_embedding_V_16_address1  |  out|    8|   ap_memory|     node_embedding_V_16|         array|
|node_embedding_V_16_ce1       |  out|    1|   ap_memory|     node_embedding_V_16|         array|
|node_embedding_V_16_we1       |  out|    1|   ap_memory|     node_embedding_V_16|         array|
|node_embedding_V_16_d1        |  out|   28|   ap_memory|     node_embedding_V_16|         array|
|node_embedding_V_17_address1  |  out|    8|   ap_memory|     node_embedding_V_17|         array|
|node_embedding_V_17_ce1       |  out|    1|   ap_memory|     node_embedding_V_17|         array|
|node_embedding_V_17_we1       |  out|    1|   ap_memory|     node_embedding_V_17|         array|
|node_embedding_V_17_d1        |  out|   28|   ap_memory|     node_embedding_V_17|         array|
|node_embedding_V_18_address1  |  out|    8|   ap_memory|     node_embedding_V_18|         array|
|node_embedding_V_18_ce1       |  out|    1|   ap_memory|     node_embedding_V_18|         array|
|node_embedding_V_18_we1       |  out|    1|   ap_memory|     node_embedding_V_18|         array|
|node_embedding_V_18_d1        |  out|   28|   ap_memory|     node_embedding_V_18|         array|
|node_embedding_V_19_address1  |  out|    8|   ap_memory|     node_embedding_V_19|         array|
|node_embedding_V_19_ce1       |  out|    1|   ap_memory|     node_embedding_V_19|         array|
|node_embedding_V_19_we1       |  out|    1|   ap_memory|     node_embedding_V_19|         array|
|node_embedding_V_19_d1        |  out|   28|   ap_memory|     node_embedding_V_19|         array|
|node_embedding_V_20_address1  |  out|    8|   ap_memory|     node_embedding_V_20|         array|
|node_embedding_V_20_ce1       |  out|    1|   ap_memory|     node_embedding_V_20|         array|
|node_embedding_V_20_we1       |  out|    1|   ap_memory|     node_embedding_V_20|         array|
|node_embedding_V_20_d1        |  out|   28|   ap_memory|     node_embedding_V_20|         array|
|node_embedding_V_21_address1  |  out|    8|   ap_memory|     node_embedding_V_21|         array|
|node_embedding_V_21_ce1       |  out|    1|   ap_memory|     node_embedding_V_21|         array|
|node_embedding_V_21_we1       |  out|    1|   ap_memory|     node_embedding_V_21|         array|
|node_embedding_V_21_d1        |  out|   28|   ap_memory|     node_embedding_V_21|         array|
|node_embedding_V_22_address1  |  out|    8|   ap_memory|     node_embedding_V_22|         array|
|node_embedding_V_22_ce1       |  out|    1|   ap_memory|     node_embedding_V_22|         array|
|node_embedding_V_22_we1       |  out|    1|   ap_memory|     node_embedding_V_22|         array|
|node_embedding_V_22_d1        |  out|   28|   ap_memory|     node_embedding_V_22|         array|
|node_embedding_V_23_address1  |  out|    8|   ap_memory|     node_embedding_V_23|         array|
|node_embedding_V_23_ce1       |  out|    1|   ap_memory|     node_embedding_V_23|         array|
|node_embedding_V_23_we1       |  out|    1|   ap_memory|     node_embedding_V_23|         array|
|node_embedding_V_23_d1        |  out|   28|   ap_memory|     node_embedding_V_23|         array|
|node_embedding_V_24_address1  |  out|    8|   ap_memory|     node_embedding_V_24|         array|
|node_embedding_V_24_ce1       |  out|    1|   ap_memory|     node_embedding_V_24|         array|
|node_embedding_V_24_we1       |  out|    1|   ap_memory|     node_embedding_V_24|         array|
|node_embedding_V_24_d1        |  out|   28|   ap_memory|     node_embedding_V_24|         array|
|node_embedding_V_25_address1  |  out|    8|   ap_memory|     node_embedding_V_25|         array|
|node_embedding_V_25_ce1       |  out|    1|   ap_memory|     node_embedding_V_25|         array|
|node_embedding_V_25_we1       |  out|    1|   ap_memory|     node_embedding_V_25|         array|
|node_embedding_V_25_d1        |  out|   28|   ap_memory|     node_embedding_V_25|         array|
|node_embedding_V_26_address1  |  out|    8|   ap_memory|     node_embedding_V_26|         array|
|node_embedding_V_26_ce1       |  out|    1|   ap_memory|     node_embedding_V_26|         array|
|node_embedding_V_26_we1       |  out|    1|   ap_memory|     node_embedding_V_26|         array|
|node_embedding_V_26_d1        |  out|   28|   ap_memory|     node_embedding_V_26|         array|
|node_embedding_V_27_address1  |  out|    8|   ap_memory|     node_embedding_V_27|         array|
|node_embedding_V_27_ce1       |  out|    1|   ap_memory|     node_embedding_V_27|         array|
|node_embedding_V_27_we1       |  out|    1|   ap_memory|     node_embedding_V_27|         array|
|node_embedding_V_27_d1        |  out|   28|   ap_memory|     node_embedding_V_27|         array|
|node_embedding_V_28_address1  |  out|    8|   ap_memory|     node_embedding_V_28|         array|
|node_embedding_V_28_ce1       |  out|    1|   ap_memory|     node_embedding_V_28|         array|
|node_embedding_V_28_we1       |  out|    1|   ap_memory|     node_embedding_V_28|         array|
|node_embedding_V_28_d1        |  out|   28|   ap_memory|     node_embedding_V_28|         array|
|node_embedding_V_29_address1  |  out|    8|   ap_memory|     node_embedding_V_29|         array|
|node_embedding_V_29_ce1       |  out|    1|   ap_memory|     node_embedding_V_29|         array|
|node_embedding_V_29_we1       |  out|    1|   ap_memory|     node_embedding_V_29|         array|
|node_embedding_V_29_d1        |  out|   28|   ap_memory|     node_embedding_V_29|         array|
|node_embedding_V_30_address1  |  out|    8|   ap_memory|     node_embedding_V_30|         array|
|node_embedding_V_30_ce1       |  out|    1|   ap_memory|     node_embedding_V_30|         array|
|node_embedding_V_30_we1       |  out|    1|   ap_memory|     node_embedding_V_30|         array|
|node_embedding_V_30_d1        |  out|   28|   ap_memory|     node_embedding_V_30|         array|
|node_embedding_V_31_address1  |  out|    8|   ap_memory|     node_embedding_V_31|         array|
|node_embedding_V_31_ce1       |  out|    1|   ap_memory|     node_embedding_V_31|         array|
|node_embedding_V_31_we1       |  out|    1|   ap_memory|     node_embedding_V_31|         array|
|node_embedding_V_31_d1        |  out|   28|   ap_memory|     node_embedding_V_31|         array|
|node_embedding_V_32_address1  |  out|    8|   ap_memory|     node_embedding_V_32|         array|
|node_embedding_V_32_ce1       |  out|    1|   ap_memory|     node_embedding_V_32|         array|
|node_embedding_V_32_we1       |  out|    1|   ap_memory|     node_embedding_V_32|         array|
|node_embedding_V_32_d1        |  out|   28|   ap_memory|     node_embedding_V_32|         array|
|node_embedding_V_33_address1  |  out|    8|   ap_memory|     node_embedding_V_33|         array|
|node_embedding_V_33_ce1       |  out|    1|   ap_memory|     node_embedding_V_33|         array|
|node_embedding_V_33_we1       |  out|    1|   ap_memory|     node_embedding_V_33|         array|
|node_embedding_V_33_d1        |  out|   28|   ap_memory|     node_embedding_V_33|         array|
|node_embedding_V_34_address1  |  out|    8|   ap_memory|     node_embedding_V_34|         array|
|node_embedding_V_34_ce1       |  out|    1|   ap_memory|     node_embedding_V_34|         array|
|node_embedding_V_34_we1       |  out|    1|   ap_memory|     node_embedding_V_34|         array|
|node_embedding_V_34_d1        |  out|   28|   ap_memory|     node_embedding_V_34|         array|
|node_embedding_V_35_address1  |  out|    8|   ap_memory|     node_embedding_V_35|         array|
|node_embedding_V_35_ce1       |  out|    1|   ap_memory|     node_embedding_V_35|         array|
|node_embedding_V_35_we1       |  out|    1|   ap_memory|     node_embedding_V_35|         array|
|node_embedding_V_35_d1        |  out|   28|   ap_memory|     node_embedding_V_35|         array|
|node_embedding_V_36_address1  |  out|    8|   ap_memory|     node_embedding_V_36|         array|
|node_embedding_V_36_ce1       |  out|    1|   ap_memory|     node_embedding_V_36|         array|
|node_embedding_V_36_we1       |  out|    1|   ap_memory|     node_embedding_V_36|         array|
|node_embedding_V_36_d1        |  out|   28|   ap_memory|     node_embedding_V_36|         array|
|node_embedding_V_37_address1  |  out|    8|   ap_memory|     node_embedding_V_37|         array|
|node_embedding_V_37_ce1       |  out|    1|   ap_memory|     node_embedding_V_37|         array|
|node_embedding_V_37_we1       |  out|    1|   ap_memory|     node_embedding_V_37|         array|
|node_embedding_V_37_d1        |  out|   28|   ap_memory|     node_embedding_V_37|         array|
|node_embedding_V_38_address1  |  out|    8|   ap_memory|     node_embedding_V_38|         array|
|node_embedding_V_38_ce1       |  out|    1|   ap_memory|     node_embedding_V_38|         array|
|node_embedding_V_38_we1       |  out|    1|   ap_memory|     node_embedding_V_38|         array|
|node_embedding_V_38_d1        |  out|   28|   ap_memory|     node_embedding_V_38|         array|
|node_embedding_V_39_address1  |  out|    8|   ap_memory|     node_embedding_V_39|         array|
|node_embedding_V_39_ce1       |  out|    1|   ap_memory|     node_embedding_V_39|         array|
|node_embedding_V_39_we1       |  out|    1|   ap_memory|     node_embedding_V_39|         array|
|node_embedding_V_39_d1        |  out|   28|   ap_memory|     node_embedding_V_39|         array|
|node_embedding_V_40_address1  |  out|    8|   ap_memory|     node_embedding_V_40|         array|
|node_embedding_V_40_ce1       |  out|    1|   ap_memory|     node_embedding_V_40|         array|
|node_embedding_V_40_we1       |  out|    1|   ap_memory|     node_embedding_V_40|         array|
|node_embedding_V_40_d1        |  out|   28|   ap_memory|     node_embedding_V_40|         array|
|node_embedding_V_41_address1  |  out|    8|   ap_memory|     node_embedding_V_41|         array|
|node_embedding_V_41_ce1       |  out|    1|   ap_memory|     node_embedding_V_41|         array|
|node_embedding_V_41_we1       |  out|    1|   ap_memory|     node_embedding_V_41|         array|
|node_embedding_V_41_d1        |  out|   28|   ap_memory|     node_embedding_V_41|         array|
|node_embedding_V_42_address1  |  out|    8|   ap_memory|     node_embedding_V_42|         array|
|node_embedding_V_42_ce1       |  out|    1|   ap_memory|     node_embedding_V_42|         array|
|node_embedding_V_42_we1       |  out|    1|   ap_memory|     node_embedding_V_42|         array|
|node_embedding_V_42_d1        |  out|   28|   ap_memory|     node_embedding_V_42|         array|
|node_embedding_V_43_address1  |  out|    8|   ap_memory|     node_embedding_V_43|         array|
|node_embedding_V_43_ce1       |  out|    1|   ap_memory|     node_embedding_V_43|         array|
|node_embedding_V_43_we1       |  out|    1|   ap_memory|     node_embedding_V_43|         array|
|node_embedding_V_43_d1        |  out|   28|   ap_memory|     node_embedding_V_43|         array|
|node_embedding_V_44_address1  |  out|    8|   ap_memory|     node_embedding_V_44|         array|
|node_embedding_V_44_ce1       |  out|    1|   ap_memory|     node_embedding_V_44|         array|
|node_embedding_V_44_we1       |  out|    1|   ap_memory|     node_embedding_V_44|         array|
|node_embedding_V_44_d1        |  out|   28|   ap_memory|     node_embedding_V_44|         array|
|node_embedding_V_45_address1  |  out|    8|   ap_memory|     node_embedding_V_45|         array|
|node_embedding_V_45_ce1       |  out|    1|   ap_memory|     node_embedding_V_45|         array|
|node_embedding_V_45_we1       |  out|    1|   ap_memory|     node_embedding_V_45|         array|
|node_embedding_V_45_d1        |  out|   28|   ap_memory|     node_embedding_V_45|         array|
|node_embedding_V_46_address1  |  out|    8|   ap_memory|     node_embedding_V_46|         array|
|node_embedding_V_46_ce1       |  out|    1|   ap_memory|     node_embedding_V_46|         array|
|node_embedding_V_46_we1       |  out|    1|   ap_memory|     node_embedding_V_46|         array|
|node_embedding_V_46_d1        |  out|   28|   ap_memory|     node_embedding_V_46|         array|
|node_embedding_V_47_address1  |  out|    8|   ap_memory|     node_embedding_V_47|         array|
|node_embedding_V_47_ce1       |  out|    1|   ap_memory|     node_embedding_V_47|         array|
|node_embedding_V_47_we1       |  out|    1|   ap_memory|     node_embedding_V_47|         array|
|node_embedding_V_47_d1        |  out|   28|   ap_memory|     node_embedding_V_47|         array|
|node_embedding_V_48_address1  |  out|    8|   ap_memory|     node_embedding_V_48|         array|
|node_embedding_V_48_ce1       |  out|    1|   ap_memory|     node_embedding_V_48|         array|
|node_embedding_V_48_we1       |  out|    1|   ap_memory|     node_embedding_V_48|         array|
|node_embedding_V_48_d1        |  out|   28|   ap_memory|     node_embedding_V_48|         array|
|node_embedding_V_49_address1  |  out|    8|   ap_memory|     node_embedding_V_49|         array|
|node_embedding_V_49_ce1       |  out|    1|   ap_memory|     node_embedding_V_49|         array|
|node_embedding_V_49_we1       |  out|    1|   ap_memory|     node_embedding_V_49|         array|
|node_embedding_V_49_d1        |  out|   28|   ap_memory|     node_embedding_V_49|         array|
|node_embedding_V_50_address1  |  out|    8|   ap_memory|     node_embedding_V_50|         array|
|node_embedding_V_50_ce1       |  out|    1|   ap_memory|     node_embedding_V_50|         array|
|node_embedding_V_50_we1       |  out|    1|   ap_memory|     node_embedding_V_50|         array|
|node_embedding_V_50_d1        |  out|   28|   ap_memory|     node_embedding_V_50|         array|
|node_embedding_V_51_address1  |  out|    8|   ap_memory|     node_embedding_V_51|         array|
|node_embedding_V_51_ce1       |  out|    1|   ap_memory|     node_embedding_V_51|         array|
|node_embedding_V_51_we1       |  out|    1|   ap_memory|     node_embedding_V_51|         array|
|node_embedding_V_51_d1        |  out|   28|   ap_memory|     node_embedding_V_51|         array|
|node_embedding_V_52_address1  |  out|    8|   ap_memory|     node_embedding_V_52|         array|
|node_embedding_V_52_ce1       |  out|    1|   ap_memory|     node_embedding_V_52|         array|
|node_embedding_V_52_we1       |  out|    1|   ap_memory|     node_embedding_V_52|         array|
|node_embedding_V_52_d1        |  out|   28|   ap_memory|     node_embedding_V_52|         array|
|node_embedding_V_53_address1  |  out|    8|   ap_memory|     node_embedding_V_53|         array|
|node_embedding_V_53_ce1       |  out|    1|   ap_memory|     node_embedding_V_53|         array|
|node_embedding_V_53_we1       |  out|    1|   ap_memory|     node_embedding_V_53|         array|
|node_embedding_V_53_d1        |  out|   28|   ap_memory|     node_embedding_V_53|         array|
|node_embedding_V_54_address1  |  out|    8|   ap_memory|     node_embedding_V_54|         array|
|node_embedding_V_54_ce1       |  out|    1|   ap_memory|     node_embedding_V_54|         array|
|node_embedding_V_54_we1       |  out|    1|   ap_memory|     node_embedding_V_54|         array|
|node_embedding_V_54_d1        |  out|   28|   ap_memory|     node_embedding_V_54|         array|
|node_embedding_V_55_address1  |  out|    8|   ap_memory|     node_embedding_V_55|         array|
|node_embedding_V_55_ce1       |  out|    1|   ap_memory|     node_embedding_V_55|         array|
|node_embedding_V_55_we1       |  out|    1|   ap_memory|     node_embedding_V_55|         array|
|node_embedding_V_55_d1        |  out|   28|   ap_memory|     node_embedding_V_55|         array|
|node_embedding_V_56_address1  |  out|    8|   ap_memory|     node_embedding_V_56|         array|
|node_embedding_V_56_ce1       |  out|    1|   ap_memory|     node_embedding_V_56|         array|
|node_embedding_V_56_we1       |  out|    1|   ap_memory|     node_embedding_V_56|         array|
|node_embedding_V_56_d1        |  out|   28|   ap_memory|     node_embedding_V_56|         array|
|node_embedding_V_57_address1  |  out|    8|   ap_memory|     node_embedding_V_57|         array|
|node_embedding_V_57_ce1       |  out|    1|   ap_memory|     node_embedding_V_57|         array|
|node_embedding_V_57_we1       |  out|    1|   ap_memory|     node_embedding_V_57|         array|
|node_embedding_V_57_d1        |  out|   28|   ap_memory|     node_embedding_V_57|         array|
|node_embedding_V_58_address1  |  out|    8|   ap_memory|     node_embedding_V_58|         array|
|node_embedding_V_58_ce1       |  out|    1|   ap_memory|     node_embedding_V_58|         array|
|node_embedding_V_58_we1       |  out|    1|   ap_memory|     node_embedding_V_58|         array|
|node_embedding_V_58_d1        |  out|   28|   ap_memory|     node_embedding_V_58|         array|
|node_embedding_V_59_address1  |  out|    8|   ap_memory|     node_embedding_V_59|         array|
|node_embedding_V_59_ce1       |  out|    1|   ap_memory|     node_embedding_V_59|         array|
|node_embedding_V_59_we1       |  out|    1|   ap_memory|     node_embedding_V_59|         array|
|node_embedding_V_59_d1        |  out|   28|   ap_memory|     node_embedding_V_59|         array|
|node_embedding_V_60_address1  |  out|    8|   ap_memory|     node_embedding_V_60|         array|
|node_embedding_V_60_ce1       |  out|    1|   ap_memory|     node_embedding_V_60|         array|
|node_embedding_V_60_we1       |  out|    1|   ap_memory|     node_embedding_V_60|         array|
|node_embedding_V_60_d1        |  out|   28|   ap_memory|     node_embedding_V_60|         array|
|node_embedding_V_61_address1  |  out|    8|   ap_memory|     node_embedding_V_61|         array|
|node_embedding_V_61_ce1       |  out|    1|   ap_memory|     node_embedding_V_61|         array|
|node_embedding_V_61_we1       |  out|    1|   ap_memory|     node_embedding_V_61|         array|
|node_embedding_V_61_d1        |  out|   28|   ap_memory|     node_embedding_V_61|         array|
|node_embedding_V_62_address1  |  out|    8|   ap_memory|     node_embedding_V_62|         array|
|node_embedding_V_62_ce1       |  out|    1|   ap_memory|     node_embedding_V_62|         array|
|node_embedding_V_62_we1       |  out|    1|   ap_memory|     node_embedding_V_62|         array|
|node_embedding_V_62_d1        |  out|   28|   ap_memory|     node_embedding_V_62|         array|
|node_embedding_V_63_address1  |  out|    8|   ap_memory|     node_embedding_V_63|         array|
|node_embedding_V_63_ce1       |  out|    1|   ap_memory|     node_embedding_V_63|         array|
|node_embedding_V_63_we1       |  out|    1|   ap_memory|     node_embedding_V_63|         array|
|node_embedding_V_63_d1        |  out|   28|   ap_memory|     node_embedding_V_63|         array|
|node_embedding_V_64_address1  |  out|    8|   ap_memory|     node_embedding_V_64|         array|
|node_embedding_V_64_ce1       |  out|    1|   ap_memory|     node_embedding_V_64|         array|
|node_embedding_V_64_we1       |  out|    1|   ap_memory|     node_embedding_V_64|         array|
|node_embedding_V_64_d1        |  out|   28|   ap_memory|     node_embedding_V_64|         array|
|node_embedding_V_65_address1  |  out|    8|   ap_memory|     node_embedding_V_65|         array|
|node_embedding_V_65_ce1       |  out|    1|   ap_memory|     node_embedding_V_65|         array|
|node_embedding_V_65_we1       |  out|    1|   ap_memory|     node_embedding_V_65|         array|
|node_embedding_V_65_d1        |  out|   28|   ap_memory|     node_embedding_V_65|         array|
|node_embedding_V_66_address1  |  out|    8|   ap_memory|     node_embedding_V_66|         array|
|node_embedding_V_66_ce1       |  out|    1|   ap_memory|     node_embedding_V_66|         array|
|node_embedding_V_66_we1       |  out|    1|   ap_memory|     node_embedding_V_66|         array|
|node_embedding_V_66_d1        |  out|   28|   ap_memory|     node_embedding_V_66|         array|
|node_embedding_V_67_address1  |  out|    8|   ap_memory|     node_embedding_V_67|         array|
|node_embedding_V_67_ce1       |  out|    1|   ap_memory|     node_embedding_V_67|         array|
|node_embedding_V_67_we1       |  out|    1|   ap_memory|     node_embedding_V_67|         array|
|node_embedding_V_67_d1        |  out|   28|   ap_memory|     node_embedding_V_67|         array|
|node_embedding_V_68_address1  |  out|    8|   ap_memory|     node_embedding_V_68|         array|
|node_embedding_V_68_ce1       |  out|    1|   ap_memory|     node_embedding_V_68|         array|
|node_embedding_V_68_we1       |  out|    1|   ap_memory|     node_embedding_V_68|         array|
|node_embedding_V_68_d1        |  out|   28|   ap_memory|     node_embedding_V_68|         array|
|node_embedding_V_69_address1  |  out|    8|   ap_memory|     node_embedding_V_69|         array|
|node_embedding_V_69_ce1       |  out|    1|   ap_memory|     node_embedding_V_69|         array|
|node_embedding_V_69_we1       |  out|    1|   ap_memory|     node_embedding_V_69|         array|
|node_embedding_V_69_d1        |  out|   28|   ap_memory|     node_embedding_V_69|         array|
|node_embedding_V_70_address1  |  out|    8|   ap_memory|     node_embedding_V_70|         array|
|node_embedding_V_70_ce1       |  out|    1|   ap_memory|     node_embedding_V_70|         array|
|node_embedding_V_70_we1       |  out|    1|   ap_memory|     node_embedding_V_70|         array|
|node_embedding_V_70_d1        |  out|   28|   ap_memory|     node_embedding_V_70|         array|
|node_embedding_V_71_address1  |  out|    8|   ap_memory|     node_embedding_V_71|         array|
|node_embedding_V_71_ce1       |  out|    1|   ap_memory|     node_embedding_V_71|         array|
|node_embedding_V_71_we1       |  out|    1|   ap_memory|     node_embedding_V_71|         array|
|node_embedding_V_71_d1        |  out|   28|   ap_memory|     node_embedding_V_71|         array|
|node_embedding_V_72_address1  |  out|    8|   ap_memory|     node_embedding_V_72|         array|
|node_embedding_V_72_ce1       |  out|    1|   ap_memory|     node_embedding_V_72|         array|
|node_embedding_V_72_we1       |  out|    1|   ap_memory|     node_embedding_V_72|         array|
|node_embedding_V_72_d1        |  out|   28|   ap_memory|     node_embedding_V_72|         array|
|node_embedding_V_73_address1  |  out|    8|   ap_memory|     node_embedding_V_73|         array|
|node_embedding_V_73_ce1       |  out|    1|   ap_memory|     node_embedding_V_73|         array|
|node_embedding_V_73_we1       |  out|    1|   ap_memory|     node_embedding_V_73|         array|
|node_embedding_V_73_d1        |  out|   28|   ap_memory|     node_embedding_V_73|         array|
|node_embedding_V_74_address1  |  out|    8|   ap_memory|     node_embedding_V_74|         array|
|node_embedding_V_74_ce1       |  out|    1|   ap_memory|     node_embedding_V_74|         array|
|node_embedding_V_74_we1       |  out|    1|   ap_memory|     node_embedding_V_74|         array|
|node_embedding_V_74_d1        |  out|   28|   ap_memory|     node_embedding_V_74|         array|
|node_embedding_V_75_address1  |  out|    8|   ap_memory|     node_embedding_V_75|         array|
|node_embedding_V_75_ce1       |  out|    1|   ap_memory|     node_embedding_V_75|         array|
|node_embedding_V_75_we1       |  out|    1|   ap_memory|     node_embedding_V_75|         array|
|node_embedding_V_75_d1        |  out|   28|   ap_memory|     node_embedding_V_75|         array|
|node_embedding_V_76_address1  |  out|    8|   ap_memory|     node_embedding_V_76|         array|
|node_embedding_V_76_ce1       |  out|    1|   ap_memory|     node_embedding_V_76|         array|
|node_embedding_V_76_we1       |  out|    1|   ap_memory|     node_embedding_V_76|         array|
|node_embedding_V_76_d1        |  out|   28|   ap_memory|     node_embedding_V_76|         array|
|node_embedding_V_77_address1  |  out|    8|   ap_memory|     node_embedding_V_77|         array|
|node_embedding_V_77_ce1       |  out|    1|   ap_memory|     node_embedding_V_77|         array|
|node_embedding_V_77_we1       |  out|    1|   ap_memory|     node_embedding_V_77|         array|
|node_embedding_V_77_d1        |  out|   28|   ap_memory|     node_embedding_V_77|         array|
|node_embedding_V_78_address1  |  out|    8|   ap_memory|     node_embedding_V_78|         array|
|node_embedding_V_78_ce1       |  out|    1|   ap_memory|     node_embedding_V_78|         array|
|node_embedding_V_78_we1       |  out|    1|   ap_memory|     node_embedding_V_78|         array|
|node_embedding_V_78_d1        |  out|   28|   ap_memory|     node_embedding_V_78|         array|
|node_embedding_V_79_address1  |  out|    8|   ap_memory|     node_embedding_V_79|         array|
|node_embedding_V_79_ce1       |  out|    1|   ap_memory|     node_embedding_V_79|         array|
|node_embedding_V_79_we1       |  out|    1|   ap_memory|     node_embedding_V_79|         array|
|node_embedding_V_79_d1        |  out|   28|   ap_memory|     node_embedding_V_79|         array|
|node_embedding_V_80_address1  |  out|    8|   ap_memory|     node_embedding_V_80|         array|
|node_embedding_V_80_ce1       |  out|    1|   ap_memory|     node_embedding_V_80|         array|
|node_embedding_V_80_we1       |  out|    1|   ap_memory|     node_embedding_V_80|         array|
|node_embedding_V_80_d1        |  out|   28|   ap_memory|     node_embedding_V_80|         array|
|node_embedding_V_81_address1  |  out|    8|   ap_memory|     node_embedding_V_81|         array|
|node_embedding_V_81_ce1       |  out|    1|   ap_memory|     node_embedding_V_81|         array|
|node_embedding_V_81_we1       |  out|    1|   ap_memory|     node_embedding_V_81|         array|
|node_embedding_V_81_d1        |  out|   28|   ap_memory|     node_embedding_V_81|         array|
|node_embedding_V_82_address1  |  out|    8|   ap_memory|     node_embedding_V_82|         array|
|node_embedding_V_82_ce1       |  out|    1|   ap_memory|     node_embedding_V_82|         array|
|node_embedding_V_82_we1       |  out|    1|   ap_memory|     node_embedding_V_82|         array|
|node_embedding_V_82_d1        |  out|   28|   ap_memory|     node_embedding_V_82|         array|
|node_embedding_V_83_address1  |  out|    8|   ap_memory|     node_embedding_V_83|         array|
|node_embedding_V_83_ce1       |  out|    1|   ap_memory|     node_embedding_V_83|         array|
|node_embedding_V_83_we1       |  out|    1|   ap_memory|     node_embedding_V_83|         array|
|node_embedding_V_83_d1        |  out|   28|   ap_memory|     node_embedding_V_83|         array|
|node_embedding_V_84_address1  |  out|    8|   ap_memory|     node_embedding_V_84|         array|
|node_embedding_V_84_ce1       |  out|    1|   ap_memory|     node_embedding_V_84|         array|
|node_embedding_V_84_we1       |  out|    1|   ap_memory|     node_embedding_V_84|         array|
|node_embedding_V_84_d1        |  out|   28|   ap_memory|     node_embedding_V_84|         array|
|node_embedding_V_85_address1  |  out|    8|   ap_memory|     node_embedding_V_85|         array|
|node_embedding_V_85_ce1       |  out|    1|   ap_memory|     node_embedding_V_85|         array|
|node_embedding_V_85_we1       |  out|    1|   ap_memory|     node_embedding_V_85|         array|
|node_embedding_V_85_d1        |  out|   28|   ap_memory|     node_embedding_V_85|         array|
|node_embedding_V_86_address1  |  out|    8|   ap_memory|     node_embedding_V_86|         array|
|node_embedding_V_86_ce1       |  out|    1|   ap_memory|     node_embedding_V_86|         array|
|node_embedding_V_86_we1       |  out|    1|   ap_memory|     node_embedding_V_86|         array|
|node_embedding_V_86_d1        |  out|   28|   ap_memory|     node_embedding_V_86|         array|
|node_embedding_V_87_address1  |  out|    8|   ap_memory|     node_embedding_V_87|         array|
|node_embedding_V_87_ce1       |  out|    1|   ap_memory|     node_embedding_V_87|         array|
|node_embedding_V_87_we1       |  out|    1|   ap_memory|     node_embedding_V_87|         array|
|node_embedding_V_87_d1        |  out|   28|   ap_memory|     node_embedding_V_87|         array|
|node_embedding_V_88_address1  |  out|    8|   ap_memory|     node_embedding_V_88|         array|
|node_embedding_V_88_ce1       |  out|    1|   ap_memory|     node_embedding_V_88|         array|
|node_embedding_V_88_we1       |  out|    1|   ap_memory|     node_embedding_V_88|         array|
|node_embedding_V_88_d1        |  out|   28|   ap_memory|     node_embedding_V_88|         array|
|node_embedding_V_89_address1  |  out|    8|   ap_memory|     node_embedding_V_89|         array|
|node_embedding_V_89_ce1       |  out|    1|   ap_memory|     node_embedding_V_89|         array|
|node_embedding_V_89_we1       |  out|    1|   ap_memory|     node_embedding_V_89|         array|
|node_embedding_V_89_d1        |  out|   28|   ap_memory|     node_embedding_V_89|         array|
|node_embedding_V_90_address1  |  out|    8|   ap_memory|     node_embedding_V_90|         array|
|node_embedding_V_90_ce1       |  out|    1|   ap_memory|     node_embedding_V_90|         array|
|node_embedding_V_90_we1       |  out|    1|   ap_memory|     node_embedding_V_90|         array|
|node_embedding_V_90_d1        |  out|   28|   ap_memory|     node_embedding_V_90|         array|
|node_embedding_V_91_address1  |  out|    8|   ap_memory|     node_embedding_V_91|         array|
|node_embedding_V_91_ce1       |  out|    1|   ap_memory|     node_embedding_V_91|         array|
|node_embedding_V_91_we1       |  out|    1|   ap_memory|     node_embedding_V_91|         array|
|node_embedding_V_91_d1        |  out|   28|   ap_memory|     node_embedding_V_91|         array|
|node_embedding_V_92_address1  |  out|    8|   ap_memory|     node_embedding_V_92|         array|
|node_embedding_V_92_ce1       |  out|    1|   ap_memory|     node_embedding_V_92|         array|
|node_embedding_V_92_we1       |  out|    1|   ap_memory|     node_embedding_V_92|         array|
|node_embedding_V_92_d1        |  out|   28|   ap_memory|     node_embedding_V_92|         array|
|node_embedding_V_93_address1  |  out|    8|   ap_memory|     node_embedding_V_93|         array|
|node_embedding_V_93_ce1       |  out|    1|   ap_memory|     node_embedding_V_93|         array|
|node_embedding_V_93_we1       |  out|    1|   ap_memory|     node_embedding_V_93|         array|
|node_embedding_V_93_d1        |  out|   28|   ap_memory|     node_embedding_V_93|         array|
|node_embedding_V_94_address1  |  out|    8|   ap_memory|     node_embedding_V_94|         array|
|node_embedding_V_94_ce1       |  out|    1|   ap_memory|     node_embedding_V_94|         array|
|node_embedding_V_94_we1       |  out|    1|   ap_memory|     node_embedding_V_94|         array|
|node_embedding_V_94_d1        |  out|   28|   ap_memory|     node_embedding_V_94|         array|
|node_embedding_V_95_address1  |  out|    8|   ap_memory|     node_embedding_V_95|         array|
|node_embedding_V_95_ce1       |  out|    1|   ap_memory|     node_embedding_V_95|         array|
|node_embedding_V_95_we1       |  out|    1|   ap_memory|     node_embedding_V_95|         array|
|node_embedding_V_95_d1        |  out|   28|   ap_memory|     node_embedding_V_95|         array|
|node_embedding_V_96_address1  |  out|    8|   ap_memory|     node_embedding_V_96|         array|
|node_embedding_V_96_ce1       |  out|    1|   ap_memory|     node_embedding_V_96|         array|
|node_embedding_V_96_we1       |  out|    1|   ap_memory|     node_embedding_V_96|         array|
|node_embedding_V_96_d1        |  out|   28|   ap_memory|     node_embedding_V_96|         array|
|node_embedding_V_97_address1  |  out|    8|   ap_memory|     node_embedding_V_97|         array|
|node_embedding_V_97_ce1       |  out|    1|   ap_memory|     node_embedding_V_97|         array|
|node_embedding_V_97_we1       |  out|    1|   ap_memory|     node_embedding_V_97|         array|
|node_embedding_V_97_d1        |  out|   28|   ap_memory|     node_embedding_V_97|         array|
|node_embedding_V_98_address1  |  out|    8|   ap_memory|     node_embedding_V_98|         array|
|node_embedding_V_98_ce1       |  out|    1|   ap_memory|     node_embedding_V_98|         array|
|node_embedding_V_98_we1       |  out|    1|   ap_memory|     node_embedding_V_98|         array|
|node_embedding_V_98_d1        |  out|   28|   ap_memory|     node_embedding_V_98|         array|
|node_embedding_V_99_address1  |  out|    8|   ap_memory|     node_embedding_V_99|         array|
|node_embedding_V_99_ce1       |  out|    1|   ap_memory|     node_embedding_V_99|         array|
|node_embedding_V_99_we1       |  out|    1|   ap_memory|     node_embedding_V_99|         array|
|node_embedding_V_99_d1        |  out|   28|   ap_memory|     node_embedding_V_99|         array|
+------------------------------+-----+-----+------------+------------------------+--------------+

