
****** Vitis HLS - High-Level Synthesis from C, C++ and OpenCL v2020.2 (64-bit)
  **** SW Build 3064766 on Wed Nov 18 09:12:47 MST 2020
  **** IP Build 3064653 on Wed Nov 18 14:17:31 MST 2020
    ** Copyright 1986-2020 Xilinx, Inc. All Rights Reserved.

source /tools/reconfig/xilinx/Vitis_HLS/2020.2/scripts/vitis_hls/hls.tcl -notrace
INFO: [HLS 200-10] Running '/tools/reconfig/xilinx/Vitis_HLS/2020.2/bin/unwrapped/lnx64.o/vitis_hls'
INFO: [HLS 200-10] For user 'chao33' on host 'rg-fpga-dev-1.crnch' (Linux_x86_64 version 4.15.0-135-generic) on Sun Apr 11 18:14:49 EDT 2021
INFO: [HLS 200-10] On os Ubuntu 18.04.5 LTS
INFO: [HLS 200-10] In directory '/nethome/chao33/GNN_Acc/sandbox/project_1'
INFO: [HLS 200-10] Bringing up Vitis HLS GUI ... 
Sourcing Tcl script 'hls.app'
invalid command name "<AutoPilot:project"
    while executing
"<AutoPilot:project xmlns:AutoPilot="com.autoesl.autopilot.project" projectType="C/C++" name="project_1" top="top">"
    (file "hls.app" line 1)
    invoked from within
"source hls.app"
    invoked from within
"hls::main hls.app"
    ("uplevel" body line 1)
    invoked from within
"uplevel 1 hls::main {*}$newargs"
    (procedure "hls_proc" line 16)
    invoked from within
"hls_proc [info nameofexecutable] $argv"
INFO: [Common 17-206] Exiting vitis_hls at Sun Apr 11 18:15:43 2021...
