#
# An unexpected error has occurred (11)
#
Stack:
/lib/x86_64-linux-gnu/libc.so.6(+0x3efd0) [0x7fe25b7c1fd0]
/tools/reconfig/xilinx/Vitis_HLS/2020.2/lib/lnx64.o/libhls_hwsyn.so(synutil::SynUtil::configCoreWithSsdmObj(std::shared_ptr<platform::CoreInst>, ssdm::SsdmObj const*)+0x46) [0x7fe240d69ce6]
/tools/reconfig/xilinx/Vitis_HLS/2020.2/lib/lnx64.o/libhls_hwsyn.so(ssdm::AssignPreprocessor::assignResource(ssdm::Node*)+0x175a) [0x7fe24097c26a]
/tools/reconfig/xilinx/Vitis_HLS/2020.2/lib/lnx64.o/libhls_hwsyn.so(ssdm::AssignPreprocessor::visitNode(ssdm::Node&)+0xb3) [0x7fe24097e463]
/tools/reconfig/xilinx/Vitis_HLS/2020.2/lib/lnx64.o/libhls_hwsyn.so(ssdm::AssignPreprocessor::preprocess()+0xe0) [0x7fe24097f510]
/tools/reconfig/xilinx/Vitis_HLS/2020.2/lib/lnx64.o/libhls_main.so(+0xbbb78) [0x7fe24bb7eb78]
/tools/reconfig/xilinx/Vitis_HLS/2020.2/lib/lnx64.o/libhls_support.so(xpcl::TclCommand::callbackInternal(int, Tcl_Obj* const*)+0x5ed) [0x7fe250dc2bcd]
/tools/reconfig/xilinx/Vitis_HLS/2020.2/lib/lnx64.o/libhls_support.so(xpcl::TclCommand::callback(int, Tcl_Obj* const*)+0x2b) [0x7fe250dc780b]
/tools/reconfig/xilinx/Vitis_HLS/2020.2/lib/lnx64.o/libtcl8.5.so(+0x3356f) [0x7fe256e0e56f]
/tools/reconfig/xilinx/Vitis_HLS/2020.2/lib/lnx64.o/libtcl8.5.so(+0x34bf8) [0x7fe256e0fbf8]
/tools/reconfig/xilinx/Vitis_HLS/2020.2/lib/lnx64.o/libtcl8.5.so(Tcl_EvalEx+0x13) [0x7fe256e10163]
/tools/reconfig/xilinx/Vitis_HLS/2020.2/lib/lnx64.o/libtcl8.5.so(TclEvalObjEx+0x1e0) [0x7fe256e10380]
/tools/reconfig/xilinx/Vitis_HLS/2020.2/lib/lnx64.o/libtcl8.5.so(+0x3b445) [0x7fe256e16445]
/tools/reconfig/xilinx/Vitis_HLS/2020.2/lib/lnx64.o/libtcl8.5.so(+0x3356f) [0x7fe256e0e56f]
/tools/reconfig/xilinx/Vitis_HLS/2020.2/lib/lnx64.o/libtcl8.5.so(+0x76945) [0x7fe256e51945]
/tools/reconfig/xilinx/Vitis_HLS/2020.2/lib/lnx64.o/libtcl8.5.so(TclObjInterpProcCore+0x420) [0x7fe256e92ed0]
/tools/reconfig/xilinx/Vitis_HLS/2020.2/lib/lnx64.o/libtcl8.5.so(+0x3356f) [0x7fe256e0e56f]
/tools/reconfig/xilinx/Vitis_HLS/2020.2/lib/lnx64.o/libtcl8.5.so(+0x76945) [0x7fe256e51945]
/tools/reconfig/xilinx/Vitis_HLS/2020.2/lib/lnx64.o/libtcl8.5.so(+0x7e0f9) [0x7fe256e590f9]
/tools/reconfig/xilinx/Vitis_HLS/2020.2/lib/lnx64.o/libtcl8.5.so(TclEvalObjEx+0x76) [0x7fe256e10216]
/tools/reconfig/xilinx/Vitis_HLS/2020.2/lib/lnx64.o/librdi_commontasks.so(+0x1dc832) [0x7fe2494cc832]
/tools/reconfig/xilinx/Vitis_HLS/2020.2/lib/lnx64.o/libtcl8.5.so(+0x3356f) [0x7fe256e0e56f]
/tools/reconfig/xilinx/Vitis_HLS/2020.2/lib/lnx64.o/libtcl8.5.so(+0x76945) [0x7fe256e51945]
/tools/reconfig/xilinx/Vitis_HLS/2020.2/lib/lnx64.o/libtcl8.5.so(+0x7e0f9) [0x7fe256e590f9]
/tools/reconfig/xilinx/Vitis_HLS/2020.2/lib/lnx64.o/libtcl8.5.so(TclEvalObjEx+0x76) [0x7fe256e10216]
/tools/reconfig/xilinx/Vitis_HLS/2020.2/lib/lnx64.o/librdi_commontasks.so(+0x1db9d7) [0x7fe2494cb9d7]
/tools/reconfig/xilinx/Vitis_HLS/2020.2/lib/lnx64.o/libtcl8.5.so(+0x3356f) [0x7fe256e0e56f]
/tools/reconfig/xilinx/Vitis_HLS/2020.2/lib/lnx64.o/libtcl8.5.so(+0x76945) [0x7fe256e51945]
/tools/reconfig/xilinx/Vitis_HLS/2020.2/lib/lnx64.o/libtcl8.5.so(TclObjInterpProcCore+0x420) [0x7fe256e92ed0]
/tools/reconfig/xilinx/Vitis_HLS/2020.2/lib/lnx64.o/libtcl8.5.so(+0x3356f) [0x7fe256e0e56f]
/tools/reconfig/xilinx/Vitis_HLS/2020.2/lib/lnx64.o/libtcl8.5.so(+0x76945) [0x7fe256e51945]
/tools/reconfig/xilinx/Vitis_HLS/2020.2/lib/lnx64.o/libtcl8.5.so(TclObjInterpProcCore+0x420) [0x7fe256e92ed0]
/tools/reconfig/xilinx/Vitis_HLS/2020.2/lib/lnx64.o/libtcl8.5.so(+0x3356f) [0x7fe256e0e56f]
/tools/reconfig/xilinx/Vitis_HLS/2020.2/lib/lnx64.o/libtcl8.5.so(+0x76945) [0x7fe256e51945]
/tools/reconfig/xilinx/Vitis_HLS/2020.2/lib/lnx64.o/libtcl8.5.so(TclObjInterpProcCore+0x420) [0x7fe256e92ed0]
/tools/reconfig/xilinx/Vitis_HLS/2020.2/lib/lnx64.o/libtcl8.5.so(+0x3356f) [0x7fe256e0e56f]
/tools/reconfig/xilinx/Vitis_HLS/2020.2/lib/lnx64.o/libtcl8.5.so(+0x76945) [0x7fe256e51945]
/tools/reconfig/xilinx/Vitis_HLS/2020.2/lib/lnx64.o/libtcl8.5.so(+0x7e0f9) [0x7fe256e590f9]
/tools/reconfig/xilinx/Vitis_HLS/2020.2/lib/lnx64.o/libtcl8.5.so(TclEvalObjEx+0x76) [0x7fe256e10216]
/tools/reconfig/xilinx/Vitis_HLS/2020.2/lib/lnx64.o/librdi_commontasks.so(+0x1db9d7) [0x7fe2494cb9d7]
/tools/reconfig/xilinx/Vitis_HLS/2020.2/lib/lnx64.o/libtcl8.5.so(+0x3356f) [0x7fe256e0e56f]
/tools/reconfig/xilinx/Vitis_HLS/2020.2/lib/lnx64.o/libtcl8.5.so(+0x76945) [0x7fe256e51945]
/tools/reconfig/xilinx/Vitis_HLS/2020.2/lib/lnx64.o/libtcl8.5.so(Tcl_ExprObj+0xf8) [0x7fe256e58cd8]
/tools/reconfig/xilinx/Vitis_HLS/2020.2/lib/lnx64.o/libtcl8.5.so(Tcl_ExprBooleanObj+0x16) [0x7fe256e0ef56]
/tools/reconfig/xilinx/Vitis_HLS/2020.2/lib/lnx64.o/libtcl8.5.so(+0x3e7ae) [0x7fe256e197ae]
/tools/reconfig/xilinx/Vitis_HLS/2020.2/lib/lnx64.o/libtcl8.5.so(+0x3356f) [0x7fe256e0e56f]
/tools/reconfig/xilinx/Vitis_HLS/2020.2/lib/lnx64.o/libtcl8.5.so(+0x34bf8) [0x7fe256e0fbf8]
/tools/reconfig/xilinx/Vitis_HLS/2020.2/lib/lnx64.o/libtcl8.5.so(Tcl_EvalEx+0x13) [0x7fe256e10163]
/tools/reconfig/xilinx/Vitis_HLS/2020.2/lib/lnx64.o/libtcl8.5.so(Tcl_Eval+0x15) [0x7fe256e10185]
/tools/reconfig/xilinx/Vitis_HLS/2020.2/lib/lnx64.o/libhls_main.so(+0xa3071) [0x7fe24bb66071]
/tools/reconfig/xilinx/Vitis_HLS/2020.2/lib/lnx64.o/libhls_support.so(xpcl::TclCommand::callbackInternal(int, Tcl_Obj* const*)+0x5ed) [0x7fe250dc2bcd]
/tools/reconfig/xilinx/Vitis_HLS/2020.2/lib/lnx64.o/libhls_support.so(xpcl::TclCommand::callback(int, Tcl_Obj* const*)+0x2b) [0x7fe250dc780b]
/tools/reconfig/xilinx/Vitis_HLS/2020.2/lib/lnx64.o/libtcl8.5.so(+0x3356f) [0x7fe256e0e56f]
/tools/reconfig/xilinx/Vitis_HLS/2020.2/lib/lnx64.o/libtcl8.5.so(+0x76945) [0x7fe256e51945]
/tools/reconfig/xilinx/Vitis_HLS/2020.2/lib/lnx64.o/libtcl8.5.so(TclObjInterpProcCore+0x420) [0x7fe256e92ed0]
/tools/reconfig/xilinx/Vitis_HLS/2020.2/lib/lnx64.o/libtcl8.5.so(+0x3356f) [0x7fe256e0e56f]
/tools/reconfig/xilinx/Vitis_HLS/2020.2/lib/lnx64.o/libtcl8.5.so(+0x76945) [0x7fe256e51945]
/tools/reconfig/xilinx/Vitis_HLS/2020.2/lib/lnx64.o/libtcl8.5.so(+0x7e0f9) [0x7fe256e590f9]
/tools/reconfig/xilinx/Vitis_HLS/2020.2/lib/lnx64.o/libtcl8.5.so(TclEvalObjEx+0x76) [0x7fe256e10216]
/tools/reconfig/xilinx/Vitis_HLS/2020.2/lib/lnx64.o/librdi_commontasks.so(+0x1db9d7) [0x7fe2494cb9d7]
/tools/reconfig/xilinx/Vitis_HLS/2020.2/lib/lnx64.o/libtcl8.5.so(+0x3356f) [0x7fe256e0e56f]
/tools/reconfig/xilinx/Vitis_HLS/2020.2/lib/lnx64.o/libtcl8.5.so(+0x76945) [0x7fe256e51945]
/tools/reconfig/xilinx/Vitis_HLS/2020.2/lib/lnx64.o/libtcl8.5.so(Tcl_ExprObj+0xf8) [0x7fe256e58cd8]
/tools/reconfig/xilinx/Vitis_HLS/2020.2/lib/lnx64.o/libtcl8.5.so(Tcl_ExprBooleanObj+0x16) [0x7fe256e0ef56]
/tools/reconfig/xilinx/Vitis_HLS/2020.2/lib/lnx64.o/libtcl8.5.so(+0x3e7ae) [0x7fe256e197ae]
/tools/reconfig/xilinx/Vitis_HLS/2020.2/lib/lnx64.o/libtcl8.5.so(+0x3356f) [0x7fe256e0e56f]
/tools/reconfig/xilinx/Vitis_HLS/2020.2/lib/lnx64.o/libtcl8.5.so(+0x34bf8) [0x7fe256e0fbf8]
/tools/reconfig/xilinx/Vitis_HLS/2020.2/lib/lnx64.o/libtcl8.5.so(Tcl_EvalEx+0x13) [0x7fe256e10163]
/tools/reconfig/xilinx/Vitis_HLS/2020.2/lib/lnx64.o/libtcl8.5.so(Tcl_Eval+0x15) [0x7fe256e10185]
/tools/reconfig/xilinx/Vitis_HLS/2020.2/lib/lnx64.o/libhls_main.so(+0xa3071) [0x7fe24bb66071]
/tools/reconfig/xilinx/Vitis_HLS/2020.2/lib/lnx64.o/libhls_support.so(xpcl::TclCommand::callbackInternal(int, Tcl_Obj* const*)+0x5ed) [0x7fe250dc2bcd]
/tools/reconfig/xilinx/Vitis_HLS/2020.2/lib/lnx64.o/libhls_support.so(xpcl::TclCommand::callback(int, Tcl_Obj* const*)+0x2b) [0x7fe250dc780b]
/tools/reconfig/xilinx/Vitis_HLS/2020.2/lib/lnx64.o/libtcl8.5.so(+0x3356f) [0x7fe256e0e56f]
/tools/reconfig/xilinx/Vitis_HLS/2020.2/lib/lnx64.o/libtcl8.5.so(+0x34bf8) [0x7fe256e0fbf8]
/tools/reconfig/xilinx/Vitis_HLS/2020.2/lib/lnx64.o/libtcl8.5.so(Tcl_EvalEx+0x13) [0x7fe256e10163]
/tools/reconfig/xilinx/Vitis_HLS/2020.2/lib/lnx64.o/libtcl8.5.so(Tcl_FSEvalFileEx+0x1da) [0x7fe256e74d2a]
/tools/reconfig/xilinx/Vitis_HLS/2020.2/lib/lnx64.o/libhls_main.so(ApSourceTclFile(std::__cxx11::basic_string<char, std::char_traits<char>, std::allocator<char> > const&, char const*)+0x77) [0x7fe24bb59257]
/tools/reconfig/xilinx/Vitis_HLS/2020.2/lib/lnx64.o/libhls_main.so(+0x9b4d9) [0x7fe24bb5e4d9]
/tools/reconfig/xilinx/Vitis_HLS/2020.2/lib/lnx64.o/libhls_support.so(xpcl::TclCommand::callbackInternal(int, Tcl_Obj* const*)+0x5ed) [0x7fe250dc2bcd]
/tools/reconfig/xilinx/Vitis_HLS/2020.2/lib/lnx64.o/libhls_support.so(xpcl::TclCommand::callback(int, Tcl_Obj* const*)+0x2b) [0x7fe250dc780b]
/tools/reconfig/xilinx/Vitis_HLS/2020.2/lib/lnx64.o/libtcl8.5.so(+0x3356f) [0x7fe256e0e56f]
/tools/reconfig/xilinx/Vitis_HLS/2020.2/lib/lnx64.o/libtcl8.5.so(Tcl_EvalObjv+0x32) [0x7fe256e0e6a2]
/tools/reconfig/xilinx/Vitis_HLS/2020.2/lib/lnx64.o/libtcl8.5.so(TclEvalObjEx+0x322) [0x7fe256e104c2]
/tools/reconfig/xilinx/Vitis_HLS/2020.2/lib/lnx64.o/libtcl8.5.so(+0xb7637) [0x7fe256e92637]
/tools/reconfig/xilinx/Vitis_HLS/2020.2/lib/lnx64.o/libtcl8.5.so(+0x3356f) [0x7fe256e0e56f]
/tools/reconfig/xilinx/Vitis_HLS/2020.2/lib/lnx64.o/libtcl8.5.so(+0x76945) [0x7fe256e51945]
/tools/reconfig/xilinx/Vitis_HLS/2020.2/lib/lnx64.o/libtcl8.5.so(+0x7e0f9) [0x7fe256e590f9]
/tools/reconfig/xilinx/Vitis_HLS/2020.2/lib/lnx64.o/libtcl8.5.so(TclEvalObjEx+0x76) [0x7fe256e10216]
/tools/reconfig/xilinx/Vitis_HLS/2020.2/lib/lnx64.o/librdi_commontasks.so(+0x1db9d7) [0x7fe2494cb9d7]
/tools/reconfig/xilinx/Vitis_HLS/2020.2/lib/lnx64.o/libtcl8.5.so(+0x3356f) [0x7fe256e0e56f]
/tools/reconfig/xilinx/Vitis_HLS/2020.2/lib/lnx64.o/libtcl8.5.so(+0x76945) [0x7fe256e51945]
/tools/reconfig/xilinx/Vitis_HLS/2020.2/lib/lnx64.o/libtcl8.5.so(+0x7e0f9) [0x7fe256e590f9]
/tools/reconfig/xilinx/Vitis_HLS/2020.2/lib/lnx64.o/libtcl8.5.so(TclEvalObjEx+0x76) [0x7fe256e10216]
/tools/reconfig/xilinx/Vitis_HLS/2020.2/lib/lnx64.o/librdi_commontasks.so(+0x1dc832) [0x7fe2494cc832]
/tools/reconfig/xilinx/Vitis_HLS/2020.2/lib/lnx64.o/libtcl8.5.so(+0x3356f) [0x7fe256e0e56f]
/tools/reconfig/xilinx/Vitis_HLS/2020.2/lib/lnx64.o/libtcl8.5.so(+0x76945) [0x7fe256e51945]
/tools/reconfig/xilinx/Vitis_HLS/2020.2/lib/lnx64.o/libtcl8.5.so(TclObjInterpProcCore+0x420) [0x7fe256e92ed0]
/tools/reconfig/xilinx/Vitis_HLS/2020.2/lib/lnx64.o/libtcl8.5.so(+0x3356f) [0x7fe256e0e56f]
/tools/reconfig/xilinx/Vitis_HLS/2020.2/lib/lnx64.o/libtcl8.5.so(+0x76945) [0x7fe256e51945]
/tools/reconfig/xilinx/Vitis_HLS/2020.2/lib/lnx64.o/libtcl8.5.so(TclObjInterpProcCore+0x420) [0x7fe256e92ed0]
/tools/reconfig/xilinx/Vitis_HLS/2020.2/lib/lnx64.o/libtcl8.5.so(+0x3356f) [0x7fe256e0e56f]
/tools/reconfig/xilinx/Vitis_HLS/2020.2/lib/lnx64.o/libtcl8.5.so(+0x76945) [0x7fe256e51945]
/tools/reconfig/xilinx/Vitis_HLS/2020.2/lib/lnx64.o/libtcl8.5.so(+0x7e0f9) [0x7fe256e590f9]
/tools/reconfig/xilinx/Vitis_HLS/2020.2/lib/lnx64.o/libtcl8.5.so(TclEvalObjEx+0x76) [0x7fe256e10216]
/tools/reconfig/xilinx/Vitis_HLS/2020.2/lib/lnx64.o/librdi_commontasks.so(+0x1db9d7) [0x7fe2494cb9d7]
/tools/reconfig/xilinx/Vitis_HLS/2020.2/lib/lnx64.o/libtcl8.5.so(+0x3356f) [0x7fe256e0e56f]
/tools/reconfig/xilinx/Vitis_HLS/2020.2/lib/lnx64.o/libtcl8.5.so(+0x76945) [0x7fe256e51945]
/tools/reconfig/xilinx/Vitis_HLS/2020.2/lib/lnx64.o/libtcl8.5.so(Tcl_ExprObj+0xf8) [0x7fe256e58cd8]
/tools/reconfig/xilinx/Vitis_HLS/2020.2/lib/lnx64.o/libtcl8.5.so(Tcl_ExprBooleanObj+0x16) [0x7fe256e0ef56]
/tools/reconfig/xilinx/Vitis_HLS/2020.2/lib/lnx64.o/libtcl8.5.so(+0x3e7ae) [0x7fe256e197ae]
/tools/reconfig/xilinx/Vitis_HLS/2020.2/lib/lnx64.o/libtcl8.5.so(+0x3356f) [0x7fe256e0e56f]
/tools/reconfig/xilinx/Vitis_HLS/2020.2/lib/lnx64.o/libtcl8.5.so(+0x34bf8) [0x7fe256e0fbf8]
/tools/reconfig/xilinx/Vitis_HLS/2020.2/lib/lnx64.o/libtcl8.5.so(Tcl_EvalEx+0x13) [0x7fe256e10163]
/tools/reconfig/xilinx/Vitis_HLS/2020.2/lib/lnx64.o/libtcl8.5.so(Tcl_Eval+0x15) [0x7fe256e10185]
/tools/reconfig/xilinx/Vitis_HLS/2020.2/lib/lnx64.o/libhls_main.so(+0xa3071) [0x7fe24bb66071]
/tools/reconfig/xilinx/Vitis_HLS/2020.2/lib/lnx64.o/libhls_support.so(xpcl::TclCommand::callbackInternal(int, Tcl_Obj* const*)+0x5ed) [0x7fe250dc2bcd]
/tools/reconfig/xilinx/Vitis_HLS/2020.2/lib/lnx64.o/libhls_support.so(xpcl::TclCommand::callback(int, Tcl_Obj* const*)+0x2b) [0x7fe250dc780b]
/tools/reconfig/xilinx/Vitis_HLS/2020.2/lib/lnx64.o/libtcl8.5.so(+0x3356f) [0x7fe256e0e56f]
/tools/reconfig/xilinx/Vitis_HLS/2020.2/lib/lnx64.o/libtcl8.5.so(+0x34bf8) [0x7fe256e0fbf8]
/tools/reconfig/xilinx/Vitis_HLS/2020.2/lib/lnx64.o/libtcl8.5.so(Tcl_EvalEx+0x13) [0x7fe256e10163]
/tools/reconfig/xilinx/Vitis_HLS/2020.2/lib/lnx64.o/libtcl8.5.so(TclEvalObjEx+0x1e0) [0x7fe256e10380]
/tools/reconfig/xilinx/Vitis_HLS/2020.2/lib/lnx64.o/libtcl8.5.so(+0x3b445) [0x7fe256e16445]
/tools/reconfig/xilinx/Vitis_HLS/2020.2/lib/lnx64.o/libtcl8.5.so(+0x3356f) [0x7fe256e0e56f]
/tools/reconfig/xilinx/Vitis_HLS/2020.2/lib/lnx64.o/libtcl8.5.so(+0x76945) [0x7fe256e51945]
/tools/reconfig/xilinx/Vitis_HLS/2020.2/lib/lnx64.o/libtcl8.5.so(+0x7e0f9) [0x7fe256e590f9]
/tools/reconfig/xilinx/Vitis_HLS/2020.2/lib/lnx64.o/libtcl8.5.so(TclEvalObjEx+0x76) [0x7fe256e10216]
/tools/reconfig/xilinx/Vitis_HLS/2020.2/lib/lnx64.o/librdi_commontasks.so(+0x1db9d7) [0x7fe2494cb9d7]
/tools/reconfig/xilinx/Vitis_HLS/2020.2/lib/lnx64.o/libtcl8.5.so(+0x3356f) [0x7fe256e0e56f]
/tools/reconfig/xilinx/Vitis_HLS/2020.2/lib/lnx64.o/libtcl8.5.so(+0x76945) [0x7fe256e51945]
/tools/reconfig/xilinx/Vitis_HLS/2020.2/lib/lnx64.o/libtcl8.5.so(TclObjInterpProcCore+0x420) [0x7fe256e92ed0]
/tools/reconfig/xilinx/Vitis_HLS/2020.2/lib/lnx64.o/libtcl8.5.so(+0x3356f) [0x7fe256e0e56f]
/tools/reconfig/xilinx/Vitis_HLS/2020.2/lib/lnx64.o/libtcl8.5.so(+0x76945) [0x7fe256e51945]
/tools/reconfig/xilinx/Vitis_HLS/2020.2/lib/lnx64.o/libtcl8.5.so(TclObjInterpProcCore+0x420) [0x7fe256e92ed0]
/tools/reconfig/xilinx/Vitis_HLS/2020.2/lib/lnx64.o/libtcl8.5.so(+0x3356f) [0x7fe256e0e56f]
/tools/reconfig/xilinx/Vitis_HLS/2020.2/lib/lnx64.o/libtcl8.5.so(+0x34bf8) [0x7fe256e0fbf8]
/tools/reconfig/xilinx/Vitis_HLS/2020.2/lib/lnx64.o/libtcl8.5.so(Tcl_EvalEx+0x13) [0x7fe256e10163]
/tools/reconfig/xilinx/Vitis_HLS/2020.2/lib/lnx64.o/libtcl8.5.so(Tcl_Eval+0x15) [0x7fe256e10185]
/tools/reconfig/xilinx/Vitis_HLS/2020.2/lib/lnx64.o/libhls_support.so(xpcl::TclManager::tclAppInit(Tcl_Interp*)+0x233) [0x7fe250dc5063]
/tools/reconfig/xilinx/Vitis_HLS/2020.2/lib/lnx64.o/libhls_support.so(xpcl::TclManager::issueFromTcl(Tcl_Interp*, bool)+0x14e) [0x7fe250dc526e]
/tools/reconfig/xilinx/Vitis_HLS/2020.2/lib/lnx64.o/librdi_hlstasks.so(+0x9d7f) [0x7fe251003d7f]
/tools/reconfig/xilinx/Vitis_HLS/2020.2/lib/lnx64.o/librdi_common.so(+0x9cfb1d) [0x7fe25ccf9b1d]
/tools/reconfig/xilinx/Vitis_HLS/2020.2/lib/lnx64.o/libtcl8.5.so(+0x3356f) [0x7fe256e0e56f]
/tools/reconfig/xilinx/Vitis_HLS/2020.2/lib/lnx64.o/libtcl8.5.so(+0x34bf8) [0x7fe256e0fbf8]
/tools/reconfig/xilinx/Vitis_HLS/2020.2/lib/lnx64.o/libtcl8.5.so(Tcl_EvalEx+0x13) [0x7fe256e10163]
/tools/reconfig/xilinx/Vitis_HLS/2020.2/lib/lnx64.o/libtcl8.5.so(TclEvalObjEx+0x3cf) [0x7fe256e1056f]
/tools/reconfig/xilinx/Vitis_HLS/2020.2/lib/lnx64.o/libtcl8.5.so(+0xb7589) [0x7fe256e92589]
/tools/reconfig/xilinx/Vitis_HLS/2020.2/lib/lnx64.o/libtcl8.5.so(+0x3356f) [0x7fe256e0e56f]
/tools/reconfig/xilinx/Vitis_HLS/2020.2/lib/lnx64.o/libtcl8.5.so(+0x76945) [0x7fe256e51945]
/tools/reconfig/xilinx/Vitis_HLS/2020.2/lib/lnx64.o/libtcl8.5.so(TclObjInterpProcCore+0x420) [0x7fe256e92ed0]
/tools/reconfig/xilinx/Vitis_HLS/2020.2/lib/lnx64.o/libtcl8.5.so(+0x3356f) [0x7fe256e0e56f]
/tools/reconfig/xilinx/Vitis_HLS/2020.2/lib/lnx64.o/libtcl8.5.so(+0x76945) [0x7fe256e51945]
/tools/reconfig/xilinx/Vitis_HLS/2020.2/lib/lnx64.o/libtcl8.5.so(+0x7e0f9) [0x7fe256e590f9]
/tools/reconfig/xilinx/Vitis_HLS/2020.2/lib/lnx64.o/libtcl8.5.so(TclEvalObjEx+0x76) [0x7fe256e10216]
/tools/reconfig/xilinx/Vitis_HLS/2020.2/lib/lnx64.o/librdi_commontasks.so(+0x1dba74) [0x7fe2494cba74]
/tools/reconfig/xilinx/Vitis_HLS/2020.2/lib/lnx64.o/libtcl8.5.so(+0x3356f) [0x7fe256e0e56f]
/tools/reconfig/xilinx/Vitis_HLS/2020.2/lib/lnx64.o/libtcl8.5.so(+0x34bf8) [0x7fe256e0fbf8]
/tools/reconfig/xilinx/Vitis_HLS/2020.2/lib/lnx64.o/libtcl8.5.so(+0xad566) [0x7fe256e88566]
/tools/reconfig/xilinx/Vitis_HLS/2020.2/lib/lnx64.o/libtcl8.5.so(+0x34785) [0x7fe256e0f785]
/tools/reconfig/xilinx/Vitis_HLS/2020.2/lib/lnx64.o/libtcl8.5.so(Tcl_EvalEx+0x13) [0x7fe256e10163]
/tools/reconfig/xilinx/Vitis_HLS/2020.2/lib/lnx64.o/libtcl8.5.so(Tcl_FSEvalFileEx+0x1da) [0x7fe256e74d2a]
/tools/reconfig/xilinx/Vitis_HLS/2020.2/lib/lnx64.o/librdi_commontasks.so(+0x1f8c0d) [0x7fe2494e8c0d]
/tools/reconfig/xilinx/Vitis_HLS/2020.2/lib/lnx64.o/librdi_common.so(+0x9cfb1d) [0x7fe25ccf9b1d]
/tools/reconfig/xilinx/Vitis_HLS/2020.2/lib/lnx64.o/libtcl8.5.so(+0x3356f) [0x7fe256e0e56f]
/tools/reconfig/xilinx/Vitis_HLS/2020.2/lib/lnx64.o/libtcl8.5.so(Tcl_EvalObjv+0x32) [0x7fe256e0e6a2]
/tools/reconfig/xilinx/Vitis_HLS/2020.2/lib/lnx64.o/libtcl8.5.so(TclEvalObjEx+0x322) [0x7fe256e104c2]
/tools/reconfig/xilinx/Vitis_HLS/2020.2/lib/lnx64.o/librdi_commontasks.so(+0x23f1d9) [0x7fe24952f1d9]
/tools/reconfig/xilinx/Vitis_HLS/2020.2/lib/lnx64.o/librdi_commontasks.so(+0x240bde) [0x7fe249530bde]
/tools/reconfig/xilinx/Vitis_HLS/2020.2/lib/lnx64.o/librdi_common.so(+0x9cfb1d) [0x7fe25ccf9b1d]
/tools/reconfig/xilinx/Vitis_HLS/2020.2/lib/lnx64.o/libtcl8.5.so(+0x3356f) [0x7fe256e0e56f]
/tools/reconfig/xilinx/Vitis_HLS/2020.2/lib/lnx64.o/libtcl8.5.so(Tcl_EvalObjv+0x32) [0x7fe256e0e6a2]
/tools/reconfig/xilinx/Vitis_HLS/2020.2/lib/lnx64.o/libtcl8.5.so(TclEvalObjEx+0x322) [0x7fe256e104c2]
/tools/reconfig/xilinx/Vitis_HLS/2020.2/lib/lnx64.o/librdi_commonmain.so(+0xad53) [0x7fe25c122d53]
/tools/reconfig/xilinx/Vitis_HLS/2020.2/lib/lnx64.o/libtcl8.5.so(Tcl_Main+0x1d0) [0x7fe256e7b2f0]
/tools/reconfig/xilinx/Vitis_HLS/2020.2/lib/lnx64.o/librdi_common.so(+0xa1442b) [0x7fe25cd3e42b]
/lib/x86_64-linux-gnu/libpthread.so.0(+0x76db) [0x7fe2535806db]
/lib/x86_64-linux-gnu/libc.so.6(clone+0x3f) [0x7fe25b8a4a3f]
