Tue Dec 21 00:35:47 2021: Running xcd server. This server was built by gradle.
Tue Dec 21 00:35:47 2021: Server was asked to start on port: '43421'
Tue Dec 21 00:35:47 2021: Server is using token UUID: '725d6f7e-cab0-44cd-8fdf-5d9e634c6919'
Tue Dec 21 00:35:47 2021: SESSION_MGR: creating session with session uuid: '6d04a3e9-ade5-4ab9-8d63-1f78fcd2ec76' and name 'default'
Tue Dec 21 00:35:47 2021: Attempting to start server on port '43421'
Tue Dec 21 00:35:47 2021: XCD main fifo: created main fifo '/tmp/xcdmain725d6f7e-cab0-44cd-8fdf-5d9e634c6919', fd read = 13
Tue Dec 21 00:35:47 2021: Running Dispatch Server
Tue Dec 21 00:35:47 2021: Version 2.2.0
Tue Dec 21 00:35:55 2021: Dispatch Server: Accepted socket connection from client
Tue Dec 21 00:35:55 2021: Starting Socket connection
Tue Dec 21 00:35:55 2021: EXCHANGE_TOKEN received, server token: 725d6f7e-cab0-44cd-8fdf-5d9e634c6919, passed token: 725d6f7e-cab0-44cd-8fdf-5d9e634c6919
Tue Dec 21 00:35:56 2021: DISPATCH_HANDLER: Adding handler from function makeHandler in library libxv_system_diagram
Tue Dec 21 00:35:56 2021: SESSION_MGR: creating session with session uuid: '0b83788f-a659-44eb-8535-c097737fb0eb' and name 'v++_package_GAT_compute_one_graph'
Tue Dec 21 00:35:56 2021: KERNEL_SVC: creating session with uuid: '0b83788f-a659-44eb-8535-c097737fb0eb' and name 'v++_package_GAT_compute_one_graph'
Tue Dec 21 00:35:56 2021: GUIDANCE_SMGR: creating guidance session with uuid: '0b83788f-a659-44eb-8535-c097737fb0eb' and name 'v++_package_GAT_compute_one_graph'
Tue Dec 21 00:35:56 2021: SYSTEM_DIAGRAM_SMGR: creating diagram session with uuid: '0b83788f-a659-44eb-8535-c097737fb0eb' and name 'v++_package_GAT_compute_one_graph'
Tue Dec 21 00:36:02 2021: SESSION_MGR: closing session for UUID '0b83788f-a659-44eb-8535-c097737fb0eb' with name 'v++_package_GAT_compute_one_graph'
Tue Dec 21 00:36:02 2021: KERNEL_SVC: closing session for UUID '0b83788f-a659-44eb-8535-c097737fb0eb' with name 'v++_package_GAT_compute_one_graph'
Tue Dec 21 00:36:02 2021: GUIDANCE_SMGR: closing session for UUID '0b83788f-a659-44eb-8535-c097737fb0eb' with name 'v++_package_GAT_compute_one_graph'
Tue Dec 21 00:36:02 2021: SYSTEM_DIAGRAM_SMGR: closing session for UUID '0b83788f-a659-44eb-8535-c097737fb0eb' with name 'v++_package_GAT_compute_one_graph'
