

================================================================
== Vitis HLS Report for 'PE_110'
================================================================
* Date:           Mon Apr 12 12:24:41 2021

* Version:        2020.2 (Build 3064766 on Wed Nov 18 09:12:47 MST 2020)
* Project:        project_1
* Solution:       solution1 (Vivado IP Flow Target)
* Product family: zynquplus
* Target device:  xczu3eg-sbva484-1-e


================================================================
== Performance Estimates
================================================================
+ Timing: 
    * Summary: 
    +--------+----------+----------+------------+
    |  Clock |  Target  | Estimated| Uncertainty|
    +--------+----------+----------+------------+
    |ap_clk  |  10.00 ns|  7.250 ns|     2.70 ns|
    +--------+----------+----------+------------+

+ Latency: 
    * Summary: 
    +---------+---------+----------+----------+-----+-----+---------+
    |  Latency (cycles) |  Latency (absolute) |  Interval | Pipeline|
    |   min   |   max   |    min   |    max   | min | max |   Type  |
    +---------+---------+----------+----------+-----+-----+---------+
    |       12|       12|  0.120 us|  0.120 us|   12|   12|     none|
    +---------+---------+----------+----------+-----+-----+---------+

    + Detail: 
        * Instance: 
        N/A

        * Loop: 
        +-------------------+---------+---------+----------+-----------+-----------+------+----------+
        |                   |  Latency (cycles) | Iteration|  Initiation Interval  | Trip |          |
        |     Loop Name     |   min   |   max   |  Latency |  achieved |   target  | Count| Pipelined|
        +-------------------+---------+---------+----------+-----------+-----------+------+----------+
        |- VITIS_LOOP_18_1  |       10|       10|         2|          1|          1|    10|       yes|
        +-------------------+---------+---------+----------+-----------+-----------+------+----------+



================================================================
== Utilization Estimates
================================================================
* Summary: 
+-----------------+---------+-----+--------+-------+-----+
|       Name      | BRAM_18K| DSP |   FF   |  LUT  | URAM|
+-----------------+---------+-----+--------+-------+-----+
|DSP              |        -|    -|       -|      -|    -|
|Expression       |        -|    -|       0|     70|    -|
|FIFO             |        -|    -|       -|      -|    -|
|Instance         |        -|    0|       0|     20|    -|
|Memory           |        -|    -|       -|      -|    -|
|Multiplexer      |        -|    -|       -|     97|    -|
|Register         |        -|    -|      48|      -|    -|
+-----------------+---------+-----+--------+-------+-----+
|Total            |        0|    0|      48|    187|    0|
+-----------------+---------+-----+--------+-------+-----+
|Available        |      432|  360|  141120|  70560|    0|
+-----------------+---------+-----+--------+-------+-----+
|Utilization (%)  |        0|    0|      ~0|     ~0|    0|
+-----------------+---------+-----+--------+-------+-----+

+ Detail: 
    * Instance: 
    +-----------------------+--------------------+---------+----+---+----+-----+
    |        Instance       |       Module       | BRAM_18K| DSP| FF| LUT| URAM|
    +-----------------------+--------------------+---------+----+---+----+-----+
    |mul_32s_32s_32_1_1_U6  |mul_32s_32s_32_1_1  |        0|   0|  0|  20|    0|
    +-----------------------+--------------------+---------+----+---+----+-----+
    |Total                  |                    |        0|   0|  0|  20|    0|
    +-----------------------+--------------------+---------+----+---+----+-----+

    * DSP: 
    N/A

    * Memory: 
    N/A

    * FIFO: 
    N/A

    * Expression: 
    +----------------------------------+----------+----+---+----+------------+------------+
    |           Variable Name          | Operation| DSP| FF| LUT| Bitwidth P0| Bitwidth P1|
    +----------------------------------+----------+----+---+----+------------+------------+
    |add_ln18_fu_140_p2                |         +|   0|  0|  12|           4|           1|
    |add_ln21_fu_163_p2                |         +|   0|  0|  39|          32|          32|
    |ap_block_pp0_stage0_01001         |       and|   0|  0|   2|           1|           1|
    |icmp_ln18_fu_146_p2               |      icmp|   0|  0|   9|           4|           4|
    |ap_block_state1                   |        or|   0|  0|   2|           1|           1|
    |ap_block_state3_pp0_stage0_iter1  |        or|   0|  0|   2|           1|           1|
    |ap_enable_pp0                     |       xor|   0|  0|   2|           1|           2|
    |ap_enable_reg_pp0_iter1           |       xor|   0|  0|   2|           2|           1|
    +----------------------------------+----------+----+---+----+------------+------------+
    |Total                             |          |   0|  0|  70|          46|          43|
    +----------------------------------+----------+----+---+----+------------+------------+

    * Multiplexer: 
    +-------------------------+----+-----------+-----+-----------+
    |           Name          | LUT| Input Size| Bits| Total Bits|
    +-------------------------+----+-----------+-----+-----------+
    |add2_i_reg_122           |   9|          2|   32|         64|
    |ap_NS_fsm                |  20|          4|    1|          4|
    |ap_done                  |   9|          2|    1|          2|
    |ap_enable_reg_pp0_iter1  |  14|          3|    1|          3|
    |d_out_blk_n              |   9|          2|    1|          2|
    |d_out_out_blk_n          |   9|          2|    1|          2|
    |i_reg_111                |   9|          2|    4|          8|
    |weights_in_blk_n         |   9|          2|    1|          2|
    |weights_out_V_blk_n      |   9|          2|    1|          2|
    +-------------------------+----+-----------+-----+-----------+
    |Total                    |  97|         21|   43|         89|
    +-------------------------+----+-----------+-----+-----------+

    * Register: 
    +-------------------------------+----+----+-----+-----------+
    |              Name             | FF | LUT| Bits| Const Bits|
    +-------------------------------+----+----+-----+-----------+
    |add2_i_reg_122                 |  32|   0|   32|          0|
    |ap_CS_fsm                      |   3|   0|    3|          0|
    |ap_done_reg                    |   1|   0|    1|          0|
    |ap_enable_reg_pp0_iter0        |   1|   0|    1|          0|
    |ap_enable_reg_pp0_iter1        |   1|   0|    1|          0|
    |data_out_local_0_addr_reg_169  |   5|   0|    5|          0|
    |i_reg_111                      |   4|   0|    4|          0|
    |icmp_ln18_reg_179              |   1|   0|    1|          0|
    +-------------------------------+----+----+-----+-----------+
    |Total                          |  48|   0|   48|          0|
    +-------------------------------+----+----+-----+-----------+



================================================================
== Interface
================================================================
* Summary: 
+---------------------------+-----+-----+------------+------------------+--------------+
|         RTL Ports         | Dir | Bits|  Protocol  |   Source Object  |    C Type    |
+---------------------------+-----+-----+------------+------------------+--------------+
|ap_clk                     |   in|    1|  ap_ctrl_hs|            PE.110|  return value|
|ap_rst                     |   in|    1|  ap_ctrl_hs|            PE.110|  return value|
|ap_start                   |   in|    1|  ap_ctrl_hs|            PE.110|  return value|
|ap_done                    |  out|    1|  ap_ctrl_hs|            PE.110|  return value|
|ap_continue                |   in|    1|  ap_ctrl_hs|            PE.110|  return value|
|ap_idle                    |  out|    1|  ap_ctrl_hs|            PE.110|  return value|
|ap_ready                   |  out|    1|  ap_ctrl_hs|            PE.110|  return value|
|weights_in_dout            |   in|   32|     ap_fifo|        weights_in|       pointer|
|weights_in_empty_n         |   in|    1|     ap_fifo|        weights_in|       pointer|
|weights_in_read            |  out|    1|     ap_fifo|        weights_in|       pointer|
|weights_out_V_din          |  out|   32|     ap_fifo|     weights_out_V|       pointer|
|weights_out_V_full_n       |   in|    1|     ap_fifo|     weights_out_V|       pointer|
|weights_out_V_write        |  out|    1|     ap_fifo|     weights_out_V|       pointer|
|data_in_0_address0         |  out|    4|   ap_memory|         data_in_0|         array|
|data_in_0_ce0              |  out|    1|   ap_memory|         data_in_0|         array|
|data_in_0_q0               |   in|   32|   ap_memory|         data_in_0|         array|
|data_out_local_0_address0  |  out|    5|   ap_memory|  data_out_local_0|         array|
|data_out_local_0_ce0       |  out|    1|   ap_memory|  data_out_local_0|         array|
|data_out_local_0_we0       |  out|    1|   ap_memory|  data_out_local_0|         array|
|data_out_local_0_d0        |  out|   32|   ap_memory|  data_out_local_0|         array|
|d_out_dout                 |   in|    5|     ap_fifo|             d_out|       pointer|
|d_out_empty_n              |   in|    1|     ap_fifo|             d_out|       pointer|
|d_out_read                 |  out|    1|     ap_fifo|             d_out|       pointer|
|d_out_out_din              |  out|    5|     ap_fifo|         d_out_out|       pointer|
|d_out_out_full_n           |   in|    1|     ap_fifo|         d_out_out|       pointer|
|d_out_out_write            |  out|    1|     ap_fifo|         d_out_out|       pointer|
+---------------------------+-----+-----+------------+------------------+--------------+

============================================================
+ Verbose Summary: Synthesis Manager
============================================================
InlineROM: 1
ExposeGlobal: 0
============================================================
+ Verbose Summary: CDFG Model
============================================================
IsTopModel: 0
ResetActiveHigh: 1
IsCombinational: 2
IsDatapathOnly: 0
HasWiredReturn: 1
HasMFsm: 0
HasVarLatency: 1
IsPipeline: 0
IsRtlPipelined: 0
IsInstanceOverlapped: 0
IsDontTouch: 0
HasImplIP: 0
IsGatedGlobalClock: 0

+ Individual pipeline summary: 
  * Pipeline-0: initiation interval (II) = 1, depth = 2


============================================================
+ Verbose Summary: Schedule
============================================================
* Number of FSM states : 4
* Pipeline : 1
  Pipeline-0 : II = 1, D = 2, States = { 2 3 }
* Dataflow Pipeline: 0

* FSM state transitions: 
1 --> 2 
2 --> 4 3 
3 --> 2 
4 --> 

* FSM state operations: 

State 1 <SV = 0> <Delay = 4.33>
ST_1 : Operation 5 [1/1] (0.00ns)   --->   "%specinterface_ln0 = specinterface void @_ssdm_op_SpecInterface, i32 %weights_in, void @empty_10, i32 0, i32 0, void @empty, i32 0, i32 0, void @empty, void @empty, void @empty, i32 0, i32 0, i32 0, i32 0, void @empty, void @empty"   --->   Operation 5 'specinterface' 'specinterface_ln0' <Predicate = true> <Delay = 0.00>
ST_1 : Operation 6 [1/1] (0.00ns)   --->   "%specinterface_ln0 = specinterface void @_ssdm_op_SpecInterface, i32 %weights_out_V, void @ap_fifo_str, i32 0, i32 0, void @p_str, i32 0, i32 0, void @p_str, void @p_str, void @p_str, i32 2, i32 2, i32 16, i32 16, void @p_str, void @p_str"   --->   Operation 6 'specinterface' 'specinterface_ln0' <Predicate = true> <Delay = 0.00>
ST_1 : Operation 7 [1/1] (0.00ns)   --->   "%specinterface_ln0 = specinterface void @_ssdm_op_SpecInterface, i5 %d_out, void @ap_fifo_str, i32 0, i32 0, void @p_str, i32 0, i32 0, void @p_str, void @p_str, void @p_str, i32 2, i32 2, i32 16, i32 16, void @p_str, void @ScalarProp_str"   --->   Operation 7 'specinterface' 'specinterface_ln0' <Predicate = true> <Delay = 0.00>
ST_1 : Operation 8 [1/1] (2.16ns)   --->   "%d_out_read = read i5 @_ssdm_op_Read.ap_fifo.i5P0A, i5 %d_out" [test.cpp:15]   --->   Operation 8 'read' 'd_out_read' <Predicate = true> <Delay = 2.16> <CoreInst = "FIFO_SRL">   --->   Core 81 'FIFO_SRL' <Latency = 0> <II = 1> <Delay = 2.16> <Storage> <Opcode : 'read' 'write' 'nbread' 'nbwrite'> <Ports = 0> <Width = 5> <Depth = 2> <FIFO>
ST_1 : Operation 9 [1/1] (0.00ns)   --->   "%specinterface_ln0 = specinterface void @_ssdm_op_SpecInterface, i5 %d_out_out, void @ap_fifo_str, i32 0, i32 0, void @p_str, i32 0, i32 0, void @p_str, void @p_str, void @p_str, i32 2, i32 2, i32 16, i32 16, void @p_str, void @ScalarProp_str"   --->   Operation 9 'specinterface' 'specinterface_ln0' <Predicate = true> <Delay = 0.00>
ST_1 : Operation 10 [1/1] (2.16ns)   --->   "%write_ln38 = write void @_ssdm_op_Write.ap_fifo.i5P0A, i5 %d_out_out, i5 %d_out_read" [test.cpp:38]   --->   Operation 10 'write' 'write_ln38' <Predicate = true> <Delay = 2.16> <CoreInst = "FIFO_SRL">   --->   Core 81 'FIFO_SRL' <Latency = 0> <II = 1> <Delay = 2.16> <Storage> <Opcode : 'read' 'write' 'nbread' 'nbwrite'> <Ports = 0> <Width = 5> <Depth = 2> <FIFO>
ST_1 : Operation 11 [1/1] (0.00ns)   --->   "%specinterface_ln0 = specinterface void @_ssdm_op_SpecInterface, i32 %weights_out_V, void @ap_fifo_str, i32 0, i32 0, void @p_str, i32 0, i32 0, void @p_str, void @p_str, void @p_str, i32 2, i32 2, i32 16, i32 16, void @p_str, void @p_str"   --->   Operation 11 'specinterface' 'specinterface_ln0' <Predicate = true> <Delay = 0.00>
ST_1 : Operation 12 [1/1] (0.00ns)   --->   "%specinterface_ln0 = specinterface void @_ssdm_op_SpecInterface, i32 %weights_in, void @empty_10, i32 0, i32 0, void @empty, i32 0, i32 0, void @empty, void @empty, void @empty, i32 0, i32 0, i32 0, i32 0, void @empty, void @empty"   --->   Operation 12 'specinterface' 'specinterface_ln0' <Predicate = true> <Delay = 0.00>
ST_1 : Operation 13 [1/1] (0.00ns)   --->   "%zext_ln17 = zext i5 %d_out_read" [test.cpp:17->test.cpp:38]   --->   Operation 13 'zext' 'zext_ln17' <Predicate = true> <Delay = 0.00>
ST_1 : Operation 14 [1/1] (0.00ns)   --->   "%data_out_local_0_addr = getelementptr i32 %data_out_local_0, i64 0, i64 %zext_ln17" [test.cpp:17->test.cpp:38]   --->   Operation 14 'getelementptr' 'data_out_local_0_addr' <Predicate = true> <Delay = 0.00>
ST_1 : Operation 15 [1/1] (0.48ns)   --->   "%br_ln18 = br void" [test.cpp:18->test.cpp:38]   --->   Operation 15 'br' 'br_ln18' <Predicate = true> <Delay = 0.48>

State 2 <SV = 1> <Delay = 0.88>
ST_2 : Operation 16 [1/1] (0.00ns)   --->   "%i = phi i4 0, void %entry, i4 %add_ln18, void %.split.i" [test.cpp:18->test.cpp:38]   --->   Operation 16 'phi' 'i' <Predicate = true> <Delay = 0.00>
ST_2 : Operation 17 [1/1] (0.00ns)   --->   "%add2_i = phi i32 0, void %entry, i32 %add_ln21, void %.split.i" [test.cpp:21->test.cpp:38]   --->   Operation 17 'phi' 'add2_i' <Predicate = true> <Delay = 0.00>
ST_2 : Operation 18 [1/1] (0.86ns)   --->   "%add_ln18 = add i4 %i, i4 1" [test.cpp:18->test.cpp:38]   --->   Operation 18 'add' 'add_ln18' <Predicate = true> <Delay = 0.86> <CoreInst = "Adder">   --->   Core 1 'Adder' <Latency = 0> <II = 1> <Delay = 1.20> <FuncUnit> <Opcode : 'add' 'sub'> <InPorts = 2> <OutPorts = 1>
ST_2 : Operation 19 [1/1] (0.88ns)   --->   "%icmp_ln18 = icmp_eq  i4 %i, i4 10" [test.cpp:18->test.cpp:38]   --->   Operation 19 'icmp' 'icmp_ln18' <Predicate = true> <Delay = 0.88> <CoreInst = "Cmp">   --->   Core 9 'Cmp' <Latency = 0> <II = 1> <Delay = 0.88> <FuncUnit> <Opcode : 'icmp'> <InPorts = 2> <OutPorts = 1>
ST_2 : Operation 20 [1/1] (0.00ns)   --->   "%empty = speclooptripcount i32 @_ssdm_op_SpecLoopTripCount, i64 10, i64 10, i64 10"   --->   Operation 20 'speclooptripcount' 'empty' <Predicate = true> <Delay = 0.00>
ST_2 : Operation 21 [1/1] (0.00ns)   --->   "%br_ln18 = br i1 %icmp_ln18, void %.split.i, void %.exit" [test.cpp:18->test.cpp:38]   --->   Operation 21 'br' 'br_ln18' <Predicate = true> <Delay = 0.00>
ST_2 : Operation 22 [1/1] (0.00ns)   --->   "%zext_ln18 = zext i4 %i" [test.cpp:18->test.cpp:38]   --->   Operation 22 'zext' 'zext_ln18' <Predicate = (!icmp_ln18)> <Delay = 0.00>
ST_2 : Operation 23 [1/1] (0.00ns)   --->   "%data_in_0_addr = getelementptr i32 %data_in_0, i64 0, i64 %zext_ln18" [test.cpp:21->test.cpp:38]   --->   Operation 23 'getelementptr' 'data_in_0_addr' <Predicate = (!icmp_ln18)> <Delay = 0.00>
ST_2 : Operation 24 [2/2] (0.79ns)   --->   "%data_in_0_load = load i4 %data_in_0_addr" [test.cpp:21->test.cpp:38]   --->   Operation 24 'load' 'data_in_0_load' <Predicate = (!icmp_ln18)> <Delay = 0.79> <CoreInst = "RAM">   --->   Core 83 'RAM' <Latency = 1> <II = 1> <Delay = 0.79> <Storage> <Opcode : 'load' 'store'> <Ports = 2> <Width = 32> <Depth = 10> <RAM>

State 3 <SV = 2> <Delay = 7.25>
ST_3 : Operation 25 [1/1] (0.00ns)   --->   "%specpipeline_ln0 = specpipeline void @_ssdm_op_SpecPipeline, i32 4294967295, i32 0, i32 0, i32 0, void @empty" [/tools/reconfig/xilinx/Vitis_HLS/2020.2/common/technology/autopilot/hls_stream_39.h:0]   --->   Operation 25 'specpipeline' 'specpipeline_ln0' <Predicate = (!icmp_ln18)> <Delay = 0.00>
ST_3 : Operation 26 [1/1] (0.00ns)   --->   "%specloopname_ln0 = specloopname void @_ssdm_op_SpecLoopName, void @empty_4" [/tools/reconfig/xilinx/Vitis_HLS/2020.2/common/technology/autopilot/hls_stream_39.h:0]   --->   Operation 26 'specloopname' 'specloopname_ln0' <Predicate = (!icmp_ln18)> <Delay = 0.00>
ST_3 : Operation 27 [1/1] (2.16ns)   --->   "%tmp = read i32 @_ssdm_op_Read.ap_fifo.volatile.i32P0A, i32 %weights_in" [/tools/reconfig/xilinx/Vitis_HLS/2020.2/common/technology/autopilot/hls_stream_39.h:145]   --->   Operation 27 'read' 'tmp' <Predicate = (!icmp_ln18)> <Delay = 2.16> <CoreInst = "FIFO_SRL">   --->   Core 81 'FIFO_SRL' <Latency = 0> <II = 1> <Delay = 2.16> <Storage> <Opcode : 'read' 'write' 'nbread' 'nbwrite'> <Ports = 0> <Width = 32> <Depth = 2> <FIFO>
ST_3 : Operation 28 [1/2] (0.79ns)   --->   "%data_in_0_load = load i4 %data_in_0_addr" [test.cpp:21->test.cpp:38]   --->   Operation 28 'load' 'data_in_0_load' <Predicate = (!icmp_ln18)> <Delay = 0.79> <CoreInst = "RAM">   --->   Core 83 'RAM' <Latency = 1> <II = 1> <Delay = 0.79> <Storage> <Opcode : 'load' 'store'> <Ports = 2> <Width = 32> <Depth = 10> <RAM>
ST_3 : Operation 29 [1/1] (3.88ns)   --->   "%mul_ln21 = mul i32 %data_in_0_load, i32 %tmp" [test.cpp:21->test.cpp:38]   --->   Operation 29 'mul' 'mul_ln21' <Predicate = (!icmp_ln18)> <Delay = 3.88> <CoreInst = "Multiplier">   --->   Core 3 'Multiplier' <Latency = 0> <II = 1> <Delay = 3.88> <FuncUnit> <Opcode : 'mul'> <InPorts = 2> <OutPorts = 1>
ST_3 : Operation 30 [1/1] (1.20ns)   --->   "%add_ln21 = add i32 %mul_ln21, i32 %add2_i" [test.cpp:21->test.cpp:38]   --->   Operation 30 'add' 'add_ln21' <Predicate = (!icmp_ln18)> <Delay = 1.20> <CoreInst = "Adder">   --->   Core 1 'Adder' <Latency = 0> <II = 1> <Delay = 1.20> <FuncUnit> <Opcode : 'add' 'sub'> <InPorts = 2> <OutPorts = 1>
ST_3 : Operation 31 [1/1] (2.16ns)   --->   "%write_ln174 = write void @_ssdm_op_Write.ap_fifo.volatile.i32P0A, i32 %weights_out_V, i32 %tmp" [/tools/reconfig/xilinx/Vitis_HLS/2020.2/common/technology/autopilot/hls_stream_39.h:174]   --->   Operation 31 'write' 'write_ln174' <Predicate = (!icmp_ln18)> <Delay = 2.16> <CoreInst = "FIFO_SRL">   --->   Core 81 'FIFO_SRL' <Latency = 0> <II = 1> <Delay = 2.16> <Storage> <Opcode : 'read' 'write' 'nbread' 'nbwrite'> <Ports = 0> <Width = 32> <Depth = 2> <FIFO>
ST_3 : Operation 32 [1/1] (0.00ns)   --->   "%br_ln0 = br void"   --->   Operation 32 'br' 'br_ln0' <Predicate = (!icmp_ln18)> <Delay = 0.00>

State 4 <SV = 2> <Delay = 0.79>
ST_4 : Operation 33 [1/1] (0.79ns)   --->   "%store_ln21 = store i32 %add2_i, i5 %data_out_local_0_addr" [test.cpp:21->test.cpp:38]   --->   Operation 33 'store' 'store_ln21' <Predicate = true> <Delay = 0.79> <CoreInst = "RAM">   --->   Core 83 'RAM' <Latency = 1> <II = 1> <Delay = 0.79> <Storage> <Opcode : 'load' 'store'> <Ports = 2> <Width = 32> <Depth = 20> <RAM>
ST_4 : Operation 34 [1/1] (0.00ns)   --->   "%ret_ln38 = ret" [test.cpp:38]   --->   Operation 34 'ret' 'ret_ln38' <Predicate = true> <Delay = 0.00>


============================================================
+ Verbose Summary: Binding
============================================================
STG Binding: 
---------------- STG Properties BEGIN ----------------
- Is combinational: 0
- Is one-state seq: 0
- Is datapath-only: 0
- Is pipelined: 0
- Is top level: 0
Port [ Return ] is wired: 1; IO mode=ap_ctrl_hs:ce=0
Port [ weights_in]:  wired=1; compound=1; hidden=0; nouse=0; global=0; static=0; extern=0; dir=0; type=3; pingpong=0; private_global=0; IO mode=ap_fifo:ce=0
Port [ weights_out_V]:  wired=1; compound=1; hidden=0; nouse=0; global=0; static=0; extern=0; dir=1; type=3; pingpong=0; private_global=0; IO mode=ap_fifo:ce=0
Port [ data_in_0]:  wired=1; compound=1; hidden=0; nouse=0; global=0; static=0; extern=0; dir=0; type=1; pingpong=0; private_global=0; MemPort=[13]; IO mode=ap_memory:ce=0
Port [ data_out_local_0]:  wired=1; compound=1; hidden=0; nouse=0; global=0; static=0; extern=0; dir=1; type=1; pingpong=0; private_global=0; MemPort=[03]; IO mode=ap_memory:ce=0
Port [ d_out]:  wired=1; compound=1; hidden=0; nouse=0; global=0; static=0; extern=0; dir=0; type=3; pingpong=0; private_global=0; IO mode=ap_fifo:ce=0
Port [ d_out_out]:  wired=1; compound=1; hidden=0; nouse=0; global=0; static=0; extern=0; dir=1; type=3; pingpong=0; private_global=0; IO mode=ap_fifo:ce=0
---------------- STG Properties END ------------------

---------------- Datapath Model BEGIN ----------------

<LifeTime>
<method=bitvector/>
specinterface_ln0     (specinterface    ) [ 00000]
specinterface_ln0     (specinterface    ) [ 00000]
specinterface_ln0     (specinterface    ) [ 00000]
d_out_read            (read             ) [ 00000]
specinterface_ln0     (specinterface    ) [ 00000]
write_ln38            (write            ) [ 00000]
specinterface_ln0     (specinterface    ) [ 00000]
specinterface_ln0     (specinterface    ) [ 00000]
zext_ln17             (zext             ) [ 00000]
data_out_local_0_addr (getelementptr    ) [ 00111]
br_ln18               (br               ) [ 01110]
i                     (phi              ) [ 00100]
add2_i                (phi              ) [ 00111]
add_ln18              (add              ) [ 01110]
icmp_ln18             (icmp             ) [ 00110]
empty                 (speclooptripcount) [ 00000]
br_ln18               (br               ) [ 00000]
zext_ln18             (zext             ) [ 00000]
data_in_0_addr        (getelementptr    ) [ 00110]
specpipeline_ln0      (specpipeline     ) [ 00000]
specloopname_ln0      (specloopname     ) [ 00000]
tmp                   (read             ) [ 00000]
data_in_0_load        (load             ) [ 00000]
mul_ln21              (mul              ) [ 00000]
add_ln21              (add              ) [ 01110]
write_ln174           (write            ) [ 00000]
br_ln0                (br               ) [ 01110]
store_ln21            (store            ) [ 00000]
ret_ln38              (ret              ) [ 00000]
</LifeTime>

<model>

<comp_list>
<comp id="0" class="1000" name="weights_in">
<pin_list>
<pin id="1" dir="1" index="0" bw="1" slack="0"/>
</pin_list>
<bind>
<StgValue><ssdm name="weights_in"/></StgValue>
</bind>
</comp>

<comp id="2" class="1000" name="weights_out_V">
<pin_list>
<pin id="3" dir="1" index="0" bw="1" slack="0"/>
</pin_list>
<bind>
<StgValue><ssdm name="weights_out_V"/></StgValue>
</bind>
</comp>

<comp id="4" class="1000" name="data_in_0">
<pin_list>
<pin id="5" dir="1" index="0" bw="1" slack="0"/>
</pin_list>
<bind>
<StgValue><ssdm name="data_in_0"/><MemPortTyVec>1 3 </MemPortTyVec>
</StgValue>
</bind>
</comp>

<comp id="6" class="1000" name="data_out_local_0">
<pin_list>
<pin id="7" dir="1" index="0" bw="1" slack="0"/>
</pin_list>
<bind>
<StgValue><ssdm name="data_out_local_0"/><MemPortTyVec>0 3 </MemPortTyVec>
</StgValue>
</bind>
</comp>

<comp id="8" class="1000" name="d_out">
<pin_list>
<pin id="9" dir="1" index="0" bw="1" slack="0"/>
</pin_list>
<bind>
<StgValue><ssdm name="d_out"/></StgValue>
</bind>
</comp>

<comp id="10" class="1000" name="d_out_out">
<pin_list>
<pin id="11" dir="1" index="0" bw="1" slack="0"/>
</pin_list>
<bind>
<StgValue><ssdm name="d_out_out"/></StgValue>
</bind>
</comp>

<comp id="12" class="1001" name="const_12">
<pin_list>
<pin id="13" dir="1" index="0" bw="1" slack="2147483647"/>
</pin_list>
<bind>
<StgValue><ssdm name="_ssdm_op_SpecInterface"/></StgValue>
</bind>
</comp>

<comp id="14" class="1001" name="const_14">
<pin_list>
<pin id="15" dir="1" index="0" bw="1" slack="2147483647"/>
</pin_list>
<bind>
<StgValue><ssdm name="empty_10"/></StgValue>
</bind>
</comp>

<comp id="16" class="1001" name="const_16">
<pin_list>
<pin id="17" dir="1" index="0" bw="1" slack="1"/>
</pin_list>
<bind>
<StgValue><ssdm name=""/></StgValue>
</bind>
</comp>

<comp id="18" class="1001" name="const_18">
<pin_list>
<pin id="19" dir="1" index="0" bw="1" slack="2147483647"/>
</pin_list>
<bind>
<StgValue><ssdm name="empty"/></StgValue>
</bind>
</comp>

<comp id="20" class="1001" name="const_20">
<pin_list>
<pin id="21" dir="1" index="0" bw="1" slack="2147483647"/>
</pin_list>
<bind>
<StgValue><ssdm name="ap_fifo_str"/></StgValue>
</bind>
</comp>

<comp id="22" class="1001" name="const_22">
<pin_list>
<pin id="23" dir="1" index="0" bw="1" slack="2147483647"/>
</pin_list>
<bind>
<StgValue><ssdm name="p_str"/></StgValue>
</bind>
</comp>

<comp id="24" class="1001" name="const_24">
<pin_list>
<pin id="25" dir="1" index="0" bw="1" slack="2147483647"/>
</pin_list>
<bind>
<StgValue><ssdm name=""/></StgValue>
</bind>
</comp>

<comp id="26" class="1001" name="const_26">
<pin_list>
<pin id="27" dir="1" index="0" bw="1" slack="2147483647"/>
</pin_list>
<bind>
<StgValue><ssdm name=""/></StgValue>
</bind>
</comp>

<comp id="28" class="1001" name="const_28">
<pin_list>
<pin id="29" dir="1" index="0" bw="1" slack="2147483647"/>
</pin_list>
<bind>
<StgValue><ssdm name="ScalarProp_str"/></StgValue>
</bind>
</comp>

<comp id="30" class="1001" name="const_30">
<pin_list>
<pin id="31" dir="1" index="0" bw="1" slack="0"/>
</pin_list>
<bind>
<StgValue><ssdm name="_ssdm_op_Read.ap_fifo.i5P0A"/></StgValue>
</bind>
</comp>

<comp id="32" class="1001" name="const_32">
<pin_list>
<pin id="33" dir="1" index="0" bw="1" slack="0"/>
</pin_list>
<bind>
<StgValue><ssdm name="_ssdm_op_Write.ap_fifo.i5P0A"/></StgValue>
</bind>
</comp>

<comp id="34" class="1001" name="const_34">
<pin_list>
<pin id="35" dir="1" index="0" bw="1" slack="0"/>
</pin_list>
<bind>
<StgValue><ssdm name=""/></StgValue>
</bind>
</comp>

<comp id="36" class="1001" name="const_36">
<pin_list>
<pin id="37" dir="1" index="0" bw="1" slack="1"/>
</pin_list>
<bind>
<StgValue><ssdm name=""/></StgValue>
</bind>
</comp>

<comp id="38" class="1001" name="const_38">
<pin_list>
<pin id="39" dir="1" index="0" bw="1" slack="0"/>
</pin_list>
<bind>
<StgValue><ssdm name=""/></StgValue>
</bind>
</comp>

<comp id="40" class="1001" name="const_40">
<pin_list>
<pin id="41" dir="1" index="0" bw="1" slack="0"/>
</pin_list>
<bind>
<StgValue><ssdm name=""/></StgValue>
</bind>
</comp>

<comp id="42" class="1001" name="const_42">
<pin_list>
<pin id="43" dir="1" index="0" bw="1" slack="2147483647"/>
</pin_list>
<bind>
<StgValue><ssdm name="_ssdm_op_SpecLoopTripCount"/></StgValue>
</bind>
</comp>

<comp id="44" class="1001" name="const_44">
<pin_list>
<pin id="45" dir="1" index="0" bw="1" slack="2147483647"/>
</pin_list>
<bind>
<StgValue><ssdm name=""/></StgValue>
</bind>
</comp>

<comp id="46" class="1001" name="const_46">
<pin_list>
<pin id="47" dir="1" index="0" bw="1" slack="2147483647"/>
</pin_list>
<bind>
<StgValue><ssdm name="_ssdm_op_SpecPipeline"/></StgValue>
</bind>
</comp>

<comp id="48" class="1001" name="const_48">
<pin_list>
<pin id="49" dir="1" index="0" bw="1" slack="2147483647"/>
</pin_list>
<bind>
<StgValue><ssdm name=""/></StgValue>
</bind>
</comp>

<comp id="50" class="1001" name="const_50">
<pin_list>
<pin id="51" dir="1" index="0" bw="1" slack="2147483647"/>
</pin_list>
<bind>
<StgValue><ssdm name="_ssdm_op_SpecLoopName"/></StgValue>
</bind>
</comp>

<comp id="52" class="1001" name="const_52">
<pin_list>
<pin id="53" dir="1" index="0" bw="1" slack="2147483647"/>
</pin_list>
<bind>
<StgValue><ssdm name="empty_4"/></StgValue>
</bind>
</comp>

<comp id="54" class="1001" name="const_54">
<pin_list>
<pin id="55" dir="1" index="0" bw="1" slack="0"/>
</pin_list>
<bind>
<StgValue><ssdm name="_ssdm_op_Read.ap_fifo.volatile.i32P0A"/></StgValue>
</bind>
</comp>

<comp id="56" class="1001" name="const_56">
<pin_list>
<pin id="57" dir="1" index="0" bw="1" slack="0"/>
</pin_list>
<bind>
<StgValue><ssdm name="_ssdm_op_Write.ap_fifo.volatile.i32P0A"/></StgValue>
</bind>
</comp>

<comp id="58" class="1004" name="d_out_read_read_fu_58">
<pin_list>
<pin id="59" dir="0" index="0" bw="5" slack="0"/>
<pin id="60" dir="0" index="1" bw="5" slack="0"/>
<pin id="61" dir="1" index="2" bw="5" slack="0"/>
</pin_list>
<bind>
<opcode="read(1150) " fcode="read"/>
<opset="d_out_read/1 "/>
</bind>
</comp>

<comp id="64" class="1004" name="write_ln38_write_fu_64">
<pin_list>
<pin id="65" dir="0" index="0" bw="0" slack="0"/>
<pin id="66" dir="0" index="1" bw="5" slack="0"/>
<pin id="67" dir="0" index="2" bw="5" slack="0"/>
<pin id="68" dir="1" index="3" bw="0" slack="2147483647"/>
</pin_list>
<bind>
<opcode="write(1151) " fcode="write"/>
<opset="write_ln38/1 "/>
</bind>
</comp>

<comp id="72" class="1004" name="tmp_read_fu_72">
<pin_list>
<pin id="73" dir="0" index="0" bw="32" slack="0"/>
<pin id="74" dir="0" index="1" bw="32" slack="0"/>
<pin id="75" dir="1" index="2" bw="32" slack="0"/>
</pin_list>
<bind>
<opcode="read(1150) " fcode="read"/>
<opset="tmp/3 "/>
</bind>
</comp>

<comp id="78" class="1004" name="write_ln174_write_fu_78">
<pin_list>
<pin id="79" dir="0" index="0" bw="0" slack="0"/>
<pin id="80" dir="0" index="1" bw="32" slack="0"/>
<pin id="81" dir="0" index="2" bw="32" slack="0"/>
<pin id="82" dir="1" index="3" bw="0" slack="2147483647"/>
</pin_list>
<bind>
<opcode="write(1151) " fcode="write"/>
<opset="write_ln174/3 "/>
</bind>
</comp>

<comp id="86" class="1004" name="data_out_local_0_addr_gep_fu_86">
<pin_list>
<pin id="87" dir="0" index="0" bw="32" slack="0"/>
<pin id="88" dir="0" index="1" bw="1" slack="0"/>
<pin id="89" dir="0" index="2" bw="5" slack="0"/>
<pin id="90" dir="1" index="3" bw="5" slack="2"/>
</pin_list>
<bind>
<opcode="getelementptr(29) " fcode="getelementptr"/>
<opset="data_out_local_0_addr/1 "/>
</bind>
</comp>

<comp id="93" class="1004" name="data_in_0_addr_gep_fu_93">
<pin_list>
<pin id="94" dir="0" index="0" bw="32" slack="0"/>
<pin id="95" dir="0" index="1" bw="1" slack="0"/>
<pin id="96" dir="0" index="2" bw="4" slack="0"/>
<pin id="97" dir="1" index="3" bw="4" slack="0"/>
</pin_list>
<bind>
<opcode="getelementptr(29) " fcode="getelementptr"/>
<opset="data_in_0_addr/2 "/>
</bind>
</comp>

<comp id="100" class="1004" name="grp_access_fu_100">
<pin_list>
<pin id="101" dir="0" index="0" bw="4" slack="0"/>
<pin id="102" dir="0" index="1" bw="32" slack="2147483647"/>
<pin id="103" dir="0" index="2" bw="0" slack="2147483647"/>
<pin id="104" dir="1" index="3" bw="32" slack="0"/>
</pin_list>
<bind>
<opcode="load(27) " fcode="load"/>
<opset="data_in_0_load/2 "/>
</bind>
</comp>

<comp id="106" class="1004" name="store_ln21_access_fu_106">
<pin_list>
<pin id="107" dir="0" index="0" bw="5" slack="2"/>
<pin id="108" dir="0" index="1" bw="32" slack="1"/>
<pin id="109" dir="0" index="2" bw="0" slack="2147483647"/>
<pin id="110" dir="1" index="3" bw="32" slack="2147483647"/>
</pin_list>
<bind>
<opcode="store(28) " fcode="store"/>
<opset="store_ln21/4 "/>
</bind>
</comp>

<comp id="111" class="1005" name="i_reg_111">
<pin_list>
<pin id="112" dir="0" index="0" bw="4" slack="1"/>
<pin id="113" dir="1" index="1" bw="4" slack="1"/>
</pin_list>
<bind>
<opset="i (phireg) "/>
</bind>
</comp>

<comp id="115" class="1004" name="i_phi_fu_115">
<pin_list>
<pin id="116" dir="0" index="0" bw="1" slack="1"/>
<pin id="117" dir="0" index="1" bw="0" slack="2147483647"/>
<pin id="118" dir="0" index="2" bw="4" slack="0"/>
<pin id="119" dir="0" index="3" bw="0" slack="2147483647"/>
<pin id="120" dir="1" index="4" bw="4" slack="0"/>
</pin_list>
<bind>
<opcode="phi(47) " fcode="phi"/>
<opset="i/2 "/>
</bind>
</comp>

<comp id="122" class="1005" name="add2_i_reg_122">
<pin_list>
<pin id="123" dir="0" index="0" bw="32" slack="1"/>
<pin id="124" dir="1" index="1" bw="32" slack="1"/>
</pin_list>
<bind>
<opset="add2_i (phireg) "/>
</bind>
</comp>

<comp id="127" class="1004" name="add2_i_phi_fu_127">
<pin_list>
<pin id="128" dir="0" index="0" bw="1" slack="1"/>
<pin id="129" dir="0" index="1" bw="0" slack="2147483647"/>
<pin id="130" dir="0" index="2" bw="32" slack="1"/>
<pin id="131" dir="0" index="3" bw="0" slack="2147483647"/>
<pin id="132" dir="1" index="4" bw="32" slack="1"/>
</pin_list>
<bind>
<opcode="phi(47) " fcode="phi"/>
<opset="add2_i/2 "/>
</bind>
</comp>

<comp id="135" class="1004" name="zext_ln17_fu_135">
<pin_list>
<pin id="136" dir="0" index="0" bw="5" slack="0"/>
<pin id="137" dir="1" index="1" bw="64" slack="0"/>
</pin_list>
<bind>
<opcode="zext(34) " fcode="zext"/>
<opset="zext_ln17/1 "/>
</bind>
</comp>

<comp id="140" class="1004" name="add_ln18_fu_140">
<pin_list>
<pin id="141" dir="0" index="0" bw="4" slack="0"/>
<pin id="142" dir="0" index="1" bw="1" slack="0"/>
<pin id="143" dir="1" index="2" bw="4" slack="0"/>
</pin_list>
<bind>
<opcode="add(8) " fcode="add"/>
<opset="add_ln18/2 "/>
</bind>
</comp>

<comp id="146" class="1004" name="icmp_ln18_fu_146">
<pin_list>
<pin id="147" dir="0" index="0" bw="4" slack="0"/>
<pin id="148" dir="0" index="1" bw="4" slack="0"/>
<pin id="149" dir="1" index="2" bw="1" slack="1"/>
</pin_list>
<bind>
<opcode="icmp(45) " fcode="icmp"/>
<opset="icmp_ln18/2 "/>
</bind>
</comp>

<comp id="152" class="1004" name="zext_ln18_fu_152">
<pin_list>
<pin id="153" dir="0" index="0" bw="4" slack="0"/>
<pin id="154" dir="1" index="1" bw="64" slack="0"/>
</pin_list>
<bind>
<opcode="zext(34) " fcode="zext"/>
<opset="zext_ln18/2 "/>
</bind>
</comp>

<comp id="157" class="1004" name="mul_ln21_fu_157">
<pin_list>
<pin id="158" dir="0" index="0" bw="32" slack="0"/>
<pin id="159" dir="0" index="1" bw="32" slack="0"/>
<pin id="160" dir="1" index="2" bw="32" slack="0"/>
</pin_list>
<bind>
<opcode="mul(12) " fcode="mul"/>
<opset="mul_ln21/3 "/>
</bind>
</comp>

<comp id="163" class="1004" name="add_ln21_fu_163">
<pin_list>
<pin id="164" dir="0" index="0" bw="32" slack="0"/>
<pin id="165" dir="0" index="1" bw="32" slack="1"/>
<pin id="166" dir="1" index="2" bw="32" slack="1"/>
</pin_list>
<bind>
<opcode="add(8) " fcode="add"/>
<opset="add_ln21/3 "/>
</bind>
</comp>

<comp id="169" class="1005" name="data_out_local_0_addr_reg_169">
<pin_list>
<pin id="170" dir="0" index="0" bw="5" slack="2"/>
<pin id="171" dir="1" index="1" bw="5" slack="2"/>
</pin_list>
<bind>
<opset="data_out_local_0_addr "/>
</bind>
</comp>

<comp id="174" class="1005" name="add_ln18_reg_174">
<pin_list>
<pin id="175" dir="0" index="0" bw="4" slack="0"/>
<pin id="176" dir="1" index="1" bw="4" slack="0"/>
</pin_list>
<bind>
<opset="add_ln18 "/>
</bind>
</comp>

<comp id="179" class="1005" name="icmp_ln18_reg_179">
<pin_list>
<pin id="180" dir="0" index="0" bw="1" slack="1"/>
<pin id="181" dir="1" index="1" bw="1" slack="2147483647"/>
</pin_list>
<bind>
<opset="icmp_ln18 "/>
</bind>
</comp>

<comp id="183" class="1005" name="data_in_0_addr_reg_183">
<pin_list>
<pin id="184" dir="0" index="0" bw="4" slack="1"/>
<pin id="185" dir="1" index="1" bw="4" slack="1"/>
</pin_list>
<bind>
<opset="data_in_0_addr "/>
</bind>
</comp>

<comp id="188" class="1005" name="add_ln21_reg_188">
<pin_list>
<pin id="189" dir="0" index="0" bw="32" slack="1"/>
<pin id="190" dir="1" index="1" bw="32" slack="1"/>
</pin_list>
<bind>
<opset="add_ln21 "/>
</bind>
</comp>

</comp_list>

<net_list>
<net id="62"><net_src comp="30" pin="0"/><net_sink comp="58" pin=0"/></net>

<net id="63"><net_src comp="8" pin="0"/><net_sink comp="58" pin=1"/></net>

<net id="69"><net_src comp="32" pin="0"/><net_sink comp="64" pin=0"/></net>

<net id="70"><net_src comp="10" pin="0"/><net_sink comp="64" pin=1"/></net>

<net id="71"><net_src comp="58" pin="2"/><net_sink comp="64" pin=2"/></net>

<net id="76"><net_src comp="54" pin="0"/><net_sink comp="72" pin=0"/></net>

<net id="77"><net_src comp="0" pin="0"/><net_sink comp="72" pin=1"/></net>

<net id="83"><net_src comp="56" pin="0"/><net_sink comp="78" pin=0"/></net>

<net id="84"><net_src comp="2" pin="0"/><net_sink comp="78" pin=1"/></net>

<net id="85"><net_src comp="72" pin="2"/><net_sink comp="78" pin=2"/></net>

<net id="91"><net_src comp="6" pin="0"/><net_sink comp="86" pin=0"/></net>

<net id="92"><net_src comp="34" pin="0"/><net_sink comp="86" pin=1"/></net>

<net id="98"><net_src comp="4" pin="0"/><net_sink comp="93" pin=0"/></net>

<net id="99"><net_src comp="34" pin="0"/><net_sink comp="93" pin=1"/></net>

<net id="105"><net_src comp="93" pin="3"/><net_sink comp="100" pin=0"/></net>

<net id="114"><net_src comp="36" pin="0"/><net_sink comp="111" pin=0"/></net>

<net id="121"><net_src comp="111" pin="1"/><net_sink comp="115" pin=0"/></net>

<net id="125"><net_src comp="16" pin="0"/><net_sink comp="122" pin=0"/></net>

<net id="126"><net_src comp="122" pin="1"/><net_sink comp="106" pin=1"/></net>

<net id="133"><net_src comp="122" pin="1"/><net_sink comp="127" pin=0"/></net>

<net id="134"><net_src comp="127" pin="4"/><net_sink comp="122" pin=0"/></net>

<net id="138"><net_src comp="58" pin="2"/><net_sink comp="135" pin=0"/></net>

<net id="139"><net_src comp="135" pin="1"/><net_sink comp="86" pin=2"/></net>

<net id="144"><net_src comp="115" pin="4"/><net_sink comp="140" pin=0"/></net>

<net id="145"><net_src comp="38" pin="0"/><net_sink comp="140" pin=1"/></net>

<net id="150"><net_src comp="115" pin="4"/><net_sink comp="146" pin=0"/></net>

<net id="151"><net_src comp="40" pin="0"/><net_sink comp="146" pin=1"/></net>

<net id="155"><net_src comp="115" pin="4"/><net_sink comp="152" pin=0"/></net>

<net id="156"><net_src comp="152" pin="1"/><net_sink comp="93" pin=2"/></net>

<net id="161"><net_src comp="100" pin="3"/><net_sink comp="157" pin=0"/></net>

<net id="162"><net_src comp="72" pin="2"/><net_sink comp="157" pin=1"/></net>

<net id="167"><net_src comp="157" pin="2"/><net_sink comp="163" pin=0"/></net>

<net id="168"><net_src comp="122" pin="1"/><net_sink comp="163" pin=1"/></net>

<net id="172"><net_src comp="86" pin="3"/><net_sink comp="169" pin=0"/></net>

<net id="173"><net_src comp="169" pin="1"/><net_sink comp="106" pin=0"/></net>

<net id="177"><net_src comp="140" pin="2"/><net_sink comp="174" pin=0"/></net>

<net id="178"><net_src comp="174" pin="1"/><net_sink comp="115" pin=2"/></net>

<net id="182"><net_src comp="146" pin="2"/><net_sink comp="179" pin=0"/></net>

<net id="186"><net_src comp="93" pin="3"/><net_sink comp="183" pin=0"/></net>

<net id="187"><net_src comp="183" pin="1"/><net_sink comp="100" pin=0"/></net>

<net id="191"><net_src comp="163" pin="2"/><net_sink comp="188" pin=0"/></net>

<net id="192"><net_src comp="188" pin="1"/><net_sink comp="127" pin=2"/></net>

</net_list>

</model> 
---------------- Datapath Model END ------------------

* FSMD analyzer results:
  - Output states:
	Port: weights_out_V | {3 }
	Port: data_in_0 | {}
	Port: data_out_local_0 | {4 }
	Port: d_out_out | {1 }
 - Input state : 
	Port: PE.110 : weights_in | {3 }
	Port: PE.110 : data_in_0 | {2 3 }
	Port: PE.110 : data_out_local_0 | {}
	Port: PE.110 : d_out | {1 }
  - Chain level:
	State 1
		data_out_local_0_addr : 1
	State 2
		add_ln18 : 1
		icmp_ln18 : 1
		br_ln18 : 2
		zext_ln18 : 1
		data_in_0_addr : 2
		data_in_0_load : 3
	State 3
		mul_ln21 : 1
		add_ln21 : 2
	State 4


============================================================
+ Verbose Summary: Datapath Resource usage 
============================================================

* Functional unit list:
|----------|-------------------------|---------|---------|---------|
| Operation|     Functional Unit     |   DSP   |    FF   |   LUT   |
|----------|-------------------------|---------|---------|---------|
|    add   |     add_ln18_fu_140     |    0    |    0    |    12   |
|          |     add_ln21_fu_163     |    0    |    0    |    39   |
|----------|-------------------------|---------|---------|---------|
|    mul   |     mul_ln21_fu_157     |    0    |    0    |    20   |
|----------|-------------------------|---------|---------|---------|
|   icmp   |     icmp_ln18_fu_146    |    0    |    0    |    9    |
|----------|-------------------------|---------|---------|---------|
|   read   |  d_out_read_read_fu_58  |    0    |    0    |    0    |
|          |      tmp_read_fu_72     |    0    |    0    |    0    |
|----------|-------------------------|---------|---------|---------|
|   write  |  write_ln38_write_fu_64 |    0    |    0    |    0    |
|          | write_ln174_write_fu_78 |    0    |    0    |    0    |
|----------|-------------------------|---------|---------|---------|
|   zext   |     zext_ln17_fu_135    |    0    |    0    |    0    |
|          |     zext_ln18_fu_152    |    0    |    0    |    0    |
|----------|-------------------------|---------|---------|---------|
|   Total  |                         |    0    |    0    |    80   |
|----------|-------------------------|---------|---------|---------|

Memories:
N/A

* Register list:
+-----------------------------+--------+
|                             |   FF   |
+-----------------------------+--------+
|        add2_i_reg_122       |   32   |
|       add_ln18_reg_174      |    4   |
|       add_ln21_reg_188      |   32   |
|    data_in_0_addr_reg_183   |    4   |
|data_out_local_0_addr_reg_169|    5   |
|          i_reg_111          |    4   |
|      icmp_ln18_reg_179      |    1   |
+-----------------------------+--------+
|            Total            |   82   |
+-----------------------------+--------+

* Multiplexer (MUX) list: 
|-------------------|------|------|------|--------||---------||---------|
|        Comp       |  Pin | Size |  BW  | S x BW ||  Delay  ||   LUT   |
|-------------------|------|------|------|--------||---------||---------|
| grp_access_fu_100 |  p0  |   2  |   4  |    8   ||    9    |
|   add2_i_reg_122  |  p0  |   2  |  32  |   64   ||    9    |
|-------------------|------|------|------|--------||---------||---------|
|       Total       |      |      |      |   72   ||  0.978  ||    18   |
|-------------------|------|------|------|--------||---------||---------|



* Summary:
+-----------+--------+--------+--------+--------+
|           |   DSP  |  Delay |   FF   |   LUT  |
+-----------+--------+--------+--------+--------+
|  Function |    0   |    -   |    0   |   80   |
|   Memory  |    -   |    -   |    -   |    -   |
|Multiplexer|    -   |    0   |    -   |   18   |
|  Register |    -   |    -   |   82   |    -   |
+-----------+--------+--------+--------+--------+
|   Total   |    0   |    0   |   82   |   98   |
+-----------+--------+--------+--------+--------+
