

================================================================
== Synthesis Summary Report of 'GIN_compute_one_graph'
================================================================
+ General Information: 
    * Date:           Wed Apr 14 23:06:23 2021
    * Version:        2020.2 (Build 3064766 on Wed Nov 18 09:12:47 MST 2020)
    * Project:        project_1
    * Solution:       solution1 (Vivado IP Flow Target)
    * Product family: virtexuplus
    * Target device:  xcu280-fsvh2892-2L-e
    

+ Performance & Resource Estimates: 
    
    PS: '+' for module; 'o' for loop; '*' for dataflow
    +----------------------------------------+--------+-------+---------+-----------+----------+---------+-------+----------+-----------+---------+------------+------------+-----------+
    |                 Modules                |  Issue |       | Latency |  Latency  | Iteration|         |  Trip |          |           |         |            |            |           |
    |                 & Loops                |  Type  | Slack | (cycles)|    (ns)   |  Latency | Interval| Count | Pipelined|   BRAM    |   DSP   |     FF     |     LUT    |    URAM   |
    +----------------------------------------+--------+-------+---------+-----------+----------+---------+-------+----------+-----------+---------+------------+------------+-----------+
    |+ GIN_compute_one_graph                 |  Timing|   0.00|   567275|  5.673e+06|         -|   567276|      -|        no|  613 (15%)|  5 (~0%)|  65275 (2%)|  81909 (6%)|  653 (68%)|
    | + grp_compute_CONV_layer_fu_2580       |       -|  -0.29|   100891|  1.009e+06|         -|   100891|      -|        no|  600 (14%)|  5 (~0%)|  62732 (2%)|  76158 (5%)|  629 (65%)|
    |  + grp_MLP_fu_2428                     |       -|  -0.29|    34215|  3.422e+05|         -|    34215|      -|        no|  600 (14%)|  2 (~0%)|  62338 (2%)|  74089 (5%)|  600 (62%)|
    |   o VITIS_LOOP_113_1_VITIS_LOOP_114_2  |       -|  -7.30|     5703|  5.703e+04|         5|        1|   5700|       yes|          -|        -|           -|           -|          -|
    |   o Loop 2                             |       -|  -7.30|    11400|  1.140e+05|         1|        1|  11400|       yes|          -|        -|           -|           -|          -|
    |   o VITIS_LOOP_132_3_VITIS_LOOP_133_4  |       -|  -7.30|    11402|  1.140e+05|         4|        1|  11400|       yes|          -|        -|           -|           -|          -|
    |   o VITIS_LOOP_139_5_VITIS_LOOP_140_6  |       -|  -7.30|     5702|  5.702e+04|         4|        1|   5700|       yes|          -|        -|           -|           -|          -|
    |  + grp_compute_edge_embedding_fu_4837  |       -|  -2.35|    48963|  4.896e+05|         -|    48963|      -|        no|          -|        -|   164 (~0%)|   823 (~0%)|    5 (~0%)|
    |   o Loop 1                             |       -|  -7.30|    12000|  1.200e+05|         1|        1|  12000|       yes|          -|        -|           -|           -|          -|
    |   o VITIS_LOOP_180_1_VITIS_LOOP_181_2  |       -|  -7.30|    36960|  3.696e+05|       308|        -|    120|        no|          -|        -|           -|           -|          -|
    |    o VITIS_LOOP_167_1                  |       -|  -7.30|        2|     20.000|         1|        1|      2|       yes|          -|        -|           -|           -|          -|
    |    o VITIS_LOOP_183_3                  |       -|  -7.30|      300|  3.000e+03|         2|        1|    300|       yes|          -|        -|           -|           -|          -|
    |  + grp_message_passing_fu_4849         |       -|  -1.47|    17708|  1.771e+05|         -|    17708|      -|        no|          -|  3 (~0%)|   213 (~0%)|   471 (~0%)|          -|
    |   o Loop 1                             |       -|  -7.30|     5700|  5.700e+04|         1|        1|   5700|       yes|          -|        -|           -|           -|          -|
    |   o VITIS_LOOP_47_1_VITIS_LOOP_51_2    |       -|  -7.30|    12004|  1.200e+05|         6|        1|  12000|       yes|          -|        -|           -|           -|          -|
    | + grp_global_mean_pooling_fu_4998      |       -|  -0.70|     3008|  3.008e+04|         -|     3008|      -|        no|    1 (~0%)|        -|   377 (~0%)|  1336 (~0%)|          -|
    |  o VITIS_LOOP_300_1                    |      II|  -7.30|     3006|  3.006e+04|        12|       10|    300|       yes|          -|        -|           -|           -|          -|
    | + grp_compute_node_embedding_fu_5006   |       -|  -2.35|    59397|  5.940e+05|         -|    59397|      -|        no|          -|        -|   149 (~0%)|   904 (~0%)|    12 (1%)|
    |  o Loop 1                              |       -|  -7.30|     5700|  5.700e+04|         1|        1|   5700|       yes|          -|        -|           -|           -|          -|
    |  o VITIS_LOOP_219_1_VITIS_LOOP_220_2   |       -|  -7.30|    53694|  5.369e+05|       314|        -|    171|        no|          -|        -|           -|           -|          -|
    |   o VITIS_LOOP_207_1                   |       -|  -7.30|        8|     80.000|         2|        1|      8|       yes|          -|        -|           -|           -|          -|
    |   o VITIS_LOOP_222_3                   |       -|  -7.30|      300|  3.000e+03|         2|        1|    300|       yes|          -|        -|           -|           -|          -|
    | + grp_load_graph_fu_5018               |  Timing|   0.00|      398|  3.980e+03|         -|      398|      -|        no|          -|        -|   202 (~0%)|   393 (~0%)|          -|
    |  o VITIS_LOOP_333_1                    |       -|  -7.30|      172|  1.720e+03|         3|        1|    171|       yes|          -|        -|           -|           -|          -|
    |  o VITIS_LOOP_337_2                    |       -|  -7.30|      121|  1.210e+03|         3|        1|    120|       yes|          -|        -|           -|           -|          -|
    |  o VITIS_LOOP_341_3                    |       -|  -7.30|       81|    810.000|         3|        1|     80|       yes|          -|        -|           -|           -|          -|
    | + grp_global_graph_prediction_fu_5033  |  Timing|   0.00|        6|     60.000|         -|        6|      -|        no|          -|        -|     7 (~0%)|    70 (~0%)|          -|
    | o VITIS_LOOP_450_2                     |       -|  -7.30|   504465|  5.045e+06|    100893|        -|      5|        no|          -|        -|           -|           -|          -|
    +----------------------------------------+--------+-------+---------+-----------+----------+---------+-------+----------+-----------+---------+------------+------------+-----------+

