

================================================================
== Vitis HLS Report for 'GLOBAL_MEAN_POOL_Pipeline_VITIS_LOOP_429_1'
================================================================
* Date:           Mon Jan 17 11:00:30 2022

* Version:        2021.1.1 (Build 3286242 on Wed Jul 28 13:09:46 MDT 2021)
* Project:        PNA_HLS_proj
* Solution:       solution1 (Vivado IP Flow Target)
* Product family: virtexuplus
* Target device:  xcu50-fsvh2104-2-e


================================================================
== Performance Estimates
================================================================
+ Timing: 
    * Summary: 
    +--------+---------+----------+------------+
    |  Clock |  Target | Estimated| Uncertainty|
    +--------+---------+----------+------------+
    |ap_clk  |  3.33 ns|  2.284 ns|     0.90 ns|
    +--------+---------+----------+------------+

+ Latency: 
    * Summary: 
    +---------+---------+----------+----------+------+------+---------+
    |  Latency (cycles) |  Latency (absolute) |   Interval  | Pipeline|
    |   min   |   max   |    min   |    max   |  min |  max |   Type  |
    +---------+---------+----------+----------+------+------+---------+
    |     1127|     1127|  3.756 us|  3.756 us|  1127|  1127|       no|
    +---------+---------+----------+----------+------+------+---------+

    + Detail: 
        * Instance: 
        N/A

        * Loop: 
        +--------------------+---------+---------+----------+-----------+-----------+------+----------+
        |                    |  Latency (cycles) | Iteration|  Initiation Interval  | Trip |          |
        |      Loop Name     |   min   |   max   |  Latency |  achieved |   target  | Count| Pipelined|
        +--------------------+---------+---------+----------+-----------+-----------+------+----------+
        |- VITIS_LOOP_429_1  |     1125|     1125|        20|         14|          1|    80|       yes|
        +--------------------+---------+---------+----------+-----------+-----------+------+----------+



================================================================
== Utilization Estimates
================================================================
* Summary: 
+---------------------+---------+------+---------+--------+-----+
|         Name        | BRAM_18K|  DSP |    FF   |   LUT  | URAM|
+---------------------+---------+------+---------+--------+-----+
|DSP                  |        -|     -|        -|       -|    -|
|Expression           |        -|     -|        0|    1324|    -|
|FIFO                 |        -|     -|        -|       -|    -|
|Instance             |        -|     3|      173|      53|    -|
|Memory               |        -|     -|        -|       -|    -|
|Multiplexer          |        -|     -|        -|     267|    -|
|Register             |        -|     -|      719|       -|    -|
+---------------------+---------+------+---------+--------+-----+
|Total                |        0|     3|      892|    1644|    0|
+---------------------+---------+------+---------+--------+-----+
|Available SLR        |     1344|  2976|   871680|  435840|  320|
+---------------------+---------+------+---------+--------+-----+
|Utilization SLR (%)  |        0|    ~0|       ~0|      ~0|    0|
+---------------------+---------+------+---------+--------+-----+
|Available            |     2688|  5952|  1743360|  871680|  640|
+---------------------+---------+------+---------+--------+-----+
|Utilization (%)      |        0|    ~0|       ~0|      ~0|    0|
+---------------------+---------+------+---------+--------+-----+

+ Detail: 
    * Instance: 
    +--------------------------+---------------------+---------+----+-----+----+-----+
    |         Instance         |        Module       | BRAM_18K| DSP|  FF | LUT| URAM|
    +--------------------------+---------------------+---------+----+-----+----+-----+
    |mul_32s_34ns_65_2_1_U166  |mul_32s_34ns_65_2_1  |        0|   3|  173|  53|    0|
    +--------------------------+---------------------+---------+----+-----+----+-----+
    |Total                     |                     |        0|   3|  173|  53|    0|
    +--------------------------+---------------------+---------+----+-----+----+-----+

    * DSP: 
    N/A

    * Memory: 
    N/A

    * FIFO: 
    N/A

    * Expression: 
    +---------------------------+----------+----+---+----+------------+------------+
    |       Variable Name       | Operation| DSP| FF| LUT| Bitwidth P0| Bitwidth P1|
    +---------------------------+----------+----+---+----+------------+------------+
    |add_ln429_fu_416_p2        |         +|   0|  0|  14|           7|           1|
    |add_ln712_12_fu_568_p2     |         +|   0|  0|  32|          32|          32|
    |add_ln712_15_fu_573_p2     |         +|   0|  0|  32|          32|          32|
    |add_ln712_16_fu_579_p2     |         +|   0|  0|  32|          32|          32|
    |add_ln712_20_fu_658_p2     |         +|   0|  0|  39|          32|          32|
    |add_ln712_21_fu_682_p2     |         +|   0|  0|  32|          32|          32|
    |add_ln712_22_fu_687_p2     |         +|   0|  0|  32|          32|          32|
    |add_ln712_23_fu_812_p2     |         +|   0|  0|  32|          32|          32|
    |add_ln712_24_fu_693_p2     |         +|   0|  0|  32|          32|          32|
    |add_ln712_25_fu_699_p2     |         +|   0|  0|  32|          32|          32|
    |add_ln712_26_fu_781_p2     |         +|   0|  0|  32|          32|          32|
    |add_ln712_28_fu_787_p2     |         +|   0|  0|  32|          32|          32|
    |add_ln712_29_fu_816_p2     |         +|   0|  0|  32|          32|          32|
    |add_ln712_32_fu_801_p2     |         +|   0|  0|  32|          32|          32|
    |add_ln712_34_fu_807_p2     |         +|   0|  0|  32|          32|          32|
    |add_ln712_35_fu_820_p2     |         +|   0|  0|  32|          32|          32|
    |add_ln712_36_fu_825_p2     |         +|   0|  0|  32|          32|          32|
    |add_ln712_37_fu_831_p2     |         +|   0|  0|  32|          32|          32|
    |add_ln712_38_fu_461_p2     |         +|   0|  0|  15|           8|           7|
    |add_ln712_39_fu_475_p2     |         +|   0|  0|  15|           8|           8|
    |add_ln712_40_fu_485_p2     |         +|   0|  0|  16|           9|           8|
    |add_ln712_41_fu_501_p2     |         +|   0|  0|  16|           9|           9|
    |add_ln712_42_fu_511_p2     |         +|   0|  0|  15|           8|           8|
    |add_ln712_43_fu_528_p2     |         +|   0|  0|  17|          10|           9|
    |add_ln712_44_fu_539_p2     |         +|   0|  0|  17|          10|          10|
    |add_ln712_45_fu_558_p2     |         +|   0|  0|  17|          10|          10|
    |add_ln712_46_fu_585_p2     |         +|   0|  0|  16|           9|           9|
    |add_ln712_47_fu_599_p2     |         +|   0|  0|  16|           9|           9|
    |add_ln712_48_fu_616_p2     |         +|   0|  0|  18|          11|          10|
    |add_ln712_49_fu_627_p2     |         +|   0|  0|  18|          11|          11|
    |add_ln712_50_fu_638_p2     |         +|   0|  0|  18|          11|          11|
    |add_ln712_51_fu_648_p2     |         +|   0|  0|  18|          11|          11|
    |add_ln712_52_fu_672_p2     |         +|   0|  0|  18|          11|          11|
    |add_ln712_53_fu_705_p2     |         +|   0|  0|  18|          11|          11|
    |add_ln712_54_fu_715_p2     |         +|   0|  0|  18|          11|          11|
    |add_ln712_55_fu_725_p2     |         +|   0|  0|  17|          10|          10|
    |add_ln712_56_fu_739_p2     |         +|   0|  0|  17|          10|          10|
    |add_ln712_57_fu_753_p2     |         +|   0|  0|  17|          10|          10|
    |add_ln712_58_fu_767_p2     |         +|   0|  0|  16|           9|           9|
    |add_ln712_59_fu_431_p2     |         +|   0|  0|  19|          12|          11|
    |add_ln712_60_fu_442_p2     |         +|   0|  0|  19|          12|          12|
    |add_ln712_fu_496_p2        |         +|   0|  0|  39|          32|          32|
    |grp_fu_352_p2              |         +|   0|  0|  39|          32|          32|
    |grp_fu_380_p2              |         +|   0|  0|  32|          32|          32|
    |grp_fu_386_p2              |         +|   0|  0|  39|          32|          32|
    |grp_fu_396_p2              |         +|   0|  0|  32|          32|          32|
    |sub_ln1201_2_fu_893_p2     |         -|   0|  0|  39|           1|          32|
    |sub_ln1201_fu_864_p2       |         -|   0|  0|  72|           1|          65|
    |icmp_ln429_fu_410_p2       |      icmp|   0|  0|  10|           7|           7|
    |select_ln1201_2_fu_899_p3  |    select|   0|  0|  32|           1|          32|
    |select_ln1201_fu_886_p3    |    select|   0|  0|  32|           1|          32|
    |ap_enable_pp0              |       xor|   0|  0|   2|           1|           2|
    +---------------------------+----------+----+---+----+------------+------------+
    |Total                      |          |   0|  0|1324|         953|        1100|
    +---------------------------+----------+----+---+----+------------+------------+

    * Multiplexer: 
    +-----------------------------+----+-----------+-----+-----------+
    |             Name            | LUT| Input Size| Bits| Total Bits|
    +-----------------------------+----+-----------+-----+-----------+
    |ap_NS_fsm                    |  65|         15|    1|         15|
    |ap_done_int                  |   9|          2|    1|          2|
    |ap_enable_reg_pp0_iter0      |   9|          2|    1|          2|
    |ap_enable_reg_pp0_iter0_reg  |   9|          2|    1|          2|
    |ap_enable_reg_pp0_iter1      |   9|          2|    1|          2|
    |ap_sig_allocacmp_j_2         |   9|          2|    7|         14|
    |h_combined_V_0_address0      |  65|         15|   16|        240|
    |h_combined_V_0_address1      |  65|         14|   16|        224|
    |j_fu_106                     |   9|          2|    7|         14|
    |reg_362                      |   9|          2|   32|         64|
    |reg_367                      |   9|          2|   32|         64|
    +-----------------------------+----+-----------+-----+-----------+
    |Total                        | 267|         60|  115|        643|
    +-----------------------------+----+-----------+-----+-----------+

    * Register: 
    +----------------------------------+----+----+-----+-----------+
    |               Name               | FF | LUT| Bits| Const Bits|
    +----------------------------------+----+----+-----+-----------+
    |add_ln712_16_reg_1036             |  32|   0|   32|          0|
    |add_ln712_20_reg_1080             |  32|   0|   32|          0|
    |add_ln712_22_reg_1095             |  32|   0|   32|          0|
    |add_ln712_25_reg_1100             |  32|   0|   32|          0|
    |add_ln712_28_reg_1135             |  32|   0|   32|          0|
    |add_ln712_33_reg_970              |  32|   0|   32|          0|
    |add_ln712_34_reg_1145             |  32|   0|   32|          0|
    |add_ln712_37_reg_1150             |  32|   0|   32|          0|
    |add_ln712_reg_993                 |  32|   0|   32|          0|
    |ap_CS_fsm                         |  14|   0|   14|          0|
    |ap_done_reg                       |   1|   0|    1|          0|
    |ap_enable_reg_pp0_iter0_reg       |   1|   0|    1|          0|
    |ap_enable_reg_pp0_iter1           |   1|   0|    1|          0|
    |h_5_V_addr_reg_943                |   7|   0|    7|          0|
    |h_5_V_addr_reg_943_pp0_iter1_reg  |   7|   0|    7|          0|
    |h_5_V_load_reg_965                |  32|   0|   32|          0|
    |icmp_ln429_reg_924                |   1|   0|    1|          0|
    |j_2_reg_913                       |   7|   0|    7|          0|
    |j_cast_reg_928                    |   7|   0|   64|         57|
    |j_fu_106                          |   7|   0|    7|          0|
    |mul_ln1201_reg_1166               |  65|   0|   65|          0|
    |reg_358                           |  32|   0|   32|          0|
    |reg_362                           |  32|   0|   32|          0|
    |reg_367                           |  32|   0|   32|          0|
    |reg_372                           |  32|   0|   32|          0|
    |reg_376                           |  32|   0|   32|          0|
    |reg_392                           |  32|   0|   32|          0|
    |select_ln1201_2_reg_1176          |  32|   0|   32|          0|
    |tmp_267_reg_1155                  |   1|   0|    1|          0|
    |tmp_269_reg_1171                  |  28|   0|   28|          0|
    |zext_ln712_15_reg_1051            |   7|   0|   11|          4|
    |zext_ln712_16_reg_975             |   7|   0|    9|          2|
    |zext_ln712_17_reg_1008            |   7|   0|   10|          3|
    |zext_ln712_18_reg_949             |   7|   0|    8|          1|
    +----------------------------------+----+----+-----+-----------+
    |Total                             | 719|   0|  786|         67|
    +----------------------------------+----+----+-----+-----------+



================================================================
== Interface
================================================================
* Summary: 
+-------------------------+-----+-----+------------+--------------------------------------------+--------------+
|        RTL Ports        | Dir | Bits|  Protocol  |                Source Object               |    C Type    |
+-------------------------+-----+-----+------------+--------------------------------------------+--------------+
|ap_clk                   |   in|    1|  ap_ctrl_hs|  GLOBAL_MEAN_POOL_Pipeline_VITIS_LOOP_429_1|  return value|
|ap_rst                   |   in|    1|  ap_ctrl_hs|  GLOBAL_MEAN_POOL_Pipeline_VITIS_LOOP_429_1|  return value|
|ap_start                 |   in|    1|  ap_ctrl_hs|  GLOBAL_MEAN_POOL_Pipeline_VITIS_LOOP_429_1|  return value|
|ap_done                  |  out|    1|  ap_ctrl_hs|  GLOBAL_MEAN_POOL_Pipeline_VITIS_LOOP_429_1|  return value|
|ap_idle                  |  out|    1|  ap_ctrl_hs|  GLOBAL_MEAN_POOL_Pipeline_VITIS_LOOP_429_1|  return value|
|ap_ready                 |  out|    1|  ap_ctrl_hs|  GLOBAL_MEAN_POOL_Pipeline_VITIS_LOOP_429_1|  return value|
|h_5_V_address0           |  out|    7|   ap_memory|                                       h_5_V|         array|
|h_5_V_ce0                |  out|    1|   ap_memory|                                       h_5_V|         array|
|h_5_V_q0                 |   in|   32|   ap_memory|                                       h_5_V|         array|
|h_5_V_address1           |  out|    7|   ap_memory|                                       h_5_V|         array|
|h_5_V_ce1                |  out|    1|   ap_memory|                                       h_5_V|         array|
|h_5_V_we1                |  out|    1|   ap_memory|                                       h_5_V|         array|
|h_5_V_d1                 |  out|   32|   ap_memory|                                       h_5_V|         array|
|h_combined_V_0_address0  |  out|   16|   ap_memory|                              h_combined_V_0|         array|
|h_combined_V_0_ce0       |  out|    1|   ap_memory|                              h_combined_V_0|         array|
|h_combined_V_0_q0        |   in|   32|   ap_memory|                              h_combined_V_0|         array|
|h_combined_V_0_address1  |  out|   16|   ap_memory|                              h_combined_V_0|         array|
|h_combined_V_0_ce1       |  out|    1|   ap_memory|                              h_combined_V_0|         array|
|h_combined_V_0_q1        |   in|   32|   ap_memory|                              h_combined_V_0|         array|
+-------------------------+-----+-----+------------+--------------------------------------------+--------------+

