

================================================================
== Vitis HLS Report for 'sqrt_fixed_32_10_s'
================================================================
* Date:           Mon Jan 17 11:00:05 2022

* Version:        2021.1.1 (Build 3286242 on Wed Jul 28 13:09:46 MDT 2021)
* Project:        PNA_HLS_proj
* Solution:       solution1 (Vivado IP Flow Target)
* Product family: virtexuplus
* Target device:  xcu50-fsvh2104-2-e


================================================================
== Performance Estimates
================================================================
+ Timing: 
    * Summary: 
    +--------+---------+----------+------------+
    |  Clock |  Target | Estimated| Uncertainty|
    +--------+---------+----------+------------+
    |ap_clk  |  3.33 ns|  2.420 ns|     0.90 ns|
    +--------+---------+----------+------------+

+ Latency: 
    * Summary: 
    +---------+---------+-----------+-----------+-----+-----+---------+
    |  Latency (cycles) |   Latency (absolute)  |  Interval | Pipeline|
    |   min   |   max   |    min    |    max    | min | max |   Type  |
    +---------+---------+-----------+-----------+-----+-----+---------+
    |       20|       20|  66.660 ns|  66.660 ns|    1|    1|      yes|
    +---------+---------+-----------+-----------+-----+-----+---------+

    + Detail: 
        * Instance: 
        N/A

        * Loop: 
        N/A



================================================================
== Utilization Estimates
================================================================
* Summary: 
+---------------------+---------+------+---------+--------+-----+
|         Name        | BRAM_18K|  DSP |    FF   |   LUT  | URAM|
+---------------------+---------+------+---------+--------+-----+
|DSP                  |        -|     -|        -|       -|    -|
|Expression           |        -|     -|        0|    5404|    -|
|FIFO                 |        -|     -|        -|       -|    -|
|Instance             |        -|     -|        -|       -|    -|
|Memory               |        -|     -|        -|       -|    -|
|Multiplexer          |        -|     -|        -|       -|    -|
|Register             |        -|     -|     2078|     256|    -|
+---------------------+---------+------+---------+--------+-----+
|Total                |        0|     0|     2078|    5660|    0|
+---------------------+---------+------+---------+--------+-----+
|Available SLR        |     1344|  2976|   871680|  435840|  320|
+---------------------+---------+------+---------+--------+-----+
|Utilization SLR (%)  |        0|     0|       ~0|       1|    0|
+---------------------+---------+------+---------+--------+-----+
|Available            |     2688|  5952|  1743360|  871680|  640|
+---------------------+---------+------+---------+--------+-----+
|Utilization (%)      |        0|     0|       ~0|      ~0|    0|
+---------------------+---------+------+---------+--------+-----+

+ Detail: 
    * Instance: 
    N/A

    * DSP: 
    N/A

    * Memory: 
    N/A

    * FIFO: 
    N/A

    * Expression: 
    +---------------------------+----------+----+---+----+------------+------------+
    |       Variable Name       | Operation| DSP| FF| LUT| Bitwidth P0| Bitwidth P1|
    +---------------------------+----------+----+---+----+------------+------------+
    |add_ln258_fu_354_p2        |         +|   0|  0|  10|           3|           2|
    |res_FH_V_66_fu_3978_p2     |         +|   0|  0|  30|          23|           1|
    |res_FH_l_V_fu_3972_p2      |         +|   0|  0|  31|          24|           1|
    |res_I_V_8_fu_3992_p2       |         +|   0|  0|  12|           5|           1|
    |x_l_FH_V_35_fu_752_p2      |         +|   0|  0|  30|          23|          23|
    |x_l_FH_V_56_fu_1964_p2     |         +|   0|  0|  30|          23|          23|
    |x_l_FH_V_58_fu_2125_p2     |         +|   0|  0|  23|          23|          23|
    |x_l_FH_V_60_fu_2313_p2     |         +|   0|  0|  23|          23|          23|
    |x_l_FH_V_62_fu_2504_p2     |         +|   0|  0|  23|          23|          23|
    |x_l_FH_V_64_fu_2715_p2     |         +|   0|  0|  23|          23|          23|
    |x_l_FH_V_66_fu_2865_p2     |         +|   0|  0|  23|          23|          23|
    |x_l_FH_V_68_fu_3053_p2     |         +|   0|  0|  23|          23|          23|
    |x_l_FH_V_70_fu_3244_p2     |         +|   0|  0|  23|          23|          23|
    |x_l_FH_V_72_fu_3455_p2     |         +|   0|  0|  23|          23|          23|
    |x_l_FH_V_74_fu_3605_p2     |         +|   0|  0|  23|          23|          23|
    |x_l_FH_V_76_fu_3793_p2     |         +|   0|  0|  23|          23|          23|
    |x_l_I_V_11_fu_735_p2       |         +|   0|  0|  20|          13|           2|
    |x_l_I_V_18_fu_1012_p2      |         +|   0|  0|  20|          13|           2|
    |x_l_I_V_22_fu_1127_p2      |         +|   0|  0|  20|          13|           2|
    |x_l_I_V_26_fu_1242_p2      |         +|   0|  0|  20|          13|           2|
    |x_l_I_V_30_fu_1349_p2      |         +|   0|  0|  20|          13|           2|
    |x_l_I_V_33_fu_1444_p2      |         +|   0|  0|  20|          13|           2|
    |x_l_I_V_36_fu_1544_p2      |         +|   0|  0|  20|          13|           2|
    |x_l_I_V_39_fu_1641_p2      |         +|   0|  0|  20|          13|           2|
    |x_l_I_V_42_fu_1736_p2      |         +|   0|  0|  20|          13|           2|
    |x_l_I_V_45_fu_1836_p2      |         +|   0|  0|  20|          13|           2|
    |x_l_I_V_48_fu_1947_p2      |         +|   0|  0|  20|          13|           2|
    |x_l_I_V_51_fu_2105_p2      |         +|   0|  0|  20|          13|           2|
    |x_l_I_V_54_fu_2293_p2      |         +|   0|  0|  20|          13|           2|
    |x_l_I_V_57_fu_2486_p2      |         +|   0|  0|  20|          13|           2|
    |x_l_I_V_60_fu_2642_p2      |         +|   0|  0|  20|          13|           2|
    |x_l_I_V_63_fu_2845_p2      |         +|   0|  0|  20|          13|           2|
    |x_l_I_V_66_fu_3033_p2      |         +|   0|  0|  20|          13|           2|
    |x_l_I_V_69_fu_3226_p2      |         +|   0|  0|  20|          13|           2|
    |x_l_I_V_72_fu_3382_p2      |         +|   0|  0|  20|          13|           2|
    |x_l_I_V_75_fu_3585_p2      |         +|   0|  0|  20|          13|           2|
    |x_l_I_V_78_fu_3773_p2      |         +|   0|  0|  20|          13|           2|
    |x_l_I_V_fu_897_p2          |         +|   0|  0|  20|          13|           2|
    |sub_ln258_1_fu_524_p2      |         -|   0|  0|  12|           5|           5|
    |sub_ln258_2_fu_599_p2      |         -|   0|  0|  13|           6|           6|
    |sub_ln258_3_fu_665_p2      |         -|   0|  0|  14|           7|           7|
    |sub_ln258_fu_442_p2        |         -|   0|  0|  12|           4|           4|
    |sub_ln712_12_fu_2859_p2    |         -|   0|  0|  23|          23|          23|
    |sub_ln712_15_fu_3047_p2    |         -|   0|  0|  23|          23|          23|
    |sub_ln712_18_fu_3238_p2    |         -|   0|  0|  23|          23|          23|
    |sub_ln712_21_fu_3451_p2    |         -|   0|  0|  23|          23|          23|
    |sub_ln712_24_fu_3599_p2    |         -|   0|  0|  23|          23|          23|
    |sub_ln712_27_fu_3787_p2    |         -|   0|  0|  23|          23|          23|
    |sub_ln712_3_fu_2307_p2     |         -|   0|  0|  23|          23|          23|
    |sub_ln712_6_fu_2498_p2     |         -|   0|  0|  23|          23|          23|
    |sub_ln712_9_fu_2711_p2     |         -|   0|  0|  23|          23|          23|
    |sub_ln712_fu_2119_p2       |         -|   0|  0|  23|          23|          23|
    |x_l_FH_V_36_fu_915_p2      |         -|   0|  0|  30|          23|          23|
    |x_l_FH_V_38_fu_1030_p2     |         -|   0|  0|  30|          23|          23|
    |x_l_FH_V_40_fu_1145_p2     |         -|   0|  0|  30|          23|          23|
    |x_l_FH_V_42_fu_1260_p2     |         -|   0|  0|  30|          23|          23|
    |x_l_FH_V_44_fu_1360_p2     |         -|   0|  0|  30|          23|          23|
    |x_l_FH_V_46_fu_1458_p2     |         -|   0|  0|  30|          23|          23|
    |x_l_FH_V_48_fu_1556_p2     |         -|   0|  0|  30|          23|          23|
    |x_l_FH_V_50_fu_1652_p2     |         -|   0|  0|  30|          23|          23|
    |x_l_FH_V_52_fu_1750_p2     |         -|   0|  0|  30|          23|          23|
    |x_l_FH_V_54_fu_1848_p2     |         -|   0|  0|  30|          23|          23|
    |x_l_FL_V_11_fu_3059_p2     |         -|   0|  0|  30|          23|          23|
    |x_l_FL_V_13_fu_3167_p2     |         -|   0|  0|  30|          23|          23|
    |x_l_FL_V_15_fu_3388_p2     |         -|   0|  0|  30|          23|          23|
    |x_l_FL_V_17_fu_3611_p2     |         -|   0|  0|  30|          23|          23|
    |x_l_FL_V_19_fu_3799_p2     |         -|   0|  0|  30|          23|          23|
    |x_l_FL_V_3_fu_2319_p2      |         -|   0|  0|  30|          23|          23|
    |x_l_FL_V_5_fu_2427_p2      |         -|   0|  0|  30|          23|          23|
    |x_l_FL_V_7_fu_2648_p2      |         -|   0|  0|  30|          23|          23|
    |x_l_FL_V_9_fu_2871_p2      |         -|   0|  0|  30|          23|          23|
    |x_l_FL_V_fu_2131_p2        |         -|   0|  0|  30|          23|          23|
    |x_l_I_V_86_fu_746_p2       |         -|   0|  0|  20|          13|          13|
    |x_l_I_V_88_fu_909_p2       |         -|   0|  0|  20|          13|          13|
    |x_l_I_V_90_fu_1024_p2      |         -|   0|  0|  20|          13|          13|
    |x_l_I_V_92_fu_1139_p2      |         -|   0|  0|  20|          13|          13|
    |x_l_I_V_94_fu_1254_p2      |         -|   0|  0|  20|          13|          13|
    |and_ln318_10_fu_1762_p2    |       and|   0|  0|   2|           1|           1|
    |and_ln318_11_fu_1868_p2    |       and|   0|  0|   2|           1|           1|
    |and_ln318_12_fu_2165_p2    |       and|   0|  0|   2|           1|           1|
    |and_ln318_13_fu_2171_p2    |       and|   0|  0|   2|           1|           1|
    |and_ln318_14_fu_2351_p2    |       and|   0|  0|   2|           1|           1|
    |and_ln318_15_fu_2357_p2    |       and|   0|  0|   2|           1|           1|
    |and_ln318_16_fu_2534_p2    |       and|   0|  0|   2|           1|           1|
    |and_ln318_17_fu_2540_p2    |       and|   0|  0|   2|           1|           1|
    |and_ln318_18_fu_2672_p2    |       and|   0|  0|   2|           1|           1|
    |and_ln318_19_fu_2678_p2    |       and|   0|  0|   2|           1|           1|
    |and_ln318_1_fu_769_p2      |       and|   0|  0|   2|           1|           1|
    |and_ln318_20_fu_2905_p2    |       and|   0|  0|   2|           1|           1|
    |and_ln318_21_fu_2911_p2    |       and|   0|  0|   2|           1|           1|
    |and_ln318_22_fu_3091_p2    |       and|   0|  0|   2|           1|           1|
    |and_ln318_23_fu_3097_p2    |       and|   0|  0|   2|           1|           1|
    |and_ln318_24_fu_3274_p2    |       and|   0|  0|   2|           1|           1|
    |and_ln318_25_fu_3280_p2    |       and|   0|  0|   2|           1|           1|
    |and_ln318_26_fu_3412_p2    |       and|   0|  0|   2|           1|           1|
    |and_ln318_27_fu_3418_p2    |       and|   0|  0|   2|           1|           1|
    |and_ln318_28_fu_3645_p2    |       and|   0|  0|   2|           1|           1|
    |and_ln318_29_fu_3651_p2    |       and|   0|  0|   2|           1|           1|
    |and_ln318_2_fu_931_p2      |       and|   0|  0|   2|           1|           1|
    |and_ln318_30_fu_3831_p2    |       and|   0|  0|   2|           1|           1|
    |and_ln318_31_fu_3837_p2    |       and|   0|  0|   2|           1|           1|
    |and_ln318_32_fu_3950_p2    |       and|   0|  0|   2|           1|           1|
    |and_ln318_33_fu_3956_p2    |       and|   0|  0|   2|           1|           1|
    |and_ln318_3_fu_1046_p2     |       and|   0|  0|   2|           1|           1|
    |and_ln318_4_fu_1161_p2     |       and|   0|  0|   2|           1|           1|
    |and_ln318_5_fu_1286_p2     |       and|   0|  0|   2|           1|           1|
    |and_ln318_6_fu_1378_p2     |       and|   0|  0|   2|           1|           1|
    |and_ln318_7_fu_1470_p2     |       and|   0|  0|   2|           1|           1|
    |and_ln318_8_fu_1576_p2     |       and|   0|  0|   2|           1|           1|
    |and_ln318_9_fu_1670_p2     |       and|   0|  0|   2|           1|           1|
    |and_ln318_fu_1933_p2       |       and|   0|  0|   2|           1|           1|
    |and_ln331_1_fu_2279_p2     |       and|   0|  0|   2|           1|           1|
    |and_ln331_2_fu_2473_p2     |       and|   0|  0|   2|           1|           1|
    |and_ln331_3_fu_2699_p2     |       and|   0|  0|   2|           1|           1|
    |and_ln331_4_fu_2831_p2     |       and|   0|  0|   2|           1|           1|
    |and_ln331_5_fu_3019_p2     |       and|   0|  0|   2|           1|           1|
    |and_ln331_6_fu_3213_p2     |       and|   0|  0|   2|           1|           1|
    |and_ln331_7_fu_3439_p2     |       and|   0|  0|   2|           1|           1|
    |and_ln331_8_fu_3571_p2     |       and|   0|  0|   2|           1|           1|
    |and_ln331_9_fu_3759_p2     |       and|   0|  0|   2|           1|           1|
    |and_ln331_fu_2091_p2       |       and|   0|  0|   2|           1|           1|
    |delta_V_1_fu_2244_p2       |      icmp|   0|  0|  16|          23|          23|
    |delta_V_2_fu_2421_p2       |      icmp|   0|  0|  16|          23|          23|
    |delta_V_3_fu_2616_p2       |      icmp|   0|  0|  16|          23|          23|
    |delta_V_4_fu_2795_p2       |      icmp|   0|  0|  16|          23|          23|
    |delta_V_5_fu_2984_p2       |      icmp|   0|  0|  16|          23|          23|
    |delta_V_6_fu_3161_p2       |      icmp|   0|  0|  16|          23|          23|
    |delta_V_7_fu_3356_p2       |      icmp|   0|  0|  16|          23|          23|
    |delta_V_8_fu_3535_p2       |      icmp|   0|  0|  16|          23|          23|
    |delta_V_9_fu_3724_p2       |      icmp|   0|  0|  16|          23|          23|
    |delta_V_fu_2055_p2         |      icmp|   0|  0|  16|          23|          23|
    |icmp_ln1547_10_fu_1863_p2  |      icmp|   0|  0|  12|          13|           1|
    |icmp_ln1547_11_fu_1915_p2  |      icmp|   0|  0|  12|          13|           1|
    |icmp_ln1547_12_fu_1927_p2  |      icmp|   0|  0|  16|          23|          23|
    |icmp_ln1547_13_fu_2153_p2  |      icmp|   0|  0|  16|          23|          23|
    |icmp_ln1547_14_fu_2339_p2  |      icmp|   0|  0|  16|          23|          23|
    |icmp_ln1547_15_fu_2523_p2  |      icmp|   0|  0|  16|          23|          23|
    |icmp_ln1547_16_fu_2660_p2  |      icmp|   0|  0|  16|          23|          23|
    |icmp_ln1547_17_fu_2893_p2  |      icmp|   0|  0|  16|          23|          23|
    |icmp_ln1547_18_fu_3079_p2  |      icmp|   0|  0|  16|          23|          23|
    |icmp_ln1547_19_fu_3263_p2  |      icmp|   0|  0|  16|          23|          23|
    |icmp_ln1547_1_fu_920_p2    |      icmp|   0|  0|  12|          13|          13|
    |icmp_ln1547_20_fu_3400_p2  |      icmp|   0|  0|  16|          23|          23|
    |icmp_ln1547_21_fu_3633_p2  |      icmp|   0|  0|  16|          23|          23|
    |icmp_ln1547_22_fu_3819_p2  |      icmp|   0|  0|  16|          23|          23|
    |icmp_ln1547_23_fu_3939_p2  |      icmp|   0|  0|  16|          23|          23|
    |icmp_ln1547_2_fu_1035_p2   |      icmp|   0|  0|  12|          13|          13|
    |icmp_ln1547_3_fu_1150_p2   |      icmp|   0|  0|  12|          13|          13|
    |icmp_ln1547_4_fu_1275_p2   |      icmp|   0|  0|  12|          13|          13|
    |icmp_ln1547_5_fu_1373_p2   |      icmp|   0|  0|  12|          13|           1|
    |icmp_ln1547_6_fu_1464_p2   |      icmp|   0|  0|  12|          13|           1|
    |icmp_ln1547_7_fu_1571_p2   |      icmp|   0|  0|  12|          13|           1|
    |icmp_ln1547_8_fu_1665_p2   |      icmp|   0|  0|  12|          13|           1|
    |icmp_ln1547_9_fu_1756_p2   |      icmp|   0|  0|  12|          13|           1|
    |icmp_ln1547_fu_758_p2      |      icmp|   0|  0|  12|          13|          13|
    |icmp_ln1548_1_fu_2267_p2   |      icmp|   0|  0|  16|          23|          23|
    |icmp_ln1548_2_fu_2462_p2   |      icmp|   0|  0|  16|          23|          23|
    |icmp_ln1548_3_fu_2628_p2   |      icmp|   0|  0|  16|          23|          23|
    |icmp_ln1548_4_fu_2819_p2   |      icmp|   0|  0|  16|          23|          23|
    |icmp_ln1548_5_fu_3007_p2   |      icmp|   0|  0|  16|          23|          23|
    |icmp_ln1548_6_fu_3202_p2   |      icmp|   0|  0|  16|          23|          23|
    |icmp_ln1548_7_fu_3368_p2   |      icmp|   0|  0|  16|          23|          23|
    |icmp_ln1548_8_fu_3559_p2   |      icmp|   0|  0|  16|          23|          23|
    |icmp_ln1548_9_fu_3747_p2   |      icmp|   0|  0|  16|          23|          23|
    |icmp_ln1548_fu_2079_p2     |      icmp|   0|  0|  16|          23|          23|
    |icmp_ln1549_fu_3893_p2     |      icmp|   0|  0|  16|          23|          23|
    |icmp_ln1551_10_fu_3813_p2  |      icmp|   0|  0|  12|          13|           1|
    |icmp_ln1551_11_fu_3899_p2  |      icmp|   0|  0|  12|          13|           1|
    |icmp_ln1551_1_fu_2147_p2   |      icmp|   0|  0|  12|          13|           1|
    |icmp_ln1551_2_fu_2333_p2   |      icmp|   0|  0|  12|          13|           1|
    |icmp_ln1551_3_fu_2518_p2   |      icmp|   0|  0|  12|          13|           1|
    |icmp_ln1551_4_fu_2654_p2   |      icmp|   0|  0|  12|          13|           1|
    |icmp_ln1551_5_fu_2887_p2   |      icmp|   0|  0|  12|          13|           1|
    |icmp_ln1551_6_fu_3073_p2   |      icmp|   0|  0|  12|          13|           1|
    |icmp_ln1551_7_fu_3258_p2   |      icmp|   0|  0|  12|          13|           1|
    |icmp_ln1551_8_fu_3394_p2   |      icmp|   0|  0|  12|          13|           1|
    |icmp_ln1551_9_fu_3627_p2   |      icmp|   0|  0|  12|          13|           1|
    |icmp_ln1551_fu_1921_p2     |      icmp|   0|  0|  12|          13|           1|
    |icmp_ln318_10_fu_1339_p2   |      icmp|   0|  0|  12|          13|           1|
    |icmp_ln318_11_fu_2049_p2   |      icmp|   0|  0|  16|          23|          23|
    |icmp_ln318_12_fu_2238_p2   |      icmp|   0|  0|  16|          23|          23|
    |icmp_ln318_13_fu_2441_p2   |      icmp|   0|  0|  16|          23|          23|
    |icmp_ln318_14_fu_2610_p2   |      icmp|   0|  0|  16|          23|          23|
    |icmp_ln318_15_fu_2789_p2   |      icmp|   0|  0|  16|          23|          23|
    |icmp_ln318_16_fu_2978_p2   |      icmp|   0|  0|  16|          23|          23|
    |icmp_ln318_17_fu_3181_p2   |      icmp|   0|  0|  16|          23|          23|
    |icmp_ln318_18_fu_3350_p2   |      icmp|   0|  0|  16|          23|          23|
    |icmp_ln318_19_fu_3529_p2   |      icmp|   0|  0|  16|          23|          23|
    |icmp_ln318_1_fu_370_p2     |      icmp|   0|  0|   8|           2|           1|
    |icmp_ln318_20_fu_3718_p2   |      icmp|   0|  0|  16|          23|          23|
    |icmp_ln318_21_fu_3920_p2   |      icmp|   0|  0|  16|          23|          23|
    |icmp_ln318_22_fu_1333_p2   |      icmp|   0|  0|  16|          23|          23|
    |icmp_ln318_23_fu_1426_p2   |      icmp|   0|  0|  12|          13|           1|
    |icmp_ln318_24_fu_1432_p2   |      icmp|   0|  0|  16|          23|          23|
    |icmp_ln318_25_fu_1528_p2   |      icmp|   0|  0|  12|          13|           1|
    |icmp_ln318_26_fu_1533_p2   |      icmp|   0|  0|  16|          23|          23|
    |icmp_ln318_27_fu_1631_p2   |      icmp|   0|  0|  12|          13|           1|
    |icmp_ln318_28_fu_1625_p2   |      icmp|   0|  0|  16|          23|          23|
    |icmp_ln318_29_fu_1718_p2   |      icmp|   0|  0|  12|          13|           1|
    |icmp_ln318_2_fu_881_p2     |      icmp|   0|  0|  12|          13|          13|
    |icmp_ln318_30_fu_1724_p2   |      icmp|   0|  0|  16|          23|          23|
    |icmp_ln318_31_fu_1820_p2   |      icmp|   0|  0|  12|          13|           1|
    |icmp_ln318_32_fu_1825_p2   |      icmp|   0|  0|  16|          23|          23|
    |icmp_ln318_3_fu_886_p2     |      icmp|   0|  0|  16|          23|          23|
    |icmp_ln318_4_fu_996_p2     |      icmp|   0|  0|  12|          13|          13|
    |icmp_ln318_5_fu_1001_p2    |      icmp|   0|  0|  16|          23|          23|
    |icmp_ln318_6_fu_1111_p2    |      icmp|   0|  0|  12|          13|          13|
    |icmp_ln318_7_fu_1116_p2    |      icmp|   0|  0|  16|          23|          23|
    |icmp_ln318_8_fu_1226_p2    |      icmp|   0|  0|  12|          13|          13|
    |icmp_ln318_9_fu_1231_p2    |      icmp|   0|  0|  16|          23|          23|
    |icmp_ln318_fu_725_p2       |      icmp|   0|  0|  12|          13|          13|
    |icmp_ln331_fu_1937_p2      |      icmp|   0|  0|  16|          23|          23|
    |icmp_ln489_1_fu_436_p2     |      icmp|   0|  0|   9|           4|           4|
    |icmp_ln489_2_fu_518_p2     |      icmp|   0|  0|   9|           5|           5|
    |icmp_ln489_3_fu_593_p2     |      icmp|   0|  0|  10|           6|           6|
    |icmp_ln489_4_fu_659_p2     |      icmp|   0|  0|  10|           7|           7|
    |icmp_ln489_fu_348_p2       |      icmp|   0|  0|   8|           2|           1|
    |or_ln318_10_fu_1830_p2     |        or|   0|  0|   2|           1|           1|
    |or_ln318_11_fu_2061_p2     |        or|   0|  0|   2|           1|           1|
    |or_ln318_12_fu_2249_p2     |        or|   0|  0|   2|           1|           1|
    |or_ln318_13_fu_2446_p2     |        or|   0|  0|   2|           1|           1|
    |or_ln318_14_fu_2622_p2     |        or|   0|  0|   2|           1|           1|
    |or_ln318_15_fu_2801_p2     |        or|   0|  0|   2|           1|           1|
    |or_ln318_16_fu_2989_p2     |        or|   0|  0|   2|           1|           1|
    |or_ln318_17_fu_3186_p2     |        or|   0|  0|   2|           1|           1|
    |or_ln318_18_fu_3362_p2     |        or|   0|  0|   2|           1|           1|
    |or_ln318_19_fu_3541_p2     |        or|   0|  0|   2|           1|           1|
    |or_ln318_1_fu_891_p2       |        or|   0|  0|   2|           1|           1|
    |or_ln318_20_fu_3729_p2     |        or|   0|  0|   2|           1|           1|
    |or_ln318_21_fu_3925_p2     |        or|   0|  0|   2|           1|           1|
    |or_ln318_22_fu_1978_p2     |        or|   0|  0|   2|           1|           1|
    |or_ln318_2_fu_1006_p2      |        or|   0|  0|   2|           1|           1|
    |or_ln318_3_fu_1121_p2      |        or|   0|  0|   2|           1|           1|
    |or_ln318_4_fu_1236_p2      |        or|   0|  0|   2|           1|           1|
    |or_ln318_5_fu_1344_p2      |        or|   0|  0|   2|           1|           1|
    |or_ln318_6_fu_1438_p2      |        or|   0|  0|   2|           1|           1|
    |or_ln318_7_fu_1538_p2      |        or|   0|  0|   2|           1|           1|
    |or_ln318_8_fu_1636_p2      |        or|   0|  0|   2|           1|           1|
    |or_ln318_9_fu_1730_p2      |        or|   0|  0|   2|           1|           1|
    |or_ln318_fu_730_p2         |        or|   0|  0|   2|           1|           1|
    |or_ln331_1_fu_2261_p2      |        or|   0|  0|   2|           1|           1|
    |or_ln331_2_fu_2456_p2      |        or|   0|  0|   2|           1|           1|
    |or_ln331_3_fu_2689_p2      |        or|   0|  0|   2|           1|           1|
    |or_ln331_4_fu_2813_p2      |        or|   0|  0|   2|           1|           1|
    |or_ln331_5_fu_3001_p2      |        or|   0|  0|   2|           1|           1|
    |or_ln331_6_fu_3196_p2      |        or|   0|  0|   2|           1|           1|
    |or_ln331_7_fu_3429_p2      |        or|   0|  0|   2|           1|           1|
    |or_ln331_8_fu_3553_p2      |        or|   0|  0|   2|           1|           1|
    |or_ln331_9_fu_3741_p2      |        or|   0|  0|   2|           1|           1|
    |or_ln331_fu_2073_p2        |        or|   0|  0|   2|           1|           1|
    |ap_return                  |    select|   0|  0|  27|           1|           1|
    |p_Val2_17_fu_775_p3        |    select|   0|  0|  23|           1|          23|
    |p_neg231_fu_2097_p3        |    select|   0|  0|   2|           1|           2|
    |p_neg232_fu_2285_p3        |    select|   0|  0|   2|           1|           2|
    |p_neg233_fu_2479_p3        |    select|   0|  0|   2|           1|           2|
    |p_neg234_fu_2634_p3        |    select|   0|  0|   2|           1|           2|
    |p_neg235_fu_2837_p3        |    select|   0|  0|   2|           1|           2|
    |p_neg236_fu_3025_p3        |    select|   0|  0|   2|           1|           2|
    |p_neg237_fu_3219_p3        |    select|   0|  0|   2|           1|           2|
    |p_neg238_fu_3374_p3        |    select|   0|  0|   2|           1|           2|
    |p_neg239_fu_3577_p3        |    select|   0|  0|   2|           1|           2|
    |p_neg240_fu_3765_p3        |    select|   0|  0|   2|           1|           2|
    |res_FH_V_43_fu_3961_p3     |    select|   0|  0|  23|           1|          23|
    |res_FH_V_45_fu_844_p3      |    select|   0|  0|  24|           1|           1|
    |res_FH_V_46_fu_960_p3      |    select|   0|  0|  23|           1|          23|
    |res_FH_V_47_fu_1075_p3     |    select|   0|  0|  23|           1|          23|
    |res_FH_V_48_fu_1190_p3     |    select|   0|  0|  23|           1|          23|
    |res_FH_V_49_fu_1292_p3     |    select|   0|  0|  23|           1|          23|
    |res_FH_V_50_fu_1384_p3     |    select|   0|  0|  23|           1|          23|
    |res_FH_V_51_fu_1501_p3     |    select|   0|  0|  23|           1|          23|
    |res_FH_V_52_fu_1676_p3     |    select|   0|  0|  23|           1|          23|
    |res_FH_V_53_fu_1793_p3     |    select|   0|  0|  23|           1|          23|
    |res_FH_V_54_fu_1874_p3     |    select|   0|  0|  23|           1|          23|
    |res_FH_V_55_fu_1983_p3     |    select|   0|  0|  23|           1|          23|
    |res_FH_V_56_fu_2177_p3     |    select|   0|  0|  23|           1|          23|
    |res_FH_V_57_fu_2363_p3     |    select|   0|  0|  23|           1|          23|
    |res_FH_V_58_fu_2546_p3     |    select|   0|  0|  23|           1|          23|
    |res_FH_V_59_fu_2729_p3     |    select|   0|  0|  23|           1|          23|
    |res_FH_V_60_fu_2917_p3     |    select|   0|  0|  23|           1|          23|
    |res_FH_V_61_fu_3103_p3     |    select|   0|  0|  23|           1|          23|
    |res_FH_V_62_fu_3286_p3     |    select|   0|  0|  23|           1|          23|
    |res_FH_V_63_fu_3469_p3     |    select|   0|  0|  23|           1|          23|
    |res_FH_V_64_fu_3657_p3     |    select|   0|  0|  23|           1|          23|
    |res_FH_V_65_fu_3843_p3     |    select|   0|  0|  23|           1|          23|
    |res_FH_V_fu_1582_p3        |    select|   0|  0|  23|           1|          23|
    |res_I_V_10_fu_397_p3       |    select|   0|  0|   6|           1|           1|
    |res_I_V_11_fu_478_p3       |    select|   0|  0|   5|           1|           5|
    |res_I_V_12_fu_555_p3       |    select|   0|  0|   5|           1|           5|
    |res_I_V_13_fu_707_p3       |    select|   0|  0|   5|           1|           5|
    |res_I_V_14_fu_3997_p3      |    select|   0|  0|   5|           1|           5|
    |res_I_V_fu_635_p3          |    select|   0|  0|   5|           1|           5|
    |x_l_FH_V_37_fu_937_p3      |    select|   0|  0|  23|           1|          23|
    |x_l_FH_V_39_fu_1052_p3     |    select|   0|  0|  23|           1|          23|
    |x_l_FH_V_41_fu_1167_p3     |    select|   0|  0|  23|           1|          23|
    |x_l_FH_V_43_fu_1300_p3     |    select|   0|  0|  23|           1|          23|
    |x_l_FH_V_45_fu_1391_p3     |    select|   0|  0|  23|           1|          23|
    |x_l_FH_V_47_fu_1476_p3     |    select|   0|  0|  23|           1|          23|
    |x_l_FH_V_49_fu_1590_p3     |    select|   0|  0|  23|           1|          23|
    |x_l_FH_V_51_fu_1683_p3     |    select|   0|  0|  23|           1|          23|
    |x_l_FH_V_53_fu_1768_p3     |    select|   0|  0|  23|           1|          23|
    |x_l_FH_V_55_fu_1882_p3     |    select|   0|  0|  23|           1|          23|
    |x_l_FH_V_57_fu_1998_p3     |    select|   0|  0|  23|           1|          23|
    |x_l_FH_V_59_fu_2213_p3     |    select|   0|  0|  23|           1|          23|
    |x_l_FH_V_61_fu_2377_p3     |    select|   0|  0|  23|           1|          23|
    |x_l_FH_V_63_fu_2559_p3     |    select|   0|  0|  23|           1|          23|
    |x_l_FH_V_65_fu_2740_p3     |    select|   0|  0|  23|           1|          23|
    |x_l_FH_V_67_fu_2953_p3     |    select|   0|  0|  23|           1|          23|
    |x_l_FH_V_69_fu_3117_p3     |    select|   0|  0|  23|           1|          23|
    |x_l_FH_V_71_fu_3299_p3     |    select|   0|  0|  23|           1|          23|
    |x_l_FH_V_73_fu_3480_p3     |    select|   0|  0|  23|           1|          23|
    |x_l_FH_V_75_fu_3693_p3     |    select|   0|  0|  23|           1|          23|
    |x_l_FH_V_77_fu_3857_p3     |    select|   0|  0|  23|           1|          23|
    |x_l_FL_V_20_fu_3850_p3     |    select|   0|  0|  23|           1|          23|
    |x_l_FL_V_21_fu_1990_p3     |    select|   0|  0|  24|           1|          24|
    |x_l_FL_V_22_fu_2185_p3     |    select|   0|  0|  23|           1|          23|
    |x_l_FL_V_23_fu_2370_p3     |    select|   0|  0|  23|           1|          23|
    |x_l_FL_V_24_fu_2553_p3     |    select|   0|  0|  23|           1|          23|
    |x_l_FL_V_25_fu_2735_p3     |    select|   0|  0|  23|           1|          23|
    |x_l_FL_V_26_fu_2925_p3     |    select|   0|  0|  23|           1|          23|
    |x_l_FL_V_27_fu_3110_p3     |    select|   0|  0|  23|           1|          23|
    |x_l_FL_V_28_fu_3293_p3     |    select|   0|  0|  23|           1|          23|
    |x_l_FL_V_29_fu_3475_p3     |    select|   0|  0|  23|           1|          23|
    |x_l_FL_V_30_fu_3665_p3     |    select|   0|  0|  23|           1|          23|
    |x_l_I_V_100_fu_1549_p3     |    select|   0|  0|  13|           1|          13|
    |x_l_I_V_101_fu_1597_p3     |    select|   0|  0|  13|           1|          13|
    |x_l_I_V_102_fu_1646_p3     |    select|   0|  0|  13|           1|          13|
    |x_l_I_V_103_fu_1690_p3     |    select|   0|  0|  13|           1|          13|
    |x_l_I_V_104_fu_1742_p3     |    select|   0|  0|  13|           1|          13|
    |x_l_I_V_105_fu_1776_p3     |    select|   0|  0|  13|           1|          13|
    |x_l_I_V_106_fu_1841_p3     |    select|   0|  0|  13|           1|          13|
    |x_l_I_V_107_fu_1889_p3     |    select|   0|  0|  13|           1|          13|
    |x_l_I_V_108_fu_1952_p3     |    select|   0|  0|  13|           1|          13|
    |x_l_I_V_109_fu_2005_p3     |    select|   0|  0|  13|           1|          13|
    |x_l_I_V_110_fu_2111_p3     |    select|   0|  0|  13|           1|          13|
    |x_l_I_V_111_fu_2218_p3     |    select|   0|  0|  13|           1|          13|
    |x_l_I_V_112_fu_2299_p3     |    select|   0|  0|  13|           1|          13|
    |x_l_I_V_113_fu_2385_p3     |    select|   0|  0|  13|           1|          13|
    |x_l_I_V_114_fu_2491_p3     |    select|   0|  0|  13|           1|          13|
    |x_l_I_V_115_fu_2566_p3     |    select|   0|  0|  13|           1|          13|
    |x_l_I_V_116_fu_2705_p3     |    select|   0|  0|  13|           1|          13|
    |x_l_I_V_117_fu_2746_p3     |    select|   0|  0|  13|           1|          13|
    |x_l_I_V_118_fu_2851_p3     |    select|   0|  0|  13|           1|          13|
    |x_l_I_V_119_fu_2958_p3     |    select|   0|  0|  13|           1|          13|
    |x_l_I_V_120_fu_3039_p3     |    select|   0|  0|  13|           1|          13|
    |x_l_I_V_121_fu_3125_p3     |    select|   0|  0|  13|           1|          13|
    |x_l_I_V_122_fu_3231_p3     |    select|   0|  0|  13|           1|          13|
    |x_l_I_V_123_fu_3306_p3     |    select|   0|  0|  13|           1|          13|
    |x_l_I_V_124_fu_3445_p3     |    select|   0|  0|  13|           1|          13|
    |x_l_I_V_125_fu_3486_p3     |    select|   0|  0|  13|           1|          13|
    |x_l_I_V_126_fu_3591_p3     |    select|   0|  0|  13|           1|          13|
    |x_l_I_V_127_fu_3698_p3     |    select|   0|  0|  13|           1|          13|
    |x_l_I_V_128_fu_3779_p3     |    select|   0|  0|  13|           1|          13|
    |x_l_I_V_129_fu_3865_p3     |    select|   0|  0|  13|           1|          13|
    |x_l_I_V_12_fu_740_p3       |    select|   0|  0|  13|           1|          13|
    |x_l_I_V_15_fu_902_p3       |    select|   0|  0|  13|           1|          13|
    |x_l_I_V_19_fu_1017_p3      |    select|   0|  0|  13|           1|          13|
    |x_l_I_V_23_fu_1132_p3      |    select|   0|  0|  13|           1|          13|
    |x_l_I_V_27_fu_1247_p3      |    select|   0|  0|  13|           1|          13|
    |x_l_I_V_81_fu_390_p3       |    select|   0|  0|  13|           1|          13|
    |x_l_I_V_82_fu_470_p3       |    select|   0|  0|  13|           1|          13|
    |x_l_I_V_83_fu_549_p3       |    select|   0|  0|  13|           1|          13|
    |x_l_I_V_84_fu_627_p3       |    select|   0|  0|  13|           1|          13|
    |x_l_I_V_85_fu_683_p3       |    select|   0|  0|  13|           1|          13|
    |x_l_I_V_87_fu_783_p3       |    select|   0|  0|  13|           1|          13|
    |x_l_I_V_89_fu_944_p3       |    select|   0|  0|  13|           1|          13|
    |x_l_I_V_91_fu_1059_p3      |    select|   0|  0|  13|           1|          13|
    |x_l_I_V_93_fu_1174_p3      |    select|   0|  0|  13|           1|          13|
    |x_l_I_V_95_fu_1307_p3      |    select|   0|  0|  13|           1|          13|
    |x_l_I_V_96_fu_1354_p3      |    select|   0|  0|  13|           1|          13|
    |x_l_I_V_97_fu_1398_p3      |    select|   0|  0|  13|           1|          13|
    |x_l_I_V_98_fu_1450_p3      |    select|   0|  0|  13|           1|          13|
    |x_l_I_V_99_fu_1484_p3      |    select|   0|  0|  13|           1|          13|
    |xor_ln1547_10_fu_3085_p2   |       xor|   0|  0|   2|           1|           2|
    |xor_ln1547_11_fu_3268_p2   |       xor|   0|  0|   2|           1|           2|
    |xor_ln1547_12_fu_3406_p2   |       xor|   0|  0|   2|           1|           2|
    |xor_ln1547_13_fu_3639_p2   |       xor|   0|  0|   2|           1|           2|
    |xor_ln1547_14_fu_3825_p2   |       xor|   0|  0|   2|           1|           2|
    |xor_ln1547_15_fu_3944_p2   |       xor|   0|  0|   2|           1|           2|
    |xor_ln1547_1_fu_925_p2     |       xor|   0|  0|   2|           1|           2|
    |xor_ln1547_2_fu_1040_p2    |       xor|   0|  0|   2|           1|           2|
    |xor_ln1547_3_fu_1155_p2    |       xor|   0|  0|   2|           1|           2|
    |xor_ln1547_4_fu_1280_p2    |       xor|   0|  0|   2|           1|           2|
    |xor_ln1547_5_fu_2159_p2    |       xor|   0|  0|   2|           1|           2|
    |xor_ln1547_6_fu_2345_p2    |       xor|   0|  0|   2|           1|           2|
    |xor_ln1547_7_fu_2528_p2    |       xor|   0|  0|   2|           1|           2|
    |xor_ln1547_8_fu_2666_p2    |       xor|   0|  0|   2|           1|           2|
    |xor_ln1547_9_fu_2899_p2    |       xor|   0|  0|   2|           1|           2|
    |xor_ln1547_fu_763_p2       |       xor|   0|  0|   2|           1|           2|
    |xor_ln1548_1_fu_2273_p2    |       xor|   0|  0|   2|           1|           2|
    |xor_ln1548_2_fu_2467_p2    |       xor|   0|  0|   2|           1|           2|
    |xor_ln1548_3_fu_2694_p2    |       xor|   0|  0|   2|           1|           2|
    |xor_ln1548_4_fu_2825_p2    |       xor|   0|  0|   2|           1|           2|
    |xor_ln1548_5_fu_3013_p2    |       xor|   0|  0|   2|           1|           2|
    |xor_ln1548_6_fu_3207_p2    |       xor|   0|  0|   2|           1|           2|
    |xor_ln1548_7_fu_3434_p2    |       xor|   0|  0|   2|           1|           2|
    |xor_ln1548_8_fu_3565_p2    |       xor|   0|  0|   2|           1|           2|
    |xor_ln1548_9_fu_3753_p2    |       xor|   0|  0|   2|           1|           2|
    |xor_ln1548_fu_2085_p2      |       xor|   0|  0|   2|           1|           2|
    |xor_ln331_10_fu_1941_p2    |       xor|   0|  0|   2|           1|           2|
    |xor_ln331_1_fu_2255_p2     |       xor|   0|  0|   2|           1|           2|
    |xor_ln331_2_fu_2451_p2     |       xor|   0|  0|   2|           1|           2|
    |xor_ln331_3_fu_2684_p2     |       xor|   0|  0|   2|           1|           2|
    |xor_ln331_4_fu_2807_p2     |       xor|   0|  0|   2|           1|           2|
    |xor_ln331_5_fu_2995_p2     |       xor|   0|  0|   2|           1|           2|
    |xor_ln331_6_fu_3191_p2     |       xor|   0|  0|   2|           1|           2|
    |xor_ln331_7_fu_3424_p2     |       xor|   0|  0|   2|           1|           2|
    |xor_ln331_8_fu_3547_p2     |       xor|   0|  0|   2|           1|           2|
    |xor_ln331_9_fu_3735_p2     |       xor|   0|  0|   2|           1|           2|
    |xor_ln331_fu_2067_p2       |       xor|   0|  0|   2|           1|           2|
    |xor_ln712_fu_1959_p2       |       xor|   0|  0|  23|          23|           2|
    +---------------------------+----------+----+---+----+------------+------------+
    |Total                      |          |   0|  0|5404|        3399|        4650|
    +---------------------------+----------+----+---+----+------------+------------+

    * Multiplexer: 
    N/A

    * Register: 
    +--------------------------------------+----+----+-----+-----------+
    |                 Name                 | FF | LUT| Bits| Const Bits|
    +--------------------------------------+----+----+-----+-----------+
    |add_ln258_reg_4051                    |   3|   0|    3|          0|
    |and_ln318_10_reg_4368                 |   1|   0|    1|          0|
    |and_ln318_13_reg_4450                 |   1|   0|    1|          0|
    |and_ln318_19_reg_4582                 |   1|   0|    1|          0|
    |and_ln318_1_reg_4129                  |   1|   0|    1|          0|
    |and_ln318_21_reg_4610                 |   1|   0|    1|          0|
    |and_ln318_27_reg_4742                 |   1|   0|    1|          0|
    |and_ln318_29_reg_4770                 |   1|   0|    1|          0|
    |and_ln318_2_reg_4196                  |   1|   0|    1|          0|
    |and_ln318_3_reg_4223                  |   1|   0|    1|          0|
    |and_ln318_4_reg_4250                  |   1|   0|    1|          0|
    |and_ln318_7_reg_4309                  |   1|   0|    1|          0|
    |delta_V_2_reg_4512                    |   1|   0|    1|          0|
    |delta_V_3_reg_4557                    |   1|   0|    1|          0|
    |delta_V_6_reg_4672                    |   1|   0|    1|          0|
    |delta_V_7_reg_4717                    |   1|   0|    1|          0|
    |icmp_ln1547_11_reg_4415               |   1|   0|    1|          0|
    |icmp_ln1547_12_reg_4425               |   1|   0|    1|          0|
    |icmp_ln1548_3_reg_4562                |   1|   0|    1|          0|
    |icmp_ln1548_7_reg_4722                |   1|   0|    1|          0|
    |icmp_ln1549_reg_4816                  |   1|   0|    1|          0|
    |icmp_ln1551_11_reg_4821               |   1|   0|    1|          0|
    |icmp_ln1551_reg_4420                  |   1|   0|    1|          0|
    |icmp_ln318_14_reg_4552                |   1|   0|    1|          0|
    |icmp_ln318_18_reg_4712                |   1|   0|    1|          0|
    |icmp_ln318_1_reg_4056                 |   1|   0|    1|          0|
    |icmp_ln318_22_reg_4297                |   1|   0|    1|          0|
    |icmp_ln318_28_reg_4356                |   1|   0|    1|          0|
    |icmp_ln489_2_reg_4074                 |   1|   0|    1|          0|
    |icmp_ln489_4_reg_4091                 |   1|   0|    1|          0|
    |icmp_ln489_reg_4045                   |   1|   0|    1|          0|
    |mul_FH_V_10_reg_4409                  |  17|   0|   23|          6|
    |mul_FH_V_14_reg_4547                  |  13|   0|   23|         10|
    |mul_FH_V_18_reg_4707                  |   9|   0|   23|         14|
    |mul_FH_V_4_reg_4292                   |  11|   0|   23|         12|
    |mul_FH_V_7_reg_4351                   |  14|   0|   23|          9|
    |p_Val2_17_reg_4134                    |  22|   0|   23|          1|
    |p_neg234_reg_4567                     |  23|   0|   23|          0|
    |p_neg238_reg_4727                     |  23|   0|   23|          0|
    |res_FH_V_45_reg_4190                  |   1|   0|   23|         22|
    |res_FH_V_46_reg_4217                  |  23|   0|   23|          0|
    |res_FH_V_47_reg_4244                  |  23|   0|   23|          0|
    |res_FH_V_49_reg_4271                  |  23|   0|   23|          0|
    |res_FH_V_50_reg_4303                  |  23|   0|   23|          0|
    |res_FH_V_52_reg_4362                  |  23|   0|   23|          0|
    |res_FH_V_54_reg_4389                  |  23|   0|   23|          0|
    |res_FH_V_56_reg_4456                  |  23|   0|   23|          0|
    |res_FH_V_57_reg_4479                  |  23|   0|   23|          0|
    |res_FH_V_58_reg_4524                  |  23|   0|   23|          0|
    |res_FH_V_60_reg_4616                  |  23|   0|   23|          0|
    |res_FH_V_61_reg_4639                  |  23|   0|   23|          0|
    |res_FH_V_62_reg_4684                  |  23|   0|   23|          0|
    |res_FH_V_64_reg_4776                  |  23|   0|   23|          0|
    |res_FH_V_65_reg_4799                  |  23|   0|   23|          0|
    |res_FH_V_reg_4330                     |  23|   0|   23|          0|
    |res_I_V_11_reg_4068                   |   5|   0|    5|          0|
    |res_I_V_13_reg_4105                   |   5|   0|    5|          0|
    |res_I_V_reg_4085                      |   5|   0|    5|          0|
    |sub_ln258_1_reg_4080                  |   5|   0|    5|          0|
    |tmp_13_reg_4789                       |  20|   0|   20|          0|
    |tmp_14_reg_4155                       |   4|   0|    4|          0|
    |tmp_15_reg_4165                       |   3|   0|    3|          0|
    |tmp_15_reg_4165_pp0_iter4_reg         |   3|   0|    3|          0|
    |tmp_16_reg_4175                       |   2|   0|    2|          0|
    |tmp_18_reg_4474                       |  10|   0|   10|          0|
    |tmp_19_reg_4507                       |   9|   0|    9|          0|
    |tmp_22_reg_4634                       |   6|   0|    6|          0|
    |tmp_23_reg_4667                       |   5|   0|    5|          0|
    |tmp_26_reg_4794                       |   2|   0|    2|          0|
    |tmp_39_reg_4185                       |   1|   0|    1|          0|
    |tmp_4_reg_4469                        |   4|   0|    4|          0|
    |tmp_59_reg_4811                       |   1|   0|    1|          0|
    |tmp_9_reg_4629                        |  12|   0|   12|          0|
    |trunc_ln104_1_reg_4160                |   2|   0|    2|          0|
    |trunc_ln104_1_reg_4160_pp0_iter4_reg  |   2|   0|    2|          0|
    |trunc_ln104_2_reg_4170                |   3|   0|    3|          0|
    |trunc_ln104_3_reg_4180                |   4|   0|    4|          0|
    |trunc_ln104_reg_4150                  |   1|   0|    1|          0|
    |trunc_ln740_reg_4040                  |  22|   0|   22|          0|
    |trunc_ln_reg_4035                     |  10|   0|   10|          0|
    |x_int_reg                             |  32|   0|   32|          0|
    |x_l_FH_V_37_reg_4201                  |  22|   0|   23|          1|
    |x_l_FH_V_39_reg_4228                  |  22|   0|   23|          1|
    |x_l_FH_V_41_reg_4255                  |  22|   0|   23|          1|
    |x_l_FH_V_43_reg_4277                  |  22|   0|   23|          1|
    |x_l_FH_V_47_reg_4314                  |  22|   0|   23|          1|
    |x_l_FH_V_49_reg_4336                  |  22|   0|   23|          1|
    |x_l_FH_V_53_reg_4373                  |  22|   0|   23|          1|
    |x_l_FH_V_55_reg_4395                  |  22|   0|   23|          1|
    |x_l_FH_V_57_reg_4430                  |  23|   0|   23|          0|
    |x_l_FH_V_58_reg_4445                  |  23|   0|   23|          0|
    |x_l_FH_V_61_reg_4490                  |  23|   0|   23|          0|
    |x_l_FH_V_63_reg_4535                  |  23|   0|   23|          0|
    |x_l_FH_V_65_reg_4590                  |  23|   0|   23|          0|
    |x_l_FH_V_66_reg_4605                  |  23|   0|   23|          0|
    |x_l_FH_V_69_reg_4650                  |  23|   0|   23|          0|
    |x_l_FH_V_71_reg_4695                  |  23|   0|   23|          0|
    |x_l_FH_V_73_reg_4750                  |  23|   0|   23|          0|
    |x_l_FH_V_74_reg_4765                  |  23|   0|   23|          0|
    |x_l_FH_V_77_reg_4805                  |  23|   0|   23|          0|
    |x_l_FL_V_13_reg_4679                  |  14|   0|   23|          9|
    |x_l_FL_V_15_reg_4737                  |  16|   0|   23|          7|
    |x_l_FL_V_22_reg_4462                  |   3|   0|   23|         20|
    |x_l_FL_V_23_reg_4485                  |   5|   0|   23|         18|
    |x_l_FL_V_24_reg_4530                  |   7|   0|   23|         16|
    |x_l_FL_V_26_reg_4622                  |  11|   0|   23|         12|
    |x_l_FL_V_27_reg_4645                  |  13|   0|   23|         10|
    |x_l_FL_V_28_reg_4690                  |  15|   0|   23|          8|
    |x_l_FL_V_30_reg_4782                  |  19|   0|   23|          4|
    |x_l_FL_V_5_reg_4519                   |   6|   0|   23|         17|
    |x_l_FL_V_7_reg_4577                   |   8|   0|   23|         15|
    |x_l_I_V_101_reg_4342                  |  13|   0|   13|          0|
    |x_l_I_V_105_reg_4380                  |  13|   0|   13|          0|
    |x_l_I_V_107_reg_4402                  |  13|   0|   13|          0|
    |x_l_I_V_109_reg_4435                  |  13|   0|   13|          0|
    |x_l_I_V_110_reg_4440                  |  13|   0|   13|          0|
    |x_l_I_V_113_reg_4499                  |  13|   0|   13|          0|
    |x_l_I_V_115_reg_4541                  |  13|   0|   13|          0|
    |x_l_I_V_117_reg_4595                  |  13|   0|   13|          0|
    |x_l_I_V_118_reg_4600                  |  13|   0|   13|          0|
    |x_l_I_V_121_reg_4659                  |  13|   0|   13|          0|
    |x_l_I_V_123_reg_4701                  |  13|   0|   13|          0|
    |x_l_I_V_125_reg_4755                  |  13|   0|   13|          0|
    |x_l_I_V_126_reg_4760                  |  13|   0|   13|          0|
    |x_l_I_V_60_reg_4572                   |  13|   0|   13|          0|
    |x_l_I_V_72_reg_4732                   |  13|   0|   13|          0|
    |x_l_I_V_82_reg_4062                   |  13|   0|   13|          0|
    |x_l_I_V_85_reg_4096                   |  13|   0|   13|          0|
    |x_l_I_V_87_reg_4141                   |  13|   0|   13|          0|
    |x_l_I_V_89_reg_4208                   |  13|   0|   13|          0|
    |x_l_I_V_91_reg_4235                   |  13|   0|   13|          0|
    |x_l_I_V_93_reg_4262                   |  13|   0|   13|          0|
    |x_l_I_V_95_reg_4283                   |  13|   0|   13|          0|
    |x_l_I_V_99_reg_4321                   |  13|   0|   13|          0|
    |x_read_reg_4030                       |  32|   0|   32|          0|
    |icmp_ln318_1_reg_4056                 |  64|  32|    1|          0|
    |res_I_V_13_reg_4105                   |  64|  32|    5|          0|
    |tmp_16_reg_4175                       |  64|  32|    2|          0|
    |tmp_39_reg_4185                       |  64|  32|    1|          0|
    |trunc_ln104_2_reg_4170                |  64|  32|    3|          0|
    |trunc_ln104_3_reg_4180                |  64|  32|    4|          0|
    |trunc_ln740_reg_4040                  |  64|  32|   22|          0|
    |x_read_reg_4030                       |  64|  32|   32|          0|
    +--------------------------------------+----+----+-----+-----------+
    |Total                                 |2078| 256| 1854|        218|
    +--------------------------------------+----+----+-----+-----------+



================================================================
== Interface
================================================================
* Summary: 
+-----------+-----+-----+------------+--------------------+--------------+
| RTL Ports | Dir | Bits|  Protocol  |    Source Object   |    C Type    |
+-----------+-----+-----+------------+--------------------+--------------+
|ap_clk     |   in|    1|  ap_ctrl_hs|  sqrt_fixed<32, 10>|  return value|
|ap_rst     |   in|    1|  ap_ctrl_hs|  sqrt_fixed<32, 10>|  return value|
|ap_return  |  out|   27|  ap_ctrl_hs|  sqrt_fixed<32, 10>|  return value|
|x          |   in|   32|     ap_none|                   x|        scalar|
+-----------+-----+-----+------------+--------------------+--------------+

