

================================================================
== Vitis HLS Report for 'GIN_compute_one_graph'
================================================================
* Date:           Wed Apr 14 23:03:40 2021

* Version:        2020.2 (Build 3064766 on Wed Nov 18 09:12:47 MST 2020)
* Project:        project_1
* Solution:       solution1 (Vivado IP Flow Target)
* Product family: virtexuplus
* Target device:  xcu280-fsvh2892-2L-e


================================================================
== Performance Estimates
================================================================
+ Timing: 
    * Summary: 
    +--------+----------+----------+------------+
    |  Clock |  Target  | Estimated| Uncertainty|
    +--------+----------+----------+------------+
    |ap_clk  |  10.00 ns|  7.300 ns|     2.70 ns|
    +--------+----------+----------+------------+

+ Latency: 
    * Summary: 
    +---------+---------+----------+----------+--------+--------+---------+
    |  Latency (cycles) |  Latency (absolute) |     Interval    | Pipeline|
    |   min   |   max   |    min   |    max   |   min  |   max  |   Type  |
    +---------+---------+----------+----------+--------+--------+---------+
    |   564707|   567275|  5.647 ms|  5.673 ms|  564708|  567276|     none|
    +---------+---------+----------+----------+--------+--------+---------+

    + Detail: 
        * Instance: 
        N/A

        * Loop: 
        +--------------------+---------+---------+-----------------+-----------+-----------+------+----------+
        |                    |  Latency (cycles) |    Iteration    |  Initiation Interval  | Trip |          |
        |      Loop Name     |   min   |   max   |     Latency     |  achieved |   target  | Count| Pipelined|
        +--------------------+---------+---------+-----------------+-----------+-----------+------+----------+
        |- VITIS_LOOP_450_2  |   503265|   504465|  100653 ~ 100893|          -|          -|     5|        no|
        +--------------------+---------+---------+-----------------+-----------+-----------+------+----------+

============================================================
+ Verbose Summary: Synthesis Manager
============================================================
InlineROM: 1
ExposeGlobal: 0
============================================================
+ Verbose Summary: CDFG Model
============================================================
IsTopModel: 1
ResetActiveHigh: 1
IsCombinational: 0
IsDatapathOnly: 0
HasWiredReturn: 1
HasMFsm: 0
HasVarLatency: 1
IsPipeline: 0
IsRtlPipelined: 0
IsInstanceOverlapped: 0
IsDontTouch: 0
HasImplIP: 0
IsGatedGlobalClock: 0


============================================================
+ Verbose Summary: Schedule
============================================================
* Number of FSM states : 9
* Pipeline : 0
* Dataflow Pipeline: 0

* FSM state transitions: 
1 --> 2 
2 --> 3 
3 --> 4 
4 --> 5 
5 --> 6 
6 --> 7 8 
7 --> 6 
8 --> 9 
9 --> 

* FSM state operations: 

State 1 <SV = 0> <Delay = 1.00>
ST_1 : Operation 10 [1/1] (1.00ns)   --->   "%task_read = read i64 @_ssdm_op_Read.s_axilite.i64, i64 %task_r" [GIN_compute.cpp:383]   --->   Operation 10 'read' 'task_read' <Predicate = true> <Delay = 1.00> <CoreInst = "s_axilite">   --->   Core 122 's_axilite' <Latency = 0> <II = 1> <Delay = 1.00> <Adapter> <Opcode : 'read' 'write'>
ST_1 : Operation 11 [1/1] (1.00ns)   --->   "%edge_attr_in_read = read i64 @_ssdm_op_Read.s_axilite.i64, i64 %edge_attr_in" [GIN_compute.cpp:383]   --->   Operation 11 'read' 'edge_attr_in_read' <Predicate = true> <Delay = 1.00> <CoreInst = "s_axilite">   --->   Core 122 's_axilite' <Latency = 0> <II = 1> <Delay = 1.00> <Adapter> <Opcode : 'read' 'write'>
ST_1 : Operation 12 [1/1] (1.00ns)   --->   "%edge_list_in_read = read i64 @_ssdm_op_Read.s_axilite.i64, i64 %edge_list_in" [GIN_compute.cpp:383]   --->   Operation 12 'read' 'edge_list_in_read' <Predicate = true> <Delay = 1.00> <CoreInst = "s_axilite">   --->   Core 122 's_axilite' <Latency = 0> <II = 1> <Delay = 1.00> <Adapter> <Opcode : 'read' 'write'>
ST_1 : Operation 13 [1/1] (1.00ns)   --->   "%node_feature_in_read = read i64 @_ssdm_op_Read.s_axilite.i64, i64 %node_feature_in" [GIN_compute.cpp:383]   --->   Operation 13 'read' 'node_feature_in_read' <Predicate = true> <Delay = 1.00> <CoreInst = "s_axilite">   --->   Core 122 's_axilite' <Latency = 0> <II = 1> <Delay = 1.00> <Adapter> <Opcode : 'read' 'write'>

State 2 <SV = 1> <Delay = 7.30>
ST_2 : Operation 14 [2/2] (7.30ns)   --->   "%call_ln442 = call void @load_graph, i32 %mem, i64 %node_feature_in_read, i64 %edge_list_in_read, i64 %edge_attr_in_read, i32 %node_feature, i32 %edge_attr, i32 %edge_list" [GIN_compute.cpp:442]   --->   Operation 14 'call' 'call_ln442' <Predicate = true> <Delay = 7.30> <CoreType = "Generic">   --->   Core 0 '' <Latency = 0> <II = 1> <Delay = 1.00> <Generic> <Opcode : >

State 3 <SV = 2> <Delay = 0.00>
ST_3 : Operation 15 [1/2] (0.00ns)   --->   "%call_ln442 = call void @load_graph, i32 %mem, i64 %node_feature_in_read, i64 %edge_list_in_read, i64 %edge_attr_in_read, i32 %node_feature, i32 %edge_attr, i32 %edge_list" [GIN_compute.cpp:442]   --->   Operation 15 'call' 'call_ln442' <Predicate = true> <Delay = 0.00> <CoreType = "Generic">   --->   Core 0 '' <Latency = 0> <II = 1> <Delay = 1.00> <Generic> <Opcode : >

State 4 <SV = 3> <Delay = 0.00>
ST_4 : Operation 16 [2/2] (0.00ns)   --->   "%call_ln447 = call void @compute_node_embedding, i32 %node_embedding_V, i5 %nd_feature_table_1, i32 %node_embedding_table_V, i32 %node_feature" [GIN_compute.cpp:447]   --->   Operation 16 'call' 'call_ln447' <Predicate = true> <Delay = 0.00> <CoreType = "Generic">   --->   Core 0 '' <Latency = 0> <II = 1> <Delay = 1.00> <Generic> <Opcode : >

State 5 <SV = 4> <Delay = 0.38>
ST_5 : Operation 17 [1/1] (0.00ns)   --->   "%spectopmodule_ln0 = spectopmodule void @_ssdm_op_SpecTopModule, void @empty_36"   --->   Operation 17 'spectopmodule' 'spectopmodule_ln0' <Predicate = true> <Delay = 0.00>
ST_5 : Operation 18 [1/1] (0.00ns)   --->   "%specinterface_ln0 = specinterface void @_ssdm_op_SpecInterface, i32 %mem, void @empty_20, i32 0, i32 0, void @empty_9, i32 0, i32 100000, void @empty_8, void @empty_7, void @empty_9, i32 16, i32 16, i32 16, i32 16, void @empty_9, void @empty_9"   --->   Operation 18 'specinterface' 'specinterface_ln0' <Predicate = true> <Delay = 0.00>
ST_5 : Operation 19 [1/1] (0.00ns)   --->   "%specbitsmap_ln0 = specbitsmap void @_ssdm_op_SpecBitsMap, i32 %mem"   --->   Operation 19 'specbitsmap' 'specbitsmap_ln0' <Predicate = true> <Delay = 0.00>
ST_5 : Operation 20 [1/1] (0.00ns)   --->   "%specinterface_ln0 = specinterface void @_ssdm_op_SpecInterface, i64 %node_feature_in, void @empty_16, i32 0, i32 0, void @empty_9, i32 0, i32 0, void @empty_15, void @empty_4, void @empty_9, i32 0, i32 0, i32 0, i32 0, void @empty_9, void @empty_34"   --->   Operation 20 'specinterface' 'specinterface_ln0' <Predicate = true> <Delay = 0.00>
ST_5 : Operation 21 [1/1] (0.00ns)   --->   "%specinterface_ln0 = specinterface void @_ssdm_op_SpecInterface, i64 %node_feature_in, void @empty_22, i32 0, i32 0, void @empty_9, i32 0, i32 0, void @empty_9, void @empty_9, void @empty_9, i32 0, i32 0, i32 0, i32 0, void @empty_9, void @empty_34"   --->   Operation 21 'specinterface' 'specinterface_ln0' <Predicate = true> <Delay = 0.00>
ST_5 : Operation 22 [1/1] (0.00ns)   --->   "%specinterface_ln0 = specinterface void @_ssdm_op_SpecInterface, i64 %edge_list_in, void @empty_16, i32 0, i32 0, void @empty_9, i32 0, i32 0, void @empty_15, void @empty_33, void @empty_9, i32 0, i32 0, i32 0, i32 0, void @empty_9, void @empty_34"   --->   Operation 22 'specinterface' 'specinterface_ln0' <Predicate = true> <Delay = 0.00>
ST_5 : Operation 23 [1/1] (0.00ns)   --->   "%specinterface_ln0 = specinterface void @_ssdm_op_SpecInterface, i64 %edge_list_in, void @empty_22, i32 0, i32 0, void @empty_9, i32 0, i32 0, void @empty_9, void @empty_9, void @empty_9, i32 0, i32 0, i32 0, i32 0, void @empty_9, void @empty_34"   --->   Operation 23 'specinterface' 'specinterface_ln0' <Predicate = true> <Delay = 0.00>
ST_5 : Operation 24 [1/1] (0.00ns)   --->   "%specinterface_ln0 = specinterface void @_ssdm_op_SpecInterface, i64 %edge_attr_in, void @empty_16, i32 0, i32 0, void @empty_9, i32 0, i32 0, void @empty_15, void @empty_31, void @empty_9, i32 0, i32 0, i32 0, i32 0, void @empty_9, void @empty_34"   --->   Operation 24 'specinterface' 'specinterface_ln0' <Predicate = true> <Delay = 0.00>
ST_5 : Operation 25 [1/1] (0.00ns)   --->   "%specinterface_ln0 = specinterface void @_ssdm_op_SpecInterface, i64 %edge_attr_in, void @empty_22, i32 0, i32 0, void @empty_9, i32 0, i32 0, void @empty_9, void @empty_9, void @empty_9, i32 0, i32 0, i32 0, i32 0, void @empty_9, void @empty_34"   --->   Operation 25 'specinterface' 'specinterface_ln0' <Predicate = true> <Delay = 0.00>
ST_5 : Operation 26 [1/1] (0.00ns)   --->   "%specinterface_ln0 = specinterface void @_ssdm_op_SpecInterface, i64 %graph_attr, void @empty_16, i32 0, i32 0, void @empty_9, i32 0, i32 0, void @empty_15, void @empty_30, void @empty_9, i32 0, i32 0, i32 0, i32 0, void @empty_9, void @empty_34"   --->   Operation 26 'specinterface' 'specinterface_ln0' <Predicate = true> <Delay = 0.00>
ST_5 : Operation 27 [1/1] (0.00ns)   --->   "%specinterface_ln0 = specinterface void @_ssdm_op_SpecInterface, i64 %graph_attr, void @empty_22, i32 0, i32 0, void @empty_9, i32 0, i32 0, void @empty_9, void @empty_9, void @empty_9, i32 0, i32 0, i32 0, i32 0, void @empty_9, void @empty_34"   --->   Operation 27 'specinterface' 'specinterface_ln0' <Predicate = true> <Delay = 0.00>
ST_5 : Operation 28 [1/1] (0.00ns)   --->   "%specinterface_ln0 = specinterface void @_ssdm_op_SpecInterface, i64 %task_r, void @empty_16, i32 0, i32 0, void @empty_9, i32 0, i32 0, void @empty_15, void @empty_10, void @empty_9, i32 0, i32 0, i32 0, i32 0, void @empty_9, void @empty_34"   --->   Operation 28 'specinterface' 'specinterface_ln0' <Predicate = true> <Delay = 0.00>
ST_5 : Operation 29 [1/1] (0.00ns)   --->   "%specinterface_ln0 = specinterface void @_ssdm_op_SpecInterface, i64 %task_r, void @empty_22, i32 0, i32 0, void @empty_9, i32 0, i32 0, void @empty_9, void @empty_9, void @empty_9, i32 0, i32 0, i32 0, i32 0, void @empty_9, void @empty_34"   --->   Operation 29 'specinterface' 'specinterface_ln0' <Predicate = true> <Delay = 0.00>
ST_5 : Operation 30 [1/1] (0.00ns)   --->   "%specinterface_ln0 = specinterface void @_ssdm_op_SpecInterface, i64 %gnn_node_mlp_1_weights_fixed, void @empty_16, i32 0, i32 0, void @empty_9, i32 0, i32 0, void @empty_15, void @empty_29, void @empty_9, i32 0, i32 0, i32 0, i32 0, void @empty_9, void @empty_34"   --->   Operation 30 'specinterface' 'specinterface_ln0' <Predicate = true> <Delay = 0.00>
ST_5 : Operation 31 [1/1] (0.00ns)   --->   "%specinterface_ln0 = specinterface void @_ssdm_op_SpecInterface, i64 %gnn_node_mlp_1_weights_fixed, void @empty_22, i32 0, i32 0, void @empty_9, i32 0, i32 0, void @empty_9, void @empty_9, void @empty_9, i32 0, i32 0, i32 0, i32 0, void @empty_9, void @empty_34"   --->   Operation 31 'specinterface' 'specinterface_ln0' <Predicate = true> <Delay = 0.00>
ST_5 : Operation 32 [1/1] (0.00ns)   --->   "%specinterface_ln0 = specinterface void @_ssdm_op_SpecInterface, i64 %gnn_node_mlp_1_bias_fixed, void @empty_16, i32 0, i32 0, void @empty_9, i32 0, i32 0, void @empty_15, void @empty_32, void @empty_9, i32 0, i32 0, i32 0, i32 0, void @empty_9, void @empty_34"   --->   Operation 32 'specinterface' 'specinterface_ln0' <Predicate = true> <Delay = 0.00>
ST_5 : Operation 33 [1/1] (0.00ns)   --->   "%specinterface_ln0 = specinterface void @_ssdm_op_SpecInterface, i64 %gnn_node_mlp_1_bias_fixed, void @empty_22, i32 0, i32 0, void @empty_9, i32 0, i32 0, void @empty_9, void @empty_9, void @empty_9, i32 0, i32 0, i32 0, i32 0, void @empty_9, void @empty_34"   --->   Operation 33 'specinterface' 'specinterface_ln0' <Predicate = true> <Delay = 0.00>
ST_5 : Operation 34 [1/1] (0.00ns)   --->   "%specinterface_ln0 = specinterface void @_ssdm_op_SpecInterface, i64 %gnn_node_mlp_2_weights_fixed, void @empty_16, i32 0, i32 0, void @empty_9, i32 0, i32 0, void @empty_15, void @empty_2, void @empty_9, i32 0, i32 0, i32 0, i32 0, void @empty_9, void @empty_34"   --->   Operation 34 'specinterface' 'specinterface_ln0' <Predicate = true> <Delay = 0.00>
ST_5 : Operation 35 [1/1] (0.00ns)   --->   "%specinterface_ln0 = specinterface void @_ssdm_op_SpecInterface, i64 %gnn_node_mlp_2_weights_fixed, void @empty_22, i32 0, i32 0, void @empty_9, i32 0, i32 0, void @empty_9, void @empty_9, void @empty_9, i32 0, i32 0, i32 0, i32 0, void @empty_9, void @empty_34"   --->   Operation 35 'specinterface' 'specinterface_ln0' <Predicate = true> <Delay = 0.00>
ST_5 : Operation 36 [1/1] (0.00ns)   --->   "%specinterface_ln0 = specinterface void @_ssdm_op_SpecInterface, i64 %gnn_node_mlp_2_bias_fixed, void @empty_16, i32 0, i32 0, void @empty_9, i32 0, i32 0, void @empty_15, void @empty_11, void @empty_9, i32 0, i32 0, i32 0, i32 0, void @empty_9, void @empty_34"   --->   Operation 36 'specinterface' 'specinterface_ln0' <Predicate = true> <Delay = 0.00>
ST_5 : Operation 37 [1/1] (0.00ns)   --->   "%specinterface_ln0 = specinterface void @_ssdm_op_SpecInterface, i64 %gnn_node_mlp_2_bias_fixed, void @empty_22, i32 0, i32 0, void @empty_9, i32 0, i32 0, void @empty_9, void @empty_9, void @empty_9, i32 0, i32 0, i32 0, i32 0, void @empty_9, void @empty_34"   --->   Operation 37 'specinterface' 'specinterface_ln0' <Predicate = true> <Delay = 0.00>
ST_5 : Operation 38 [1/1] (0.00ns)   --->   "%specinterface_ln0 = specinterface void @_ssdm_op_SpecInterface, i64 %gnn_node_embedding_fixed, void @empty_16, i32 0, i32 0, void @empty_9, i32 0, i32 0, void @empty_15, void @empty_21, void @empty_9, i32 0, i32 0, i32 0, i32 0, void @empty_9, void @empty_34"   --->   Operation 38 'specinterface' 'specinterface_ln0' <Predicate = true> <Delay = 0.00>
ST_5 : Operation 39 [1/1] (0.00ns)   --->   "%specinterface_ln0 = specinterface void @_ssdm_op_SpecInterface, i64 %gnn_node_embedding_fixed, void @empty_22, i32 0, i32 0, void @empty_9, i32 0, i32 0, void @empty_9, void @empty_9, void @empty_9, i32 0, i32 0, i32 0, i32 0, void @empty_9, void @empty_34"   --->   Operation 39 'specinterface' 'specinterface_ln0' <Predicate = true> <Delay = 0.00>
ST_5 : Operation 40 [1/1] (0.00ns)   --->   "%specinterface_ln0 = specinterface void @_ssdm_op_SpecInterface, i64 %gnn_edge_embedding_fixed, void @empty_16, i32 0, i32 0, void @empty_9, i32 0, i32 0, void @empty_15, void @empty_23, void @empty_9, i32 0, i32 0, i32 0, i32 0, void @empty_9, void @empty_34"   --->   Operation 40 'specinterface' 'specinterface_ln0' <Predicate = true> <Delay = 0.00>
ST_5 : Operation 41 [1/1] (0.00ns)   --->   "%specinterface_ln0 = specinterface void @_ssdm_op_SpecInterface, i64 %gnn_edge_embedding_fixed, void @empty_22, i32 0, i32 0, void @empty_9, i32 0, i32 0, void @empty_9, void @empty_9, void @empty_9, i32 0, i32 0, i32 0, i32 0, void @empty_9, void @empty_34"   --->   Operation 41 'specinterface' 'specinterface_ln0' <Predicate = true> <Delay = 0.00>
ST_5 : Operation 42 [1/1] (0.00ns)   --->   "%specinterface_ln0 = specinterface void @_ssdm_op_SpecInterface, i64 %graph_pred_linear_weight_fixed, void @empty_16, i32 0, i32 0, void @empty_9, i32 0, i32 0, void @empty_15, void @empty_6, void @empty_9, i32 0, i32 0, i32 0, i32 0, void @empty_9, void @empty_34"   --->   Operation 42 'specinterface' 'specinterface_ln0' <Predicate = true> <Delay = 0.00>
ST_5 : Operation 43 [1/1] (0.00ns)   --->   "%specinterface_ln0 = specinterface void @_ssdm_op_SpecInterface, i64 %graph_pred_linear_weight_fixed, void @empty_22, i32 0, i32 0, void @empty_9, i32 0, i32 0, void @empty_9, void @empty_9, void @empty_9, i32 0, i32 0, i32 0, i32 0, void @empty_9, void @empty_34"   --->   Operation 43 'specinterface' 'specinterface_ln0' <Predicate = true> <Delay = 0.00>
ST_5 : Operation 44 [1/1] (0.00ns)   --->   "%specinterface_ln0 = specinterface void @_ssdm_op_SpecInterface, i64 %graph_pred_linear_bias_fixed, void @empty_16, i32 0, i32 0, void @empty_9, i32 0, i32 0, void @empty_15, void @empty_17, void @empty_9, i32 0, i32 0, i32 0, i32 0, void @empty_9, void @empty_34"   --->   Operation 44 'specinterface' 'specinterface_ln0' <Predicate = true> <Delay = 0.00>
ST_5 : Operation 45 [1/1] (0.00ns)   --->   "%specinterface_ln0 = specinterface void @_ssdm_op_SpecInterface, i64 %graph_pred_linear_bias_fixed, void @empty_22, i32 0, i32 0, void @empty_9, i32 0, i32 0, void @empty_9, void @empty_9, void @empty_9, i32 0, i32 0, i32 0, i32 0, void @empty_9, void @empty_34"   --->   Operation 45 'specinterface' 'specinterface_ln0' <Predicate = true> <Delay = 0.00>
ST_5 : Operation 46 [1/1] (0.00ns)   --->   "%specinterface_ln0 = specinterface void @_ssdm_op_SpecInterface, i64 %eps_fixed, void @empty_16, i32 0, i32 0, void @empty_9, i32 0, i32 0, void @empty_15, void @empty_18, void @empty_9, i32 0, i32 0, i32 0, i32 0, void @empty_9, void @empty_34"   --->   Operation 46 'specinterface' 'specinterface_ln0' <Predicate = true> <Delay = 0.00>
ST_5 : Operation 47 [1/1] (0.00ns)   --->   "%specinterface_ln0 = specinterface void @_ssdm_op_SpecInterface, i64 %eps_fixed, void @empty_22, i32 0, i32 0, void @empty_9, i32 0, i32 0, void @empty_9, void @empty_9, void @empty_9, i32 0, i32 0, i32 0, i32 0, void @empty_9, void @empty_34"   --->   Operation 47 'specinterface' 'specinterface_ln0' <Predicate = true> <Delay = 0.00>
ST_5 : Operation 48 [1/1] (0.00ns)   --->   "%specinterface_ln0 = specinterface void @_ssdm_op_SpecInterface, i32 0, void @empty_16, i32 0, i32 0, void @empty_9, i32 0, i32 0, void @empty_15, void @empty_9, void @empty_9, i32 0, i32 0, i32 0, i32 0, void @empty_9, void @empty_9"   --->   Operation 48 'specinterface' 'specinterface_ln0' <Predicate = true> <Delay = 0.00>
ST_5 : Operation 49 [1/1] (0.00ns)   --->   "%specmemcore_ln394 = specmemcore void @_ssdm_op_SpecMemCore, i32 %node_feature, i64 666, i64 22, i64 18446744073709551615" [GIN_compute.cpp:394]   --->   Operation 49 'specmemcore' 'specmemcore_ln394' <Predicate = true> <Delay = 0.00>
ST_5 : Operation 50 [1/1] (0.00ns)   --->   "%specmemcore_ln412 = specmemcore void @_ssdm_op_SpecMemCore, i32 %edge_attr, i64 666, i64 22, i64 18446744073709551615" [GIN_compute.cpp:412]   --->   Operation 50 'specmemcore' 'specmemcore_ln412' <Predicate = true> <Delay = 0.00>
ST_5 : Operation 51 [1/1] (0.00ns)   --->   "%specmemcore_ln413 = specmemcore void @_ssdm_op_SpecMemCore, i32 %edge_list, i64 666, i64 22, i64 18446744073709551615" [GIN_compute.cpp:413]   --->   Operation 51 'specmemcore' 'specmemcore_ln413' <Predicate = true> <Delay = 0.00>
ST_5 : Operation 52 [1/1] (0.00ns)   --->   "%specmemcore_ln414 = specmemcore void @_ssdm_op_SpecMemCore, i32 %mlp_in_V_0, i32 %mlp_in_V_1, i32 %mlp_in_V_2, i32 %mlp_in_V_3, i32 %mlp_in_V_4, i32 %mlp_in_V_5, i32 %mlp_in_V_6, i32 %mlp_in_V_7, i32 %mlp_in_V_8, i32 %mlp_in_V_9, i32 %mlp_in_V_10, i32 %mlp_in_V_11, i32 %mlp_in_V_12, i32 %mlp_in_V_13, i32 %mlp_in_V_14, i32 %mlp_in_V_15, i32 %mlp_in_V_16, i32 %mlp_in_V_17, i32 %mlp_in_V_18, i32 %mlp_in_V_19, i32 %mlp_in_V_20, i32 %mlp_in_V_21, i32 %mlp_in_V_22, i32 %mlp_in_V_23, i32 %mlp_in_V_24, i32 %mlp_in_V_25, i32 %mlp_in_V_26, i32 %mlp_in_V_27, i32 %mlp_in_V_28, i32 %mlp_in_V_29, i32 %mlp_in_V_30, i32 %mlp_in_V_31, i32 %mlp_in_V_32, i32 %mlp_in_V_33, i32 %mlp_in_V_34, i32 %mlp_in_V_35, i32 %mlp_in_V_36, i32 %mlp_in_V_37, i32 %mlp_in_V_38, i32 %mlp_in_V_39, i32 %mlp_in_V_40, i32 %mlp_in_V_41, i32 %mlp_in_V_42, i32 %mlp_in_V_43, i32 %mlp_in_V_44, i32 %mlp_in_V_45, i32 %mlp_in_V_46, i32 %mlp_in_V_47, i32 %mlp_in_V_48, i32 %mlp_in_V_49, i32 %mlp_in_V_50, i32 %mlp_in_V_51, i32 %mlp_in_V_52, i32 %mlp_in_V_53, i32 %mlp_in_V_54, i32 %mlp_in_V_55, i32 %mlp_in_V_56, i32 %mlp_in_V_57, i32 %mlp_in_V_58, i32 %mlp_in_V_59, i32 %mlp_in_V_60, i32 %mlp_in_V_61, i32 %mlp_in_V_62, i32 %mlp_in_V_63, i32 %mlp_in_V_64, i32 %mlp_in_V_65, i32 %mlp_in_V_66, i32 %mlp_in_V_67, i32 %mlp_in_V_68, i32 %mlp_in_V_69, i32 %mlp_in_V_70, i32 %mlp_in_V_71, i32 %mlp_in_V_72, i32 %mlp_in_V_73, i32 %mlp_in_V_74, i32 %mlp_in_V_75, i32 %mlp_in_V_76, i32 %mlp_in_V_77, i32 %mlp_in_V_78, i32 %mlp_in_V_79, i32 %mlp_in_V_80, i32 %mlp_in_V_81, i32 %mlp_in_V_82, i32 %mlp_in_V_83, i32 %mlp_in_V_84, i32 %mlp_in_V_85, i32 %mlp_in_V_86, i32 %mlp_in_V_87, i32 %mlp_in_V_88, i32 %mlp_in_V_89, i32 %mlp_in_V_90, i32 %mlp_in_V_91, i32 %mlp_in_V_92, i32 %mlp_in_V_93, i32 %mlp_in_V_94, i32 %mlp_in_V_95, i32 %mlp_in_V_96, i32 %mlp_in_V_97, i32 %mlp_in_V_98, i32 %mlp_in_V_99, i32 %mlp_in_V_100, i32 %mlp_in_V_101, i32 %mlp_in_V_102, i32 %mlp_in_V_103, i32 %mlp_in_V_104, i32 %mlp_in_V_105, i32 %mlp_in_V_106, i32 %mlp_in_V_107, i32 %mlp_in_V_108, i32 %mlp_in_V_109, i32 %mlp_in_V_110, i32 %mlp_in_V_111, i32 %mlp_in_V_112, i32 %mlp_in_V_113, i32 %mlp_in_V_114, i32 %mlp_in_V_115, i32 %mlp_in_V_116, i32 %mlp_in_V_117, i32 %mlp_in_V_118, i32 %mlp_in_V_119, i32 %mlp_in_V_120, i32 %mlp_in_V_121, i32 %mlp_in_V_122, i32 %mlp_in_V_123, i32 %mlp_in_V_124, i32 %mlp_in_V_125, i32 %mlp_in_V_126, i32 %mlp_in_V_127, i32 %mlp_in_V_128, i32 %mlp_in_V_129, i32 %mlp_in_V_130, i32 %mlp_in_V_131, i32 %mlp_in_V_132, i32 %mlp_in_V_133, i32 %mlp_in_V_134, i32 %mlp_in_V_135, i32 %mlp_in_V_136, i32 %mlp_in_V_137, i32 %mlp_in_V_138, i32 %mlp_in_V_139, i32 %mlp_in_V_140, i32 %mlp_in_V_141, i32 %mlp_in_V_142, i32 %mlp_in_V_143, i32 %mlp_in_V_144, i32 %mlp_in_V_145, i32 %mlp_in_V_146, i32 %mlp_in_V_147, i32 %mlp_in_V_148, i32 %mlp_in_V_149, i32 %mlp_in_V_150, i32 %mlp_in_V_151, i32 %mlp_in_V_152, i32 %mlp_in_V_153, i32 %mlp_in_V_154, i32 %mlp_in_V_155, i32 %mlp_in_V_156, i32 %mlp_in_V_157, i32 %mlp_in_V_158, i32 %mlp_in_V_159, i32 %mlp_in_V_160, i32 %mlp_in_V_161, i32 %mlp_in_V_162, i32 %mlp_in_V_163, i32 %mlp_in_V_164, i32 %mlp_in_V_165, i32 %mlp_in_V_166, i32 %mlp_in_V_167, i32 %mlp_in_V_168, i32 %mlp_in_V_169, i32 %mlp_in_V_170, i32 %mlp_in_V_171, i32 %mlp_in_V_172, i32 %mlp_in_V_173, i32 %mlp_in_V_174, i32 %mlp_in_V_175, i32 %mlp_in_V_176, i32 %mlp_in_V_177, i32 %mlp_in_V_178, i32 %mlp_in_V_179, i32 %mlp_in_V_180, i32 %mlp_in_V_181, i32 %mlp_in_V_182, i32 %mlp_in_V_183, i32 %mlp_in_V_184, i32 %mlp_in_V_185, i32 %mlp_in_V_186, i32 %mlp_in_V_187, i32 %mlp_in_V_188, i32 %mlp_in_V_189, i32 %mlp_in_V_190, i32 %mlp_in_V_191, i32 %mlp_in_V_192, i32 %mlp_in_V_193, i32 %mlp_in_V_194, i32 %mlp_in_V_195, i32 %mlp_in_V_196, i32 %mlp_in_V_197, i32 %mlp_in_V_198, i32 %mlp_in_V_199, i32 %mlp_in_V_200, i32 %mlp_in_V_201, i32 %mlp_in_V_202, i32 %mlp_in_V_203, i32 %mlp_in_V_204, i32 %mlp_in_V_205, i32 %mlp_in_V_206, i32 %mlp_in_V_207, i32 %mlp_in_V_208, i32 %mlp_in_V_209, i32 %mlp_in_V_210, i32 %mlp_in_V_211, i32 %mlp_in_V_212, i32 %mlp_in_V_213, i32 %mlp_in_V_214, i32 %mlp_in_V_215, i32 %mlp_in_V_216, i32 %mlp_in_V_217, i32 %mlp_in_V_218, i32 %mlp_in_V_219, i32 %mlp_in_V_220, i32 %mlp_in_V_221, i32 %mlp_in_V_222, i32 %mlp_in_V_223, i32 %mlp_in_V_224, i32 %mlp_in_V_225, i32 %mlp_in_V_226, i32 %mlp_in_V_227, i32 %mlp_in_V_228, i32 %mlp_in_V_229, i32 %mlp_in_V_230, i32 %mlp_in_V_231, i32 %mlp_in_V_232, i32 %mlp_in_V_233, i32 %mlp_in_V_234, i32 %mlp_in_V_235, i32 %mlp_in_V_236, i32 %mlp_in_V_237, i32 %mlp_in_V_238, i32 %mlp_in_V_239, i32 %mlp_in_V_240, i32 %mlp_in_V_241, i32 %mlp_in_V_242, i32 %mlp_in_V_243, i32 %mlp_in_V_244, i32 %mlp_in_V_245, i32 %mlp_in_V_246, i32 %mlp_in_V_247, i32 %mlp_in_V_248, i32 %mlp_in_V_249, i32 %mlp_in_V_250, i32 %mlp_in_V_251, i32 %mlp_in_V_252, i32 %mlp_in_V_253, i32 %mlp_in_V_254, i32 %mlp_in_V_255, i32 %mlp_in_V_256, i32 %mlp_in_V_257, i32 %mlp_in_V_258, i32 %mlp_in_V_259, i32 %mlp_in_V_260, i32 %mlp_in_V_261, i32 %mlp_in_V_262, i32 %mlp_in_V_263, i32 %mlp_in_V_264, i32 %mlp_in_V_265, i32 %mlp_in_V_266, i32 %mlp_in_V_267, i32 %mlp_in_V_268, i32 %mlp_in_V_269, i32 %mlp_in_V_270, i32 %mlp_in_V_271, i32 %mlp_in_V_272, i32 %mlp_in_V_273, i32 %mlp_in_V_274, i32 %mlp_in_V_275, i32 %mlp_in_V_276, i32 %mlp_in_V_277, i32 %mlp_in_V_278, i32 %mlp_in_V_279, i32 %mlp_in_V_280, i32 %mlp_in_V_281, i32 %mlp_in_V_282, i32 %mlp_in_V_283, i32 %mlp_in_V_284, i32 %mlp_in_V_285, i32 %mlp_in_V_286, i32 %mlp_in_V_287, i32 %mlp_in_V_288, i32 %mlp_in_V_289, i32 %mlp_in_V_290, i32 %mlp_in_V_291, i32 %mlp_in_V_292, i32 %mlp_in_V_293, i32 %mlp_in_V_294, i32 %mlp_in_V_295, i32 %mlp_in_V_296, i32 %mlp_in_V_297, i32 %mlp_in_V_298, i32 %mlp_in_V_299, i64 666, i64 22, i64 18446744073709551615" [GIN_compute.cpp:414]   --->   Operation 52 'specmemcore' 'specmemcore_ln414' <Predicate = true> <Delay = 0.00>
ST_5 : Operation 53 [1/1] (0.00ns)   --->   "%specmemcore_ln415 = specmemcore void @_ssdm_op_SpecMemCore, i32 %mlp_out_V_0, i32 %mlp_out_V_1, i32 %mlp_out_V_2, i32 %mlp_out_V_3, i32 %mlp_out_V_4, i32 %mlp_out_V_5, i32 %mlp_out_V_6, i32 %mlp_out_V_7, i32 %mlp_out_V_8, i32 %mlp_out_V_9, i32 %mlp_out_V_10, i32 %mlp_out_V_11, i32 %mlp_out_V_12, i32 %mlp_out_V_13, i32 %mlp_out_V_14, i32 %mlp_out_V_15, i32 %mlp_out_V_16, i32 %mlp_out_V_17, i32 %mlp_out_V_18, i32 %mlp_out_V_19, i32 %mlp_out_V_20, i32 %mlp_out_V_21, i32 %mlp_out_V_22, i32 %mlp_out_V_23, i32 %mlp_out_V_24, i32 %mlp_out_V_25, i32 %mlp_out_V_26, i32 %mlp_out_V_27, i32 %mlp_out_V_28, i32 %mlp_out_V_29, i32 %mlp_out_V_30, i32 %mlp_out_V_31, i32 %mlp_out_V_32, i32 %mlp_out_V_33, i32 %mlp_out_V_34, i32 %mlp_out_V_35, i32 %mlp_out_V_36, i32 %mlp_out_V_37, i32 %mlp_out_V_38, i32 %mlp_out_V_39, i32 %mlp_out_V_40, i32 %mlp_out_V_41, i32 %mlp_out_V_42, i32 %mlp_out_V_43, i32 %mlp_out_V_44, i32 %mlp_out_V_45, i32 %mlp_out_V_46, i32 %mlp_out_V_47, i32 %mlp_out_V_48, i32 %mlp_out_V_49, i32 %mlp_out_V_50, i32 %mlp_out_V_51, i32 %mlp_out_V_52, i32 %mlp_out_V_53, i32 %mlp_out_V_54, i32 %mlp_out_V_55, i32 %mlp_out_V_56, i32 %mlp_out_V_57, i32 %mlp_out_V_58, i32 %mlp_out_V_59, i32 %mlp_out_V_60, i32 %mlp_out_V_61, i32 %mlp_out_V_62, i32 %mlp_out_V_63, i32 %mlp_out_V_64, i32 %mlp_out_V_65, i32 %mlp_out_V_66, i32 %mlp_out_V_67, i32 %mlp_out_V_68, i32 %mlp_out_V_69, i32 %mlp_out_V_70, i32 %mlp_out_V_71, i32 %mlp_out_V_72, i32 %mlp_out_V_73, i32 %mlp_out_V_74, i32 %mlp_out_V_75, i32 %mlp_out_V_76, i32 %mlp_out_V_77, i32 %mlp_out_V_78, i32 %mlp_out_V_79, i32 %mlp_out_V_80, i32 %mlp_out_V_81, i32 %mlp_out_V_82, i32 %mlp_out_V_83, i32 %mlp_out_V_84, i32 %mlp_out_V_85, i32 %mlp_out_V_86, i32 %mlp_out_V_87, i32 %mlp_out_V_88, i32 %mlp_out_V_89, i32 %mlp_out_V_90, i32 %mlp_out_V_91, i32 %mlp_out_V_92, i32 %mlp_out_V_93, i32 %mlp_out_V_94, i32 %mlp_out_V_95, i32 %mlp_out_V_96, i32 %mlp_out_V_97, i32 %mlp_out_V_98, i32 %mlp_out_V_99, i32 %mlp_out_V_100, i32 %mlp_out_V_101, i32 %mlp_out_V_102, i32 %mlp_out_V_103, i32 %mlp_out_V_104, i32 %mlp_out_V_105, i32 %mlp_out_V_106, i32 %mlp_out_V_107, i32 %mlp_out_V_108, i32 %mlp_out_V_109, i32 %mlp_out_V_110, i32 %mlp_out_V_111, i32 %mlp_out_V_112, i32 %mlp_out_V_113, i32 %mlp_out_V_114, i32 %mlp_out_V_115, i32 %mlp_out_V_116, i32 %mlp_out_V_117, i32 %mlp_out_V_118, i32 %mlp_out_V_119, i32 %mlp_out_V_120, i32 %mlp_out_V_121, i32 %mlp_out_V_122, i32 %mlp_out_V_123, i32 %mlp_out_V_124, i32 %mlp_out_V_125, i32 %mlp_out_V_126, i32 %mlp_out_V_127, i32 %mlp_out_V_128, i32 %mlp_out_V_129, i32 %mlp_out_V_130, i32 %mlp_out_V_131, i32 %mlp_out_V_132, i32 %mlp_out_V_133, i32 %mlp_out_V_134, i32 %mlp_out_V_135, i32 %mlp_out_V_136, i32 %mlp_out_V_137, i32 %mlp_out_V_138, i32 %mlp_out_V_139, i32 %mlp_out_V_140, i32 %mlp_out_V_141, i32 %mlp_out_V_142, i32 %mlp_out_V_143, i32 %mlp_out_V_144, i32 %mlp_out_V_145, i32 %mlp_out_V_146, i32 %mlp_out_V_147, i32 %mlp_out_V_148, i32 %mlp_out_V_149, i32 %mlp_out_V_150, i32 %mlp_out_V_151, i32 %mlp_out_V_152, i32 %mlp_out_V_153, i32 %mlp_out_V_154, i32 %mlp_out_V_155, i32 %mlp_out_V_156, i32 %mlp_out_V_157, i32 %mlp_out_V_158, i32 %mlp_out_V_159, i32 %mlp_out_V_160, i32 %mlp_out_V_161, i32 %mlp_out_V_162, i32 %mlp_out_V_163, i32 %mlp_out_V_164, i32 %mlp_out_V_165, i32 %mlp_out_V_166, i32 %mlp_out_V_167, i32 %mlp_out_V_168, i32 %mlp_out_V_169, i32 %mlp_out_V_170, i32 %mlp_out_V_171, i32 %mlp_out_V_172, i32 %mlp_out_V_173, i32 %mlp_out_V_174, i32 %mlp_out_V_175, i32 %mlp_out_V_176, i32 %mlp_out_V_177, i32 %mlp_out_V_178, i32 %mlp_out_V_179, i32 %mlp_out_V_180, i32 %mlp_out_V_181, i32 %mlp_out_V_182, i32 %mlp_out_V_183, i32 %mlp_out_V_184, i32 %mlp_out_V_185, i32 %mlp_out_V_186, i32 %mlp_out_V_187, i32 %mlp_out_V_188, i32 %mlp_out_V_189, i32 %mlp_out_V_190, i32 %mlp_out_V_191, i32 %mlp_out_V_192, i32 %mlp_out_V_193, i32 %mlp_out_V_194, i32 %mlp_out_V_195, i32 %mlp_out_V_196, i32 %mlp_out_V_197, i32 %mlp_out_V_198, i32 %mlp_out_V_199, i32 %mlp_out_V_200, i32 %mlp_out_V_201, i32 %mlp_out_V_202, i32 %mlp_out_V_203, i32 %mlp_out_V_204, i32 %mlp_out_V_205, i32 %mlp_out_V_206, i32 %mlp_out_V_207, i32 %mlp_out_V_208, i32 %mlp_out_V_209, i32 %mlp_out_V_210, i32 %mlp_out_V_211, i32 %mlp_out_V_212, i32 %mlp_out_V_213, i32 %mlp_out_V_214, i32 %mlp_out_V_215, i32 %mlp_out_V_216, i32 %mlp_out_V_217, i32 %mlp_out_V_218, i32 %mlp_out_V_219, i32 %mlp_out_V_220, i32 %mlp_out_V_221, i32 %mlp_out_V_222, i32 %mlp_out_V_223, i32 %mlp_out_V_224, i32 %mlp_out_V_225, i32 %mlp_out_V_226, i32 %mlp_out_V_227, i32 %mlp_out_V_228, i32 %mlp_out_V_229, i32 %mlp_out_V_230, i32 %mlp_out_V_231, i32 %mlp_out_V_232, i32 %mlp_out_V_233, i32 %mlp_out_V_234, i32 %mlp_out_V_235, i32 %mlp_out_V_236, i32 %mlp_out_V_237, i32 %mlp_out_V_238, i32 %mlp_out_V_239, i32 %mlp_out_V_240, i32 %mlp_out_V_241, i32 %mlp_out_V_242, i32 %mlp_out_V_243, i32 %mlp_out_V_244, i32 %mlp_out_V_245, i32 %mlp_out_V_246, i32 %mlp_out_V_247, i32 %mlp_out_V_248, i32 %mlp_out_V_249, i32 %mlp_out_V_250, i32 %mlp_out_V_251, i32 %mlp_out_V_252, i32 %mlp_out_V_253, i32 %mlp_out_V_254, i32 %mlp_out_V_255, i32 %mlp_out_V_256, i32 %mlp_out_V_257, i32 %mlp_out_V_258, i32 %mlp_out_V_259, i32 %mlp_out_V_260, i32 %mlp_out_V_261, i32 %mlp_out_V_262, i32 %mlp_out_V_263, i32 %mlp_out_V_264, i32 %mlp_out_V_265, i32 %mlp_out_V_266, i32 %mlp_out_V_267, i32 %mlp_out_V_268, i32 %mlp_out_V_269, i32 %mlp_out_V_270, i32 %mlp_out_V_271, i32 %mlp_out_V_272, i32 %mlp_out_V_273, i32 %mlp_out_V_274, i32 %mlp_out_V_275, i32 %mlp_out_V_276, i32 %mlp_out_V_277, i32 %mlp_out_V_278, i32 %mlp_out_V_279, i32 %mlp_out_V_280, i32 %mlp_out_V_281, i32 %mlp_out_V_282, i32 %mlp_out_V_283, i32 %mlp_out_V_284, i32 %mlp_out_V_285, i32 %mlp_out_V_286, i32 %mlp_out_V_287, i32 %mlp_out_V_288, i32 %mlp_out_V_289, i32 %mlp_out_V_290, i32 %mlp_out_V_291, i32 %mlp_out_V_292, i32 %mlp_out_V_293, i32 %mlp_out_V_294, i32 %mlp_out_V_295, i32 %mlp_out_V_296, i32 %mlp_out_V_297, i32 %mlp_out_V_298, i32 %mlp_out_V_299, i64 666, i64 22, i64 18446744073709551615" [GIN_compute.cpp:415]   --->   Operation 53 'specmemcore' 'specmemcore_ln415' <Predicate = true> <Delay = 0.00>
ST_5 : Operation 54 [1/1] (0.00ns)   --->   "%specmemcore_ln416 = specmemcore void @_ssdm_op_SpecMemCore, i32 %graph_embedding_V, i64 666, i64 22, i64 18446744073709551615" [GIN_compute.cpp:416]   --->   Operation 54 'specmemcore' 'specmemcore_ln416' <Predicate = true> <Delay = 0.00>
ST_5 : Operation 55 [1/1] (0.00ns)   --->   "%specmemcore_ln417 = specmemcore void @_ssdm_op_SpecMemCore, i32 %edge_embedding_V, i64 666, i64 24, i64 18446744073709551615" [GIN_compute.cpp:417]   --->   Operation 55 'specmemcore' 'specmemcore_ln417' <Predicate = true> <Delay = 0.00>
ST_5 : Operation 56 [1/1] (0.00ns)   --->   "%specmemcore_ln418 = specmemcore void @_ssdm_op_SpecMemCore, i32 %node_embedding_V, i64 666, i64 24, i64 18446744073709551615" [GIN_compute.cpp:418]   --->   Operation 56 'specmemcore' 'specmemcore_ln418' <Predicate = true> <Delay = 0.00>
ST_5 : Operation 57 [1/1] (0.00ns)   --->   "%specmemcore_ln419 = specmemcore void @_ssdm_op_SpecMemCore, i32 %node_embedding_table_V, i64 666, i64 24, i64 18446744073709551615" [GIN_compute.cpp:419]   --->   Operation 57 'specmemcore' 'specmemcore_ln419' <Predicate = true> <Delay = 0.00>
ST_5 : Operation 58 [1/1] (0.00ns)   --->   "%specmemcore_ln420 = specmemcore void @_ssdm_op_SpecMemCore, i32 %edge_embedding_table_V, i64 666, i64 24, i64 18446744073709551615" [GIN_compute.cpp:420]   --->   Operation 58 'specmemcore' 'specmemcore_ln420' <Predicate = true> <Delay = 0.00>
ST_5 : Operation 59 [1/1] (0.00ns)   --->   "%specmemcore_ln421 = specmemcore void @_ssdm_op_SpecMemCore, i32 %message_V, i64 666, i64 24, i64 18446744073709551615" [GIN_compute.cpp:421]   --->   Operation 59 'specmemcore' 'specmemcore_ln421' <Predicate = true> <Delay = 0.00>
ST_5 : Operation 60 [1/2] (0.00ns)   --->   "%call_ln447 = call void @compute_node_embedding, i32 %node_embedding_V, i5 %nd_feature_table_1, i32 %node_embedding_table_V, i32 %node_feature" [GIN_compute.cpp:447]   --->   Operation 60 'call' 'call_ln447' <Predicate = true> <Delay = 0.00> <CoreType = "Generic">   --->   Core 0 '' <Latency = 0> <II = 1> <Delay = 1.00> <Generic> <Opcode : >
ST_5 : Operation 61 [1/1] (0.38ns)   --->   "%br_ln450 = br void" [GIN_compute.cpp:450]   --->   Operation 61 'br' 'br_ln450' <Predicate = true> <Delay = 0.38>

State 6 <SV = 5> <Delay = 0.57>
ST_6 : Operation 62 [1/1] (0.00ns)   --->   "%layer = phi i3 0, void, i3 %layer_1, void %.split"   --->   Operation 62 'phi' 'layer' <Predicate = true> <Delay = 0.00>
ST_6 : Operation 63 [1/1] (0.57ns)   --->   "%layer_1 = add i3 %layer, i3 1" [GIN_compute.cpp:450]   --->   Operation 63 'add' 'layer_1' <Predicate = true> <Delay = 0.57> <CoreInst = "Adder">   --->   Core 1 'Adder' <Latency = 0> <II = 1> <Delay = 0.57> <FuncUnit> <Opcode : 'add' 'sub'> <InPorts = 2> <OutPorts = 1>
ST_6 : Operation 64 [1/1] (0.49ns)   --->   "%icmp_ln450 = icmp_eq  i3 %layer, i3 5" [GIN_compute.cpp:450]   --->   Operation 64 'icmp' 'icmp_ln450' <Predicate = true> <Delay = 0.49> <CoreInst = "Cmp">   --->   Core 9 'Cmp' <Latency = 0> <II = 1> <Delay = 0.49> <FuncUnit> <Opcode : 'icmp'> <InPorts = 2> <OutPorts = 1>
ST_6 : Operation 65 [1/1] (0.00ns)   --->   "%empty = speclooptripcount i32 @_ssdm_op_SpecLoopTripCount, i64 5, i64 5, i64 5"   --->   Operation 65 'speclooptripcount' 'empty' <Predicate = true> <Delay = 0.00>
ST_6 : Operation 66 [1/1] (0.00ns)   --->   "%br_ln450 = br i1 %icmp_ln450, void %.split, void" [GIN_compute.cpp:450]   --->   Operation 66 'br' 'br_ln450' <Predicate = true> <Delay = 0.00>
ST_6 : Operation 67 [2/2] (0.00ns)   --->   "%call_ln451 = call void @compute_CONV_layer, i3 %layer, i32 %edge_embedding_V, i32 %edge_embedding_table_V, i32 %edge_attr, i32 %message_V, i32 %edge_list, i32 %node_embedding_V, i32 %mlp_1_weights_V_0, i32 %mlp_1_weights_V_1, i32 %mlp_1_weights_V_2, i32 %mlp_1_weights_V_3, i32 %mlp_1_weights_V_4, i32 %mlp_1_weights_V_5, i32 %mlp_1_weights_V_6, i32 %mlp_1_weights_V_7, i32 %mlp_1_weights_V_8, i32 %mlp_1_weights_V_9, i32 %mlp_1_weights_V_10, i32 %mlp_1_weights_V_11, i32 %mlp_1_weights_V_12, i32 %mlp_1_weights_V_13, i32 %mlp_1_weights_V_14, i32 %mlp_1_weights_V_15, i32 %mlp_1_weights_V_16, i32 %mlp_1_weights_V_17, i32 %mlp_1_weights_V_18, i32 %mlp_1_weights_V_19, i32 %mlp_1_weights_V_20, i32 %mlp_1_weights_V_21, i32 %mlp_1_weights_V_22, i32 %mlp_1_weights_V_23, i32 %mlp_1_weights_V_24, i32 %mlp_1_weights_V_25, i32 %mlp_1_weights_V_26, i32 %mlp_1_weights_V_27, i32 %mlp_1_weights_V_28, i32 %mlp_1_weights_V_29, i32 %mlp_1_weights_V_30, i32 %mlp_1_weights_V_31, i32 %mlp_1_weights_V_32, i32 %mlp_1_weights_V_33, i32 %mlp_1_weights_V_34, i32 %mlp_1_weights_V_35, i32 %mlp_1_weights_V_36, i32 %mlp_1_weights_V_37, i32 %mlp_1_weights_V_38, i32 %mlp_1_weights_V_39, i32 %mlp_1_weights_V_40, i32 %mlp_1_weights_V_41, i32 %mlp_1_weights_V_42, i32 %mlp_1_weights_V_43, i32 %mlp_1_weights_V_44, i32 %mlp_1_weights_V_45, i32 %mlp_1_weights_V_46, i32 %mlp_1_weights_V_47, i32 %mlp_1_weights_V_48, i32 %mlp_1_weights_V_49, i32 %mlp_1_weights_V_50, i32 %mlp_1_weights_V_51, i32 %mlp_1_weights_V_52, i32 %mlp_1_weights_V_53, i32 %mlp_1_weights_V_54, i32 %mlp_1_weights_V_55, i32 %mlp_1_weights_V_56, i32 %mlp_1_weights_V_57, i32 %mlp_1_weights_V_58, i32 %mlp_1_weights_V_59, i32 %mlp_1_weights_V_60, i32 %mlp_1_weights_V_61, i32 %mlp_1_weights_V_62, i32 %mlp_1_weights_V_63, i32 %mlp_1_weights_V_64, i32 %mlp_1_weights_V_65, i32 %mlp_1_weights_V_66, i32 %mlp_1_weights_V_67, i32 %mlp_1_weights_V_68, i32 %mlp_1_weights_V_69, i32 %mlp_1_weights_V_70, i32 %mlp_1_weights_V_71, i32 %mlp_1_weights_V_72, i32 %mlp_1_weights_V_73, i32 %mlp_1_weights_V_74, i32 %mlp_1_weights_V_75, i32 %mlp_1_weights_V_76, i32 %mlp_1_weights_V_77, i32 %mlp_1_weights_V_78, i32 %mlp_1_weights_V_79, i32 %mlp_1_weights_V_80, i32 %mlp_1_weights_V_81, i32 %mlp_1_weights_V_82, i32 %mlp_1_weights_V_83, i32 %mlp_1_weights_V_84, i32 %mlp_1_weights_V_85, i32 %mlp_1_weights_V_86, i32 %mlp_1_weights_V_87, i32 %mlp_1_weights_V_88, i32 %mlp_1_weights_V_89, i32 %mlp_1_weights_V_90, i32 %mlp_1_weights_V_91, i32 %mlp_1_weights_V_92, i32 %mlp_1_weights_V_93, i32 %mlp_1_weights_V_94, i32 %mlp_1_weights_V_95, i32 %mlp_1_weights_V_96, i32 %mlp_1_weights_V_97, i32 %mlp_1_weights_V_98, i32 %mlp_1_weights_V_99, i32 %mlp_1_weights_V_100, i32 %mlp_1_weights_V_101, i32 %mlp_1_weights_V_102, i32 %mlp_1_weights_V_103, i32 %mlp_1_weights_V_104, i32 %mlp_1_weights_V_105, i32 %mlp_1_weights_V_106, i32 %mlp_1_weights_V_107, i32 %mlp_1_weights_V_108, i32 %mlp_1_weights_V_109, i32 %mlp_1_weights_V_110, i32 %mlp_1_weights_V_111, i32 %mlp_1_weights_V_112, i32 %mlp_1_weights_V_113, i32 %mlp_1_weights_V_114, i32 %mlp_1_weights_V_115, i32 %mlp_1_weights_V_116, i32 %mlp_1_weights_V_117, i32 %mlp_1_weights_V_118, i32 %mlp_1_weights_V_119, i32 %mlp_1_weights_V_120, i32 %mlp_1_weights_V_121, i32 %mlp_1_weights_V_122, i32 %mlp_1_weights_V_123, i32 %mlp_1_weights_V_124, i32 %mlp_1_weights_V_125, i32 %mlp_1_weights_V_126, i32 %mlp_1_weights_V_127, i32 %mlp_1_weights_V_128, i32 %mlp_1_weights_V_129, i32 %mlp_1_weights_V_130, i32 %mlp_1_weights_V_131, i32 %mlp_1_weights_V_132, i32 %mlp_1_weights_V_133, i32 %mlp_1_weights_V_134, i32 %mlp_1_weights_V_135, i32 %mlp_1_weights_V_136, i32 %mlp_1_weights_V_137, i32 %mlp_1_weights_V_138, i32 %mlp_1_weights_V_139, i32 %mlp_1_weights_V_140, i32 %mlp_1_weights_V_141, i32 %mlp_1_weights_V_142, i32 %mlp_1_weights_V_143, i32 %mlp_1_weights_V_144, i32 %mlp_1_weights_V_145, i32 %mlp_1_weights_V_146, i32 %mlp_1_weights_V_147, i32 %mlp_1_weights_V_148, i32 %mlp_1_weights_V_149, i32 %mlp_1_weights_V_150, i32 %mlp_1_weights_V_151, i32 %mlp_1_weights_V_152, i32 %mlp_1_weights_V_153, i32 %mlp_1_weights_V_154, i32 %mlp_1_weights_V_155, i32 %mlp_1_weights_V_156, i32 %mlp_1_weights_V_157, i32 %mlp_1_weights_V_158, i32 %mlp_1_weights_V_159, i32 %mlp_1_weights_V_160, i32 %mlp_1_weights_V_161, i32 %mlp_1_weights_V_162, i32 %mlp_1_weights_V_163, i32 %mlp_1_weights_V_164, i32 %mlp_1_weights_V_165, i32 %mlp_1_weights_V_166, i32 %mlp_1_weights_V_167, i32 %mlp_1_weights_V_168, i32 %mlp_1_weights_V_169, i32 %mlp_1_weights_V_170, i32 %mlp_1_weights_V_171, i32 %mlp_1_weights_V_172, i32 %mlp_1_weights_V_173, i32 %mlp_1_weights_V_174, i32 %mlp_1_weights_V_175, i32 %mlp_1_weights_V_176, i32 %mlp_1_weights_V_177, i32 %mlp_1_weights_V_178, i32 %mlp_1_weights_V_179, i32 %mlp_1_weights_V_180, i32 %mlp_1_weights_V_181, i32 %mlp_1_weights_V_182, i32 %mlp_1_weights_V_183, i32 %mlp_1_weights_V_184, i32 %mlp_1_weights_V_185, i32 %mlp_1_weights_V_186, i32 %mlp_1_weights_V_187, i32 %mlp_1_weights_V_188, i32 %mlp_1_weights_V_189, i32 %mlp_1_weights_V_190, i32 %mlp_1_weights_V_191, i32 %mlp_1_weights_V_192, i32 %mlp_1_weights_V_193, i32 %mlp_1_weights_V_194, i32 %mlp_1_weights_V_195, i32 %mlp_1_weights_V_196, i32 %mlp_1_weights_V_197, i32 %mlp_1_weights_V_198, i32 %mlp_1_weights_V_199, i32 %mlp_1_weights_V_200, i32 %mlp_1_weights_V_201, i32 %mlp_1_weights_V_202, i32 %mlp_1_weights_V_203, i32 %mlp_1_weights_V_204, i32 %mlp_1_weights_V_205, i32 %mlp_1_weights_V_206, i32 %mlp_1_weights_V_207, i32 %mlp_1_weights_V_208, i32 %mlp_1_weights_V_209, i32 %mlp_1_weights_V_210, i32 %mlp_1_weights_V_211, i32 %mlp_1_weights_V_212, i32 %mlp_1_weights_V_213, i32 %mlp_1_weights_V_214, i32 %mlp_1_weights_V_215, i32 %mlp_1_weights_V_216, i32 %mlp_1_weights_V_217, i32 %mlp_1_weights_V_218, i32 %mlp_1_weights_V_219, i32 %mlp_1_weights_V_220, i32 %mlp_1_weights_V_221, i32 %mlp_1_weights_V_222, i32 %mlp_1_weights_V_223, i32 %mlp_1_weights_V_224, i32 %mlp_1_weights_V_225, i32 %mlp_1_weights_V_226, i32 %mlp_1_weights_V_227, i32 %mlp_1_weights_V_228, i32 %mlp_1_weights_V_229, i32 %mlp_1_weights_V_230, i32 %mlp_1_weights_V_231, i32 %mlp_1_weights_V_232, i32 %mlp_1_weights_V_233, i32 %mlp_1_weights_V_234, i32 %mlp_1_weights_V_235, i32 %mlp_1_weights_V_236, i32 %mlp_1_weights_V_237, i32 %mlp_1_weights_V_238, i32 %mlp_1_weights_V_239, i32 %mlp_1_weights_V_240, i32 %mlp_1_weights_V_241, i32 %mlp_1_weights_V_242, i32 %mlp_1_weights_V_243, i32 %mlp_1_weights_V_244, i32 %mlp_1_weights_V_245, i32 %mlp_1_weights_V_246, i32 %mlp_1_weights_V_247, i32 %mlp_1_weights_V_248, i32 %mlp_1_weights_V_249, i32 %mlp_1_weights_V_250, i32 %mlp_1_weights_V_251, i32 %mlp_1_weights_V_252, i32 %mlp_1_weights_V_253, i32 %mlp_1_weights_V_254, i32 %mlp_1_weights_V_255, i32 %mlp_1_weights_V_256, i32 %mlp_1_weights_V_257, i32 %mlp_1_weights_V_258, i32 %mlp_1_weights_V_259, i32 %mlp_1_weights_V_260, i32 %mlp_1_weights_V_261, i32 %mlp_1_weights_V_262, i32 %mlp_1_weights_V_263, i32 %mlp_1_weights_V_264, i32 %mlp_1_weights_V_265, i32 %mlp_1_weights_V_266, i32 %mlp_1_weights_V_267, i32 %mlp_1_weights_V_268, i32 %mlp_1_weights_V_269, i32 %mlp_1_weights_V_270, i32 %mlp_1_weights_V_271, i32 %mlp_1_weights_V_272, i32 %mlp_1_weights_V_273, i32 %mlp_1_weights_V_274, i32 %mlp_1_weights_V_275, i32 %mlp_1_weights_V_276, i32 %mlp_1_weights_V_277, i32 %mlp_1_weights_V_278, i32 %mlp_1_weights_V_279, i32 %mlp_1_weights_V_280, i32 %mlp_1_weights_V_281, i32 %mlp_1_weights_V_282, i32 %mlp_1_weights_V_283, i32 %mlp_1_weights_V_284, i32 %mlp_1_weights_V_285, i32 %mlp_1_weights_V_286, i32 %mlp_1_weights_V_287, i32 %mlp_1_weights_V_288, i32 %mlp_1_weights_V_289, i32 %mlp_1_weights_V_290, i32 %mlp_1_weights_V_291, i32 %mlp_1_weights_V_292, i32 %mlp_1_weights_V_293, i32 %mlp_1_weights_V_294, i32 %mlp_1_weights_V_295, i32 %mlp_1_weights_V_296, i32 %mlp_1_weights_V_297, i32 %mlp_1_weights_V_298, i32 %mlp_1_weights_V_299, i32 %mlp_2_weights_V_0, i32 %mlp_2_weights_V_1, i32 %mlp_2_weights_V_2, i32 %mlp_2_weights_V_3, i32 %mlp_2_weights_V_4, i32 %mlp_2_weights_V_5, i32 %mlp_2_weights_V_6, i32 %mlp_2_weights_V_7, i32 %mlp_2_weights_V_8, i32 %mlp_2_weights_V_9, i32 %mlp_2_weights_V_10, i32 %mlp_2_weights_V_11, i32 %mlp_2_weights_V_12, i32 %mlp_2_weights_V_13, i32 %mlp_2_weights_V_14, i32 %mlp_2_weights_V_15, i32 %mlp_2_weights_V_16, i32 %mlp_2_weights_V_17, i32 %mlp_2_weights_V_18, i32 %mlp_2_weights_V_19, i32 %mlp_2_weights_V_20, i32 %mlp_2_weights_V_21, i32 %mlp_2_weights_V_22, i32 %mlp_2_weights_V_23, i32 %mlp_2_weights_V_24, i32 %mlp_2_weights_V_25, i32 %mlp_2_weights_V_26, i32 %mlp_2_weights_V_27, i32 %mlp_2_weights_V_28, i32 %mlp_2_weights_V_29, i32 %mlp_2_weights_V_30, i32 %mlp_2_weights_V_31, i32 %mlp_2_weights_V_32, i32 %mlp_2_weights_V_33, i32 %mlp_2_weights_V_34, i32 %mlp_2_weights_V_35, i32 %mlp_2_weights_V_36, i32 %mlp_2_weights_V_37, i32 %mlp_2_weights_V_38, i32 %mlp_2_weights_V_39, i32 %mlp_2_weights_V_40, i32 %mlp_2_weights_V_41, i32 %mlp_2_weights_V_42, i32 %mlp_2_weights_V_43, i32 %mlp_2_weights_V_44, i32 %mlp_2_weights_V_45, i32 %mlp_2_weights_V_46, i32 %mlp_2_weights_V_47, i32 %mlp_2_weights_V_48, i32 %mlp_2_weights_V_49, i32 %mlp_2_weights_V_50, i32 %mlp_2_weights_V_51, i32 %mlp_2_weights_V_52, i32 %mlp_2_weights_V_53, i32 %mlp_2_weights_V_54, i32 %mlp_2_weights_V_55, i32 %mlp_2_weights_V_56, i32 %mlp_2_weights_V_57, i32 %mlp_2_weights_V_58, i32 %mlp_2_weights_V_59, i32 %mlp_2_weights_V_60, i32 %mlp_2_weights_V_61, i32 %mlp_2_weights_V_62, i32 %mlp_2_weights_V_63, i32 %mlp_2_weights_V_64, i32 %mlp_2_weights_V_65, i32 %mlp_2_weights_V_66, i32 %mlp_2_weights_V_67, i32 %mlp_2_weights_V_68, i32 %mlp_2_weights_V_69, i32 %mlp_2_weights_V_70, i32 %mlp_2_weights_V_71, i32 %mlp_2_weights_V_72, i32 %mlp_2_weights_V_73, i32 %mlp_2_weights_V_74, i32 %mlp_2_weights_V_75, i32 %mlp_2_weights_V_76, i32 %mlp_2_weights_V_77, i32 %mlp_2_weights_V_78, i32 %mlp_2_weights_V_79, i32 %mlp_2_weights_V_80, i32 %mlp_2_weights_V_81, i32 %mlp_2_weights_V_82, i32 %mlp_2_weights_V_83, i32 %mlp_2_weights_V_84, i32 %mlp_2_weights_V_85, i32 %mlp_2_weights_V_86, i32 %mlp_2_weights_V_87, i32 %mlp_2_weights_V_88, i32 %mlp_2_weights_V_89, i32 %mlp_2_weights_V_90, i32 %mlp_2_weights_V_91, i32 %mlp_2_weights_V_92, i32 %mlp_2_weights_V_93, i32 %mlp_2_weights_V_94, i32 %mlp_2_weights_V_95, i32 %mlp_2_weights_V_96, i32 %mlp_2_weights_V_97, i32 %mlp_2_weights_V_98, i32 %mlp_2_weights_V_99, i32 %mlp_2_weights_V_100, i32 %mlp_2_weights_V_101, i32 %mlp_2_weights_V_102, i32 %mlp_2_weights_V_103, i32 %mlp_2_weights_V_104, i32 %mlp_2_weights_V_105, i32 %mlp_2_weights_V_106, i32 %mlp_2_weights_V_107, i32 %mlp_2_weights_V_108, i32 %mlp_2_weights_V_109, i32 %mlp_2_weights_V_110, i32 %mlp_2_weights_V_111, i32 %mlp_2_weights_V_112, i32 %mlp_2_weights_V_113, i32 %mlp_2_weights_V_114, i32 %mlp_2_weights_V_115, i32 %mlp_2_weights_V_116, i32 %mlp_2_weights_V_117, i32 %mlp_2_weights_V_118, i32 %mlp_2_weights_V_119, i32 %mlp_2_weights_V_120, i32 %mlp_2_weights_V_121, i32 %mlp_2_weights_V_122, i32 %mlp_2_weights_V_123, i32 %mlp_2_weights_V_124, i32 %mlp_2_weights_V_125, i32 %mlp_2_weights_V_126, i32 %mlp_2_weights_V_127, i32 %mlp_2_weights_V_128, i32 %mlp_2_weights_V_129, i32 %mlp_2_weights_V_130, i32 %mlp_2_weights_V_131, i32 %mlp_2_weights_V_132, i32 %mlp_2_weights_V_133, i32 %mlp_2_weights_V_134, i32 %mlp_2_weights_V_135, i32 %mlp_2_weights_V_136, i32 %mlp_2_weights_V_137, i32 %mlp_2_weights_V_138, i32 %mlp_2_weights_V_139, i32 %mlp_2_weights_V_140, i32 %mlp_2_weights_V_141, i32 %mlp_2_weights_V_142, i32 %mlp_2_weights_V_143, i32 %mlp_2_weights_V_144, i32 %mlp_2_weights_V_145, i32 %mlp_2_weights_V_146, i32 %mlp_2_weights_V_147, i32 %mlp_2_weights_V_148, i32 %mlp_2_weights_V_149, i32 %mlp_2_weights_V_150, i32 %mlp_2_weights_V_151, i32 %mlp_2_weights_V_152, i32 %mlp_2_weights_V_153, i32 %mlp_2_weights_V_154, i32 %mlp_2_weights_V_155, i32 %mlp_2_weights_V_156, i32 %mlp_2_weights_V_157, i32 %mlp_2_weights_V_158, i32 %mlp_2_weights_V_159, i32 %mlp_2_weights_V_160, i32 %mlp_2_weights_V_161, i32 %mlp_2_weights_V_162, i32 %mlp_2_weights_V_163, i32 %mlp_2_weights_V_164, i32 %mlp_2_weights_V_165, i32 %mlp_2_weights_V_166, i32 %mlp_2_weights_V_167, i32 %mlp_2_weights_V_168, i32 %mlp_2_weights_V_169, i32 %mlp_2_weights_V_170, i32 %mlp_2_weights_V_171, i32 %mlp_2_weights_V_172, i32 %mlp_2_weights_V_173, i32 %mlp_2_weights_V_174, i32 %mlp_2_weights_V_175, i32 %mlp_2_weights_V_176, i32 %mlp_2_weights_V_177, i32 %mlp_2_weights_V_178, i32 %mlp_2_weights_V_179, i32 %mlp_2_weights_V_180, i32 %mlp_2_weights_V_181, i32 %mlp_2_weights_V_182, i32 %mlp_2_weights_V_183, i32 %mlp_2_weights_V_184, i32 %mlp_2_weights_V_185, i32 %mlp_2_weights_V_186, i32 %mlp_2_weights_V_187, i32 %mlp_2_weights_V_188, i32 %mlp_2_weights_V_189, i32 %mlp_2_weights_V_190, i32 %mlp_2_weights_V_191, i32 %mlp_2_weights_V_192, i32 %mlp_2_weights_V_193, i32 %mlp_2_weights_V_194, i32 %mlp_2_weights_V_195, i32 %mlp_2_weights_V_196, i32 %mlp_2_weights_V_197, i32 %mlp_2_weights_V_198, i32 %mlp_2_weights_V_199, i32 %mlp_2_weights_V_200, i32 %mlp_2_weights_V_201, i32 %mlp_2_weights_V_202, i32 %mlp_2_weights_V_203, i32 %mlp_2_weights_V_204, i32 %mlp_2_weights_V_205, i32 %mlp_2_weights_V_206, i32 %mlp_2_weights_V_207, i32 %mlp_2_weights_V_208, i32 %mlp_2_weights_V_209, i32 %mlp_2_weights_V_210, i32 %mlp_2_weights_V_211, i32 %mlp_2_weights_V_212, i32 %mlp_2_weights_V_213, i32 %mlp_2_weights_V_214, i32 %mlp_2_weights_V_215, i32 %mlp_2_weights_V_216, i32 %mlp_2_weights_V_217, i32 %mlp_2_weights_V_218, i32 %mlp_2_weights_V_219, i32 %mlp_2_weights_V_220, i32 %mlp_2_weights_V_221, i32 %mlp_2_weights_V_222, i32 %mlp_2_weights_V_223, i32 %mlp_2_weights_V_224, i32 %mlp_2_weights_V_225, i32 %mlp_2_weights_V_226, i32 %mlp_2_weights_V_227, i32 %mlp_2_weights_V_228, i32 %mlp_2_weights_V_229, i32 %mlp_2_weights_V_230, i32 %mlp_2_weights_V_231, i32 %mlp_2_weights_V_232, i32 %mlp_2_weights_V_233, i32 %mlp_2_weights_V_234, i32 %mlp_2_weights_V_235, i32 %mlp_2_weights_V_236, i32 %mlp_2_weights_V_237, i32 %mlp_2_weights_V_238, i32 %mlp_2_weights_V_239, i32 %mlp_2_weights_V_240, i32 %mlp_2_weights_V_241, i32 %mlp_2_weights_V_242, i32 %mlp_2_weights_V_243, i32 %mlp_2_weights_V_244, i32 %mlp_2_weights_V_245, i32 %mlp_2_weights_V_246, i32 %mlp_2_weights_V_247, i32 %mlp_2_weights_V_248, i32 %mlp_2_weights_V_249, i32 %mlp_2_weights_V_250, i32 %mlp_2_weights_V_251, i32 %mlp_2_weights_V_252, i32 %mlp_2_weights_V_253, i32 %mlp_2_weights_V_254, i32 %mlp_2_weights_V_255, i32 %mlp_2_weights_V_256, i32 %mlp_2_weights_V_257, i32 %mlp_2_weights_V_258, i32 %mlp_2_weights_V_259, i32 %mlp_2_weights_V_260, i32 %mlp_2_weights_V_261, i32 %mlp_2_weights_V_262, i32 %mlp_2_weights_V_263, i32 %mlp_2_weights_V_264, i32 %mlp_2_weights_V_265, i32 %mlp_2_weights_V_266, i32 %mlp_2_weights_V_267, i32 %mlp_2_weights_V_268, i32 %mlp_2_weights_V_269, i32 %mlp_2_weights_V_270, i32 %mlp_2_weights_V_271, i32 %mlp_2_weights_V_272, i32 %mlp_2_weights_V_273, i32 %mlp_2_weights_V_274, i32 %mlp_2_weights_V_275, i32 %mlp_2_weights_V_276, i32 %mlp_2_weights_V_277, i32 %mlp_2_weights_V_278, i32 %mlp_2_weights_V_279, i32 %mlp_2_weights_V_280, i32 %mlp_2_weights_V_281, i32 %mlp_2_weights_V_282, i32 %mlp_2_weights_V_283, i32 %mlp_2_weights_V_284, i32 %mlp_2_weights_V_285, i32 %mlp_2_weights_V_286, i32 %mlp_2_weights_V_287, i32 %mlp_2_weights_V_288, i32 %mlp_2_weights_V_289, i32 %mlp_2_weights_V_290, i32 %mlp_2_weights_V_291, i32 %mlp_2_weights_V_292, i32 %mlp_2_weights_V_293, i32 %mlp_2_weights_V_294, i32 %mlp_2_weights_V_295, i32 %mlp_2_weights_V_296, i32 %mlp_2_weights_V_297, i32 %mlp_2_weights_V_298, i32 %mlp_2_weights_V_299, i32 %mlp_in_V_0, i32 %mlp_in_V_1, i32 %mlp_in_V_2, i32 %mlp_in_V_3, i32 %mlp_in_V_4, i32 %mlp_in_V_5, i32 %mlp_in_V_6, i32 %mlp_in_V_7, i32 %mlp_in_V_8, i32 %mlp_in_V_9, i32 %mlp_in_V_10, i32 %mlp_in_V_11, i32 %mlp_in_V_12, i32 %mlp_in_V_13, i32 %mlp_in_V_14, i32 %mlp_in_V_15, i32 %mlp_in_V_16, i32 %mlp_in_V_17, i32 %mlp_in_V_18, i32 %mlp_in_V_19, i32 %mlp_in_V_20, i32 %mlp_in_V_21, i32 %mlp_in_V_22, i32 %mlp_in_V_23, i32 %mlp_in_V_24, i32 %mlp_in_V_25, i32 %mlp_in_V_26, i32 %mlp_in_V_27, i32 %mlp_in_V_28, i32 %mlp_in_V_29, i32 %mlp_in_V_30, i32 %mlp_in_V_31, i32 %mlp_in_V_32, i32 %mlp_in_V_33, i32 %mlp_in_V_34, i32 %mlp_in_V_35, i32 %mlp_in_V_36, i32 %mlp_in_V_37, i32 %mlp_in_V_38, i32 %mlp_in_V_39, i32 %mlp_in_V_40, i32 %mlp_in_V_41, i32 %mlp_in_V_42, i32 %mlp_in_V_43, i32 %mlp_in_V_44, i32 %mlp_in_V_45, i32 %mlp_in_V_46, i32 %mlp_in_V_47, i32 %mlp_in_V_48, i32 %mlp_in_V_49, i32 %mlp_in_V_50, i32 %mlp_in_V_51, i32 %mlp_in_V_52, i32 %mlp_in_V_53, i32 %mlp_in_V_54, i32 %mlp_in_V_55, i32 %mlp_in_V_56, i32 %mlp_in_V_57, i32 %mlp_in_V_58, i32 %mlp_in_V_59, i32 %mlp_in_V_60, i32 %mlp_in_V_61, i32 %mlp_in_V_62, i32 %mlp_in_V_63, i32 %mlp_in_V_64, i32 %mlp_in_V_65, i32 %mlp_in_V_66, i32 %mlp_in_V_67, i32 %mlp_in_V_68, i32 %mlp_in_V_69, i32 %mlp_in_V_70, i32 %mlp_in_V_71, i32 %mlp_in_V_72, i32 %mlp_in_V_73, i32 %mlp_in_V_74, i32 %mlp_in_V_75, i32 %mlp_in_V_76, i32 %mlp_in_V_77, i32 %mlp_in_V_78, i32 %mlp_in_V_79, i32 %mlp_in_V_80, i32 %mlp_in_V_81, i32 %mlp_in_V_82, i32 %mlp_in_V_83, i32 %mlp_in_V_84, i32 %mlp_in_V_85, i32 %mlp_in_V_86, i32 %mlp_in_V_87, i32 %mlp_in_V_88, i32 %mlp_in_V_89, i32 %mlp_in_V_90, i32 %mlp_in_V_91, i32 %mlp_in_V_92, i32 %mlp_in_V_93, i32 %mlp_in_V_94, i32 %mlp_in_V_95, i32 %mlp_in_V_96, i32 %mlp_in_V_97, i32 %mlp_in_V_98, i32 %mlp_in_V_99, i32 %mlp_in_V_100, i32 %mlp_in_V_101, i32 %mlp_in_V_102, i32 %mlp_in_V_103, i32 %mlp_in_V_104, i32 %mlp_in_V_105, i32 %mlp_in_V_106, i32 %mlp_in_V_107, i32 %mlp_in_V_108, i32 %mlp_in_V_109, i32 %mlp_in_V_110, i32 %mlp_in_V_111, i32 %mlp_in_V_112, i32 %mlp_in_V_113, i32 %mlp_in_V_114, i32 %mlp_in_V_115, i32 %mlp_in_V_116, i32 %mlp_in_V_117, i32 %mlp_in_V_118, i32 %mlp_in_V_119, i32 %mlp_in_V_120, i32 %mlp_in_V_121, i32 %mlp_in_V_122, i32 %mlp_in_V_123, i32 %mlp_in_V_124, i32 %mlp_in_V_125, i32 %mlp_in_V_126, i32 %mlp_in_V_127, i32 %mlp_in_V_128, i32 %mlp_in_V_129, i32 %mlp_in_V_130, i32 %mlp_in_V_131, i32 %mlp_in_V_132, i32 %mlp_in_V_133, i32 %mlp_in_V_134, i32 %mlp_in_V_135, i32 %mlp_in_V_136, i32 %mlp_in_V_137, i32 %mlp_in_V_138, i32 %mlp_in_V_139, i32 %mlp_in_V_140, i32 %mlp_in_V_141, i32 %mlp_in_V_142, i32 %mlp_in_V_143, i32 %mlp_in_V_144, i32 %mlp_in_V_145, i32 %mlp_in_V_146, i32 %mlp_in_V_147, i32 %mlp_in_V_148, i32 %mlp_in_V_149, i32 %mlp_in_V_150, i32 %mlp_in_V_151, i32 %mlp_in_V_152, i32 %mlp_in_V_153, i32 %mlp_in_V_154, i32 %mlp_in_V_155, i32 %mlp_in_V_156, i32 %mlp_in_V_157, i32 %mlp_in_V_158, i32 %mlp_in_V_159, i32 %mlp_in_V_160, i32 %mlp_in_V_161, i32 %mlp_in_V_162, i32 %mlp_in_V_163, i32 %mlp_in_V_164, i32 %mlp_in_V_165, i32 %mlp_in_V_166, i32 %mlp_in_V_167, i32 %mlp_in_V_168, i32 %mlp_in_V_169, i32 %mlp_in_V_170, i32 %mlp_in_V_171, i32 %mlp_in_V_172, i32 %mlp_in_V_173, i32 %mlp_in_V_174, i32 %mlp_in_V_175, i32 %mlp_in_V_176, i32 %mlp_in_V_177, i32 %mlp_in_V_178, i32 %mlp_in_V_179, i32 %mlp_in_V_180, i32 %mlp_in_V_181, i32 %mlp_in_V_182, i32 %mlp_in_V_183, i32 %mlp_in_V_184, i32 %mlp_in_V_185, i32 %mlp_in_V_186, i32 %mlp_in_V_187, i32 %mlp_in_V_188, i32 %mlp_in_V_189, i32 %mlp_in_V_190, i32 %mlp_in_V_191, i32 %mlp_in_V_192, i32 %mlp_in_V_193, i32 %mlp_in_V_194, i32 %mlp_in_V_195, i32 %mlp_in_V_196, i32 %mlp_in_V_197, i32 %mlp_in_V_198, i32 %mlp_in_V_199, i32 %mlp_in_V_200, i32 %mlp_in_V_201, i32 %mlp_in_V_202, i32 %mlp_in_V_203, i32 %mlp_in_V_204, i32 %mlp_in_V_205, i32 %mlp_in_V_206, i32 %mlp_in_V_207, i32 %mlp_in_V_208, i32 %mlp_in_V_209, i32 %mlp_in_V_210, i32 %mlp_in_V_211, i32 %mlp_in_V_212, i32 %mlp_in_V_213, i32 %mlp_in_V_214, i32 %mlp_in_V_215, i32 %mlp_in_V_216, i32 %mlp_in_V_217, i32 %mlp_in_V_218, i32 %mlp_in_V_219, i32 %mlp_in_V_220, i32 %mlp_in_V_221, i32 %mlp_in_V_222, i32 %mlp_in_V_223, i32 %mlp_in_V_224, i32 %mlp_in_V_225, i32 %mlp_in_V_226, i32 %mlp_in_V_227, i32 %mlp_in_V_228, i32 %mlp_in_V_229, i32 %mlp_in_V_230, i32 %mlp_in_V_231, i32 %mlp_in_V_232, i32 %mlp_in_V_233, i32 %mlp_in_V_234, i32 %mlp_in_V_235, i32 %mlp_in_V_236, i32 %mlp_in_V_237, i32 %mlp_in_V_238, i32 %mlp_in_V_239, i32 %mlp_in_V_240, i32 %mlp_in_V_241, i32 %mlp_in_V_242, i32 %mlp_in_V_243, i32 %mlp_in_V_244, i32 %mlp_in_V_245, i32 %mlp_in_V_246, i32 %mlp_in_V_247, i32 %mlp_in_V_248, i32 %mlp_in_V_249, i32 %mlp_in_V_250, i32 %mlp_in_V_251, i32 %mlp_in_V_252, i32 %mlp_in_V_253, i32 %mlp_in_V_254, i32 %mlp_in_V_255, i32 %mlp_in_V_256, i32 %mlp_in_V_257, i32 %mlp_in_V_258, i32 %mlp_in_V_259, i32 %mlp_in_V_260, i32 %mlp_in_V_261, i32 %mlp_in_V_262, i32 %mlp_in_V_263, i32 %mlp_in_V_264, i32 %mlp_in_V_265, i32 %mlp_in_V_266, i32 %mlp_in_V_267, i32 %mlp_in_V_268, i32 %mlp_in_V_269, i32 %mlp_in_V_270, i32 %mlp_in_V_271, i32 %mlp_in_V_272, i32 %mlp_in_V_273, i32 %mlp_in_V_274, i32 %mlp_in_V_275, i32 %mlp_in_V_276, i32 %mlp_in_V_277, i32 %mlp_in_V_278, i32 %mlp_in_V_279, i32 %mlp_in_V_280, i32 %mlp_in_V_281, i32 %mlp_in_V_282, i32 %mlp_in_V_283, i32 %mlp_in_V_284, i32 %mlp_in_V_285, i32 %mlp_in_V_286, i32 %mlp_in_V_287, i32 %mlp_in_V_288, i32 %mlp_in_V_289, i32 %mlp_in_V_290, i32 %mlp_in_V_291, i32 %mlp_in_V_292, i32 %mlp_in_V_293, i32 %mlp_in_V_294, i32 %mlp_in_V_295, i32 %mlp_in_V_296, i32 %mlp_in_V_297, i32 %mlp_in_V_298, i32 %mlp_in_V_299, i32 %mlp_out_V_0, i32 %mlp_out_V_1, i32 %mlp_out_V_2, i32 %mlp_out_V_3, i32 %mlp_out_V_4, i32 %mlp_out_V_5, i32 %mlp_out_V_6, i32 %mlp_out_V_7, i32 %mlp_out_V_8, i32 %mlp_out_V_9, i32 %mlp_out_V_10, i32 %mlp_out_V_11, i32 %mlp_out_V_12, i32 %mlp_out_V_13, i32 %mlp_out_V_14, i32 %mlp_out_V_15, i32 %mlp_out_V_16, i32 %mlp_out_V_17, i32 %mlp_out_V_18, i32 %mlp_out_V_19, i32 %mlp_out_V_20, i32 %mlp_out_V_21, i32 %mlp_out_V_22, i32 %mlp_out_V_23, i32 %mlp_out_V_24, i32 %mlp_out_V_25, i32 %mlp_out_V_26, i32 %mlp_out_V_27, i32 %mlp_out_V_28, i32 %mlp_out_V_29, i32 %mlp_out_V_30, i32 %mlp_out_V_31, i32 %mlp_out_V_32, i32 %mlp_out_V_33, i32 %mlp_out_V_34, i32 %mlp_out_V_35, i32 %mlp_out_V_36, i32 %mlp_out_V_37, i32 %mlp_out_V_38, i32 %mlp_out_V_39, i32 %mlp_out_V_40, i32 %mlp_out_V_41, i32 %mlp_out_V_42, i32 %mlp_out_V_43, i32 %mlp_out_V_44, i32 %mlp_out_V_45, i32 %mlp_out_V_46, i32 %mlp_out_V_47, i32 %mlp_out_V_48, i32 %mlp_out_V_49, i32 %mlp_out_V_50, i32 %mlp_out_V_51, i32 %mlp_out_V_52, i32 %mlp_out_V_53, i32 %mlp_out_V_54, i32 %mlp_out_V_55, i32 %mlp_out_V_56, i32 %mlp_out_V_57, i32 %mlp_out_V_58, i32 %mlp_out_V_59, i32 %mlp_out_V_60, i32 %mlp_out_V_61, i32 %mlp_out_V_62, i32 %mlp_out_V_63, i32 %mlp_out_V_64, i32 %mlp_out_V_65, i32 %mlp_out_V_66, i32 %mlp_out_V_67, i32 %mlp_out_V_68, i32 %mlp_out_V_69, i32 %mlp_out_V_70, i32 %mlp_out_V_71, i32 %mlp_out_V_72, i32 %mlp_out_V_73, i32 %mlp_out_V_74, i32 %mlp_out_V_75, i32 %mlp_out_V_76, i32 %mlp_out_V_77, i32 %mlp_out_V_78, i32 %mlp_out_V_79, i32 %mlp_out_V_80, i32 %mlp_out_V_81, i32 %mlp_out_V_82, i32 %mlp_out_V_83, i32 %mlp_out_V_84, i32 %mlp_out_V_85, i32 %mlp_out_V_86, i32 %mlp_out_V_87, i32 %mlp_out_V_88, i32 %mlp_out_V_89, i32 %mlp_out_V_90, i32 %mlp_out_V_91, i32 %mlp_out_V_92, i32 %mlp_out_V_93, i32 %mlp_out_V_94, i32 %mlp_out_V_95, i32 %mlp_out_V_96, i32 %mlp_out_V_97, i32 %mlp_out_V_98, i32 %mlp_out_V_99, i32 %mlp_out_V_100, i32 %mlp_out_V_101, i32 %mlp_out_V_102, i32 %mlp_out_V_103, i32 %mlp_out_V_104, i32 %mlp_out_V_105, i32 %mlp_out_V_106, i32 %mlp_out_V_107, i32 %mlp_out_V_108, i32 %mlp_out_V_109, i32 %mlp_out_V_110, i32 %mlp_out_V_111, i32 %mlp_out_V_112, i32 %mlp_out_V_113, i32 %mlp_out_V_114, i32 %mlp_out_V_115, i32 %mlp_out_V_116, i32 %mlp_out_V_117, i32 %mlp_out_V_118, i32 %mlp_out_V_119, i32 %mlp_out_V_120, i32 %mlp_out_V_121, i32 %mlp_out_V_122, i32 %mlp_out_V_123, i32 %mlp_out_V_124, i32 %mlp_out_V_125, i32 %mlp_out_V_126, i32 %mlp_out_V_127, i32 %mlp_out_V_128, i32 %mlp_out_V_129, i32 %mlp_out_V_130, i32 %mlp_out_V_131, i32 %mlp_out_V_132, i32 %mlp_out_V_133, i32 %mlp_out_V_134, i32 %mlp_out_V_135, i32 %mlp_out_V_136, i32 %mlp_out_V_137, i32 %mlp_out_V_138, i32 %mlp_out_V_139, i32 %mlp_out_V_140, i32 %mlp_out_V_141, i32 %mlp_out_V_142, i32 %mlp_out_V_143, i32 %mlp_out_V_144, i32 %mlp_out_V_145, i32 %mlp_out_V_146, i32 %mlp_out_V_147, i32 %mlp_out_V_148, i32 %mlp_out_V_149, i32 %mlp_out_V_150, i32 %mlp_out_V_151, i32 %mlp_out_V_152, i32 %mlp_out_V_153, i32 %mlp_out_V_154, i32 %mlp_out_V_155, i32 %mlp_out_V_156, i32 %mlp_out_V_157, i32 %mlp_out_V_158, i32 %mlp_out_V_159, i32 %mlp_out_V_160, i32 %mlp_out_V_161, i32 %mlp_out_V_162, i32 %mlp_out_V_163, i32 %mlp_out_V_164, i32 %mlp_out_V_165, i32 %mlp_out_V_166, i32 %mlp_out_V_167, i32 %mlp_out_V_168, i32 %mlp_out_V_169, i32 %mlp_out_V_170, i32 %mlp_out_V_171, i32 %mlp_out_V_172, i32 %mlp_out_V_173, i32 %mlp_out_V_174, i32 %mlp_out_V_175, i32 %mlp_out_V_176, i32 %mlp_out_V_177, i32 %mlp_out_V_178, i32 %mlp_out_V_179, i32 %mlp_out_V_180, i32 %mlp_out_V_181, i32 %mlp_out_V_182, i32 %mlp_out_V_183, i32 %mlp_out_V_184, i32 %mlp_out_V_185, i32 %mlp_out_V_186, i32 %mlp_out_V_187, i32 %mlp_out_V_188, i32 %mlp_out_V_189, i32 %mlp_out_V_190, i32 %mlp_out_V_191, i32 %mlp_out_V_192, i32 %mlp_out_V_193, i32 %mlp_out_V_194, i32 %mlp_out_V_195, i32 %mlp_out_V_196, i32 %mlp_out_V_197, i32 %mlp_out_V_198, i32 %mlp_out_V_199, i32 %mlp_out_V_200, i32 %mlp_out_V_201, i32 %mlp_out_V_202, i32 %mlp_out_V_203, i32 %mlp_out_V_204, i32 %mlp_out_V_205, i32 %mlp_out_V_206, i32 %mlp_out_V_207, i32 %mlp_out_V_208, i32 %mlp_out_V_209, i32 %mlp_out_V_210, i32 %mlp_out_V_211, i32 %mlp_out_V_212, i32 %mlp_out_V_213, i32 %mlp_out_V_214, i32 %mlp_out_V_215, i32 %mlp_out_V_216, i32 %mlp_out_V_217, i32 %mlp_out_V_218, i32 %mlp_out_V_219, i32 %mlp_out_V_220, i32 %mlp_out_V_221, i32 %mlp_out_V_222, i32 %mlp_out_V_223, i32 %mlp_out_V_224, i32 %mlp_out_V_225, i32 %mlp_out_V_226, i32 %mlp_out_V_227, i32 %mlp_out_V_228, i32 %mlp_out_V_229, i32 %mlp_out_V_230, i32 %mlp_out_V_231, i32 %mlp_out_V_232, i32 %mlp_out_V_233, i32 %mlp_out_V_234, i32 %mlp_out_V_235, i32 %mlp_out_V_236, i32 %mlp_out_V_237, i32 %mlp_out_V_238, i32 %mlp_out_V_239, i32 %mlp_out_V_240, i32 %mlp_out_V_241, i32 %mlp_out_V_242, i32 %mlp_out_V_243, i32 %mlp_out_V_244, i32 %mlp_out_V_245, i32 %mlp_out_V_246, i32 %mlp_out_V_247, i32 %mlp_out_V_248, i32 %mlp_out_V_249, i32 %mlp_out_V_250, i32 %mlp_out_V_251, i32 %mlp_out_V_252, i32 %mlp_out_V_253, i32 %mlp_out_V_254, i32 %mlp_out_V_255, i32 %mlp_out_V_256, i32 %mlp_out_V_257, i32 %mlp_out_V_258, i32 %mlp_out_V_259, i32 %mlp_out_V_260, i32 %mlp_out_V_261, i32 %mlp_out_V_262, i32 %mlp_out_V_263, i32 %mlp_out_V_264, i32 %mlp_out_V_265, i32 %mlp_out_V_266, i32 %mlp_out_V_267, i32 %mlp_out_V_268, i32 %mlp_out_V_269, i32 %mlp_out_V_270, i32 %mlp_out_V_271, i32 %mlp_out_V_272, i32 %mlp_out_V_273, i32 %mlp_out_V_274, i32 %mlp_out_V_275, i32 %mlp_out_V_276, i32 %mlp_out_V_277, i32 %mlp_out_V_278, i32 %mlp_out_V_279, i32 %mlp_out_V_280, i32 %mlp_out_V_281, i32 %mlp_out_V_282, i32 %mlp_out_V_283, i32 %mlp_out_V_284, i32 %mlp_out_V_285, i32 %mlp_out_V_286, i32 %mlp_out_V_287, i32 %mlp_out_V_288, i32 %mlp_out_V_289, i32 %mlp_out_V_290, i32 %mlp_out_V_291, i32 %mlp_out_V_292, i32 %mlp_out_V_293, i32 %mlp_out_V_294, i32 %mlp_out_V_295, i32 %mlp_out_V_296, i32 %mlp_out_V_297, i32 %mlp_out_V_298, i32 %mlp_out_V_299" [GIN_compute.cpp:451]   --->   Operation 67 'call' 'call_ln451' <Predicate = (!icmp_ln450)> <Delay = 0.00> <CoreType = "Generic">   --->   Core 0 '' <Latency = 0> <II = 1> <Delay = 1.00> <Generic> <Opcode : >

State 7 <SV = 6> <Delay = 0.00>
ST_7 : Operation 68 [1/1] (0.00ns)   --->   "%specloopname_ln450 = specloopname void @_ssdm_op_SpecLoopName, void @empty_24" [GIN_compute.cpp:450]   --->   Operation 68 'specloopname' 'specloopname_ln450' <Predicate = true> <Delay = 0.00>
ST_7 : Operation 69 [1/2] (0.00ns)   --->   "%call_ln451 = call void @compute_CONV_layer, i3 %layer, i32 %edge_embedding_V, i32 %edge_embedding_table_V, i32 %edge_attr, i32 %message_V, i32 %edge_list, i32 %node_embedding_V, i32 %mlp_1_weights_V_0, i32 %mlp_1_weights_V_1, i32 %mlp_1_weights_V_2, i32 %mlp_1_weights_V_3, i32 %mlp_1_weights_V_4, i32 %mlp_1_weights_V_5, i32 %mlp_1_weights_V_6, i32 %mlp_1_weights_V_7, i32 %mlp_1_weights_V_8, i32 %mlp_1_weights_V_9, i32 %mlp_1_weights_V_10, i32 %mlp_1_weights_V_11, i32 %mlp_1_weights_V_12, i32 %mlp_1_weights_V_13, i32 %mlp_1_weights_V_14, i32 %mlp_1_weights_V_15, i32 %mlp_1_weights_V_16, i32 %mlp_1_weights_V_17, i32 %mlp_1_weights_V_18, i32 %mlp_1_weights_V_19, i32 %mlp_1_weights_V_20, i32 %mlp_1_weights_V_21, i32 %mlp_1_weights_V_22, i32 %mlp_1_weights_V_23, i32 %mlp_1_weights_V_24, i32 %mlp_1_weights_V_25, i32 %mlp_1_weights_V_26, i32 %mlp_1_weights_V_27, i32 %mlp_1_weights_V_28, i32 %mlp_1_weights_V_29, i32 %mlp_1_weights_V_30, i32 %mlp_1_weights_V_31, i32 %mlp_1_weights_V_32, i32 %mlp_1_weights_V_33, i32 %mlp_1_weights_V_34, i32 %mlp_1_weights_V_35, i32 %mlp_1_weights_V_36, i32 %mlp_1_weights_V_37, i32 %mlp_1_weights_V_38, i32 %mlp_1_weights_V_39, i32 %mlp_1_weights_V_40, i32 %mlp_1_weights_V_41, i32 %mlp_1_weights_V_42, i32 %mlp_1_weights_V_43, i32 %mlp_1_weights_V_44, i32 %mlp_1_weights_V_45, i32 %mlp_1_weights_V_46, i32 %mlp_1_weights_V_47, i32 %mlp_1_weights_V_48, i32 %mlp_1_weights_V_49, i32 %mlp_1_weights_V_50, i32 %mlp_1_weights_V_51, i32 %mlp_1_weights_V_52, i32 %mlp_1_weights_V_53, i32 %mlp_1_weights_V_54, i32 %mlp_1_weights_V_55, i32 %mlp_1_weights_V_56, i32 %mlp_1_weights_V_57, i32 %mlp_1_weights_V_58, i32 %mlp_1_weights_V_59, i32 %mlp_1_weights_V_60, i32 %mlp_1_weights_V_61, i32 %mlp_1_weights_V_62, i32 %mlp_1_weights_V_63, i32 %mlp_1_weights_V_64, i32 %mlp_1_weights_V_65, i32 %mlp_1_weights_V_66, i32 %mlp_1_weights_V_67, i32 %mlp_1_weights_V_68, i32 %mlp_1_weights_V_69, i32 %mlp_1_weights_V_70, i32 %mlp_1_weights_V_71, i32 %mlp_1_weights_V_72, i32 %mlp_1_weights_V_73, i32 %mlp_1_weights_V_74, i32 %mlp_1_weights_V_75, i32 %mlp_1_weights_V_76, i32 %mlp_1_weights_V_77, i32 %mlp_1_weights_V_78, i32 %mlp_1_weights_V_79, i32 %mlp_1_weights_V_80, i32 %mlp_1_weights_V_81, i32 %mlp_1_weights_V_82, i32 %mlp_1_weights_V_83, i32 %mlp_1_weights_V_84, i32 %mlp_1_weights_V_85, i32 %mlp_1_weights_V_86, i32 %mlp_1_weights_V_87, i32 %mlp_1_weights_V_88, i32 %mlp_1_weights_V_89, i32 %mlp_1_weights_V_90, i32 %mlp_1_weights_V_91, i32 %mlp_1_weights_V_92, i32 %mlp_1_weights_V_93, i32 %mlp_1_weights_V_94, i32 %mlp_1_weights_V_95, i32 %mlp_1_weights_V_96, i32 %mlp_1_weights_V_97, i32 %mlp_1_weights_V_98, i32 %mlp_1_weights_V_99, i32 %mlp_1_weights_V_100, i32 %mlp_1_weights_V_101, i32 %mlp_1_weights_V_102, i32 %mlp_1_weights_V_103, i32 %mlp_1_weights_V_104, i32 %mlp_1_weights_V_105, i32 %mlp_1_weights_V_106, i32 %mlp_1_weights_V_107, i32 %mlp_1_weights_V_108, i32 %mlp_1_weights_V_109, i32 %mlp_1_weights_V_110, i32 %mlp_1_weights_V_111, i32 %mlp_1_weights_V_112, i32 %mlp_1_weights_V_113, i32 %mlp_1_weights_V_114, i32 %mlp_1_weights_V_115, i32 %mlp_1_weights_V_116, i32 %mlp_1_weights_V_117, i32 %mlp_1_weights_V_118, i32 %mlp_1_weights_V_119, i32 %mlp_1_weights_V_120, i32 %mlp_1_weights_V_121, i32 %mlp_1_weights_V_122, i32 %mlp_1_weights_V_123, i32 %mlp_1_weights_V_124, i32 %mlp_1_weights_V_125, i32 %mlp_1_weights_V_126, i32 %mlp_1_weights_V_127, i32 %mlp_1_weights_V_128, i32 %mlp_1_weights_V_129, i32 %mlp_1_weights_V_130, i32 %mlp_1_weights_V_131, i32 %mlp_1_weights_V_132, i32 %mlp_1_weights_V_133, i32 %mlp_1_weights_V_134, i32 %mlp_1_weights_V_135, i32 %mlp_1_weights_V_136, i32 %mlp_1_weights_V_137, i32 %mlp_1_weights_V_138, i32 %mlp_1_weights_V_139, i32 %mlp_1_weights_V_140, i32 %mlp_1_weights_V_141, i32 %mlp_1_weights_V_142, i32 %mlp_1_weights_V_143, i32 %mlp_1_weights_V_144, i32 %mlp_1_weights_V_145, i32 %mlp_1_weights_V_146, i32 %mlp_1_weights_V_147, i32 %mlp_1_weights_V_148, i32 %mlp_1_weights_V_149, i32 %mlp_1_weights_V_150, i32 %mlp_1_weights_V_151, i32 %mlp_1_weights_V_152, i32 %mlp_1_weights_V_153, i32 %mlp_1_weights_V_154, i32 %mlp_1_weights_V_155, i32 %mlp_1_weights_V_156, i32 %mlp_1_weights_V_157, i32 %mlp_1_weights_V_158, i32 %mlp_1_weights_V_159, i32 %mlp_1_weights_V_160, i32 %mlp_1_weights_V_161, i32 %mlp_1_weights_V_162, i32 %mlp_1_weights_V_163, i32 %mlp_1_weights_V_164, i32 %mlp_1_weights_V_165, i32 %mlp_1_weights_V_166, i32 %mlp_1_weights_V_167, i32 %mlp_1_weights_V_168, i32 %mlp_1_weights_V_169, i32 %mlp_1_weights_V_170, i32 %mlp_1_weights_V_171, i32 %mlp_1_weights_V_172, i32 %mlp_1_weights_V_173, i32 %mlp_1_weights_V_174, i32 %mlp_1_weights_V_175, i32 %mlp_1_weights_V_176, i32 %mlp_1_weights_V_177, i32 %mlp_1_weights_V_178, i32 %mlp_1_weights_V_179, i32 %mlp_1_weights_V_180, i32 %mlp_1_weights_V_181, i32 %mlp_1_weights_V_182, i32 %mlp_1_weights_V_183, i32 %mlp_1_weights_V_184, i32 %mlp_1_weights_V_185, i32 %mlp_1_weights_V_186, i32 %mlp_1_weights_V_187, i32 %mlp_1_weights_V_188, i32 %mlp_1_weights_V_189, i32 %mlp_1_weights_V_190, i32 %mlp_1_weights_V_191, i32 %mlp_1_weights_V_192, i32 %mlp_1_weights_V_193, i32 %mlp_1_weights_V_194, i32 %mlp_1_weights_V_195, i32 %mlp_1_weights_V_196, i32 %mlp_1_weights_V_197, i32 %mlp_1_weights_V_198, i32 %mlp_1_weights_V_199, i32 %mlp_1_weights_V_200, i32 %mlp_1_weights_V_201, i32 %mlp_1_weights_V_202, i32 %mlp_1_weights_V_203, i32 %mlp_1_weights_V_204, i32 %mlp_1_weights_V_205, i32 %mlp_1_weights_V_206, i32 %mlp_1_weights_V_207, i32 %mlp_1_weights_V_208, i32 %mlp_1_weights_V_209, i32 %mlp_1_weights_V_210, i32 %mlp_1_weights_V_211, i32 %mlp_1_weights_V_212, i32 %mlp_1_weights_V_213, i32 %mlp_1_weights_V_214, i32 %mlp_1_weights_V_215, i32 %mlp_1_weights_V_216, i32 %mlp_1_weights_V_217, i32 %mlp_1_weights_V_218, i32 %mlp_1_weights_V_219, i32 %mlp_1_weights_V_220, i32 %mlp_1_weights_V_221, i32 %mlp_1_weights_V_222, i32 %mlp_1_weights_V_223, i32 %mlp_1_weights_V_224, i32 %mlp_1_weights_V_225, i32 %mlp_1_weights_V_226, i32 %mlp_1_weights_V_227, i32 %mlp_1_weights_V_228, i32 %mlp_1_weights_V_229, i32 %mlp_1_weights_V_230, i32 %mlp_1_weights_V_231, i32 %mlp_1_weights_V_232, i32 %mlp_1_weights_V_233, i32 %mlp_1_weights_V_234, i32 %mlp_1_weights_V_235, i32 %mlp_1_weights_V_236, i32 %mlp_1_weights_V_237, i32 %mlp_1_weights_V_238, i32 %mlp_1_weights_V_239, i32 %mlp_1_weights_V_240, i32 %mlp_1_weights_V_241, i32 %mlp_1_weights_V_242, i32 %mlp_1_weights_V_243, i32 %mlp_1_weights_V_244, i32 %mlp_1_weights_V_245, i32 %mlp_1_weights_V_246, i32 %mlp_1_weights_V_247, i32 %mlp_1_weights_V_248, i32 %mlp_1_weights_V_249, i32 %mlp_1_weights_V_250, i32 %mlp_1_weights_V_251, i32 %mlp_1_weights_V_252, i32 %mlp_1_weights_V_253, i32 %mlp_1_weights_V_254, i32 %mlp_1_weights_V_255, i32 %mlp_1_weights_V_256, i32 %mlp_1_weights_V_257, i32 %mlp_1_weights_V_258, i32 %mlp_1_weights_V_259, i32 %mlp_1_weights_V_260, i32 %mlp_1_weights_V_261, i32 %mlp_1_weights_V_262, i32 %mlp_1_weights_V_263, i32 %mlp_1_weights_V_264, i32 %mlp_1_weights_V_265, i32 %mlp_1_weights_V_266, i32 %mlp_1_weights_V_267, i32 %mlp_1_weights_V_268, i32 %mlp_1_weights_V_269, i32 %mlp_1_weights_V_270, i32 %mlp_1_weights_V_271, i32 %mlp_1_weights_V_272, i32 %mlp_1_weights_V_273, i32 %mlp_1_weights_V_274, i32 %mlp_1_weights_V_275, i32 %mlp_1_weights_V_276, i32 %mlp_1_weights_V_277, i32 %mlp_1_weights_V_278, i32 %mlp_1_weights_V_279, i32 %mlp_1_weights_V_280, i32 %mlp_1_weights_V_281, i32 %mlp_1_weights_V_282, i32 %mlp_1_weights_V_283, i32 %mlp_1_weights_V_284, i32 %mlp_1_weights_V_285, i32 %mlp_1_weights_V_286, i32 %mlp_1_weights_V_287, i32 %mlp_1_weights_V_288, i32 %mlp_1_weights_V_289, i32 %mlp_1_weights_V_290, i32 %mlp_1_weights_V_291, i32 %mlp_1_weights_V_292, i32 %mlp_1_weights_V_293, i32 %mlp_1_weights_V_294, i32 %mlp_1_weights_V_295, i32 %mlp_1_weights_V_296, i32 %mlp_1_weights_V_297, i32 %mlp_1_weights_V_298, i32 %mlp_1_weights_V_299, i32 %mlp_2_weights_V_0, i32 %mlp_2_weights_V_1, i32 %mlp_2_weights_V_2, i32 %mlp_2_weights_V_3, i32 %mlp_2_weights_V_4, i32 %mlp_2_weights_V_5, i32 %mlp_2_weights_V_6, i32 %mlp_2_weights_V_7, i32 %mlp_2_weights_V_8, i32 %mlp_2_weights_V_9, i32 %mlp_2_weights_V_10, i32 %mlp_2_weights_V_11, i32 %mlp_2_weights_V_12, i32 %mlp_2_weights_V_13, i32 %mlp_2_weights_V_14, i32 %mlp_2_weights_V_15, i32 %mlp_2_weights_V_16, i32 %mlp_2_weights_V_17, i32 %mlp_2_weights_V_18, i32 %mlp_2_weights_V_19, i32 %mlp_2_weights_V_20, i32 %mlp_2_weights_V_21, i32 %mlp_2_weights_V_22, i32 %mlp_2_weights_V_23, i32 %mlp_2_weights_V_24, i32 %mlp_2_weights_V_25, i32 %mlp_2_weights_V_26, i32 %mlp_2_weights_V_27, i32 %mlp_2_weights_V_28, i32 %mlp_2_weights_V_29, i32 %mlp_2_weights_V_30, i32 %mlp_2_weights_V_31, i32 %mlp_2_weights_V_32, i32 %mlp_2_weights_V_33, i32 %mlp_2_weights_V_34, i32 %mlp_2_weights_V_35, i32 %mlp_2_weights_V_36, i32 %mlp_2_weights_V_37, i32 %mlp_2_weights_V_38, i32 %mlp_2_weights_V_39, i32 %mlp_2_weights_V_40, i32 %mlp_2_weights_V_41, i32 %mlp_2_weights_V_42, i32 %mlp_2_weights_V_43, i32 %mlp_2_weights_V_44, i32 %mlp_2_weights_V_45, i32 %mlp_2_weights_V_46, i32 %mlp_2_weights_V_47, i32 %mlp_2_weights_V_48, i32 %mlp_2_weights_V_49, i32 %mlp_2_weights_V_50, i32 %mlp_2_weights_V_51, i32 %mlp_2_weights_V_52, i32 %mlp_2_weights_V_53, i32 %mlp_2_weights_V_54, i32 %mlp_2_weights_V_55, i32 %mlp_2_weights_V_56, i32 %mlp_2_weights_V_57, i32 %mlp_2_weights_V_58, i32 %mlp_2_weights_V_59, i32 %mlp_2_weights_V_60, i32 %mlp_2_weights_V_61, i32 %mlp_2_weights_V_62, i32 %mlp_2_weights_V_63, i32 %mlp_2_weights_V_64, i32 %mlp_2_weights_V_65, i32 %mlp_2_weights_V_66, i32 %mlp_2_weights_V_67, i32 %mlp_2_weights_V_68, i32 %mlp_2_weights_V_69, i32 %mlp_2_weights_V_70, i32 %mlp_2_weights_V_71, i32 %mlp_2_weights_V_72, i32 %mlp_2_weights_V_73, i32 %mlp_2_weights_V_74, i32 %mlp_2_weights_V_75, i32 %mlp_2_weights_V_76, i32 %mlp_2_weights_V_77, i32 %mlp_2_weights_V_78, i32 %mlp_2_weights_V_79, i32 %mlp_2_weights_V_80, i32 %mlp_2_weights_V_81, i32 %mlp_2_weights_V_82, i32 %mlp_2_weights_V_83, i32 %mlp_2_weights_V_84, i32 %mlp_2_weights_V_85, i32 %mlp_2_weights_V_86, i32 %mlp_2_weights_V_87, i32 %mlp_2_weights_V_88, i32 %mlp_2_weights_V_89, i32 %mlp_2_weights_V_90, i32 %mlp_2_weights_V_91, i32 %mlp_2_weights_V_92, i32 %mlp_2_weights_V_93, i32 %mlp_2_weights_V_94, i32 %mlp_2_weights_V_95, i32 %mlp_2_weights_V_96, i32 %mlp_2_weights_V_97, i32 %mlp_2_weights_V_98, i32 %mlp_2_weights_V_99, i32 %mlp_2_weights_V_100, i32 %mlp_2_weights_V_101, i32 %mlp_2_weights_V_102, i32 %mlp_2_weights_V_103, i32 %mlp_2_weights_V_104, i32 %mlp_2_weights_V_105, i32 %mlp_2_weights_V_106, i32 %mlp_2_weights_V_107, i32 %mlp_2_weights_V_108, i32 %mlp_2_weights_V_109, i32 %mlp_2_weights_V_110, i32 %mlp_2_weights_V_111, i32 %mlp_2_weights_V_112, i32 %mlp_2_weights_V_113, i32 %mlp_2_weights_V_114, i32 %mlp_2_weights_V_115, i32 %mlp_2_weights_V_116, i32 %mlp_2_weights_V_117, i32 %mlp_2_weights_V_118, i32 %mlp_2_weights_V_119, i32 %mlp_2_weights_V_120, i32 %mlp_2_weights_V_121, i32 %mlp_2_weights_V_122, i32 %mlp_2_weights_V_123, i32 %mlp_2_weights_V_124, i32 %mlp_2_weights_V_125, i32 %mlp_2_weights_V_126, i32 %mlp_2_weights_V_127, i32 %mlp_2_weights_V_128, i32 %mlp_2_weights_V_129, i32 %mlp_2_weights_V_130, i32 %mlp_2_weights_V_131, i32 %mlp_2_weights_V_132, i32 %mlp_2_weights_V_133, i32 %mlp_2_weights_V_134, i32 %mlp_2_weights_V_135, i32 %mlp_2_weights_V_136, i32 %mlp_2_weights_V_137, i32 %mlp_2_weights_V_138, i32 %mlp_2_weights_V_139, i32 %mlp_2_weights_V_140, i32 %mlp_2_weights_V_141, i32 %mlp_2_weights_V_142, i32 %mlp_2_weights_V_143, i32 %mlp_2_weights_V_144, i32 %mlp_2_weights_V_145, i32 %mlp_2_weights_V_146, i32 %mlp_2_weights_V_147, i32 %mlp_2_weights_V_148, i32 %mlp_2_weights_V_149, i32 %mlp_2_weights_V_150, i32 %mlp_2_weights_V_151, i32 %mlp_2_weights_V_152, i32 %mlp_2_weights_V_153, i32 %mlp_2_weights_V_154, i32 %mlp_2_weights_V_155, i32 %mlp_2_weights_V_156, i32 %mlp_2_weights_V_157, i32 %mlp_2_weights_V_158, i32 %mlp_2_weights_V_159, i32 %mlp_2_weights_V_160, i32 %mlp_2_weights_V_161, i32 %mlp_2_weights_V_162, i32 %mlp_2_weights_V_163, i32 %mlp_2_weights_V_164, i32 %mlp_2_weights_V_165, i32 %mlp_2_weights_V_166, i32 %mlp_2_weights_V_167, i32 %mlp_2_weights_V_168, i32 %mlp_2_weights_V_169, i32 %mlp_2_weights_V_170, i32 %mlp_2_weights_V_171, i32 %mlp_2_weights_V_172, i32 %mlp_2_weights_V_173, i32 %mlp_2_weights_V_174, i32 %mlp_2_weights_V_175, i32 %mlp_2_weights_V_176, i32 %mlp_2_weights_V_177, i32 %mlp_2_weights_V_178, i32 %mlp_2_weights_V_179, i32 %mlp_2_weights_V_180, i32 %mlp_2_weights_V_181, i32 %mlp_2_weights_V_182, i32 %mlp_2_weights_V_183, i32 %mlp_2_weights_V_184, i32 %mlp_2_weights_V_185, i32 %mlp_2_weights_V_186, i32 %mlp_2_weights_V_187, i32 %mlp_2_weights_V_188, i32 %mlp_2_weights_V_189, i32 %mlp_2_weights_V_190, i32 %mlp_2_weights_V_191, i32 %mlp_2_weights_V_192, i32 %mlp_2_weights_V_193, i32 %mlp_2_weights_V_194, i32 %mlp_2_weights_V_195, i32 %mlp_2_weights_V_196, i32 %mlp_2_weights_V_197, i32 %mlp_2_weights_V_198, i32 %mlp_2_weights_V_199, i32 %mlp_2_weights_V_200, i32 %mlp_2_weights_V_201, i32 %mlp_2_weights_V_202, i32 %mlp_2_weights_V_203, i32 %mlp_2_weights_V_204, i32 %mlp_2_weights_V_205, i32 %mlp_2_weights_V_206, i32 %mlp_2_weights_V_207, i32 %mlp_2_weights_V_208, i32 %mlp_2_weights_V_209, i32 %mlp_2_weights_V_210, i32 %mlp_2_weights_V_211, i32 %mlp_2_weights_V_212, i32 %mlp_2_weights_V_213, i32 %mlp_2_weights_V_214, i32 %mlp_2_weights_V_215, i32 %mlp_2_weights_V_216, i32 %mlp_2_weights_V_217, i32 %mlp_2_weights_V_218, i32 %mlp_2_weights_V_219, i32 %mlp_2_weights_V_220, i32 %mlp_2_weights_V_221, i32 %mlp_2_weights_V_222, i32 %mlp_2_weights_V_223, i32 %mlp_2_weights_V_224, i32 %mlp_2_weights_V_225, i32 %mlp_2_weights_V_226, i32 %mlp_2_weights_V_227, i32 %mlp_2_weights_V_228, i32 %mlp_2_weights_V_229, i32 %mlp_2_weights_V_230, i32 %mlp_2_weights_V_231, i32 %mlp_2_weights_V_232, i32 %mlp_2_weights_V_233, i32 %mlp_2_weights_V_234, i32 %mlp_2_weights_V_235, i32 %mlp_2_weights_V_236, i32 %mlp_2_weights_V_237, i32 %mlp_2_weights_V_238, i32 %mlp_2_weights_V_239, i32 %mlp_2_weights_V_240, i32 %mlp_2_weights_V_241, i32 %mlp_2_weights_V_242, i32 %mlp_2_weights_V_243, i32 %mlp_2_weights_V_244, i32 %mlp_2_weights_V_245, i32 %mlp_2_weights_V_246, i32 %mlp_2_weights_V_247, i32 %mlp_2_weights_V_248, i32 %mlp_2_weights_V_249, i32 %mlp_2_weights_V_250, i32 %mlp_2_weights_V_251, i32 %mlp_2_weights_V_252, i32 %mlp_2_weights_V_253, i32 %mlp_2_weights_V_254, i32 %mlp_2_weights_V_255, i32 %mlp_2_weights_V_256, i32 %mlp_2_weights_V_257, i32 %mlp_2_weights_V_258, i32 %mlp_2_weights_V_259, i32 %mlp_2_weights_V_260, i32 %mlp_2_weights_V_261, i32 %mlp_2_weights_V_262, i32 %mlp_2_weights_V_263, i32 %mlp_2_weights_V_264, i32 %mlp_2_weights_V_265, i32 %mlp_2_weights_V_266, i32 %mlp_2_weights_V_267, i32 %mlp_2_weights_V_268, i32 %mlp_2_weights_V_269, i32 %mlp_2_weights_V_270, i32 %mlp_2_weights_V_271, i32 %mlp_2_weights_V_272, i32 %mlp_2_weights_V_273, i32 %mlp_2_weights_V_274, i32 %mlp_2_weights_V_275, i32 %mlp_2_weights_V_276, i32 %mlp_2_weights_V_277, i32 %mlp_2_weights_V_278, i32 %mlp_2_weights_V_279, i32 %mlp_2_weights_V_280, i32 %mlp_2_weights_V_281, i32 %mlp_2_weights_V_282, i32 %mlp_2_weights_V_283, i32 %mlp_2_weights_V_284, i32 %mlp_2_weights_V_285, i32 %mlp_2_weights_V_286, i32 %mlp_2_weights_V_287, i32 %mlp_2_weights_V_288, i32 %mlp_2_weights_V_289, i32 %mlp_2_weights_V_290, i32 %mlp_2_weights_V_291, i32 %mlp_2_weights_V_292, i32 %mlp_2_weights_V_293, i32 %mlp_2_weights_V_294, i32 %mlp_2_weights_V_295, i32 %mlp_2_weights_V_296, i32 %mlp_2_weights_V_297, i32 %mlp_2_weights_V_298, i32 %mlp_2_weights_V_299, i32 %mlp_in_V_0, i32 %mlp_in_V_1, i32 %mlp_in_V_2, i32 %mlp_in_V_3, i32 %mlp_in_V_4, i32 %mlp_in_V_5, i32 %mlp_in_V_6, i32 %mlp_in_V_7, i32 %mlp_in_V_8, i32 %mlp_in_V_9, i32 %mlp_in_V_10, i32 %mlp_in_V_11, i32 %mlp_in_V_12, i32 %mlp_in_V_13, i32 %mlp_in_V_14, i32 %mlp_in_V_15, i32 %mlp_in_V_16, i32 %mlp_in_V_17, i32 %mlp_in_V_18, i32 %mlp_in_V_19, i32 %mlp_in_V_20, i32 %mlp_in_V_21, i32 %mlp_in_V_22, i32 %mlp_in_V_23, i32 %mlp_in_V_24, i32 %mlp_in_V_25, i32 %mlp_in_V_26, i32 %mlp_in_V_27, i32 %mlp_in_V_28, i32 %mlp_in_V_29, i32 %mlp_in_V_30, i32 %mlp_in_V_31, i32 %mlp_in_V_32, i32 %mlp_in_V_33, i32 %mlp_in_V_34, i32 %mlp_in_V_35, i32 %mlp_in_V_36, i32 %mlp_in_V_37, i32 %mlp_in_V_38, i32 %mlp_in_V_39, i32 %mlp_in_V_40, i32 %mlp_in_V_41, i32 %mlp_in_V_42, i32 %mlp_in_V_43, i32 %mlp_in_V_44, i32 %mlp_in_V_45, i32 %mlp_in_V_46, i32 %mlp_in_V_47, i32 %mlp_in_V_48, i32 %mlp_in_V_49, i32 %mlp_in_V_50, i32 %mlp_in_V_51, i32 %mlp_in_V_52, i32 %mlp_in_V_53, i32 %mlp_in_V_54, i32 %mlp_in_V_55, i32 %mlp_in_V_56, i32 %mlp_in_V_57, i32 %mlp_in_V_58, i32 %mlp_in_V_59, i32 %mlp_in_V_60, i32 %mlp_in_V_61, i32 %mlp_in_V_62, i32 %mlp_in_V_63, i32 %mlp_in_V_64, i32 %mlp_in_V_65, i32 %mlp_in_V_66, i32 %mlp_in_V_67, i32 %mlp_in_V_68, i32 %mlp_in_V_69, i32 %mlp_in_V_70, i32 %mlp_in_V_71, i32 %mlp_in_V_72, i32 %mlp_in_V_73, i32 %mlp_in_V_74, i32 %mlp_in_V_75, i32 %mlp_in_V_76, i32 %mlp_in_V_77, i32 %mlp_in_V_78, i32 %mlp_in_V_79, i32 %mlp_in_V_80, i32 %mlp_in_V_81, i32 %mlp_in_V_82, i32 %mlp_in_V_83, i32 %mlp_in_V_84, i32 %mlp_in_V_85, i32 %mlp_in_V_86, i32 %mlp_in_V_87, i32 %mlp_in_V_88, i32 %mlp_in_V_89, i32 %mlp_in_V_90, i32 %mlp_in_V_91, i32 %mlp_in_V_92, i32 %mlp_in_V_93, i32 %mlp_in_V_94, i32 %mlp_in_V_95, i32 %mlp_in_V_96, i32 %mlp_in_V_97, i32 %mlp_in_V_98, i32 %mlp_in_V_99, i32 %mlp_in_V_100, i32 %mlp_in_V_101, i32 %mlp_in_V_102, i32 %mlp_in_V_103, i32 %mlp_in_V_104, i32 %mlp_in_V_105, i32 %mlp_in_V_106, i32 %mlp_in_V_107, i32 %mlp_in_V_108, i32 %mlp_in_V_109, i32 %mlp_in_V_110, i32 %mlp_in_V_111, i32 %mlp_in_V_112, i32 %mlp_in_V_113, i32 %mlp_in_V_114, i32 %mlp_in_V_115, i32 %mlp_in_V_116, i32 %mlp_in_V_117, i32 %mlp_in_V_118, i32 %mlp_in_V_119, i32 %mlp_in_V_120, i32 %mlp_in_V_121, i32 %mlp_in_V_122, i32 %mlp_in_V_123, i32 %mlp_in_V_124, i32 %mlp_in_V_125, i32 %mlp_in_V_126, i32 %mlp_in_V_127, i32 %mlp_in_V_128, i32 %mlp_in_V_129, i32 %mlp_in_V_130, i32 %mlp_in_V_131, i32 %mlp_in_V_132, i32 %mlp_in_V_133, i32 %mlp_in_V_134, i32 %mlp_in_V_135, i32 %mlp_in_V_136, i32 %mlp_in_V_137, i32 %mlp_in_V_138, i32 %mlp_in_V_139, i32 %mlp_in_V_140, i32 %mlp_in_V_141, i32 %mlp_in_V_142, i32 %mlp_in_V_143, i32 %mlp_in_V_144, i32 %mlp_in_V_145, i32 %mlp_in_V_146, i32 %mlp_in_V_147, i32 %mlp_in_V_148, i32 %mlp_in_V_149, i32 %mlp_in_V_150, i32 %mlp_in_V_151, i32 %mlp_in_V_152, i32 %mlp_in_V_153, i32 %mlp_in_V_154, i32 %mlp_in_V_155, i32 %mlp_in_V_156, i32 %mlp_in_V_157, i32 %mlp_in_V_158, i32 %mlp_in_V_159, i32 %mlp_in_V_160, i32 %mlp_in_V_161, i32 %mlp_in_V_162, i32 %mlp_in_V_163, i32 %mlp_in_V_164, i32 %mlp_in_V_165, i32 %mlp_in_V_166, i32 %mlp_in_V_167, i32 %mlp_in_V_168, i32 %mlp_in_V_169, i32 %mlp_in_V_170, i32 %mlp_in_V_171, i32 %mlp_in_V_172, i32 %mlp_in_V_173, i32 %mlp_in_V_174, i32 %mlp_in_V_175, i32 %mlp_in_V_176, i32 %mlp_in_V_177, i32 %mlp_in_V_178, i32 %mlp_in_V_179, i32 %mlp_in_V_180, i32 %mlp_in_V_181, i32 %mlp_in_V_182, i32 %mlp_in_V_183, i32 %mlp_in_V_184, i32 %mlp_in_V_185, i32 %mlp_in_V_186, i32 %mlp_in_V_187, i32 %mlp_in_V_188, i32 %mlp_in_V_189, i32 %mlp_in_V_190, i32 %mlp_in_V_191, i32 %mlp_in_V_192, i32 %mlp_in_V_193, i32 %mlp_in_V_194, i32 %mlp_in_V_195, i32 %mlp_in_V_196, i32 %mlp_in_V_197, i32 %mlp_in_V_198, i32 %mlp_in_V_199, i32 %mlp_in_V_200, i32 %mlp_in_V_201, i32 %mlp_in_V_202, i32 %mlp_in_V_203, i32 %mlp_in_V_204, i32 %mlp_in_V_205, i32 %mlp_in_V_206, i32 %mlp_in_V_207, i32 %mlp_in_V_208, i32 %mlp_in_V_209, i32 %mlp_in_V_210, i32 %mlp_in_V_211, i32 %mlp_in_V_212, i32 %mlp_in_V_213, i32 %mlp_in_V_214, i32 %mlp_in_V_215, i32 %mlp_in_V_216, i32 %mlp_in_V_217, i32 %mlp_in_V_218, i32 %mlp_in_V_219, i32 %mlp_in_V_220, i32 %mlp_in_V_221, i32 %mlp_in_V_222, i32 %mlp_in_V_223, i32 %mlp_in_V_224, i32 %mlp_in_V_225, i32 %mlp_in_V_226, i32 %mlp_in_V_227, i32 %mlp_in_V_228, i32 %mlp_in_V_229, i32 %mlp_in_V_230, i32 %mlp_in_V_231, i32 %mlp_in_V_232, i32 %mlp_in_V_233, i32 %mlp_in_V_234, i32 %mlp_in_V_235, i32 %mlp_in_V_236, i32 %mlp_in_V_237, i32 %mlp_in_V_238, i32 %mlp_in_V_239, i32 %mlp_in_V_240, i32 %mlp_in_V_241, i32 %mlp_in_V_242, i32 %mlp_in_V_243, i32 %mlp_in_V_244, i32 %mlp_in_V_245, i32 %mlp_in_V_246, i32 %mlp_in_V_247, i32 %mlp_in_V_248, i32 %mlp_in_V_249, i32 %mlp_in_V_250, i32 %mlp_in_V_251, i32 %mlp_in_V_252, i32 %mlp_in_V_253, i32 %mlp_in_V_254, i32 %mlp_in_V_255, i32 %mlp_in_V_256, i32 %mlp_in_V_257, i32 %mlp_in_V_258, i32 %mlp_in_V_259, i32 %mlp_in_V_260, i32 %mlp_in_V_261, i32 %mlp_in_V_262, i32 %mlp_in_V_263, i32 %mlp_in_V_264, i32 %mlp_in_V_265, i32 %mlp_in_V_266, i32 %mlp_in_V_267, i32 %mlp_in_V_268, i32 %mlp_in_V_269, i32 %mlp_in_V_270, i32 %mlp_in_V_271, i32 %mlp_in_V_272, i32 %mlp_in_V_273, i32 %mlp_in_V_274, i32 %mlp_in_V_275, i32 %mlp_in_V_276, i32 %mlp_in_V_277, i32 %mlp_in_V_278, i32 %mlp_in_V_279, i32 %mlp_in_V_280, i32 %mlp_in_V_281, i32 %mlp_in_V_282, i32 %mlp_in_V_283, i32 %mlp_in_V_284, i32 %mlp_in_V_285, i32 %mlp_in_V_286, i32 %mlp_in_V_287, i32 %mlp_in_V_288, i32 %mlp_in_V_289, i32 %mlp_in_V_290, i32 %mlp_in_V_291, i32 %mlp_in_V_292, i32 %mlp_in_V_293, i32 %mlp_in_V_294, i32 %mlp_in_V_295, i32 %mlp_in_V_296, i32 %mlp_in_V_297, i32 %mlp_in_V_298, i32 %mlp_in_V_299, i32 %mlp_out_V_0, i32 %mlp_out_V_1, i32 %mlp_out_V_2, i32 %mlp_out_V_3, i32 %mlp_out_V_4, i32 %mlp_out_V_5, i32 %mlp_out_V_6, i32 %mlp_out_V_7, i32 %mlp_out_V_8, i32 %mlp_out_V_9, i32 %mlp_out_V_10, i32 %mlp_out_V_11, i32 %mlp_out_V_12, i32 %mlp_out_V_13, i32 %mlp_out_V_14, i32 %mlp_out_V_15, i32 %mlp_out_V_16, i32 %mlp_out_V_17, i32 %mlp_out_V_18, i32 %mlp_out_V_19, i32 %mlp_out_V_20, i32 %mlp_out_V_21, i32 %mlp_out_V_22, i32 %mlp_out_V_23, i32 %mlp_out_V_24, i32 %mlp_out_V_25, i32 %mlp_out_V_26, i32 %mlp_out_V_27, i32 %mlp_out_V_28, i32 %mlp_out_V_29, i32 %mlp_out_V_30, i32 %mlp_out_V_31, i32 %mlp_out_V_32, i32 %mlp_out_V_33, i32 %mlp_out_V_34, i32 %mlp_out_V_35, i32 %mlp_out_V_36, i32 %mlp_out_V_37, i32 %mlp_out_V_38, i32 %mlp_out_V_39, i32 %mlp_out_V_40, i32 %mlp_out_V_41, i32 %mlp_out_V_42, i32 %mlp_out_V_43, i32 %mlp_out_V_44, i32 %mlp_out_V_45, i32 %mlp_out_V_46, i32 %mlp_out_V_47, i32 %mlp_out_V_48, i32 %mlp_out_V_49, i32 %mlp_out_V_50, i32 %mlp_out_V_51, i32 %mlp_out_V_52, i32 %mlp_out_V_53, i32 %mlp_out_V_54, i32 %mlp_out_V_55, i32 %mlp_out_V_56, i32 %mlp_out_V_57, i32 %mlp_out_V_58, i32 %mlp_out_V_59, i32 %mlp_out_V_60, i32 %mlp_out_V_61, i32 %mlp_out_V_62, i32 %mlp_out_V_63, i32 %mlp_out_V_64, i32 %mlp_out_V_65, i32 %mlp_out_V_66, i32 %mlp_out_V_67, i32 %mlp_out_V_68, i32 %mlp_out_V_69, i32 %mlp_out_V_70, i32 %mlp_out_V_71, i32 %mlp_out_V_72, i32 %mlp_out_V_73, i32 %mlp_out_V_74, i32 %mlp_out_V_75, i32 %mlp_out_V_76, i32 %mlp_out_V_77, i32 %mlp_out_V_78, i32 %mlp_out_V_79, i32 %mlp_out_V_80, i32 %mlp_out_V_81, i32 %mlp_out_V_82, i32 %mlp_out_V_83, i32 %mlp_out_V_84, i32 %mlp_out_V_85, i32 %mlp_out_V_86, i32 %mlp_out_V_87, i32 %mlp_out_V_88, i32 %mlp_out_V_89, i32 %mlp_out_V_90, i32 %mlp_out_V_91, i32 %mlp_out_V_92, i32 %mlp_out_V_93, i32 %mlp_out_V_94, i32 %mlp_out_V_95, i32 %mlp_out_V_96, i32 %mlp_out_V_97, i32 %mlp_out_V_98, i32 %mlp_out_V_99, i32 %mlp_out_V_100, i32 %mlp_out_V_101, i32 %mlp_out_V_102, i32 %mlp_out_V_103, i32 %mlp_out_V_104, i32 %mlp_out_V_105, i32 %mlp_out_V_106, i32 %mlp_out_V_107, i32 %mlp_out_V_108, i32 %mlp_out_V_109, i32 %mlp_out_V_110, i32 %mlp_out_V_111, i32 %mlp_out_V_112, i32 %mlp_out_V_113, i32 %mlp_out_V_114, i32 %mlp_out_V_115, i32 %mlp_out_V_116, i32 %mlp_out_V_117, i32 %mlp_out_V_118, i32 %mlp_out_V_119, i32 %mlp_out_V_120, i32 %mlp_out_V_121, i32 %mlp_out_V_122, i32 %mlp_out_V_123, i32 %mlp_out_V_124, i32 %mlp_out_V_125, i32 %mlp_out_V_126, i32 %mlp_out_V_127, i32 %mlp_out_V_128, i32 %mlp_out_V_129, i32 %mlp_out_V_130, i32 %mlp_out_V_131, i32 %mlp_out_V_132, i32 %mlp_out_V_133, i32 %mlp_out_V_134, i32 %mlp_out_V_135, i32 %mlp_out_V_136, i32 %mlp_out_V_137, i32 %mlp_out_V_138, i32 %mlp_out_V_139, i32 %mlp_out_V_140, i32 %mlp_out_V_141, i32 %mlp_out_V_142, i32 %mlp_out_V_143, i32 %mlp_out_V_144, i32 %mlp_out_V_145, i32 %mlp_out_V_146, i32 %mlp_out_V_147, i32 %mlp_out_V_148, i32 %mlp_out_V_149, i32 %mlp_out_V_150, i32 %mlp_out_V_151, i32 %mlp_out_V_152, i32 %mlp_out_V_153, i32 %mlp_out_V_154, i32 %mlp_out_V_155, i32 %mlp_out_V_156, i32 %mlp_out_V_157, i32 %mlp_out_V_158, i32 %mlp_out_V_159, i32 %mlp_out_V_160, i32 %mlp_out_V_161, i32 %mlp_out_V_162, i32 %mlp_out_V_163, i32 %mlp_out_V_164, i32 %mlp_out_V_165, i32 %mlp_out_V_166, i32 %mlp_out_V_167, i32 %mlp_out_V_168, i32 %mlp_out_V_169, i32 %mlp_out_V_170, i32 %mlp_out_V_171, i32 %mlp_out_V_172, i32 %mlp_out_V_173, i32 %mlp_out_V_174, i32 %mlp_out_V_175, i32 %mlp_out_V_176, i32 %mlp_out_V_177, i32 %mlp_out_V_178, i32 %mlp_out_V_179, i32 %mlp_out_V_180, i32 %mlp_out_V_181, i32 %mlp_out_V_182, i32 %mlp_out_V_183, i32 %mlp_out_V_184, i32 %mlp_out_V_185, i32 %mlp_out_V_186, i32 %mlp_out_V_187, i32 %mlp_out_V_188, i32 %mlp_out_V_189, i32 %mlp_out_V_190, i32 %mlp_out_V_191, i32 %mlp_out_V_192, i32 %mlp_out_V_193, i32 %mlp_out_V_194, i32 %mlp_out_V_195, i32 %mlp_out_V_196, i32 %mlp_out_V_197, i32 %mlp_out_V_198, i32 %mlp_out_V_199, i32 %mlp_out_V_200, i32 %mlp_out_V_201, i32 %mlp_out_V_202, i32 %mlp_out_V_203, i32 %mlp_out_V_204, i32 %mlp_out_V_205, i32 %mlp_out_V_206, i32 %mlp_out_V_207, i32 %mlp_out_V_208, i32 %mlp_out_V_209, i32 %mlp_out_V_210, i32 %mlp_out_V_211, i32 %mlp_out_V_212, i32 %mlp_out_V_213, i32 %mlp_out_V_214, i32 %mlp_out_V_215, i32 %mlp_out_V_216, i32 %mlp_out_V_217, i32 %mlp_out_V_218, i32 %mlp_out_V_219, i32 %mlp_out_V_220, i32 %mlp_out_V_221, i32 %mlp_out_V_222, i32 %mlp_out_V_223, i32 %mlp_out_V_224, i32 %mlp_out_V_225, i32 %mlp_out_V_226, i32 %mlp_out_V_227, i32 %mlp_out_V_228, i32 %mlp_out_V_229, i32 %mlp_out_V_230, i32 %mlp_out_V_231, i32 %mlp_out_V_232, i32 %mlp_out_V_233, i32 %mlp_out_V_234, i32 %mlp_out_V_235, i32 %mlp_out_V_236, i32 %mlp_out_V_237, i32 %mlp_out_V_238, i32 %mlp_out_V_239, i32 %mlp_out_V_240, i32 %mlp_out_V_241, i32 %mlp_out_V_242, i32 %mlp_out_V_243, i32 %mlp_out_V_244, i32 %mlp_out_V_245, i32 %mlp_out_V_246, i32 %mlp_out_V_247, i32 %mlp_out_V_248, i32 %mlp_out_V_249, i32 %mlp_out_V_250, i32 %mlp_out_V_251, i32 %mlp_out_V_252, i32 %mlp_out_V_253, i32 %mlp_out_V_254, i32 %mlp_out_V_255, i32 %mlp_out_V_256, i32 %mlp_out_V_257, i32 %mlp_out_V_258, i32 %mlp_out_V_259, i32 %mlp_out_V_260, i32 %mlp_out_V_261, i32 %mlp_out_V_262, i32 %mlp_out_V_263, i32 %mlp_out_V_264, i32 %mlp_out_V_265, i32 %mlp_out_V_266, i32 %mlp_out_V_267, i32 %mlp_out_V_268, i32 %mlp_out_V_269, i32 %mlp_out_V_270, i32 %mlp_out_V_271, i32 %mlp_out_V_272, i32 %mlp_out_V_273, i32 %mlp_out_V_274, i32 %mlp_out_V_275, i32 %mlp_out_V_276, i32 %mlp_out_V_277, i32 %mlp_out_V_278, i32 %mlp_out_V_279, i32 %mlp_out_V_280, i32 %mlp_out_V_281, i32 %mlp_out_V_282, i32 %mlp_out_V_283, i32 %mlp_out_V_284, i32 %mlp_out_V_285, i32 %mlp_out_V_286, i32 %mlp_out_V_287, i32 %mlp_out_V_288, i32 %mlp_out_V_289, i32 %mlp_out_V_290, i32 %mlp_out_V_291, i32 %mlp_out_V_292, i32 %mlp_out_V_293, i32 %mlp_out_V_294, i32 %mlp_out_V_295, i32 %mlp_out_V_296, i32 %mlp_out_V_297, i32 %mlp_out_V_298, i32 %mlp_out_V_299" [GIN_compute.cpp:451]   --->   Operation 69 'call' 'call_ln451' <Predicate = true> <Delay = 0.00> <CoreType = "Generic">   --->   Core 0 '' <Latency = 0> <II = 1> <Delay = 1.00> <Generic> <Opcode : >
ST_7 : Operation 70 [1/1] (0.00ns)   --->   "%br_ln0 = br void"   --->   Operation 70 'br' 'br_ln0' <Predicate = true> <Delay = 0.00>

State 8 <SV = 6> <Delay = 7.30>
ST_8 : Operation 71 [2/2] (0.00ns)   --->   "%call_ln455 = call void @global_mean_pooling, i32 %node_embedding_V, i32 %graph_embedding_V" [GIN_compute.cpp:455]   --->   Operation 71 'call' 'call_ln455' <Predicate = true> <Delay = 0.00> <CoreType = "Generic">   --->   Core 0 '' <Latency = 0> <II = 1> <Delay = 1.00> <Generic> <Opcode : >
ST_8 : Operation 72 [2/2] (7.30ns)   --->   "%call_ln458 = call void @global_graph_prediction, i32 %mem, i64 %task_read" [GIN_compute.cpp:458]   --->   Operation 72 'call' 'call_ln458' <Predicate = true> <Delay = 7.30> <CoreType = "Generic">   --->   Core 0 '' <Latency = 0> <II = 1> <Delay = 1.00> <Generic> <Opcode : >

State 9 <SV = 7> <Delay = 0.00>
ST_9 : Operation 73 [1/2] (0.00ns)   --->   "%call_ln455 = call void @global_mean_pooling, i32 %node_embedding_V, i32 %graph_embedding_V" [GIN_compute.cpp:455]   --->   Operation 73 'call' 'call_ln455' <Predicate = true> <Delay = 0.00> <CoreType = "Generic">   --->   Core 0 '' <Latency = 0> <II = 1> <Delay = 1.00> <Generic> <Opcode : >
ST_9 : Operation 74 [1/2] (0.00ns)   --->   "%call_ln458 = call void @global_graph_prediction, i32 %mem, i64 %task_read" [GIN_compute.cpp:458]   --->   Operation 74 'call' 'call_ln458' <Predicate = true> <Delay = 0.00> <CoreType = "Generic">   --->   Core 0 '' <Latency = 0> <II = 1> <Delay = 1.00> <Generic> <Opcode : >
ST_9 : Operation 75 [1/1] (0.00ns)   --->   "%ret_ln467 = ret" [GIN_compute.cpp:467]   --->   Operation 75 'ret' 'ret_ln467' <Predicate = true> <Delay = 0.00>


============================================================
+ Verbose Summary: Timing violations
============================================================
Target clock period: 10ns, clock uncertainty: 2.7ns.

 <State 1>: 1ns
The critical path consists of the following:
	s_axi read on port 'task_r' (GIN_compute.cpp:383) [1269]  (1 ns)

 <State 2>: 7.3ns
The critical path consists of the following:
	'call' operation ('call_ln442', GIN_compute.cpp:442) to 'load_graph' [1284]  (7.3 ns)

 <State 3>: 0ns
The critical path consists of the following:

 <State 4>: 0ns
The critical path consists of the following:

 <State 5>: 0.387ns
The critical path consists of the following:
	multiplexor before 'phi' operation ('layer') with incoming values : ('layer', GIN_compute.cpp:450) [1288]  (0.387 ns)

 <State 6>: 0.572ns
The critical path consists of the following:
	'phi' operation ('layer') with incoming values : ('layer', GIN_compute.cpp:450) [1288]  (0 ns)
	'add' operation ('layer', GIN_compute.cpp:450) [1289]  (0.572 ns)

 <State 7>: 0ns
The critical path consists of the following:

 <State 8>: 7.3ns
The critical path consists of the following:
	'call' operation ('call_ln458', GIN_compute.cpp:458) to 'global_graph_prediction' [1299]  (7.3 ns)

 <State 9>: 0ns
The critical path consists of the following:


============================================================
+ Verbose Summary: Binding
============================================================
N/A
* FSMD analyzer results:
  - Output states:
 - Input state : 
  - Chain level:
	State 1
	State 2
	State 3
	State 4
	State 5
	State 6
	State 7
	State 8
	State 9


============================================================
+ Verbose Summary: Datapath Resource usage 
============================================================
N/A
